"/dev/urandom"
"/proc/filesystems"
"/sys/devices/system/cpu/cpu0/tsc_freq_khz"
"/sys/devices/system/cpu/cpu0/cpufreq/cpuinfo_max_freq"
"/proc/cpuinfo"
"/home/fan/Projects/vscode/.build/electron/icudtl.dat"
"/etc/localtime"
"/home/fan/Projects/vscode/.build/electron/v8_context_snapshot.bin"
"/home/fan/Projects/vscode/.build/electron/natives_blob.bin"
"/sys/devices/system/cpu"
"/dev/urandom"
"/dev/urandom"
"/dev/null"
"/dev/null"
"/home/fan/Projects/vscode/out/bootstrap-fork.js"
"/home/fan/Projects/vscode/out/bootstrap.js"
"/home/fan/Projects/vscode/out/bootstrap-amd.js"
"/home/fan/Projects/vscode/out/vs/loader.js"
"/home/fan/Projects/vscode/out/original-fs.js"
"/home/fan/Projects/vscode/out/vs/workbench/services/extensions/node/extensionHostProcess.js"
"/home/fan/Projects/vscode/out/vs/workbench/services/extensions/node/extensionHostProcessSetup.js"
"/home/fan/Projects/vscode/out/net.js"
"/home/fan/Projects/vscode/out/minimist.js"
"/home/fan/Projects/vscode/out/vs/base/common/errors.js"
"/home/fan/Projects/vscode/out/vs/base/common/event.js"
"/home/fan/Projects/vscode/out/vs/base/parts/ipc/node/ipc.net.js"
"/home/fan/Projects/vscode/out/vs/platform/product/node/product.js"
"/home/fan/Projects/vscode/out/vs/workbench/services/extensions/common/extensionHostProtocol.js"
"/home/fan/Projects/vscode/out/vs/base/parts/ipc/common/ipc.net.js"
"/home/fan/Projects/vscode/out/vs/workbench/services/extensions/node/extensionHostMain.js"
"/home/fan/Projects/vscode/out/vs/base/common/buffer.js"
"/home/fan/Projects/vscode/out/vs/workbench/services/extensions/common/extensions.js"
"/home/fan/Projects/vscode/out/vs/base/common/uriIpc.js"
"/home/fan/Projects/vscode/out/vs/base/node/pfs.js"
"/home/fan/Projects/vscode/out/vs/base/node/extpath.js"
"/home/fan/Projects/vscode/out/vs/platform/log/node/spdlogService.js"
"/home/fan/Projects/vscode/node_modules.asar"
"/home/fan/Projects/vscode/node_modules/minimist/package.json"
"/home/fan/Projects/vscode/node_modules/minimist/index.js"
"/home/fan/Projects/vscode/out/vs/base/common/path.js"
"/home/fan/Projects/vscode/out/vs/base/common/amd.js"
"/home/fan/Projects/vscode/out/vs/base/common/async.js"
"/home/fan/Projects/vscode/out/vs/base/common/lifecycle.js"
"/home/fan/Projects/vscode/out/vs/base/common/numbers.js"
"/home/fan/Projects/vscode/out/vs/base/common/uri.js"
"/home/fan/Projects/vscode/out/vs/workbench/api/common/extHost.protocol.js"
"/home/fan/Projects/vscode/out/vs/workbench/api/common/extHostConfiguration.js"
"/home/fan/Projects/vscode/out/vs/workbench/api/node/extHostExtensionService.js"
"/home/fan/Projects/vscode/out/vs/workbench/api/common/extHostLogService.js"
"/home/fan/Projects/vscode/out/vs/workbench/api/common/extHostWorkspace.js"
"/home/fan/Projects/vscode/out/vs/workbench/services/extensions/common/rpcProtocol.js"
"/home/fan/Projects/vscode/out/vs/base/common/types.js"
"/home/fan/Projects/vscode/out/vs/platform/extensions/common/extensions.js"
"/home/fan/Projects/vscode/out/vs/platform/extensionManagement/common/extensionManagementUtil.js"
"/home/fan/Projects/vscode/out/vs/platform/instantiation/common/instantiation.js"
"/home/fan/Projects/vscode/out/vs/platform/log/common/log.js"
"/home/fan/Projects/vscode/out/vs/base/common/strings.js"
"/home/fan/Projects/vscode/out/util.js"
"/home/fan/Projects/vscode/out/vs/base/parts/ipc/common/ipc.js"
"/home/fan/Projects/vscode/out/os.js"
"/home/fan/Projects/vscode/out/vs/base/common/uuid.js"
"/home/fan/Projects/vscode/out/vs/base/common/functional.js"
"/home/fan/Projects/vscode/out/vs/base/common/linkedList.js"
"/home/fan/Projects/vscode/out/vs/base/common/platform.js"
"/home/fan/Projects/vscode/out/vs/base/common/extpath.js"
"/home/fan/Projects/vscode/out/vs/base/common/normalization.js"
"/home/fan/Projects/vscode/out/vs/base/node/encoding.js"
"/home/fan/Projects/vscode/out/vs/workbench/services/extensions/common/proxyIdentifier.js"
"/home/fan/Projects/vscode/out/vs/base/common/objects.js"
"/home/fan/Projects/vscode/out/vs/workbench/api/common/extHostTypes.js"
"/home/fan/Projects/vscode/out/vs/platform/configuration/common/configurationModels.js"
"/home/fan/Projects/vscode/out/vs/workbench/services/configuration/common/configurationModels.js"
"/home/fan/Projects/vscode/out/vs/base/common/map.js"
"/home/fan/Projects/vscode/out/vs/platform/configuration/common/configurationRegistry.js"
"/home/fan/Projects/vscode/out/vs/base/common/cancellation.js"
"/home/fan/Projects/vscode/out/vs/base/common/arrays.js"
"/home/fan/Projects/vscode/out/vs/base/common/resources.js"
"/home/fan/Projects/vscode/out/vs/nls.js"
"/home/fan/Projects/vscode/out/vs/platform/notification/common/notification.js"
"/home/fan/Projects/vscode/out/vs/workbench/services/search/common/search.js"
"/home/fan/Projects/vscode/out/vs/platform/workspace/common/workspace.js"
"/home/fan/Projects/vscode/out/vs/base/common/network.js"
"/home/fan/Projects/vscode/out/vs/base/common/iterator.js"
"/home/fan/Projects/vscode/out/vs/workbench/services/extensions/common/lazyPromise.js"
"/home/fan/Projects/vscode/out/vs/workbench/api/node/extHost.api.impl.js"
"/home/fan/Projects/vscode/out/vs/workbench/api/node/extHostRequireInterceptor.js"
"/home/fan/Projects/vscode/out/vs/workbench/api/common/extHostExtensionActivator.js"
"/home/fan/Projects/vscode/out/vs/workbench/api/common/extHostStorage.js"
"/home/fan/Projects/vscode/out/vs/workbench/services/extensions/common/extensionDescriptionRegistry.js"
"/home/fan/Projects/vscode/out/vs/workbench/services/extensions/node/proxyResolver.js"
"/home/fan/Projects/vscode/out/vs/workbench/api/common/extHostMemento.js"
"/home/fan/Projects/vscode/out/vs/workbench/api/node/extHostStoragePaths.js"
"/home/fan/Projects/vscode/out/vm2.js"
"/home/fan/Projects/vscode/out/iconv-lite.js"
"/home/fan/Projects/vscode/out/child_process.js"
"/home/fan/Projects/vscode/out/stream.js"
"/home/fan/Projects/vscode/node_modules.asar"
"/home/fan/Projects/vscode/node_modules/vm2/package.json"
"/home/fan/Projects/vscode/node_modules/vm2/index.js"
"/home/fan/Projects/vscode/node_modules/vm2/lib/main.js"
"/home/fan/Projects/vscode/node_modules/vm2/lib/helpers.js"
"/home/fan/Projects/vscode/node_modules/vm2/lib/contextify.js"
"/home/fan/Projects/vscode/node_modules.asar"
"/home/fan/Projects/vscode/node_modules/iconv-lite/package.json"
"/home/fan/Projects/vscode/node_modules/iconv-lite/lib/index.js"
"/home/fan/Projects/vscode/node_modules.asar"
"/home/fan/Projects/vscode/node_modules/safer-buffer/package.json"
"/home/fan/Projects/vscode/node_modules/safer-buffer/safer.js"
"/home/fan/Projects/vscode/node_modules/iconv-lite/lib/bom-handling.js"
"/home/fan/Projects/vscode/node_modules/iconv-lite/lib/streams.js"
"/home/fan/Projects/vscode/node_modules/iconv-lite/lib/extend-node.js"
"/home/fan/Projects/vscode/out/vs/platform/configuration/common/configuration.js"
"/home/fan/Projects/vscode/out/vs/workbench/services/configuration/common/configuration.js"
"/home/fan/Projects/vscode/out/vs/base/common/severity.js"
"/home/fan/Projects/vscode/out/vs/platform/workspaces/common/workspaces.js"
"/home/fan/Projects/vscode/out/vs/base/common/process.js"
"/home/fan/Projects/vscode/out/vs/platform/registry/common/platform.js"
"/home/fan/Projects/vscode/out/vs/platform/jsonschemas/common/jsonContributionRegistry.js"
"/home/fan/Projects/vscode/out/vs/base/common/glob.js"
"/home/fan/Projects/vscode/out/vs/workbench/common/views.js"
"/home/fan/Projects/vscode/out/vs/base/common/json.js"
"/home/fan/Projects/vscode/out/http.js"
"/home/fan/Projects/vscode/out/https.js"
"/home/fan/Projects/vscode/out/tls.js"
"/home/fan/Projects/vscode/out/url.js"
"/home/fan/Projects/vscode/out/vscode-proxy-agent.js"
"/home/fan/Projects/vscode/out/vs/base/common/errorMessage.js"
"/home/fan/Projects/vscode/product.json"
"/home/fan/Projects/vscode/out/vs/base/common/assert.js"
"/home/fan/Projects/vscode/node_modules.asar"
"/home/fan/Projects/vscode/node_modules/vscode-proxy-agent/package.json"
"/home/fan/Projects/vscode/node_modules/vscode-proxy-agent/index.js"
"/home/fan/Projects/vscode/node_modules.asar"
"/home/fan/Projects/vscode/node_modules/http-proxy-agent/package.json"
"/home/fan/Projects/vscode/node_modules/http-proxy-agent/index.js"
"/home/fan/Projects/vscode/node_modules.asar"
"/home/fan/Projects/vscode/node_modules/agent-base/package.json"
"/home/fan/Projects/vscode/node_modules/agent-base/index.js"
"/home/fan/Projects/vscode/node_modules/agent-base/patch-core.js"
"/home/fan/Projects/vscode/node_modules.asar"
"/home/fan/Projects/vscode/node_modules/es6-promisify/package.json"
"/home/fan/Projects/vscode/node_modules/es6-promisify/dist/promisify.js"
"/home/fan/Projects/vscode/node_modules/es6-promisify/dist/promise.js"
"/home/fan/Projects/vscode/node_modules/http-proxy-agent/node_modules/debug/package.json"
"/home/fan/Projects/vscode/node_modules/http-proxy-agent/node_modules/debug/src/index.js"
"/home/fan/Projects/vscode/node_modules/http-proxy-agent/node_modules/debug/src/node.js"
"/home/fan/Projects/vscode/node_modules/http-proxy-agent/node_modules/debug/src/debug.js"
"/home/fan/Projects/vscode/node_modules.asar"
"/home/fan/Projects/vscode/node_modules/ms/package.json"
"/home/fan/Projects/vscode/node_modules/ms/index.js"
"/home/fan/Projects/vscode/node_modules.asar"
"/home/fan/Projects/vscode/node_modules/supports-color/package.json"
"/home/fan/Projects/vscode/node_modules/supports-color/index.js"
"/home/fan/Projects/vscode/node_modules.asar"
"/home/fan/Projects/vscode/node_modules/has-flag/package.json"
"/home/fan/Projects/vscode/node_modules/has-flag/index.js"
"/home/fan/Projects/vscode/node_modules.asar"
"/home/fan/Projects/vscode/node_modules/https-proxy-agent/package.json"
"/home/fan/Projects/vscode/node_modules/https-proxy-agent/index.js"
"/home/fan/Projects/vscode/node_modules.asar"
"/home/fan/Projects/vscode/node_modules/https-proxy-agent/node_modules/debug/package.json"
"/home/fan/Projects/vscode/node_modules/https-proxy-agent/node_modules/debug/src/index.js"
"/home/fan/Projects/vscode/node_modules/https-proxy-agent/node_modules/debug/src/node.js"
"/home/fan/Projects/vscode/node_modules/https-proxy-agent/node_modules/debug/src/debug.js"
"/home/fan/Projects/vscode/node_modules.asar"
"/home/fan/Projects/vscode/node_modules.asar"
"/home/fan/Projects/vscode/node_modules/supports-color/package.json"
"/home/fan/Projects/vscode/node_modules.asar"
"/home/fan/Projects/vscode/node_modules/socks-proxy-agent/package.json"
"/home/fan/Projects/vscode/node_modules/socks-proxy-agent/index.js"
"/etc/resolv.conf"
"/etc/nsswitch.conf"
"/dev/urandom"
"/home/fan/Projects/vscode/node_modules/socks-proxy-agent/node_modules/agent-base/package.json"
"/home/fan/Projects/vscode/node_modules/socks-proxy-agent/node_modules/agent-base/index.js"
"/home/fan/Projects/vscode/node_modules/socks-proxy-agent/node_modules/agent-base/patch-core.js"
"/home/fan/Projects/vscode/node_modules.asar"
"/home/fan/Projects/vscode/node_modules.asar"
"/home/fan/Projects/vscode/node_modules/socks/package.json"
"/home/fan/Projects/vscode/node_modules/socks/build/index.js"
"/home/fan/Projects/vscode/node_modules/socks/build/client/socksclient.js"
"/home/fan/Projects/vscode/node_modules.asar"
"/home/fan/Projects/vscode/node_modules/ip/package.json"
"/home/fan/Projects/vscode/node_modules/ip/lib/ip.js"
"/home/fan/Projects/vscode/node_modules.asar"
"/home/fan/Projects/vscode/node_modules/smart-buffer/package.json"
"/home/fan/Projects/vscode/node_modules/smart-buffer/build/smartbuffer.js"
"/home/fan/Projects/vscode/node_modules/smart-buffer/build/utils.js"
"/home/fan/Projects/vscode/node_modules/socks/build/common/constants.js"
"/home/fan/Projects/vscode/node_modules/socks/build/common/helpers.js"
"/home/fan/Projects/vscode/node_modules/socks/build/common/util.js"
"/home/fan/Projects/vscode/node_modules/socks/build/common/receivebuffer.js"
"/home/fan/Projects/vscode/node_modules/vscode-proxy-agent/node_modules/debug/package.json"
"/home/fan/Projects/vscode/node_modules/vscode-proxy-agent/node_modules/debug/src/index.js"
"/home/fan/Projects/vscode/node_modules/vscode-proxy-agent/node_modules/debug/src/node.js"
"/home/fan/Projects/vscode/node_modules/vscode-proxy-agent/node_modules/debug/src/debug.js"
"/home/fan/Projects/vscode/node_modules.asar"
"/home/fan/Projects/vscode/node_modules.asar"
"/home/fan/Projects/vscode/node_modules/supports-color/package.json"
"/home/fan/Projects/vscode/out/vs/base/common/jsonEdit.js"
"/home/fan/Projects/vscode/out/vs/base/common/labels.js"
"/home/fan/Projects/vscode/out/vs/platform/remote/common/remoteHosts.js"
"/home/fan/Projects/vscode/out/vs/base/common/htmlContent.js"
"/home/fan/Projects/vscode/out/vs/platform/files/common/files.js"
"/home/fan/Projects/vscode/out/vs/platform/remote/common/remoteAuthorityResolver.js"
"/home/fan/Projects/vscode/out/vs/editor/common/config/editorOptions.js"
"/home/fan/Projects/vscode/out/vs/editor/common/model.js"
"/home/fan/Projects/vscode/out/vs/editor/common/modes/languageConfiguration.js"
"/home/fan/Projects/vscode/out/vs/workbench/api/common/extHostClipboard.js"
"/home/fan/Projects/vscode/out/vs/editor/common/modes/languageSelector.js"
"/home/fan/Projects/vscode/out/vs/workbench/api/common/extHostApiCommands.js"
"/home/fan/Projects/vscode/out/vs/workbench/api/common/extHostCommands.js"
"/home/fan/Projects/vscode/out/vs/workbench/api/common/extHostComments.js"
"/home/fan/Projects/vscode/out/vs/workbench/api/node/extHostDebugService.js"
"/home/fan/Projects/vscode/out/vs/workbench/api/common/extHostDecorations.js"
"/home/fan/Projects/vscode/out/vs/workbench/api/common/extHostDiagnostics.js"
"/home/fan/Projects/vscode/out/vs/workbench/api/common/extHostDialogs.js"
"/home/fan/Projects/vscode/out/vs/workbench/api/common/extHostDocumentContentProviders.js"
"/home/fan/Projects/vscode/out/vs/workbench/api/common/extHostDocumentSaveParticipant.js"
"/home/fan/Projects/vscode/out/vs/workbench/api/common/extHostDocuments.js"
"/home/fan/Projects/vscode/out/vs/workbench/api/common/extHostDocumentsAndEditors.js"
"/home/fan/Projects/vscode/out/vs/workbench/api/common/extHostFileSystem.js"
"/home/fan/Projects/vscode/out/vs/workbench/api/common/extHostFileSystemEventService.js"
"/home/fan/Projects/vscode/out/vs/workbench/api/common/extHostHeapService.js"
"/home/fan/Projects/vscode/out/vs/workbench/api/common/extHostLanguageFeatures.js"
"/home/fan/Projects/vscode/out/vs/workbench/api/common/extHostLanguages.js"
"/home/fan/Projects/vscode/out/vs/workbench/api/common/extHostMessageService.js"
"/home/fan/Projects/vscode/out/vs/workbench/api/common/extHostOutput.js"
"/home/fan/Projects/vscode/out/vs/workbench/api/node/extHostOutputService.js"
"/home/fan/Projects/vscode/out/vs/workbench/api/common/extHostProgress.js"
"/home/fan/Projects/vscode/out/vs/workbench/api/common/extHostQuickOpen.js"
"/home/fan/Projects/vscode/out/vs/workbench/api/common/extHostSCM.js"
"/home/fan/Projects/vscode/out/vs/workbench/api/node/extHostSearch.js"
"/home/fan/Projects/vscode/out/vs/workbench/api/common/extHostStatusBar.js"
"/home/fan/Projects/vscode/out/vs/workbench/api/node/extHostTask.js"
"/home/fan/Projects/vscode/out/vs/workbench/api/node/extHostTerminalService.js"
"/home/fan/Projects/vscode/out/vs/workbench/api/common/extHostTextEditors.js"
"/home/fan/Projects/vscode/out/vs/workbench/api/common/extHostTreeViews.js"
"/home/fan/Projects/vscode/out/vs/workbench/api/common/extHostTypeConverters.js"
"/home/fan/Projects/vscode/out/vs/workbench/api/common/extHostUrls.js"
"/home/fan/Projects/vscode/out/vs/workbench/api/common/extHostWebview.js"
"/home/fan/Projects/vscode/out/vs/workbench/api/common/extHostWindow.js"
"/home/fan/Projects/vscode/out/vs/workbench/api/node/extHostCLIServer.js"
"/home/fan/Projects/vscode/out/vs/base/common/collections.js"
"/home/fan/Projects/vscode/out/vs/base/common/jsonFormatter.js"
"/home/fan/Projects/vscode/out/vs/workbench/api/common/extHostDocumentData.js"
"/home/fan/Projects/vscode/out/vs/workbench/api/common/extHostTextEditor.js"
"/home/fan/Projects/vscode/out/vs/platform/progress/common/progress.js"
"/home/fan/Projects/vscode/out/vs/base/common/decorators.js"
"/home/fan/Projects/vscode/out/vs/workbench/services/output/node/outputAppender.js"
"/home/fan/Projects/vscode/out/vs/base/common/date.js"
"/home/fan/Projects/vscode/out/vs/workbench/services/search/node/fileSearchManager.js"
"/home/fan/Projects/vscode/out/vs/workbench/services/search/node/rawSearchService.js"
"/home/fan/Projects/vscode/out/vs/workbench/services/search/node/ripgrepSearchProvider.js"
"/home/fan/Projects/vscode/out/vs/workbench/services/search/node/ripgrepSearchUtils.js"
"/home/fan/Projects/vscode/out/vs/workbench/services/search/node/textSearchManager.js"
"/home/fan/Projects/vscode/out/vs/base/common/marshalling.js"
"/home/fan/Projects/vscode/out/vs/editor/common/core/range.js"
"/home/fan/Projects/vscode/out/vs/editor/common/core/position.js"
"/home/fan/Projects/vscode/out/vs/platform/markers/common/markers.js"
"/home/fan/Projects/vscode/out/vs/editor/common/modes/linkComputer.js"
"/home/fan/Projects/vscode/out/vs/platform/product/node/package.js"
"/home/fan/Projects/vscode/out/vs/workbench/contrib/terminal/common/terminalEnvironment.js"
"/home/fan/Projects/vscode/out/vs/workbench/contrib/terminal/common/terminal.js"
"/home/fan/Projects/vscode/out/vs/workbench/contrib/terminal/node/terminalProcess.js"
"/home/fan/Projects/vscode/out/vs/workbench/contrib/terminal/node/terminal.js"
"/home/fan/Projects/vscode/out/vs/workbench/api/common/apiCommands.js"
"/home/fan/Projects/vscode/out/vs/base/common/comparers.js"
"/home/fan/Projects/vscode/out/vs/base/node/processes.js"
"/home/fan/Projects/vscode/out/vs/editor/common/modes.js"
"/home/fan/Projects/vscode/out/vs/workbench/contrib/debug/node/debugAdapter.js"
"/home/fan/Projects/vscode/out/vs/workbench/contrib/debug/common/abstractDebugAdapter.js"
"/home/fan/Projects/vscode/out/vs/workbench/contrib/debug/node/terminals.js"
"/home/fan/Projects/vscode/out/vs/workbench/services/configurationResolver/common/variableResolver.js"
"/home/fan/Projects/vscode/out/vs/workbench/contrib/debug/common/debugUtils.js"
"/home/fan/Projects/vscode/out/vs/workbench/services/search/node/ripgrepTextSearchEngine.js"
"/home/fan/Projects/vscode/out/vs/workbench/services/search/common/searchExtTypes.js"
"/home/fan/Projects/vscode/out/vs/editor/common/model/mirrorTextModel.js"
"/home/fan/Projects/vscode/out/vs/editor/common/model/wordHelper.js"
"/home/fan/Projects/vscode/out/vs/base/common/stopwatch.js"
"/home/fan/Projects/vscode/out/vs/workbench/services/editor/common/editorService.js"
"/home/fan/Projects/vscode/out/vs/base/common/marked/marked.js"
"/home/fan/Projects/vscode/out/vs/editor/common/core/characterClassifier.js"
"/home/fan/Projects/vscode/out/vs/editor/common/core/uint.js"
"/home/fan/Projects/vscode/out/vs/base/common/idGenerator.js"
"/home/fan/Projects/vscode/out/graceful-fs.js"
"/home/fan/Projects/vscode/out/vs/base/parts/quickopen/common/quickOpenScorer.js"
"/home/fan/Projects/vscode/out/vs/workbench/services/search/node/fileSearch.js"
"/home/fan/Projects/vscode/out/vs/workbench/services/search/node/textSearchAdapter.js"
"/home/fan/Projects/vscode/package.json"
"/home/fan/Projects/vscode/out/vs/platform/contextkey/common/contextkey.js"
"/home/fan/Projects/vscode/out/vs/editor/common/core/selection.js"
"/home/fan/Projects/vscode/node_modules.asar"
"/home/fan/Projects/vscode/node_modules/graceful-fs/package.json"
"/home/fan/Projects/vscode/node_modules/graceful-fs/graceful-fs.js"
"/home/fan/Projects/vscode/node_modules/graceful-fs/polyfills.js"
"/home/fan/Projects/vscode/node_modules/graceful-fs/fs.js"
"/home/fan/Projects/vscode/node_modules/graceful-fs/legacy-streams.js"
"/home/fan/Projects/vscode/out/vs/base/common/processes.js"
"/home/fan/Projects/vscode/out/node-pty.js"
"/home/fan/Projects/vscode/out/vs/platform/commands/common/commands.js"
"/home/fan/Projects/vscode/out/vs/platform/windows/common/windows.js"
"/home/fan/Projects/vscode/out/vs/platform/download/common/download.js"
"/home/fan/Projects/vscode/node_modules.asar"
"/home/fan/Projects/vscode/node_modules/node-pty/package.json"
"/home/fan/Projects/vscode/node_modules/node-pty/lib/index.js"
"/home/fan/Projects/vscode/node_modules/node-pty/lib/unixTerminal.js"
"/home/fan/Projects/vscode/node_modules/node-pty/lib/terminal.js"
"/home/fan/Projects/vscode/node_modules/node-pty/lib/eventEmitter2.js"
"/home/fan/Projects/vscode/node_modules/node-pty/lib/utils.js"
"/home/fan/Projects/vscode/node_modules/node-pty/build/Release/pty.node"
"/etc/ld.so.cache"
"/lib/x86_64-linux-gnu/libutil.so.1"
"/lib/x86_64-linux-gnu/libstdc++.so.6"
"/home/fan/Projects/vscode/out/vs/editor/common/viewModel/prefixSumComputer.js"
"/home/fan/Projects/vscode/out/vs/base/node/decoder.js"
"/home/fan/Projects/vscode/out/vs/editor/common/modes/languageFeatureRegistry.js"
"/home/fan/Projects/vscode/out/vs/editor/common/modes/tokenizationRegistry.js"
"/home/fan/Projects/vscode/out/vs/platform/extensionManagement/common/extensionManagement.js"
"/home/fan/Projects/vscode/out/events.js"
"/home/fan/Projects/vscode/out/string_decoder.js"
"/home/fan/Projects/vscode/out/vscode-ripgrep.js"
"/home/fan/Projects/vscode/node_modules.asar"
"/home/fan/Projects/vscode/node_modules/vscode-ripgrep/package.json"
"/home/fan/Projects/vscode/node_modules/vscode-ripgrep/lib/index.js"
"/home/fan/Projects/vscode/out/vs/base/common/filters.js"
"/home/fan/Projects/vscode/out/vs/workbench/services/search/node/ripgrepFileSearch.js"
"/home/fan/Projects/vscode/out/vs/editor/common/services/modelService.js"
"/etc/os-release"
"/home/fan/Projects/vscode/node_modules.asar"
"/home/fan/Projects/vscode/node_modules/native-watchdog/package.json"
"/home/fan/Projects/vscode/node_modules/native-watchdog/index.js"
"/home/fan/Projects/vscode/node_modules/native-watchdog/build/Release/watchdog.node"
"/home/fan/Projects/vscode/out/spdlog.js"
"/home/fan/Projects/vscode/node_modules.asar"
"/home/fan/Projects/vscode/node_modules/spdlog/package.json"
"/home/fan/Projects/vscode/node_modules/spdlog/index.js"
"/home/fan/Projects/vscode/node_modules.asar"
"/home/fan/Projects/vscode/node_modules/mkdirp/package.json"
"/home/fan/Projects/vscode/node_modules/mkdirp/index.js"
"/home/fan/Projects/vscode/node_modules.asar"
"/home/fan/Projects/vscode/node_modules/bindings/package.json"
"/home/fan/Projects/vscode/node_modules/bindings/bindings.js"
"/home/fan/Projects/vscode/node_modules/spdlog/build/Release/spdlog.node"
"/root/.config/code-oss-dev/logs/20200610T155928/exthost1/exthost.log"
"/home/fan/Projects/vscode/extensions/emmet/out/extension.js"
"/home/fan/Projects/vscode/extensions/emmet/out/defaultCompletionProvider.js"
"/home/fan/Projects/vscode/extensions/emmet/out/abbreviationActions.js"
"/home/fan/Projects/vscode/extensions/emmet/out/util.js"
"/home/fan/Projects/vscode/extensions/emmet/node_modules/@emmetio/html-matcher/package.json"
"/home/fan/Projects/vscode/extensions/emmet/node_modules/@emmetio/html-matcher/dist/html-matcher.cjs.js"
"/home/fan/Projects/vscode/extensions/emmet/node_modules/@emmetio/stream-reader/package.json"
"/home/fan/Projects/vscode/extensions/emmet/node_modules/@emmetio/stream-reader/dist/stream-reader.cjs.js"
"/home/fan/Projects/vscode/extensions/emmet/node_modules/@emmetio/stream-reader-utils/package.json"
"/home/fan/Projects/vscode/extensions/emmet/node_modules/@emmetio/stream-reader-utils/dist/stream-reader-utils.cjs.js"
"/home/fan/Projects/vscode/extensions/emmet/node_modules/@emmetio/css-parser/package.json"
"/home/fan/Projects/vscode/extensions/emmet/node_modules/@emmetio/css-parser/dist/css-parser.cjs.js"
"/home/fan/Projects/vscode/extensions/emmet/out/bufferStream.js"
"/home/fan/Projects/vscode/extensions/emmet/out/removeTag.js"
"/home/fan/Projects/vscode/extensions/emmet/out/updateTag.js"
"/home/fan/Projects/vscode/extensions/emmet/out/matchTag.js"
"/home/fan/Projects/vscode/extensions/emmet/out/balance.js"
"/home/fan/Projects/vscode/extensions/emmet/out/splitJoinTag.js"
"/home/fan/Projects/vscode/extensions/emmet/out/mergeLines.js"
"/home/fan/Projects/vscode/extensions/emmet/out/toggleComment.js"
"/home/fan/Projects/vscode/extensions/emmet/out/editPoint.js"
"/home/fan/Projects/vscode/extensions/emmet/out/selectItem.js"
"/home/fan/Projects/vscode/extensions/emmet/out/selectItemHTML.js"
"/home/fan/Projects/vscode/extensions/emmet/out/selectItemStylesheet.js"
"/home/fan/Projects/vscode/extensions/emmet/out/evaluateMathExpression.js"
"/home/fan/Projects/vscode/extensions/emmet/node_modules/@emmetio/math-expression/package.json"
"/home/fan/Projects/vscode/extensions/emmet/node_modules/@emmetio/math-expression/dist/math.cjs.js"
"/home/fan/Projects/vscode/extensions/emmet/out/incrementDecrement.js"
"/home/fan/Projects/vscode/extensions/emmet/out/updateImageSize.js"
"/home/fan/Projects/vscode/extensions/emmet/out/imageSizeHelper.js"
"/home/fan/Projects/vscode/extensions/emmet/node_modules/image-size/package.json"
"/home/fan/Projects/vscode/extensions/emmet/node_modules/image-size/lib/index.js"
"/home/fan/Projects/vscode/extensions/emmet/node_modules/image-size/lib/detector.js"
"/home/fan/Projects/vscode/extensions/emmet/node_modules/image-size/lib/types.js"
"/home/fan/Projects/vscode/extensions/emmet/node_modules/image-size/lib/types/bmp.js"
"/home/fan/Projects/vscode/extensions/emmet/node_modules/image-size/lib/types/gif.js"
"/home/fan/Projects/vscode/extensions/emmet/node_modules/image-size/lib/types/jpg.js"
"/home/fan/Projects/vscode/extensions/emmet/node_modules/image-size/lib/types/png.js"
"/home/fan/Projects/vscode/extensions/emmet/node_modules/image-size/lib/types/psd.js"
"/home/fan/Projects/vscode/extensions/emmet/node_modules/image-size/lib/types/svg.js"
"/home/fan/Projects/vscode/extensions/emmet/node_modules/image-size/lib/types/tiff.js"
"/home/fan/Projects/vscode/extensions/emmet/node_modules/image-size/lib/readUInt.js"
"/home/fan/Projects/vscode/extensions/emmet/node_modules/image-size/lib/types/webp.js"
"/home/fan/Projects/vscode/extensions/emmet/node_modules/image-size/lib/types/dds.js"
"/home/fan/Projects/vscode/extensions/emmet/out/locateFile.js"
"/home/fan/Projects/vscode/extensions/emmet/out/reflectCssValue.js"
"/home/fan/Projects/vscode/extensions/html-language-features/client/out/htmlMain.js"
"/home/fan/Projects/vscode/extensions/html-language-features/node_modules/vscode-nls/package.json"
"/home/fan/Projects/vscode/extensions/html-language-features/node_modules/vscode-nls/lib/main.js"
"/home/fan/Projects/vscode/extensions/html-language-features/node_modules/vscode-languageclient/package.json"
"/home/fan/Projects/vscode/extensions/html-language-features/node_modules/vscode-languageclient/lib/main.js"
"/home/fan/Projects/vscode/extensions/html-language-features/node_modules/semver/package.json"
"/home/fan/Projects/vscode/extensions/html-language-features/node_modules/semver/semver.js"
"/home/fan/Projects/vscode/extensions/html-language-features/node_modules/vscode-languageclient/lib/client.js"
"/home/fan/Projects/vscode/extensions/html-language-features/node_modules/vscode-languageserver-protocol/package.json"
"/home/fan/Projects/vscode/extensions/html-language-features/node_modules/vscode-languageserver-protocol/lib/main.js"
"/home/fan/Projects/vscode/extensions/html-language-features/node_modules/vscode-jsonrpc/package.json"
"/home/fan/Projects/vscode/extensions/html-language-features/node_modules/vscode-jsonrpc/lib/main.js"
"/home/fan/Projects/vscode/extensions/html-language-features/node_modules/vscode-jsonrpc/lib/is.js"
"/home/fan/Projects/vscode/extensions/html-language-features/node_modules/vscode-jsonrpc/lib/messages.js"
"/home/fan/Projects/vscode/extensions/html-language-features/node_modules/vscode-jsonrpc/lib/messageReader.js"
"/home/fan/Projects/vscode/extensions/html-language-features/node_modules/vscode-jsonrpc/lib/events.js"
"/home/fan/Projects/vscode/extensions/html-language-features/node_modules/vscode-jsonrpc/lib/messageWriter.js"
"/home/fan/Projects/vscode/extensions/html-language-features/node_modules/vscode-jsonrpc/lib/cancellation.js"
"/home/fan/Projects/vscode/extensions/html-language-features/node_modules/vscode-jsonrpc/lib/linkedMap.js"
"/home/fan/Projects/vscode/extensions/html-language-features/node_modules/vscode-jsonrpc/lib/pipeSupport.js"
"/home/fan/Projects/vscode/extensions/html-language-features/node_modules/vscode-jsonrpc/lib/socketSupport.js"
"/home/fan/Projects/vscode/extensions/html-language-features/node_modules/vscode-languageserver-types/package.json"
"/home/fan/Projects/vscode/extensions/html-language-features/node_modules/vscode-languageserver-types/lib/umd/main.js"
"/home/fan/Projects/vscode/extensions/html-language-features/node_modules/vscode-languageserver-protocol/lib/protocol.js"
"/home/fan/Projects/vscode/extensions/html-language-features/node_modules/vscode-languageserver-protocol/lib/utils/is.js"
"/home/fan/Projects/vscode/extensions/html-language-features/node_modules/vscode-languageserver-protocol/lib/protocol.implementation.js"
"/home/fan/Projects/vscode/extensions/html-language-features/node_modules/vscode-languageserver-protocol/lib/protocol.typeDefinition.js"
"/home/fan/Projects/vscode/extensions/html-language-features/node_modules/vscode-languageserver-protocol/lib/protocol.workspaceFolders.js"
"/home/fan/Projects/vscode/extensions/html-language-features/node_modules/vscode-languageserver-protocol/lib/protocol.configuration.js"
"/home/fan/Projects/vscode/extensions/html-language-features/node_modules/vscode-languageserver-protocol/lib/protocol.colorProvider.js"
"/home/fan/Projects/vscode/extensions/html-language-features/node_modules/vscode-languageserver-protocol/lib/protocol.foldingRange.js"
"/home/fan/Projects/vscode/extensions/html-language-features/node_modules/vscode-languageserver-protocol/lib/protocol.declaration.js"
"/home/fan/Projects/vscode/extensions/html-language-features/node_modules/vscode-languageclient/lib/codeConverter.js"
"/home/fan/Projects/vscode/extensions/html-language-features/node_modules/vscode-languageclient/lib/utils/is.js"
"/home/fan/Projects/vscode/extensions/html-language-features/node_modules/vscode-languageclient/lib/protocolCompletionItem.js"
"/home/fan/Projects/vscode/extensions/html-language-features/node_modules/vscode-languageclient/lib/protocolCodeLens.js"
"/home/fan/Projects/vscode/extensions/html-language-features/node_modules/vscode-languageclient/lib/protocolDocumentLink.js"
"/home/fan/Projects/vscode/extensions/html-language-features/node_modules/vscode-languageclient/lib/protocolConverter.js"
"/home/fan/Projects/vscode/extensions/html-language-features/node_modules/vscode-languageclient/lib/utils/async.js"
"/home/fan/Projects/vscode/extensions/html-language-features/node_modules/vscode-languageclient/lib/utils/uuid.js"
"/home/fan/Projects/vscode/extensions/html-language-features/node_modules/vscode-languageclient/lib/colorProvider.js"
"/home/fan/Projects/vscode/extensions/html-language-features/node_modules/vscode-languageclient/lib/configuration.js"
"/home/fan/Projects/vscode/extensions/html-language-features/node_modules/vscode-languageclient/lib/implementation.js"
"/home/fan/Projects/vscode/extensions/html-language-features/node_modules/vscode-languageclient/lib/typeDefinition.js"
"/home/fan/Projects/vscode/extensions/html-language-features/node_modules/vscode-languageclient/lib/workspaceFolders.js"
"/home/fan/Projects/vscode/extensions/html-language-features/node_modules/vscode-languageclient/lib/foldingRange.js"
"/home/fan/Projects/vscode/extensions/html-language-features/node_modules/vscode-languageclient/lib/declaration.js"
"/home/fan/Projects/vscode/extensions/html-language-features/node_modules/vscode-languageclient/lib/utils/processes.js"
"/home/fan/Projects/vscode/extensions/html-language-features/client/out/htmlEmptyTagsShared.js"
"/home/fan/Projects/vscode/extensions/html-language-features/client/out/tagClosing.js"
"/home/fan/Projects/vscode/extensions/html-language-features/node_modules/vscode-extension-telemetry/package.json"
"/home/fan/Projects/vscode/extensions/html-language-features/node_modules/vscode-extension-telemetry/lib/telemetryReporter.js"
"/home/fan/Projects/vscode/extensions/html-language-features/node_modules/applicationinsights/package.json"
"/home/fan/Projects/vscode/extensions/html-language-features/node_modules/applicationinsights/out/applicationinsights.js"
"/home/fan/Projects/vscode/extensions/html-language-features/node_modules/applicationinsights/out/AutoCollection/CorrelationContextManager.js"
"/home/fan/Projects/vscode/extensions/html-language-features/node_modules/applicationinsights/out/Library/Logging.js"
"/home/fan/Projects/vscode/extensions/html-language-features/node_modules/applicationinsights/out/AutoCollection/diagnostic-channel/initialization.js"
"/home/fan/Projects/vscode/extensions/html-language-features/node_modules/applicationinsights/out/AutoCollection/Console.js"
"/home/fan/Projects/vscode/extensions/html-language-features/node_modules/applicationinsights/out/AutoCollection/Exceptions.js"
"/home/fan/Projects/vscode/extensions/html-language-features/node_modules/applicationinsights/out/AutoCollection/Performance.js"
"/home/fan/Projects/vscode/extensions/html-language-features/node_modules/applicationinsights/out/AutoCollection/HttpDependencies.js"
"/home/fan/Projects/vscode/extensions/html-language-features/node_modules/applicationinsights/out/Library/Util.js"
"/home/fan/Projects/vscode/extensions/html-language-features/node_modules/applicationinsights/out/Library/RequestResponseHeaders.js"
"/home/fan/Projects/vscode/extensions/html-language-features/node_modules/applicationinsights/out/AutoCollection/HttpDependencyParser.js"
"/home/fan/Projects/vscode/extensions/html-language-features/node_modules/applicationinsights/out/Declarations/Contracts/package.json"
"/home/fan/Projects/vscode/extensions/html-language-features/node_modules/applicationinsights/out/Declarations/Contracts/index.js"
"/home/fan/Projects/vscode/extensions/html-language-features/node_modules/applicationinsights/out/Declarations/Contracts/Constants.js"
"/home/fan/Projects/vscode/extensions/html-language-features/node_modules/applicationinsights/out/Declarations/Contracts/Generated/package.json"
"/home/fan/Projects/vscode/extensions/html-language-features/node_modules/applicationinsights/out/Declarations/Contracts/Generated/index.js"
"/home/fan/Projects/vscode/extensions/html-language-features/node_modules/applicationinsights/out/Declarations/Contracts/Generated/AvailabilityData.js"
"/home/fan/Projects/vscode/extensions/html-language-features/node_modules/applicationinsights/out/Declarations/Contracts/Generated/Domain.js"
"/home/fan/Projects/vscode/extensions/html-language-features/node_modules/applicationinsights/out/Declarations/Contracts/Generated/Base.js"
"/home/fan/Projects/vscode/extensions/html-language-features/node_modules/applicationinsights/out/Declarations/Contracts/Generated/ContextTagKeys.js"
"/home/fan/Projects/vscode/extensions/html-language-features/node_modules/applicationinsights/out/Declarations/Contracts/Generated/Data.js"
"/home/fan/Projects/vscode/extensions/html-language-features/node_modules/applicationinsights/out/Declarations/Contracts/Generated/DataPoint.js"
"/home/fan/Projects/vscode/extensions/html-language-features/node_modules/applicationinsights/out/Declarations/Contracts/Generated/DataPointType.js"
"/home/fan/Projects/vscode/extensions/html-language-features/node_modules/applicationinsights/out/Declarations/Contracts/Generated/Envelope.js"
"/home/fan/Projects/vscode/extensions/html-language-features/node_modules/applicationinsights/out/Declarations/Contracts/Generated/EventData.js"
"/home/fan/Projects/vscode/extensions/html-language-features/node_modules/applicationinsights/out/Declarations/Contracts/Generated/ExceptionData.js"
"/home/fan/Projects/vscode/extensions/html-language-features/node_modules/applicationinsights/out/Declarations/Contracts/Generated/ExceptionDetails.js"
"/home/fan/Projects/vscode/extensions/html-language-features/node_modules/applicationinsights/out/Declarations/Contracts/Generated/MessageData.js"
"/home/fan/Projects/vscode/extensions/html-language-features/node_modules/applicationinsights/out/Declarations/Contracts/Generated/MetricData.js"
"/home/fan/Projects/vscode/extensions/html-language-features/node_modules/applicationinsights/out/Declarations/Contracts/Generated/PageViewData.js"
"/home/fan/Projects/vscode/extensions/html-language-features/node_modules/applicationinsights/out/Declarations/Contracts/Generated/RemoteDependencyData.js"
"/home/fan/Projects/vscode/extensions/html-language-features/node_modules/applicationinsights/out/Declarations/Contracts/Generated/RequestData.js"
"/home/fan/Projects/vscode/extensions/html-language-features/node_modules/applicationinsights/out/Declarations/Contracts/Generated/SeverityLevel.js"
"/home/fan/Projects/vscode/extensions/html-language-features/node_modules/applicationinsights/out/Declarations/Contracts/Generated/StackFrame.js"
"/home/fan/Projects/vscode/extensions/html-language-features/node_modules/applicationinsights/out/Declarations/Contracts/TelemetryTypes/package.json"
"/home/fan/Projects/vscode/extensions/html-language-features/node_modules/applicationinsights/out/Declarations/Contracts/TelemetryTypes/index.js"
"/home/fan/Projects/vscode/extensions/html-language-features/node_modules/applicationinsights/out/Declarations/Contracts/TelemetryTypes/TelemetryType.js"
"/home/fan/Projects/vscode/extensions/html-language-features/node_modules/applicationinsights/out/AutoCollection/RequestParser.js"
"/home/fan/Projects/vscode/extensions/html-language-features/node_modules/applicationinsights/out/Library/CorrelationIdManager.js"
"/home/fan/Projects/vscode/extensions/html-language-features/node_modules/applicationinsights/out/AutoCollection/HttpRequests.js"
"/home/fan/Projects/vscode/extensions/html-language-features/node_modules/applicationinsights/out/AutoCollection/HttpRequestParser.js"
"/home/fan/Projects/vscode/extensions/html-language-features/node_modules/applicationinsights/out/Library/NodeClient.js"
"/home/fan/Projects/vscode/extensions/html-language-features/node_modules/applicationinsights/out/Library/TelemetryClient.js"
"/home/fan/Projects/vscode/extensions/html-language-features/node_modules/applicationinsights/out/Library/Config.js"
"/home/fan/Projects/vscode/extensions/html-language-features/node_modules/applicationinsights/out/Library/Context.js"
"/home/fan/Projects/vscode/extensions/html-language-features/node_modules/applicationinsights/out/Declarations/Contracts/package.json"
"/home/fan/Projects/vscode/extensions/html-language-features/node_modules/applicationinsights/out/Library/Channel.js"
"/home/fan/Projects/vscode/extensions/html-language-features/node_modules/applicationinsights/out/TelemetryProcessors/package.json"
"/home/fan/Projects/vscode/extensions/html-language-features/node_modules/applicationinsights/out/TelemetryProcessors/index.js"
"/home/fan/Projects/vscode/extensions/html-language-features/node_modules/applicationinsights/out/TelemetryProcessors/SamplingTelemetryProcessor.js"
"/home/fan/Projects/vscode/extensions/html-language-features/node_modules/applicationinsights/out/Declarations/Contracts/package.json"
"/home/fan/Projects/vscode/extensions/html-language-features/node_modules/applicationinsights/out/Library/Sender.js"
"/home/fan/Projects/vscode/extensions/html-language-features/node_modules/applicationinsights/out/Library/EnvelopeFactory.js"
"/home/fan/Projects/vscode/extensions/html-language-features/node_modules/applicationinsights/out/Declarations/Contracts/package.json"
"/home/fan/Projects/vscode/extensions/html-language-features/client/out/customData.js"
"/home/fan/Projects/vscode/extensions/debug-auto-launch/out/extension.js"
"/home/fan/Projects/vscode/extensions/debug-auto-launch/node_modules/vscode-nls/package.json"
"/home/fan/Projects/vscode/extensions/debug-auto-launch/node_modules/vscode-nls/lib/main.js"
"/home/fan/Projects/vscode/extensions/git/out/main.js"
"/home/fan/Projects/vscode/extensions/git/node_modules/vscode-nls/package.json"
"/home/fan/Projects/vscode/extensions/git/node_modules/vscode-nls/lib/main.js"
"/home/fan/Projects/vscode/extensions/git/out/git.js"
"/home/fan/Projects/vscode/extensions/git/node_modules/which/package.json"
"/home/fan/Projects/vscode/extensions/git/node_modules/which/which.js"
"/home/fan/Projects/vscode/extensions/git/node_modules/isexe/package.json"
"/home/fan/Projects/vscode/extensions/git/node_modules/isexe/index.js"
"/home/fan/Projects/vscode/extensions/git/node_modules/isexe/mode.js"
"/home/fan/Projects/vscode/extensions/git/node_modules/iconv-lite/package.json"
"/home/fan/Projects/vscode/extensions/git/node_modules/iconv-lite/lib/index.js"
"/home/fan/Projects/vscode/extensions/git/node_modules/safer-buffer/package.json"
"/home/fan/Projects/vscode/extensions/git/node_modules/safer-buffer/safer.js"
"/home/fan/Projects/vscode/extensions/git/node_modules/iconv-lite/lib/bom-handling.js"
"/home/fan/Projects/vscode/extensions/git/node_modules/iconv-lite/lib/streams.js"
"/home/fan/Projects/vscode/extensions/git/node_modules/iconv-lite/lib/extend-node.js"
"/home/fan/Projects/vscode/extensions/git/node_modules/file-type/package.json"
"/home/fan/Projects/vscode/extensions/git/node_modules/file-type/index.js"
"/home/fan/Projects/vscode/extensions/git/out/util.js"
"/home/fan/Projects/vscode/extensions/git/node_modules/byline/package.json"
"/home/fan/Projects/vscode/extensions/git/node_modules/byline/lib/byline.js"
"/home/fan/Projects/vscode/extensions/git/out/encoding.js"
"/home/fan/Projects/vscode/extensions/git/node_modules/jschardet/package.json"
"/home/fan/Projects/vscode/extensions/git/node_modules/jschardet/src/init.js"
"/home/fan/Projects/vscode/extensions/git/node_modules/jschardet/src/constants.js"
"/home/fan/Projects/vscode/extensions/git/node_modules/jschardet/src/codingstatemachine.js"
"/home/fan/Projects/vscode/extensions/git/node_modules/jschardet/src/escsm.js"
"/home/fan/Projects/vscode/extensions/git/node_modules/jschardet/src/mbcssm.js"
"/home/fan/Projects/vscode/extensions/git/node_modules/jschardet/src/charsetprober.js"
"/home/fan/Projects/vscode/extensions/git/node_modules/jschardet/src/mbcharsetprober.js"
"/home/fan/Projects/vscode/extensions/git/node_modules/jschardet/src/jisfreq.js"
"/home/fan/Projects/vscode/extensions/git/node_modules/jschardet/src/gb2312freq.js"
"/home/fan/Projects/vscode/extensions/git/node_modules/jschardet/src/euckrfreq.js"
"/home/fan/Projects/vscode/extensions/git/node_modules/jschardet/src/big5freq.js"
"/home/fan/Projects/vscode/extensions/git/node_modules/jschardet/src/euctwfreq.js"
"/home/fan/Projects/vscode/extensions/git/node_modules/jschardet/src/chardistribution.js"
"/home/fan/Projects/vscode/extensions/git/node_modules/jschardet/src/jpcntx.js"
"/home/fan/Projects/vscode/extensions/git/node_modules/jschardet/src/sjisprober.js"
"/home/fan/Projects/vscode/extensions/git/node_modules/jschardet/src/utf8prober.js"
"/home/fan/Projects/vscode/extensions/git/node_modules/jschardet/src/charsetgroupprober.js"
"/home/fan/Projects/vscode/extensions/git/node_modules/jschardet/src/eucjpprober.js"
"/home/fan/Projects/vscode/extensions/git/node_modules/jschardet/src/gb2312prober.js"
"/home/fan/Projects/vscode/extensions/git/node_modules/jschardet/src/euckrprober.js"
"/home/fan/Projects/vscode/extensions/git/node_modules/jschardet/src/big5prober.js"
"/home/fan/Projects/vscode/extensions/git/node_modules/jschardet/src/euctwprober.js"
"/home/fan/Projects/vscode/extensions/git/node_modules/jschardet/src/mbcsgroupprober.js"
"/home/fan/Projects/vscode/extensions/git/node_modules/jschardet/src/sbcharsetprober.js"
"/home/fan/Projects/vscode/extensions/git/node_modules/jschardet/src/langgreekmodel.js"
"/home/fan/Projects/vscode/extensions/git/node_modules/jschardet/src/langthaimodel.js"
"/home/fan/Projects/vscode/extensions/git/node_modules/jschardet/src/langbulgarianmodel.js"
"/home/fan/Projects/vscode/extensions/git/node_modules/jschardet/src/langcyrillicmodel.js"
"/home/fan/Projects/vscode/extensions/git/node_modules/jschardet/src/hebrewprober.js"
"/home/fan/Projects/vscode/extensions/git/node_modules/jschardet/src/langhebrewmodel.js"
"/home/fan/Projects/vscode/extensions/git/node_modules/jschardet/src/langhungarianmodel.js"
"/home/fan/Projects/vscode/extensions/git/node_modules/jschardet/src/sbcsgroupprober.js"
"/home/fan/Projects/vscode/extensions/git/node_modules/jschardet/src/latin1prober.js"
"/home/fan/Projects/vscode/extensions/git/node_modules/jschardet/src/escprober.js"
"/home/fan/Projects/vscode/extensions/git/node_modules/jschardet/src/universaldetector.js"
"/home/fan/Projects/vscode/extensions/git/out/model.js"
"/home/fan/Projects/vscode/extensions/git/out/repository.js"
"/home/fan/Projects/vscode/extensions/git/out/decorators.js"
"/home/fan/Projects/vscode/extensions/git/out/uri.js"
"/home/fan/Projects/vscode/extensions/git/out/autofetch.js"
"/home/fan/Projects/vscode/extensions/git/out/statusbar.js"
"/home/fan/Projects/vscode/extensions/git/out/commands.js"
"/home/fan/Projects/vscode/extensions/git/out/staging.js"
"/home/fan/Projects/vscode/extensions/git/out/contentProvider.js"
"/home/fan/Projects/vscode/extensions/git/out/decorationProvider.js"
"/home/fan/Projects/vscode/extensions/git/out/askpass.js"
"/home/fan/Projects/vscode/extensions/git/node_modules/vscode-extension-telemetry/package.json"
"/home/fan/Projects/vscode/extensions/git/node_modules/vscode-extension-telemetry/lib/telemetryReporter.js"
"/home/fan/Projects/vscode/extensions/git/node_modules/applicationinsights/package.json"
"/home/fan/Projects/vscode/extensions/git/node_modules/applicationinsights/out/applicationinsights.js"
"/home/fan/Projects/vscode/extensions/git/node_modules/applicationinsights/out/AutoCollection/CorrelationContextManager.js"
"/home/fan/Projects/vscode/extensions/git/node_modules/applicationinsights/out/Library/Logging.js"
"/home/fan/Projects/vscode/extensions/git/node_modules/applicationinsights/out/AutoCollection/diagnostic-channel/initialization.js"
"/home/fan/Projects/vscode/extensions/git/node_modules/applicationinsights/out/AutoCollection/Console.js"
"/home/fan/Projects/vscode/extensions/git/node_modules/applicationinsights/out/AutoCollection/Exceptions.js"
"/home/fan/Projects/vscode/extensions/git/node_modules/applicationinsights/out/AutoCollection/Performance.js"
"/home/fan/Projects/vscode/extensions/git/node_modules/applicationinsights/out/AutoCollection/HttpDependencies.js"
"/home/fan/Projects/vscode/extensions/git/node_modules/applicationinsights/out/Library/Util.js"
"/home/fan/Projects/vscode/extensions/git/node_modules/applicationinsights/out/Library/RequestResponseHeaders.js"
"/home/fan/Projects/vscode/extensions/git/node_modules/applicationinsights/out/AutoCollection/HttpDependencyParser.js"
"/home/fan/Projects/vscode/extensions/git/node_modules/applicationinsights/out/Declarations/Contracts/package.json"
"/home/fan/Projects/vscode/extensions/git/node_modules/applicationinsights/out/Declarations/Contracts/index.js"
"/home/fan/Projects/vscode/extensions/git/node_modules/applicationinsights/out/Declarations/Contracts/Constants.js"
"/home/fan/Projects/vscode/extensions/git/node_modules/applicationinsights/out/Declarations/Contracts/Generated/package.json"
"/home/fan/Projects/vscode/extensions/git/node_modules/applicationinsights/out/Declarations/Contracts/Generated/index.js"
"/home/fan/Projects/vscode/extensions/git/node_modules/applicationinsights/out/Declarations/Contracts/Generated/AvailabilityData.js"
"/home/fan/Projects/vscode/extensions/git/node_modules/applicationinsights/out/Declarations/Contracts/Generated/Domain.js"
"/home/fan/Projects/vscode/extensions/git/node_modules/applicationinsights/out/Declarations/Contracts/Generated/Base.js"
"/home/fan/Projects/vscode/extensions/git/node_modules/applicationinsights/out/Declarations/Contracts/Generated/ContextTagKeys.js"
"/home/fan/Projects/vscode/extensions/git/node_modules/applicationinsights/out/Declarations/Contracts/Generated/Data.js"
"/home/fan/Projects/vscode/extensions/git/node_modules/applicationinsights/out/Declarations/Contracts/Generated/DataPoint.js"
"/home/fan/Projects/vscode/extensions/git/node_modules/applicationinsights/out/Declarations/Contracts/Generated/DataPointType.js"
"/home/fan/Projects/vscode/extensions/git/node_modules/applicationinsights/out/Declarations/Contracts/Generated/Envelope.js"
"/home/fan/Projects/vscode/extensions/git/node_modules/applicationinsights/out/Declarations/Contracts/Generated/EventData.js"
"/home/fan/Projects/vscode/extensions/git/node_modules/applicationinsights/out/Declarations/Contracts/Generated/ExceptionData.js"
"/home/fan/Projects/vscode/extensions/git/node_modules/applicationinsights/out/Declarations/Contracts/Generated/ExceptionDetails.js"
"/home/fan/Projects/vscode/extensions/git/node_modules/applicationinsights/out/Declarations/Contracts/Generated/MessageData.js"
"/home/fan/Projects/vscode/extensions/git/node_modules/applicationinsights/out/Declarations/Contracts/Generated/MetricData.js"
"/home/fan/Projects/vscode/extensions/git/node_modules/applicationinsights/out/Declarations/Contracts/Generated/PageViewData.js"
"/home/fan/Projects/vscode/extensions/git/node_modules/applicationinsights/out/Declarations/Contracts/Generated/RemoteDependencyData.js"
"/home/fan/Projects/vscode/extensions/git/node_modules/applicationinsights/out/Declarations/Contracts/Generated/RequestData.js"
"/home/fan/Projects/vscode/extensions/git/node_modules/applicationinsights/out/Declarations/Contracts/Generated/SeverityLevel.js"
"/home/fan/Projects/vscode/extensions/git/node_modules/applicationinsights/out/Declarations/Contracts/Generated/StackFrame.js"
"/home/fan/Projects/vscode/extensions/git/node_modules/applicationinsights/out/Declarations/Contracts/TelemetryTypes/package.json"
"/home/fan/Projects/vscode/extensions/git/node_modules/applicationinsights/out/Declarations/Contracts/TelemetryTypes/index.js"
"/home/fan/Projects/vscode/extensions/git/node_modules/applicationinsights/out/Declarations/Contracts/TelemetryTypes/TelemetryType.js"
"/home/fan/Projects/vscode/extensions/git/node_modules/applicationinsights/out/AutoCollection/RequestParser.js"
"/home/fan/Projects/vscode/extensions/git/node_modules/applicationinsights/out/Library/CorrelationIdManager.js"
"/home/fan/Projects/vscode/extensions/git/node_modules/applicationinsights/out/AutoCollection/HttpRequests.js"
"/home/fan/Projects/vscode/extensions/git/node_modules/applicationinsights/out/AutoCollection/HttpRequestParser.js"
"/home/fan/Projects/vscode/extensions/git/node_modules/applicationinsights/out/Library/NodeClient.js"
"/home/fan/Projects/vscode/extensions/git/node_modules/applicationinsights/out/Library/TelemetryClient.js"
"/home/fan/Projects/vscode/extensions/git/node_modules/applicationinsights/out/Library/Config.js"
"/home/fan/Projects/vscode/extensions/git/node_modules/applicationinsights/out/Library/Context.js"
"/home/fan/Projects/vscode/extensions/git/node_modules/applicationinsights/out/Declarations/Contracts/package.json"
"/home/fan/Projects/vscode/extensions/git/node_modules/applicationinsights/out/Library/Channel.js"
"/home/fan/Projects/vscode/extensions/git/node_modules/applicationinsights/out/TelemetryProcessors/package.json"
"/home/fan/Projects/vscode/extensions/git/node_modules/applicationinsights/out/TelemetryProcessors/index.js"
"/home/fan/Projects/vscode/extensions/git/node_modules/applicationinsights/out/TelemetryProcessors/SamplingTelemetryProcessor.js"
"/home/fan/Projects/vscode/extensions/git/node_modules/applicationinsights/out/Declarations/Contracts/package.json"
"/home/fan/Projects/vscode/extensions/git/node_modules/applicationinsights/out/Library/Sender.js"
"/home/fan/Projects/vscode/extensions/git/node_modules/applicationinsights/out/Library/EnvelopeFactory.js"
"/home/fan/Projects/vscode/extensions/git/node_modules/applicationinsights/out/Declarations/Contracts/package.json"
"/home/fan/Projects/vscode/extensions/git/out/protocolHandler.js"
"/home/fan/Projects/vscode/extensions/git/out/api/extension.js"
"/home/fan/Projects/vscode/extensions/git/out/api/api1.js"
"/home/fan/Projects/vscode/extensions/merge-conflict/out/extension.js"
"/home/fan/Projects/vscode/extensions/merge-conflict/out/services.js"
"/home/fan/Projects/vscode/extensions/merge-conflict/out/documentTracker.js"
"/home/fan/Projects/vscode/extensions/merge-conflict/out/mergeConflictParser.js"
"/home/fan/Projects/vscode/extensions/merge-conflict/out/documentMergeConflict.js"
"/home/fan/Projects/vscode/extensions/merge-conflict/out/delayer.js"
"/home/fan/Projects/vscode/extensions/merge-conflict/out/codelensProvider.js"
"/home/fan/Projects/vscode/extensions/merge-conflict/node_modules/vscode-nls/package.json"
"/home/fan/Projects/vscode/extensions/merge-conflict/node_modules/vscode-nls/lib/main.js"
"/home/fan/Projects/vscode/extensions/merge-conflict/out/commandHandler.js"
"/home/fan/Projects/vscode/extensions/merge-conflict/out/contentProvider.js"
"/home/fan/Projects/vscode/extensions/merge-conflict/out/mergeDecorator.js"
"/home/fan/Projects/vscode/extensions/html-language-features/package.json"
"/home/fan/Projects/vscode/extensions/html-language-features/package.json"
"/home/fan/Projects/vscode/extensions/html-language-features/node_modules/applicationinsights/package.json"
"/home/fan/Projects/vscode/extensions/html-language-features/server/package.json"
"/home/fan/Projects/vscode/extensions/git/package.json"
"/home/fan/Projects/vscode/extensions/git/package.json"
"/home/fan/Projects/vscode/extensions/git/node_modules/applicationinsights/package.json"
"/etc/ld.so.cache"
"/lib/x86_64-linux-gnu/libpcre2-8.so.0"
"/lib/x86_64-linux-gnu/libz.so.1"
"/lib/x86_64-linux-gnu/libpthread.so.0"
"/lib/x86_64-linux-gnu/libc.so.6"
"/dev/null"
"/usr/lib/locale/locale-archive"
"/etc/ssl/certs/ca-certificates.crt"
"/home/fan/Projects/vscode/.build/electron/tls/haswell/x86_64/libnode.so"
"/home/fan/Projects/vscode/.build/electron/tls/haswell/libnode.so"
"/home/fan/Projects/vscode/.build/electron/tls/x86_64/libnode.so"
"/home/fan/Projects/vscode/.build/electron/tls/libnode.so"
"/home/fan/Projects/vscode/.build/electron/haswell/x86_64/libnode.so"
"/home/fan/Projects/vscode/.build/electron/haswell/libnode.so"
"/home/fan/Projects/vscode/.build/electron/x86_64/libnode.so"
"/home/fan/Projects/vscode/.build/electron/libnode.so"
"/home/fan/Projects/vscode/.build/electron/libpthread.so.0"
"/home/fan/Projects/vscode/.build/electron/lib/tls/haswell/x86_64/libpthread.so.0"
"/home/fan/Projects/vscode/.build/electron/lib/tls/haswell/libpthread.so.0"
"/home/fan/Projects/vscode/.build/electron/lib/tls/x86_64/libpthread.so.0"
"/home/fan/Projects/vscode/.build/electron/lib/tls/libpthread.so.0"
"/home/fan/Projects/vscode/.build/electron/lib/haswell/x86_64/libpthread.so.0"
"/home/fan/Projects/vscode/.build/electron/lib/haswell/libpthread.so.0"
"/home/fan/Projects/vscode/.build/electron/lib/x86_64/libpthread.so.0"
"/home/fan/Projects/vscode/.build/electron/lib/libpthread.so.0"
"/etc/ld.so.cache"
"/lib/x86_64-linux-gnu/libpthread.so.0"
"/home/fan/Projects/vscode/.build/electron/libgtk-3.so.0"
"/lib/x86_64-linux-gnu/libgtk-3.so.0"
"/home/fan/Projects/vscode/.build/electron/libgdk-3.so.0"
"/lib/x86_64-linux-gnu/libgdk-3.so.0"
"/home/fan/Projects/vscode/.build/electron/libpangocairo-1.0.so.0"
"/lib/x86_64-linux-gnu/libpangocairo-1.0.so.0"
"/home/fan/Projects/vscode/.build/electron/libpango-1.0.so.0"
"/lib/x86_64-linux-gnu/libpango-1.0.so.0"
"/home/fan/Projects/vscode/.build/electron/libatk-1.0.so.0"
"/lib/x86_64-linux-gnu/libatk-1.0.so.0"
"/home/fan/Projects/vscode/.build/electron/libcairo.so.2"
"/lib/x86_64-linux-gnu/libcairo.so.2"
"/home/fan/Projects/vscode/.build/electron/libgdk_pixbuf-2.0.so.0"
"/lib/x86_64-linux-gnu/libgdk_pixbuf-2.0.so.0"
"/home/fan/Projects/vscode/.build/electron/libgio-2.0.so.0"
"/lib/x86_64-linux-gnu/libgio-2.0.so.0"
"/home/fan/Projects/vscode/.build/electron/libgobject-2.0.so.0"
"/lib/x86_64-linux-gnu/libgobject-2.0.so.0"
"/home/fan/Projects/vscode/.build/electron/libatk-bridge-2.0.so.0"
"/lib/x86_64-linux-gnu/libatk-bridge-2.0.so.0"
"/home/fan/Projects/vscode/.build/electron/libdbus-1.so.3"
"/lib/x86_64-linux-gnu/libdbus-1.so.3"
"/home/fan/Projects/vscode/.build/electron/libX11-xcb.so.1"
"/lib/x86_64-linux-gnu/libX11-xcb.so.1"
"/home/fan/Projects/vscode/.build/electron/libxcb.so.1"
"/lib/x86_64-linux-gnu/libxcb.so.1"
"/home/fan/Projects/vscode/.build/electron/libXi.so.6"
"/lib/x86_64-linux-gnu/libXi.so.6"
"/home/fan/Projects/vscode/.build/electron/libXcursor.so.1"
"/lib/x86_64-linux-gnu/libXcursor.so.1"
"/home/fan/Projects/vscode/.build/electron/libXdamage.so.1"
"/lib/x86_64-linux-gnu/libXdamage.so.1"
"/home/fan/Projects/vscode/.build/electron/libXrandr.so.2"
"/lib/x86_64-linux-gnu/libXrandr.so.2"
"/home/fan/Projects/vscode/node_modules.asar"
"/home/fan/Projects/vscode/.build/electron/libXcomposite.so.1"
"/lib/x86_64-linux-gnu/libXcomposite.so.1"
"/home/fan/Projects/vscode/.build/electron/libXext.so.6"
"/lib/x86_64-linux-gnu/libXext.so.6"
"/root/.config/code-oss-dev/logs/20200610T155928/exthost1/output_logging_20200610T155931/1-Git.log"
"/home/fan/Projects/vscode/.build/electron/libXfixes.so.3"
"/lib/x86_64-linux-gnu/libXfixes.so.3"
"/home/fan/Projects/vscode/.build/electron/libXrender.so.1"
"/lib/x86_64-linux-gnu/libXrender.so.1"
"/home/fan/Projects/vscode/.build/electron/libX11.so.6"
"/lib/x86_64-linux-gnu/libX11.so.6"
"/home/fan/Projects/vscode/.build/electron/libXtst.so.6"
"/lib/x86_64-linux-gnu/libXtst.so.6"
"/home/fan/Projects/vscode/.build/electron/libXss.so.1"
"/lib/x86_64-linux-gnu/libXss.so.1"
"/home/fan/Projects/vscode/.build/electron/libglib-2.0.so.0"
"/lib/x86_64-linux-gnu/libglib-2.0.so.0"
"/home/fan/Projects/vscode/.build/electron/libnss3.so"
"/lib/x86_64-linux-gnu/libnss3.so"
"/home/fan/Projects/vscode/.build/electron/libnssutil3.so"
"/lib/x86_64-linux-gnu/libnssutil3.so"
"/home/fan/Projects/vscode-test"
"/home/fan/Projects/vscode/.build/electron/libsmime3.so"
"/lib/x86_64-linux-gnu/libsmime3.so"
"/home/fan/Projects/vscode/.build/electron/libnspr4.so"
"/lib/x86_64-linux-gnu/libnspr4.so"
"/home/fan/Projects/vscode/.build/electron/libffmpeg.so"
"/home/fan/Projects/vscode/.build/electron/libasound.so.2"
"/lib/x86_64-linux-gnu/libasound.so.2"
"/dev/null"
"/home/fan/Projects/vscode/.build/electron/libcups.so.2"
"/lib/x86_64-linux-gnu/libcups.so.2"
"/home/fan/Projects/vscode/.build/electron/librt.so.1"
"/lib/x86_64-linux-gnu/librt.so.1"
"/home/fan/Projects/vscode/.build/electron/libdl.so.2"
"/lib/x86_64-linux-gnu/libdl.so.2"
"/home/fan/Projects/vscode/.build/electron/libfontconfig.so.1"
"/lib/x86_64-linux-gnu/libfontconfig.so.1"
"/home/fan/Projects/vscode/.build/electron/libexpat.so.1"
"/lib/x86_64-linux-gnu/libexpat.so.1"
"/home/fan/Projects/vscode/.build/electron/libm.so.6"
"/lib/x86_64-linux-gnu/libm.so.6"
"/home/fan/Projects/vscode/.build/electron/libgcc_s.so.1"
"/lib/x86_64-linux-gnu/libgcc_s.so.1"
"/home/fan/Projects/vscode/.build/electron/libc.so.6"
"/lib/x86_64-linux-gnu/libc.so.6"
"/lib/x86_64-linux-gnu/libgmodule-2.0.so.0"
"/lib/x86_64-linux-gnu/libcairo-gobject.so.2"
"/lib/x86_64-linux-gnu/libepoxy.so.0"
"/lib/x86_64-linux-gnu/libfribidi.so.0"
"/lib/x86_64-linux-gnu/libpangoft2-1.0.so.0"
"/etc/ld.so.cache"
"/lib/x86_64-linux-gnu/libharfbuzz.so.0"
"/lib/x86_64-linux-gnu/libpcre2-8.so.0"
"/lib/x86_64-linux-gnu/libz.so.1"
"/lib/x86_64-linux-gnu/libfreetype.so.6"
"/lib/x86_64-linux-gnu/libpthread.so.0"
"/lib/x86_64-linux-gnu/libXinerama.so.1"
"/lib/x86_64-linux-gnu/libxkbcommon.so.0"
"/lib/x86_64-linux-gnu/libc.so.6"
"/dev/null"
"/usr/lib/locale/locale-archive"
"/home/fan/Projects/vscode-test/.git/HEAD"
".git/config"
".git/config"
"/lib/x86_64-linux-gnu/libwayland-cursor.so.0"
"/lib/x86_64-linux-gnu/libwayland-egl.so.1"
"/lib/x86_64-linux-gnu/libwayland-client.so.0"
"/lib/x86_64-linux-gnu/libthai.so.0"
"/lib/x86_64-linux-gnu/libpixman-1.so.0"
"/lib/x86_64-linux-gnu/libpng16.so.16"
"/lib/x86_64-linux-gnu/libxcb-shm.so.0"
"/lib/x86_64-linux-gnu/libxcb-render.so.0"
"/lib/x86_64-linux-gnu/libz.so.1"
"/lib/x86_64-linux-gnu/libmount.so.1"
"/home/fan/Projects/vscode/extensions/git/node_modules/iconv-lite/encodings/package.json"
"/lib/x86_64-linux-gnu/libselinux.so.1"
"/home/fan/Projects/vscode/extensions/git/node_modules/iconv-lite/encodings/index.js"
"/lib/x86_64-linux-gnu/libresolv.so.2"
"/home/fan/Projects/vscode/extensions/git/node_modules/iconv-lite/encodings/internal.js"
"/lib/x86_64-linux-gnu/libffi.so.7"
"/lib/x86_64-linux-gnu/libatspi.so.0"
"/lib/x86_64-linux-gnu/libsystemd.so.0"
"/lib/x86_64-linux-gnu/libXau.so.6"
"/lib/x86_64-linux-gnu/libXdmcp.so.6"
"/lib/x86_64-linux-gnu/libpcre.so.3"
"/lib/x86_64-linux-gnu/libplc4.so"
"/home/fan/Projects/vscode/extensions/git/node_modules/iconv-lite/encodings/utf16.js"
"/lib/x86_64-linux-gnu/libplds4.so"
"/lib/x86_64-linux-gnu/libgssapi_krb5.so.2"
"/lib/x86_64-linux-gnu/libavahi-common.so.3"
"/lib/x86_64-linux-gnu/libavahi-client.so.3"
"/home/fan/Projects/vscode/extensions/git/node_modules/iconv-lite/encodings/utf7.js"
"/lib/x86_64-linux-gnu/libgnutls.so.30"
"/lib/x86_64-linux-gnu/libuuid.so.1"
"/lib/x86_64-linux-gnu/libgraphite2.so.3"
"/lib/x86_64-linux-gnu/libdatrie.so.1"
"/lib/x86_64-linux-gnu/libblkid.so.1"
"/home/fan/Projects/vscode/extensions/git/node_modules/iconv-lite/encodings/sbcs-codec.js"
"/lib/x86_64-linux-gnu/libpcre2-8.so.0"
"/lib/x86_64-linux-gnu/liblzma.so.5"
"/lib/x86_64-linux-gnu/liblz4.so.1"
"/lib/x86_64-linux-gnu/libgcrypt.so.20"
"/home/fan/Projects/vscode/extensions/git/node_modules/iconv-lite/encodings/sbcs-data.js"
"/lib/x86_64-linux-gnu/libbsd.so.0"
"/lib/x86_64-linux-gnu/libkrb5.so.3"
"/lib/x86_64-linux-gnu/libk5crypto.so.3"
"/home/fan/Projects/vscode/extensions/git/node_modules/iconv-lite/encodings/sbcs-data-generated.js"
"/lib/x86_64-linux-gnu/libcom_err.so.2"
"/lib/x86_64-linux-gnu/libkrb5support.so.0"
"/home/fan/Projects/vscode/extensions/git/node_modules/iconv-lite/encodings/dbcs-codec.js"
"/lib/x86_64-linux-gnu/libp11-kit.so.0"
"/lib/x86_64-linux-gnu/libidn2.so.0"
"/lib/x86_64-linux-gnu/libunistring.so.2"
"/lib/x86_64-linux-gnu/libtasn1.so.6"
"/lib/x86_64-linux-gnu/libnettle.so.7"
"/lib/x86_64-linux-gnu/libhogweed.so.5"
"/home/fan/Projects/vscode/extensions/git/node_modules/iconv-lite/encodings/dbcs-data.js"
"/lib/x86_64-linux-gnu/libgmp.so.10"
"/lib/x86_64-linux-gnu/libgpg-error.so.0"
"/lib/x86_64-linux-gnu/libkeyutils.so.1"
"/dev/null"
"/etc/ld.so.cache"
"/lib/x86_64-linux-gnu/libpcre2-8.so.0"
"/dev/null"
"/lib/x86_64-linux-gnu/libz.so.1"
"/lib/x86_64-linux-gnu/libpthread.so.0"
"/lib/x86_64-linux-gnu/libc.so.6"
"/dev/null"
"/usr/lib/locale/locale-archive"
"/home/fan/Projects/vscode-test/.git/HEAD"
".git/config"
".git/config"
"/etc/ld.so.cache"
"/lib/x86_64-linux-gnu/libpcre2-8.so.0"
"/lib/x86_64-linux-gnu/libz.so.1"
"/lib/x86_64-linux-gnu/libpthread.so.0"
"/lib/x86_64-linux-gnu/libc.so.6"
"/dev/null"
"/usr/lib/locale/locale-archive"
"/home/fan/Projects/vscode-test/.git/HEAD"
".git/config"
".git/config"
".git/HEAD"
".git/refs/heads/master"
".git/config"
".git/index"
".git/HEAD"
".git/refs/heads/master"
".git/packed-refs"
".git/HEAD"
".git/refs/heads/master"
"/dev/urandom"
".git/refs/"
".git/objects/info/alternates"
".git/objects/pack"
".git/objects/pack/pack-b59518bfc8a19dce52875984952e55b4685f9f2a.idx"
"/proc/filesystems"
".git/objects/39/4d098863d07ba029481ee69f96c8011730e37b"
".git/info/grafts"
".git/shallow"
".git/objects/info/commit-graph"
".git/objects/info/commit-graphs/commit-graph-chain"
".git/objects/39/4d098863d07ba029481ee69f96c8011730e37b"
".git/objects/a3/ea58031e8dd4f5c056eb60c5ed6c4957998133"
"/usr/share/locale/locale.alias"
"/usr/share/locale/en_US.UTF-8/LC_MESSAGES/git.mo"
"/usr/share/locale/en_US.utf8/LC_MESSAGES/git.mo"
"/usr/share/locale/en_US/LC_MESSAGES/git.mo"
"/usr/share/locale/en.UTF-8/LC_MESSAGES/git.mo"
"/usr/share/locale/en.utf8/LC_MESSAGES/git.mo"
"/usr/share/locale/en/LC_MESSAGES/git.mo"
"/sys/devices/system/cpu/cpu0/tsc_freq_khz"
"/usr/share/locale-langpack/en_US.UTF-8/LC_MESSAGES/git.mo"
"/usr/share/locale-langpack/en_US.utf8/LC_MESSAGES/git.mo"
"/sys/devices/system/cpu/cpu0/cpufreq/cpuinfo_max_freq"
"/usr/share/locale-langpack/en_US/LC_MESSAGES/git.mo"
"/usr/share/locale-langpack/en.UTF-8/LC_MESSAGES/git.mo"
"/usr/share/locale-langpack/en.utf8/LC_MESSAGES/git.mo"
"/usr/share/locale-langpack/en/LC_MESSAGES/git.mo"
"/proc/cpuinfo"
".git/info/exclude"
"."
".gitignore"
"results/"
".git/sequencer/todo"
"/etc/nsswitch.conf"
"/etc/host.conf"
"/etc/resolv.conf"
"/etc/ld.so.cache"
"/lib/x86_64-linux-gnu/libnss_files.so.2"
"/etc/hosts"
"/etc/ld.so.cache"
"/lib/x86_64-linux-gnu/libnss_mdns4_minimal.so.2"
"/etc/ld.so.cache"
"/lib/x86_64-linux-gnu/libnss_dns.so.2"
"/etc/hosts"
"/dev/null"
"/etc/ld.so.cache"
"/home/fan/Projects/vscode/.build/electron/icudtl.dat"
"/etc/localtime"
"/lib/x86_64-linux-gnu/libpcre2-8.so.0"
"/home/fan/Projects/vscode/.build/electron/v8_context_snapshot.bin"
"/home/fan/Projects/vscode/.build/electron/natives_blob.bin"
"/sys/devices/system/cpu"
"/lib/x86_64-linux-gnu/libz.so.1"
"/lib/x86_64-linux-gnu/libpthread.so.0"
"/lib/x86_64-linux-gnu/libc.so.6"
"/dev/null"
"/usr/lib/locale/locale-archive"
"/dev/urandom"
"/home/fan/Projects/vscode-test/.git/HEAD"
".git/config"
".git/config"
".git/config"
".git/HEAD"
".git/refs/heads/master"
".git/packed-refs"
"/dev/urandom"
"/dev/null"
"/dev/null"
"/etc/ld.so.cache"
"/lib/x86_64-linux-gnu/libpcre2-8.so.0"
"/root/.config/code-oss-dev/logs/20200610T155928/exthost1/output_logging_20200610T155931/2-HTML Language Server.log"
"/lib/x86_64-linux-gnu/libz.so.1"
"/lib/x86_64-linux-gnu/libpthread.so.0"
"/lib/x86_64-linux-gnu/libc.so.6"
"/dev/null"
"/usr/lib/locale/locale-archive"
"/home/fan/Projects/vscode-test/.git/HEAD"
".git/config"
".git/config"
".git/packed-refs"
".git/refs/heads/master"
"/dev/null"
"/etc/ld.so.cache"
"/lib/x86_64-linux-gnu/libpcre2-8.so.0"
"/lib/x86_64-linux-gnu/libz.so.1"
"/lib/x86_64-linux-gnu/libpthread.so.0"
"/lib/x86_64-linux-gnu/libc.so.6"
"/dev/null"
"/usr/lib/locale/locale-archive"
"/home/fan/Projects/vscode-test/.git/HEAD"
".git/config"
".git/config"
".git/HEAD"
".git/refs/heads/master"
".git/packed-refs"
".git/refs/remotes/origin/master"
".git/refs/remotes/origin/master"
".git/refs/remotes/origin/master"
".git/refs/remotes/origin/master"
"/dev/null"
"/etc/ld.so.cache"
"/lib/x86_64-linux-gnu/libpcre2-8.so.0"
"/lib/x86_64-linux-gnu/libz.so.1"
"/lib/x86_64-linux-gnu/libpthread.so.0"
"/lib/x86_64-linux-gnu/libc.so.6"
"/dev/null"
"/usr/lib/locale/locale-archive"
"/home/fan/Projects/vscode-test/.git/HEAD"
".git/config"
".git/config"
".git/config"
".git/packed-refs"
".git/refs/heads/master"
".git/refs/remotes/origin/master"
".git/refs/"
".git/objects/info/alternates"
".git/objects/pack"
".git/objects/pack/pack-b59518bfc8a19dce52875984952e55b4685f9f2a.idx"
".git/objects/39/4d098863d07ba029481ee69f96c8011730e37b"
".git/objects/39/4d098863d07ba029481ee69f96c8011730e37b"
".git/info/grafts"
".git/shallow"
".git/objects/info/commit-graph"
".git/objects/info/commit-graphs/commit-graph-chain"
".git/objects/44/77bab448d9dc01152d087800e4c5b4605f1bcb"
".git/objects/4a/5bbc1f916f685e279398f462ba39d884d8e7f0"
".git/objects/ea/f72068b63bec049e42a30bda82cab1f03548cb"
".git/objects/pack/pack-b59518bfc8a19dce52875984952e55b4685f9f2a.pack"
"/usr/share/locale/locale.alias"
"/usr/share/locale/en_US.UTF-8/LC_MESSAGES/git.mo"
"/usr/share/locale/en_US.utf8/LC_MESSAGES/git.mo"
"/usr/share/locale/en_US/LC_MESSAGES/git.mo"
"/usr/share/locale/en.UTF-8/LC_MESSAGES/git.mo"
"/usr/share/locale/en.utf8/LC_MESSAGES/git.mo"
"/usr/share/locale/en/LC_MESSAGES/git.mo"
"/usr/share/locale-langpack/en_US.UTF-8/LC_MESSAGES/git.mo"
"/usr/share/locale-langpack/en_US.utf8/LC_MESSAGES/git.mo"
"/usr/share/locale-langpack/en_US/LC_MESSAGES/git.mo"
"/usr/share/locale-langpack/en.UTF-8/LC_MESSAGES/git.mo"
"/usr/share/locale-langpack/en.utf8/LC_MESSAGES/git.mo"
"/usr/share/locale-langpack/en/LC_MESSAGES/git.mo"
"/dev/null"
"/etc/ld.so.cache"
"/lib/x86_64-linux-gnu/libpcre2-8.so.0"
"/lib/x86_64-linux-gnu/libz.so.1"
"/lib/x86_64-linux-gnu/libpthread.so.0"
"/lib/x86_64-linux-gnu/libc.so.6"
"/dev/null"
"/usr/lib/locale/locale-archive"
"/home/fan/Projects/vscode-test/.git/HEAD"
".git/config"
".git/config"
".git/config"
".git/refs/"
".git/refs/bisect/"
".git/refs/heads/"
".git/refs/heads/master"
"/dev/null"
".git/refs/remotes/"
".git/refs/remotes/origin/"
".git/refs/remotes/origin/master"
"/home/fan/Projects/vscode-test/.gitmodules"
".git/refs/remotes/origin/HEAD"
"/etc/ld.so.cache"
".git/refs/remotes/origin/master"
"/home/fan/Projects/vscode-test/.git/REBASE_HEAD"
".git/refs/tags/"
"/lib/x86_64-linux-gnu/libpcre2-8.so.0"
".git/refs/worktree/"
".git/refs/rewritten/"
".git/packed-refs"
"/lib/x86_64-linux-gnu/libz.so.1"
"/lib/x86_64-linux-gnu/libpthread.so.0"
"/lib/x86_64-linux-gnu/libc.so.6"
".git/objects/info/alternates"
".git/objects/pack"
"/dev/null"
".git/objects/pack/pack-b59518bfc8a19dce52875984952e55b4685f9f2a.idx"
".git/objects/39/4d098863d07ba029481ee69f96c8011730e37b"
"/usr/lib/locale/locale-archive"
"/home/fan/Projects/vscode-test/.git/HEAD"
".git/info/grafts"
".git/shallow"
".git/objects/info/commit-graph"
".git/objects/info/commit-graphs/commit-graph-chain"
"/etc/localtime"
".git/objects/39/4d098863d07ba029481ee69f96c8011730e37b"
".git/objects/39/4d098863d07ba029481ee69f96c8011730e37b"
".git/config"
".git/config"
".git/HEAD"
".git/refs/heads/master"
".git/config"
"/dev/null"
"/home/fan/Projects/vscode/extensions/html-language-features/server/out/htmlServerMain.js"
"/home/fan/Projects/vscode/extensions/html-language-features/server/node_modules/vscode-languageserver/package.json"
"/home/fan/Projects/vscode/extensions/html-language-features/server/node_modules/vscode-languageserver/lib/main.js"
"/home/fan/Projects/vscode/extensions/html-language-features/server/node_modules/vscode-languageserver-protocol/package.json"
"/home/fan/Projects/vscode/extensions/html-language-features/server/node_modules/vscode-languageserver-protocol/lib/main.js"
"/home/fan/Projects/vscode/extensions/html-language-features/server/node_modules/vscode-jsonrpc/package.json"
"/home/fan/Projects/vscode/extensions/html-language-features/server/node_modules/vscode-jsonrpc/lib/main.js"
"/home/fan/Projects/vscode/extensions/html-language-features/server/node_modules/vscode-jsonrpc/lib/is.js"
"/home/fan/Projects/vscode/extensions/html-language-features/server/node_modules/vscode-jsonrpc/lib/messages.js"
"/home/fan/Projects/vscode/extensions/html-language-features/server/node_modules/vscode-jsonrpc/lib/messageReader.js"
"/home/fan/Projects/vscode/extensions/html-language-features/server/node_modules/vscode-jsonrpc/lib/events.js"
"/home/fan/Projects/vscode/extensions/html-language-features/server/node_modules/vscode-jsonrpc/lib/messageWriter.js"
"/home/fan/Projects/vscode/extensions/html-language-features/server/node_modules/vscode-jsonrpc/lib/cancellation.js"
"/home/fan/Projects/vscode/extensions/html-language-features/server/node_modules/vscode-jsonrpc/lib/linkedMap.js"
"/home/fan/Projects/vscode/extensions/html-language-features/server/node_modules/vscode-jsonrpc/lib/pipeSupport.js"
"/home/fan/Projects/vscode/extensions/html-language-features/server/node_modules/vscode-jsonrpc/lib/socketSupport.js"
"/home/fan/Projects/vscode/extensions/html-language-features/server/node_modules/vscode-languageserver-types/package.json"
"/home/fan/Projects/vscode/extensions/html-language-features/server/node_modules/vscode-languageserver-types/lib/umd/main.js"
"/home/fan/Projects/vscode/extensions/html-language-features/server/node_modules/vscode-languageserver-protocol/lib/protocol.js"
"/home/fan/Projects/vscode/extensions/html-language-features/server/node_modules/vscode-languageserver-protocol/lib/utils/is.js"
"/home/fan/Projects/vscode/extensions/html-language-features/server/node_modules/vscode-languageserver-protocol/lib/protocol.implementation.js"
"/home/fan/Projects/vscode/extensions/html-language-features/server/node_modules/vscode-languageserver-protocol/lib/protocol.typeDefinition.js"
"/home/fan/Projects/vscode/extensions/html-language-features/server/node_modules/vscode-languageserver-protocol/lib/protocol.workspaceFolders.js"
"/home/fan/Projects/vscode/extensions/html-language-features/server/node_modules/vscode-languageserver-protocol/lib/protocol.configuration.js"
"/home/fan/Projects/vscode/extensions/html-language-features/server/node_modules/vscode-languageserver-protocol/lib/protocol.colorProvider.js"
"/home/fan/Projects/vscode/extensions/html-language-features/server/node_modules/vscode-languageserver-protocol/lib/protocol.foldingRange.js"
"/home/fan/Projects/vscode/extensions/html-language-features/server/node_modules/vscode-languageserver-protocol/lib/protocol.declaration.js"
"/home/fan/Projects/vscode/extensions/html-language-features/server/node_modules/vscode-languageserver-protocol/lib/protocol.selectionRange.js"
"/home/fan/Projects/vscode/extensions/html-language-features/server/node_modules/vscode-languageserver/lib/configuration.js"
"/home/fan/Projects/vscode/extensions/html-language-features/server/node_modules/vscode-languageserver/lib/utils/is.js"
"/home/fan/Projects/vscode/extensions/html-language-features/server/node_modules/vscode-languageserver/lib/workspaceFolders.js"
"/home/fan/Projects/vscode/extensions/html-language-features/server/node_modules/vscode-languageserver/lib/utils/uuid.js"
"/home/fan/Projects/vscode/extensions/html-language-features/server/node_modules/vscode-languageserver/lib/files.js"
"/home/fan/Projects/vscode/extensions/html-language-features/server/out/modes/languageModes.js"
"/home/fan/Projects/vscode/extensions/html-language-features/server/node_modules/vscode-html-languageservice/package.json"
"/home/fan/Projects/vscode/extensions/html-language-features/server/node_modules/vscode-html-languageservice/lib/umd/htmlLanguageService.js"
"/home/fan/Projects/vscode/extensions/html-language-features/server/node_modules/vscode-html-languageservice/lib/umd/parser/htmlScanner.js"
"/home/fan/Projects/vscode/extensions/html-language-features/server/node_modules/vscode-nls/package.json"
"/home/fan/Projects/vscode/extensions/html-language-features/server/node_modules/vscode-nls/lib/main.js"
"/home/fan/Projects/vscode/extensions/html-language-features/server/node_modules/vscode-html-languageservice/lib/umd/htmlLanguageTypes.js"
"/home/fan/Projects/vscode/extensions/html-language-features/server/node_modules/vscode-html-languageservice/lib/umd/parser/htmlParser.js"
"/home/fan/Projects/vscode/extensions/html-language-features/server/node_modules/vscode-html-languageservice/lib/umd/utils/arrays.js"
"/home/fan/Projects/vscode/extensions/html-language-features/server/node_modules/vscode-html-languageservice/lib/umd/languageFacts/fact.js"
"/home/fan/Projects/vscode/extensions/html-language-features/server/node_modules/vscode-html-languageservice/lib/umd/services/htmlCompletion.js"
"/home/fan/Projects/vscode/extensions/html-language-features/server/node_modules/vscode-html-languageservice/lib/umd/parser/htmlEntities.js"
"/home/fan/Projects/vscode/extensions/html-language-features/server/node_modules/vscode-html-languageservice/lib/umd/utils/strings.js"
"/home/fan/Projects/vscode/extensions/html-language-features/server/node_modules/vscode-html-languageservice/lib/umd/languageFacts/builtinDataProviders.js"
"/home/fan/Projects/vscode/extensions/html-language-features/server/node_modules/vscode-html-languageservice/lib/umd/languageFacts/data/html5.js"
"/home/fan/Projects/vscode/extensions/html-language-features/server/node_modules/vscode-html-languageservice/lib/umd/languageFacts/dataProvider.js"
"/home/fan/Projects/vscode/extensions/html-language-features/server/node_modules/vscode-html-languageservice/lib/umd/languageFacts/data/html5Tags.js"
"/home/fan/Projects/vscode/extensions/html-language-features/server/node_modules/vscode-html-languageservice/lib/umd/languageFacts/data/html5Events.js"
"/home/fan/Projects/vscode/extensions/html-language-features/server/node_modules/vscode-html-languageservice/lib/umd/languageFacts/data/html5Aria.js"
"/home/fan/Projects/vscode/extensions/html-language-features/server/node_modules/vscode-html-languageservice/lib/umd/services/htmlHover.js"
"/home/fan/Projects/vscode/extensions/html-language-features/server/node_modules/vscode-html-languageservice/lib/umd/services/htmlFormatter.js"
"/home/fan/Projects/vscode/extensions/html-language-features/server/node_modules/vscode-html-languageservice/lib/umd/beautify/beautify-html.js"
"/home/fan/Projects/vscode/extensions/html-language-features/server/node_modules/vscode-html-languageservice/lib/umd/beautify/beautify.js"
"/home/fan/Projects/vscode/extensions/html-language-features/server/node_modules/vscode-html-languageservice/lib/umd/beautify/beautify-css.js"
"/home/fan/Projects/vscode/extensions/html-language-features/server/node_modules/vscode-html-languageservice/lib/umd/services/htmlLinks.js"
"/home/fan/Projects/vscode/extensions/html-language-features/server/node_modules/vscode-uri/package.json"
"/home/fan/Projects/vscode/extensions/html-language-features/server/node_modules/vscode-uri/lib/umd/index.js"
"/home/fan/Projects/vscode/extensions/html-language-features/server/node_modules/vscode-html-languageservice/lib/umd/services/htmlHighlighting.js"
"/home/fan/Projects/vscode/extensions/html-language-features/server/node_modules/vscode-html-languageservice/lib/umd/services/htmlSymbolsProvider.js"
"/home/fan/Projects/vscode/extensions/html-language-features/server/node_modules/vscode-html-languageservice/lib/umd/services/htmlFolding.js"
"/home/fan/Projects/vscode/extensions/html-language-features/server/node_modules/vscode-html-languageservice/lib/umd/services/htmlSelectionRange.js"
"/home/fan/Projects/vscode/extensions/html-language-features/server/out/languageModelCache.js"
"/home/fan/Projects/vscode/extensions/html-language-features/server/out/modes/embeddedSupport.js"
"/home/fan/Projects/vscode/extensions/html-language-features/server/out/modes/cssMode.js"
"/home/fan/Projects/vscode/extensions/html-language-features/server/node_modules/vscode-css-languageservice/package.json"
"/home/fan/Projects/vscode/extensions/html-language-features/server/node_modules/vscode-css-languageservice/lib/umd/cssLanguageService.js"
"/home/fan/Projects/vscode/extensions/html-language-features/server/node_modules/vscode-css-languageservice/lib/umd/parser/cssParser.js"
"/home/fan/Projects/vscode/extensions/html-language-features/server/node_modules/vscode-css-languageservice/lib/umd/parser/cssScanner.js"
"/home/fan/Projects/vscode/extensions/html-language-features/server/node_modules/vscode-css-languageservice/lib/umd/parser/cssNodes.js"
"/home/fan/Projects/vscode/extensions/html-language-features/server/node_modules/vscode-css-languageservice/lib/umd/parser/cssErrors.js"
"/home/fan/Projects/vscode/extensions/html-language-features/server/node_modules/vscode-css-languageservice/lib/umd/languageFacts/facts.js"
"/home/fan/Projects/vscode/extensions/html-language-features/server/node_modules/vscode-css-languageservice/lib/umd/data/browsers.js"
"/home/fan/Projects/vscode/extensions/html-language-features/server/node_modules/vscode-css-languageservice/lib/umd/languageFacts/dataManager.js"
"/home/fan/Projects/vscode/extensions/html-language-features/server/node_modules/vscode-css-languageservice/lib/umd/utils/objects.js"
"/home/fan/Projects/vscode/extensions/html-language-features/server/node_modules/vscode-css-languageservice/lib/umd/languageFacts/dataProvider.js"
"/home/fan/Projects/vscode/extensions/html-language-features/server/node_modules/vscode-css-languageservice/lib/umd/languageFacts/entry.js"
"/home/fan/Projects/vscode/extensions/html-language-features/server/node_modules/vscode-css-languageservice/lib/umd/languageFacts/colors.js"
"/home/fan/Projects/vscode/extensions/html-language-features/server/node_modules/vscode-css-languageservice/lib/umd/languageFacts/builtinData.js"
"/home/fan/Projects/vscode/extensions/html-language-features/server/node_modules/vscode-css-languageservice/lib/umd/services/cssCompletion.js"
"/home/fan/Projects/vscode/extensions/html-language-features/server/node_modules/vscode-css-languageservice/lib/umd/parser/cssSymbolScope.js"
"/home/fan/Projects/vscode/extensions/html-language-features/server/node_modules/vscode-css-languageservice/lib/umd/utils/arrays.js"
"/home/fan/Projects/vscode/extensions/html-language-features/server/node_modules/vscode-css-languageservice/lib/umd/utils/strings.js"
"/home/fan/Projects/vscode/extensions/html-language-features/server/node_modules/vscode-css-languageservice/lib/umd/services/cssHover.js"
"/home/fan/Projects/vscode/extensions/html-language-features/server/node_modules/vscode-css-languageservice/lib/umd/services/selectorPrinting.js"
"/home/fan/Projects/vscode/extensions/html-language-features/server/node_modules/vscode-css-languageservice/lib/umd/services/cssNavigation.js"
"/home/fan/Projects/vscode/extensions/html-language-features/server/node_modules/vscode-css-languageservice/lib/umd/services/cssCodeActions.js"
"/home/fan/Projects/vscode/extensions/html-language-features/server/node_modules/vscode-css-languageservice/lib/umd/services/lintRules.js"
"/home/fan/Projects/vscode/extensions/html-language-features/server/node_modules/vscode-css-languageservice/lib/umd/services/cssValidation.js"
"/home/fan/Projects/vscode/extensions/html-language-features/server/node_modules/vscode-css-languageservice/lib/umd/services/lint.js"
"/home/fan/Projects/vscode/extensions/html-language-features/server/node_modules/vscode-css-languageservice/lib/umd/services/lintUtil.js"
"/home/fan/Projects/vscode/extensions/html-language-features/server/node_modules/vscode-css-languageservice/lib/umd/parser/scssParser.js"
"/home/fan/Projects/vscode/extensions/html-language-features/server/node_modules/vscode-css-languageservice/lib/umd/parser/scssScanner.js"
"/home/fan/Projects/vscode/extensions/html-language-features/server/node_modules/vscode-css-languageservice/lib/umd/parser/scssErrors.js"
"/home/fan/Projects/vscode/extensions/html-language-features/server/node_modules/vscode-css-languageservice/lib/umd/services/scssCompletion.js"
"/home/fan/Projects/vscode/extensions/html-language-features/server/node_modules/vscode-css-languageservice/lib/umd/parser/lessParser.js"
"/home/fan/Projects/vscode/extensions/html-language-features/server/node_modules/vscode-css-languageservice/lib/umd/parser/lessScanner.js"
"/home/fan/Projects/vscode/extensions/html-language-features/server/node_modules/vscode-css-languageservice/lib/umd/services/lessCompletion.js"
"/home/fan/Projects/vscode/extensions/html-language-features/server/node_modules/vscode-css-languageservice/lib/umd/services/cssFolding.js"
"/home/fan/Projects/vscode/extensions/html-language-features/server/node_modules/vscode-css-languageservice/lib/umd/services/cssSelectionRange.js"
"/home/fan/Projects/vscode/extensions/html-language-features/server/node_modules/vscode-css-languageservice/lib/umd/cssLanguageTypes.js"
"/home/fan/Projects/vscode/extensions/html-language-features/server/out/modes/javascriptMode.js"
"/home/fan/Projects/vscode/extensions/html-language-features/server/out/utils/strings.js"
"/home/fan/Projects/vscode/extensions/node_modules/typescript/package.json"
"/home/fan/Projects/vscode/extensions/node_modules/typescript/lib/typescript.js"
"/dev/null"
"/etc/ld.so.cache"
"/lib/x86_64-linux-gnu/libpcre2-8.so.0"
"/lib/x86_64-linux-gnu/libz.so.1"
"/lib/x86_64-linux-gnu/libpthread.so.0"
"/lib/x86_64-linux-gnu/libc.so.6"
"/dev/null"
"/usr/lib/locale/locale-archive"
"/home/fan/Projects/vscode-test/.git/HEAD"
".git/config"
".git/config"
".git/config"
".git/index"
"/dev/null"
"/etc/ld.so.cache"
"/lib/x86_64-linux-gnu/libpcre2-8.so.0"
"/lib/x86_64-linux-gnu/libz.so.1"
"/lib/x86_64-linux-gnu/libpthread.so.0"
"/lib/x86_64-linux-gnu/libc.so.6"
"/dev/null"
"/usr/lib/locale/locale-archive"
"/home/fan/Projects/vscode-test/.git/HEAD"
".git/config"
".git/config"
".git/config"
".git/index"
"/etc/ld.so.cache"
"/lib/x86_64-linux-gnu/libpcre2-8.so.0"
"/lib/x86_64-linux-gnu/libz.so.1"
"/lib/x86_64-linux-gnu/libpthread.so.0"
"/lib/x86_64-linux-gnu/libc.so.6"
"/dev/null"
"/usr/lib/locale/locale-archive"
"/home/fan/Projects/vscode-test/.git/HEAD"
".git/config"
".git/config"
".git/config"
".git/index"
".git/info/exclude"
".gitignore"
"/home/fan/Projects/vscode/extensions/html-language-features/server/out/modes/htmlMode.js"
"/home/fan/Projects/vscode/extensions/html-language-features/server/out/modes/pathCompletion.js"
"/home/fan/Projects/vscode/extensions/html-language-features/server/out/utils/arrays.js"
"/home/fan/Projects/vscode/extensions/html-language-features/server/out/modes/formatting.js"
"/home/fan/Projects/vscode/extensions/html-language-features/server/out/utils/documentContext.js"
"/home/fan/Projects/vscode/extensions/html-language-features/server/out/utils/runner.js"
"/home/fan/Projects/vscode/extensions/html-language-features/server/out/modes/htmlFolding.js"
"/home/fan/Projects/vscode/extensions/html-language-features/server/out/customData.js"
