> "/home/fan/Projects/vscode/out/vs/base/node/pfs.js"
> "/home/fan/Projects/vscode/out/vs/base/common/amd.js"
> "/home/fan/Projects/vscode/out/vs/base/common/uri.js"
> "/home/fan/Projects/vscode/out/vs/base/common/strings.js"
> "/home/fan/Projects/vscode/out/vs/base/common/stream.js"
> "/home/fan/Projects/vscode/out/vs/workbench/api/common/extHostSearch.js"
> "/home/fan/Projects/vscode/out/vs/base/common/arrays.js"
> "/home/fan/Projects/vscode/out/vs/base/common/types.js"
> "/home/fan/Projects/vscode/out/vs/platform/instantiation/common/instantiation.js"
> "/home/fan/Projects/vscode/out/vs/workbench/services/extensions/common/lazyPromise.js"
> "/home/fan/Projects/vscode/out/vs/base/common/errorMessage.js"
> "/home/fan/Projects/vscode/product.json"
> "/home/fan/Projects/vscode/package.json"
> "/home/fan/Projects/vscode/out/vs/workbench/contrib/debug/node/debugAdapter.js"
> "/home/fan/Projects/vscode/out/vs/platform/sign/node/signService.js"
> "/home/fan/Projects/vscode/out/vs/workbench/contrib/debug/node/terminals.js"
> "/home/fan/Projects/vscode/out/vs/workbench/services/search/common/fileSearchManager.js"
> "/home/fan/Projects/vscode/out/vs/workbench/services/search/common/textSearchManager.js"
> "/home/fan/Projects/vscode/out/vs/platform/workspaces/common/workspaces.js"
> "/home/fan/Projects/vscode/out/vs/base/common/idGenerator.js"
> "/home/fan/Projects/vscode/out/vs/base/common/processes.js"
> "/home/fan/Projects/vscode/out/vs/base/common/labels.js"
> "/home/fan/Projects/vscode/out/vs/workbench/services/search/node/ripgrepTextSearchEngine.js"
> "/home/fan/Projects/vscode/out/vs/base/node/encoding.js"
> "/home/fan/Projects/vscode/out/vs/base/common/stopwatch.js"
> "/home/fan/Projects/vscode/out/vs/base/common/jsonEdit.js"
> "/home/fan/Projects/vscode/out/vs/workbench/contrib/externalTerminal/common/externalTerminal.js"
> "/home/fan/Projects/vscode/out/vs/base/common/comparers.js"
> "/home/fan/Projects/vscode/out/vs/base/common/filters.js"
> "/home/fan/Projects/vscode/out/vs/workbench/services/search/node/ripgrepFileSearch.js"
> "/home/fan/Projects/vscode/out/vs/base/common/decorators.js"
> "/root/.config/code-oss-dev/logs/20200516T235424/exthost1/exthost.log"
> "/root/.vscode-oss-dev/extensions/dbaeumer.vscode-eslint-2.1.5/client/out/extension.js"
> "/home/fan/Projects/vscode/extensions/git/package.json"
> "/home/fan/Projects/vscode/extensions/git/package.json"
> "/home/fan/Projects/vscode/extensions/git/node_modules/applicationinsights/package.json"
> "/home/fan/Projects/vscode/extensions/github-authentication/package.json"
> "/home/fan/Projects/vscode/extensions/github-authentication/package.json"
> "/home/fan/Projects/vscode/extensions/github-authentication/node_modules/applicationinsights/package.json"
> "/home/fan/Projects/vscode/extensions/vscode-account/package.json"
> "/home/fan/Projects/vscode/extensions/vscode-account/package.json"
> "/home/fan/Projects/vscode/extensions/vscode-account/node_modules/applicationinsights/package.json"
> "/etc/ld.so.cache"
> "/lib/x86_64-linux-gnu/libpcre2-8.so.0"
> "/lib/x86_64-linux-gnu/libz.so.1"
> "/lib/x86_64-linux-gnu/libpthread.so.0"
> "/lib/x86_64-linux-gnu/libc.so.6"
> "/dev/null"
> "/usr/lib/locale/locale-archive"
> "/etc/ssl/certs/ca-certificates.crt"
> "/root/.config/code-oss-dev/logs/20200516T235424/exthost1/output_logging_20200516T235457/1-GitHub Authentication.log"
> "/root/.config/code-oss-dev/logs/20200516T235424/exthost1/output_logging_20200516T235457/2-Git.log"
> "/root/.config/code-oss-dev/logs/20200516T235424/exthost1/output_logging_20200516T235457/3-Microsoft Authentication.log"
> "/home/fan/Projects/vscode-test"
> "/dev/null"
> "/etc/ld.so.cache"
> "/lib/x86_64-linux-gnu/libpcre2-8.so.0"
> "/lib/x86_64-linux-gnu/libz.so.1"
> "/lib/x86_64-linux-gnu/libpthread.so.0"
> "/lib/x86_64-linux-gnu/libc.so.6"
> "/dev/null"
> "/usr/lib/locale/locale-archive"
> "/home/fan/Projects/vscode-test/.git/HEAD"
> ".git/config"
> ".git/config"
> "/home/fan/Projects/vscode/extensions/git/node_modules/iconv-lite/encodings/package.json"
> "/home/fan/Projects/vscode/extensions/git/node_modules/iconv-lite/encodings/index.js"
> "/home/fan/Projects/vscode/extensions/git/node_modules/iconv-lite/encodings/internal.js"
> "/home/fan/Projects/vscode/extensions/git/node_modules/iconv-lite/encodings/utf16.js"
> "/home/fan/Projects/vscode/extensions/git/node_modules/iconv-lite/encodings/utf7.js"
> "/home/fan/Projects/vscode/extensions/git/node_modules/iconv-lite/encodings/sbcs-codec.js"
> "/home/fan/Projects/vscode/extensions/git/node_modules/iconv-lite/encodings/sbcs-data.js"
> "/home/fan/Projects/vscode/extensions/git/node_modules/iconv-lite/encodings/sbcs-data-generated.js"
> "/home/fan/Projects/vscode/extensions/git/node_modules/iconv-lite/encodings/dbcs-codec.js"
> "/home/fan/Projects/vscode/extensions/git/node_modules/iconv-lite/encodings/dbcs-data.js"
> "/dev/null"
> "/etc/ld.so.cache"
> "/lib/x86_64-linux-gnu/libpcre2-8.so.0"
> "/lib/x86_64-linux-gnu/libz.so.1"
> "/lib/x86_64-linux-gnu/libpthread.so.0"
> "/lib/x86_64-linux-gnu/libc.so.6"
> "/dev/null"
> "/usr/lib/locale/locale-archive"
> "/home/fan/Projects/vscode-test/.git/HEAD"
> ".git/config"
> ".git/config"
> "/etc/nsswitch.conf"
> "/etc/host.conf"
> "/etc/resolv.conf"
> "/home/fan/Projects/vscode/.build/electron/libnss_files.so.2"
> "/etc/ld.so.cache"
> "/lib/x86_64-linux-gnu/libnss_files.so.2"
> "/etc/hosts"
> "/home/fan/Projects/vscode/.build/electron/libnss_mdns4_minimal.so.2"
> "/etc/ld.so.cache"
> "/lib/x86_64-linux-gnu/libnss_mdns4_minimal.so.2"
> "/home/fan/Projects/vscode/.build/electron/libnss_dns.so.2"
> "/etc/ld.so.cache"
> "/lib/x86_64-linux-gnu/libnss_dns.so.2"
> "/etc/hosts"
> "/dev/null"
> "/etc/hosts"
> "/etc/ld.so.cache"
> "/lib/x86_64-linux-gnu/libpcre2-8.so.0"
> "/lib/x86_64-linux-gnu/libz.so.1"
> "/lib/x86_64-linux-gnu/libpthread.so.0"
> "/lib/x86_64-linux-gnu/libc.so.6"
> "/dev/null"
> "/usr/lib/locale/locale-archive"
> "/home/fan/Projects/vscode-test/.git/HEAD"
> ".git/config"
> ".git/config"
> ".git/HEAD"
> ".git/refs/heads/master"
> ".git/config"
> ".git/index"
> ".git/HEAD"
> ".git/refs/heads/master"
> ".git/packed-refs"
> ".git/HEAD"
> ".git/refs/heads/master"
> ".git/refs/"
> ".git/objects/info/alternates"
> ".git/objects/pack"
> ".git/objects/pack/pack-b59518bfc8a19dce52875984952e55b4685f9f2a.idx"
> ".git/objects/44/77bab448d9dc01152d087800e4c5b4605f1bcb"
> ".git/info/grafts"
> ".git/shallow"
> ".git/objects/info/commit-graph"
> ".git/objects/info/commit-graphs/commit-graph-chain"
> ".git/objects/44/77bab448d9dc01152d087800e4c5b4605f1bcb"
> ".git/objects/86/58be0f200f8d971e3c99f7ce7308be8fc0cc41"
> "/usr/share/locale/locale.alias"
> "/usr/share/locale/en_US.UTF-8/LC_MESSAGES/git.mo"
> "/usr/share/locale/en_US.utf8/LC_MESSAGES/git.mo"
> "/usr/share/locale/en_US/LC_MESSAGES/git.mo"
> "/usr/share/locale/en.UTF-8/LC_MESSAGES/git.mo"
> "/usr/share/locale/en.utf8/LC_MESSAGES/git.mo"
> "/usr/share/locale/en/LC_MESSAGES/git.mo"
> "/usr/share/locale-langpack/en_US.UTF-8/LC_MESSAGES/git.mo"
> "/usr/share/locale-langpack/en_US.utf8/LC_MESSAGES/git.mo"
> "/usr/share/locale-langpack/en_US/LC_MESSAGES/git.mo"
> "/usr/share/locale-langpack/en.UTF-8/LC_MESSAGES/git.mo"
> "/usr/share/locale-langpack/en.utf8/LC_MESSAGES/git.mo"
> "/usr/share/locale-langpack/en/LC_MESSAGES/git.mo"
> ".git/info/exclude"
> "."
> ".gitignore"
> "results/"
> ".git/sequencer/todo"
> "/dev/null"
> "/etc/ld.so.cache"
> "/lib/x86_64-linux-gnu/libpcre2-8.so.0"
> "/lib/x86_64-linux-gnu/libz.so.1"
> "/lib/x86_64-linux-gnu/libpthread.so.0"
> "/lib/x86_64-linux-gnu/libc.so.6"
> "/dev/null"
> "/usr/lib/locale/locale-archive"
> "/home/fan/Projects/vscode-test/.git/HEAD"
> ".git/config"
> ".git/config"
> ".git/config"
> ".git/HEAD"
> ".git/refs/heads/master"
> ".git/packed-refs"
> "/dev/null"
> "/etc/ld.so.cache"
> "/lib/x86_64-linux-gnu/libpcre2-8.so.0"
> "/lib/x86_64-linux-gnu/libz.so.1"
> "/lib/x86_64-linux-gnu/libpthread.so.0"
> "/lib/x86_64-linux-gnu/libc.so.6"
> "/dev/null"
> "/usr/lib/locale/locale-archive"
> "/home/fan/Projects/vscode-test/.git/HEAD"
> ".git/config"
> ".git/config"
> ".git/packed-refs"
> ".git/refs/heads/master"
> "/dev/null"
> "/etc/ld.so.cache"
> "/lib/x86_64-linux-gnu/libpcre2-8.so.0"
> "/lib/x86_64-linux-gnu/libz.so.1"
> "/lib/x86_64-linux-gnu/libpthread.so.0"
> "/lib/x86_64-linux-gnu/libc.so.6"
> "/dev/null"
> "/usr/lib/locale/locale-archive"
> "/home/fan/Projects/vscode-test/.git/HEAD"
> ".git/config"
> ".git/config"
> ".git/HEAD"
> ".git/refs/heads/master"
> ".git/packed-refs"
> ".git/refs/remotes/origin/master"
> ".git/refs/remotes/origin/master"
> ".git/refs/remotes/origin/master"
> ".git/refs/remotes/origin/master"
> "/dev/null"
> "/etc/ld.so.cache"
> "/lib/x86_64-linux-gnu/libpcre2-8.so.0"
> "/lib/x86_64-linux-gnu/libz.so.1"
> "/lib/x86_64-linux-gnu/libpthread.so.0"
> "/lib/x86_64-linux-gnu/libc.so.6"
> "/dev/null"
> "/usr/lib/locale/locale-archive"
> "/home/fan/Projects/vscode-test/.git/HEAD"
> ".git/config"
> ".git/config"
> ".git/config"
> ".git/packed-refs"
> ".git/refs/heads/master"
> ".git/refs/remotes/origin/master"
> ".git/refs/"
> ".git/objects/info/alternates"
> ".git/objects/pack"
> ".git/objects/pack/pack-b59518bfc8a19dce52875984952e55b4685f9f2a.idx"
> ".git/objects/44/77bab448d9dc01152d087800e4c5b4605f1bcb"
> ".git/objects/44/77bab448d9dc01152d087800e4c5b4605f1bcb"
> ".git/info/grafts"
> ".git/shallow"
> ".git/objects/info/commit-graph"
> ".git/objects/info/commit-graphs/commit-graph-chain"
> ".git/objects/4a/5bbc1f916f685e279398f462ba39d884d8e7f0"
> ".git/objects/ea/f72068b63bec049e42a30bda82cab1f03548cb"
> ".git/objects/pack/pack-b59518bfc8a19dce52875984952e55b4685f9f2a.pack"
> "/usr/share/locale/locale.alias"
> "/usr/share/locale/en_US.UTF-8/LC_MESSAGES/git.mo"
> "/usr/share/locale/en_US.utf8/LC_MESSAGES/git.mo"
> "/usr/share/locale/en_US/LC_MESSAGES/git.mo"
> "/usr/share/locale/en.UTF-8/LC_MESSAGES/git.mo"
> "/usr/share/locale/en.utf8/LC_MESSAGES/git.mo"
> "/usr/share/locale/en/LC_MESSAGES/git.mo"
> "/usr/share/locale-langpack/en_US.UTF-8/LC_MESSAGES/git.mo"
> "/usr/share/locale-langpack/en_US.utf8/LC_MESSAGES/git.mo"
> "/usr/share/locale-langpack/en_US/LC_MESSAGES/git.mo"
> "/usr/share/locale-langpack/en.UTF-8/LC_MESSAGES/git.mo"
> "/usr/share/locale-langpack/en.utf8/LC_MESSAGES/git.mo"
> "/usr/share/locale-langpack/en/LC_MESSAGES/git.mo"
> "/dev/null"
> "/etc/ld.so.cache"
> "/lib/x86_64-linux-gnu/libpcre2-8.so.0"
> "/lib/x86_64-linux-gnu/libz.so.1"
> "/lib/x86_64-linux-gnu/libpthread.so.0"
> "/lib/x86_64-linux-gnu/libc.so.6"
> "/dev/null"
> "/usr/lib/locale/locale-archive"
> "/home/fan/Projects/vscode-test/.git/HEAD"
> "/dev/null"
> ".git/config"
> ".git/config"
> ".git/config"
> ".git/refs/"
> ".git/refs/bisect/"
> ".git/refs/heads/"
> ".git/refs/heads/master"
> ".git/refs/remotes/"
> ".git/refs/remotes/origin/"
> ".git/refs/remotes/origin/master"
> ".git/refs/remotes/origin/HEAD"
> ".git/refs/remotes/origin/master"
> ".git/refs/tags/"
> ".git/refs/worktree/"
> ".git/refs/rewritten/"
> ".git/packed-refs"
> ".git/objects/info/alternates"
> "/etc/ld.so.cache"
> ".git/objects/pack"
> "/lib/x86_64-linux-gnu/libpcre2-8.so.0"
> ".git/objects/pack/pack-b59518bfc8a19dce52875984952e55b4685f9f2a.idx"
> ".git/objects/44/77bab448d9dc01152d087800e4c5b4605f1bcb"
> "/lib/x86_64-linux-gnu/libz.so.1"
> ".git/info/grafts"
> ".git/shallow"
> ".git/objects/info/commit-graph"
> ".git/objects/info/commit-graphs/commit-graph-chain"
> "/lib/x86_64-linux-gnu/libpthread.so.0"
> "/home/fan/Projects/vscode-test/.gitmodules"
> "/etc/localtime"
> "/lib/x86_64-linux-gnu/libc.so.6"
> ".git/objects/44/77bab448d9dc01152d087800e4c5b4605f1bcb"
> "/home/fan/Projects/vscode-test/.git/REBASE_HEAD"
> ".git/objects/44/77bab448d9dc01152d087800e4c5b4605f1bcb"
> "/dev/null"
> "/usr/lib/locale/locale-archive"
> "/home/fan/Projects/vscode-test/.git/HEAD"
> ".git/config"
> ".git/config"
> ".git/HEAD"
> ".git/refs/heads/master"
> ".git/config"
> "/home/fan/Projects/vscode-test/.git/MERGE_MSG"
> "/dev/null"
> "/etc/ld.so.cache"
> "/lib/x86_64-linux-gnu/libpcre2-8.so.0"
> "/lib/x86_64-linux-gnu/libz.so.1"
> "/lib/x86_64-linux-gnu/libpthread.so.0"
> "/lib/x86_64-linux-gnu/libc.so.6"
> "/dev/null"
> "/usr/lib/locale/locale-archive"
> "/home/fan/Projects/vscode-test/.git/HEAD"
> ".git/config"
> ".git/config"
> "/etc/ld.so.cache"
> "/lib/x86_64-linux-gnu/libpcre2-8.so.0"
> "/lib/x86_64-linux-gnu/libz.so.1"
> "/lib/x86_64-linux-gnu/libpthread.so.0"
> "/lib/x86_64-linux-gnu/libc.so.6"
> "/dev/null"
> "/usr/lib/locale/locale-archive"
> "/home/fan/Projects/vscode-test/.git/HEAD"
> ".git/config"
> ".git/config"
> ".git/config"
> ".git/index"
> ".git/info/exclude"
> "/home/fan/Projects/vscode/extensions/extension-editing/out/extension.js"
> "/home/fan/Projects/vscode/extensions/extension-editing/out/packageDocumentHelper.js"
> "/home/fan/Projects/vscode/extensions/extension-editing/node_modules/jsonc-parser/package.json"
> "/home/fan/Projects/vscode/extensions/extension-editing/node_modules/jsonc-parser/lib/umd/main.js"
> "/home/fan/Projects/vscode/extensions/extension-editing/node_modules/jsonc-parser/lib/umd/impl/format.js"
> "/home/fan/Projects/vscode/extensions/extension-editing/node_modules/jsonc-parser/lib/umd/impl/scanner.js"
> "/home/fan/Projects/vscode/extensions/extension-editing/node_modules/jsonc-parser/lib/umd/impl/edit.js"
> "/home/fan/Projects/vscode/extensions/extension-editing/node_modules/jsonc-parser/lib/umd/impl/parser.js"
> "/home/fan/Projects/vscode/extensions/extension-editing/node_modules/vscode-nls/package.json"
> "/home/fan/Projects/vscode/extensions/extension-editing/node_modules/vscode-nls/lib/main.js"
> "/home/fan/Projects/vscode/extensions/extension-editing/out/extensionLinter.js"
> "/home/fan/Projects/vscode/product.json"
> "/home/fan/Projects/vscode/extensions/typescript-language-features/out/extension.js"
> "/home/fan/Projects/vscode/extensions/typescript-language-features/out/api.js"
> "/home/fan/Projects/vscode/extensions/typescript-language-features/out/commands/index.js"
> "/home/fan/Projects/vscode/extensions/typescript-language-features/out/commands/configurePlugin.js"
> "/home/fan/Projects/vscode/extensions/typescript-language-features/out/commands/goToProjectConfiguration.js"
> "/home/fan/Projects/vscode/extensions/typescript-language-features/out/utils/tsconfig.js"
> "/home/fan/Projects/vscode/extensions/typescript-language-features/node_modules/vscode-nls/package.json"
> "/home/fan/Projects/vscode/extensions/typescript-language-features/node_modules/vscode-nls/lib/main.js"
> "/home/fan/Projects/vscode/extensions/typescript-language-features/out/utils/cancellation.js"
> "/home/fan/Projects/vscode/extensions/typescript-language-features/out/commands/openTsServerLog.js"
> "/home/fan/Projects/vscode/extensions/typescript-language-features/out/commands/reloadProject.js"
> "/home/fan/Projects/vscode/extensions/typescript-language-features/out/commands/restartTsServer.js"
> "/home/fan/Projects/vscode/extensions/typescript-language-features/out/commands/selectTypeScriptVersion.js"
> "/home/fan/Projects/vscode/extensions/typescript-language-features/out/commands/learnMoreAboutRefactorings.js"
> "/home/fan/Projects/vscode/extensions/typescript-language-features/out/utils/languageModeIds.js"
> "/home/fan/Projects/vscode/extensions/typescript-language-features/out/features/languageConfiguration.js"
> "/home/fan/Projects/vscode/extensions/typescript-language-features/out/utils/dispose.js"
> "/home/fan/Projects/vscode/extensions/typescript-language-features/out/typeScriptServiceClientHost.js"
> "/home/fan/Projects/vscode/extensions/typescript-language-features/out/features/fileConfigurationManager.js"
> "/home/fan/Projects/vscode/extensions/typescript-language-features/out/utils/api.js"
> "/home/fan/Projects/vscode/extensions/typescript-language-features/node_modules/semver/package.json"
> "/home/fan/Projects/vscode/extensions/typescript-language-features/node_modules/semver/semver.js"
> "/home/fan/Projects/vscode/extensions/typescript-language-features/out/utils/fileSchemes.js"
> "/home/fan/Projects/vscode/extensions/typescript-language-features/out/utils/resourceMap.js"
> "/home/fan/Projects/vscode/extensions/typescript-language-features/out/utils/memoize.js"
> "/home/fan/Projects/vscode/extensions/typescript-language-features/out/utils/temp.js"
> "/home/fan/Projects/vscode/extensions/typescript-language-features/out/languageProvider.js"
> "/home/fan/Projects/vscode/extensions/typescript-language-features/out/tsServer/cachedResponse.js"
> "/home/fan/Projects/vscode/extensions/typescript-language-features/out/protocol.const.js"
> "/home/fan/Projects/vscode/extensions/typescript-language-features/out/typescriptServiceClient.js"
> "/home/fan/Projects/vscode/extensions/typescript-language-features/out/features/bufferSyncSupport.js"
> "/home/fan/Projects/vscode/extensions/typescript-language-features/out/utils/arrays.js"
> "/home/fan/Projects/vscode/extensions/typescript-language-features/out/utils/async.js"
> "/home/fan/Projects/vscode/extensions/typescript-language-features/out/utils/typeConverters.js"
> "/home/fan/Projects/vscode/extensions/typescript-language-features/out/features/diagnostics.js"
> "/home/fan/Projects/vscode/extensions/typescript-language-features/out/tsServer/serverError.js"
> "/home/fan/Projects/vscode/extensions/typescript-language-features/out/tsServer/spawner.js"
> "/home/fan/Projects/vscode/extensions/typescript-language-features/out/utils/configuration.js"
> "/home/fan/Projects/vscode/extensions/typescript-language-features/out/utils/objects.js"
> "/home/fan/Projects/vscode/extensions/typescript-language-features/out/utils/electron.js"
> "/home/fan/Projects/vscode/extensions/typescript-language-features/out/tsServer/server.js"
> "/home/fan/Projects/vscode/extensions/typescript-language-features/out/typescriptService.js"
> "/home/fan/Projects/vscode/extensions/typescript-language-features/out/utils/wireProtocol.js"
> "/home/fan/Projects/vscode/extensions/typescript-language-features/out/tsServer/callbackMap.js"
> "/home/fan/Projects/vscode/extensions/typescript-language-features/out/tsServer/requestQueue.js"
> "/home/fan/Projects/vscode/extensions/typescript-language-features/out/utils/logger.js"
> "/home/fan/Projects/vscode/extensions/typescript-language-features/out/utils/pluginPathsProvider.js"
> "/home/fan/Projects/vscode/extensions/typescript-language-features/out/utils/relativePathResolver.js"
> "/home/fan/Projects/vscode/extensions/typescript-language-features/out/utils/telemetry.js"
> "/home/fan/Projects/vscode/extensions/typescript-language-features/node_modules/vscode-extension-telemetry/package.json"
> "/home/fan/Projects/vscode/extensions/typescript-language-features/node_modules/vscode-extension-telemetry/lib/telemetryReporter.js"
> "/home/fan/Projects/vscode/extensions/typescript-language-features/node_modules/applicationinsights/package.json"
> "/home/fan/Projects/vscode/extensions/typescript-language-features/node_modules/applicationinsights/out/applicationinsights.js"
> "/home/fan/Projects/vscode/extensions/typescript-language-features/node_modules/applicationinsights/out/AutoCollection/CorrelationContextManager.js"
> "/home/fan/Projects/vscode/extensions/typescript-language-features/node_modules/applicationinsights/out/Library/Logging.js"
> "/home/fan/Projects/vscode/extensions/typescript-language-features/node_modules/applicationinsights/out/AutoCollection/diagnostic-channel/initialization.js"
> "/home/fan/Projects/vscode/extensions/typescript-language-features/node_modules/applicationinsights/out/AutoCollection/Console.js"
> "/home/fan/Projects/vscode/extensions/typescript-language-features/node_modules/applicationinsights/out/AutoCollection/Exceptions.js"
> "/home/fan/Projects/vscode/extensions/typescript-language-features/node_modules/applicationinsights/out/AutoCollection/Performance.js"
> "/home/fan/Projects/vscode/extensions/typescript-language-features/node_modules/applicationinsights/out/AutoCollection/HttpDependencies.js"
> "/home/fan/Projects/vscode/extensions/typescript-language-features/node_modules/applicationinsights/out/Library/Util.js"
> "/home/fan/Projects/vscode/extensions/typescript-language-features/node_modules/applicationinsights/out/Library/RequestResponseHeaders.js"
> "/home/fan/Projects/vscode/extensions/typescript-language-features/node_modules/applicationinsights/out/AutoCollection/HttpDependencyParser.js"
> "/home/fan/Projects/vscode/extensions/typescript-language-features/node_modules/applicationinsights/out/Declarations/Contracts/package.json"
> "/home/fan/Projects/vscode/extensions/typescript-language-features/node_modules/applicationinsights/out/Declarations/Contracts/index.js"
> "/home/fan/Projects/vscode/extensions/typescript-language-features/node_modules/applicationinsights/out/Declarations/Contracts/Constants.js"
> "/home/fan/Projects/vscode/extensions/typescript-language-features/node_modules/applicationinsights/out/Declarations/Contracts/Generated/package.json"
> "/home/fan/Projects/vscode/extensions/typescript-language-features/node_modules/applicationinsights/out/Declarations/Contracts/Generated/index.js"
> "/home/fan/Projects/vscode/extensions/typescript-language-features/node_modules/applicationinsights/out/Declarations/Contracts/Generated/AvailabilityData.js"
> "/home/fan/Projects/vscode/extensions/typescript-language-features/node_modules/applicationinsights/out/Declarations/Contracts/Generated/Domain.js"
> "/home/fan/Projects/vscode/extensions/typescript-language-features/node_modules/applicationinsights/out/Declarations/Contracts/Generated/Base.js"
> "/home/fan/Projects/vscode/extensions/typescript-language-features/node_modules/applicationinsights/out/Declarations/Contracts/Generated/ContextTagKeys.js"
> "/home/fan/Projects/vscode/extensions/typescript-language-features/node_modules/applicationinsights/out/Declarations/Contracts/Generated/Data.js"
> "/home/fan/Projects/vscode/extensions/typescript-language-features/node_modules/applicationinsights/out/Declarations/Contracts/Generated/DataPoint.js"
> "/home/fan/Projects/vscode/extensions/typescript-language-features/node_modules/applicationinsights/out/Declarations/Contracts/Generated/DataPointType.js"
> "/home/fan/Projects/vscode/extensions/typescript-language-features/node_modules/applicationinsights/out/Declarations/Contracts/Generated/Envelope.js"
> "/home/fan/Projects/vscode/extensions/typescript-language-features/node_modules/applicationinsights/out/Declarations/Contracts/Generated/EventData.js"
> "/home/fan/Projects/vscode/extensions/typescript-language-features/node_modules/applicationinsights/out/Declarations/Contracts/Generated/ExceptionData.js"
> "/home/fan/Projects/vscode/extensions/typescript-language-features/node_modules/applicationinsights/out/Declarations/Contracts/Generated/ExceptionDetails.js"
> "/home/fan/Projects/vscode/extensions/typescript-language-features/node_modules/applicationinsights/out/Declarations/Contracts/Generated/MessageData.js"
> "/home/fan/Projects/vscode/extensions/typescript-language-features/node_modules/applicationinsights/out/Declarations/Contracts/Generated/MetricData.js"
> "/home/fan/Projects/vscode/extensions/typescript-language-features/node_modules/applicationinsights/out/Declarations/Contracts/Generated/PageViewData.js"
> "/home/fan/Projects/vscode/extensions/typescript-language-features/node_modules/applicationinsights/out/Declarations/Contracts/Generated/RemoteDependencyData.js"
> "/home/fan/Projects/vscode/extensions/typescript-language-features/node_modules/applicationinsights/out/Declarations/Contracts/Generated/RequestData.js"
> "/home/fan/Projects/vscode/extensions/typescript-language-features/node_modules/applicationinsights/out/Declarations/Contracts/Generated/SeverityLevel.js"
> "/home/fan/Projects/vscode/extensions/typescript-language-features/node_modules/applicationinsights/out/Declarations/Contracts/Generated/StackFrame.js"
> "/home/fan/Projects/vscode/extensions/typescript-language-features/node_modules/applicationinsights/out/Declarations/Contracts/TelemetryTypes/package.json"
> "/home/fan/Projects/vscode/extensions/typescript-language-features/node_modules/applicationinsights/out/Declarations/Contracts/TelemetryTypes/index.js"
> "/home/fan/Projects/vscode/extensions/typescript-language-features/node_modules/applicationinsights/out/Declarations/Contracts/TelemetryTypes/TelemetryType.js"
> "/home/fan/Projects/vscode/extensions/typescript-language-features/node_modules/applicationinsights/out/AutoCollection/RequestParser.js"
> "/home/fan/Projects/vscode/extensions/typescript-language-features/node_modules/applicationinsights/out/Library/CorrelationIdManager.js"
> "/home/fan/Projects/vscode/extensions/typescript-language-features/node_modules/applicationinsights/out/AutoCollection/HttpRequests.js"
> "/home/fan/Projects/vscode/extensions/typescript-language-features/node_modules/applicationinsights/out/AutoCollection/HttpRequestParser.js"
> "/home/fan/Projects/vscode/extensions/typescript-language-features/node_modules/applicationinsights/out/Library/NodeClient.js"
> "/home/fan/Projects/vscode/extensions/typescript-language-features/node_modules/applicationinsights/out/Library/TelemetryClient.js"
> "/home/fan/Projects/vscode/extensions/typescript-language-features/node_modules/applicationinsights/out/Library/Config.js"
> "/home/fan/Projects/vscode/extensions/typescript-language-features/node_modules/applicationinsights/out/Library/Context.js"
> "/home/fan/Projects/vscode/extensions/typescript-language-features/node_modules/applicationinsights/out/Declarations/Contracts/package.json"
> "/home/fan/Projects/vscode/extensions/typescript-language-features/node_modules/applicationinsights/out/Library/Channel.js"
> "/home/fan/Projects/vscode/extensions/typescript-language-features/node_modules/applicationinsights/out/TelemetryProcessors/package.json"
> "/home/fan/Projects/vscode/extensions/typescript-language-features/node_modules/applicationinsights/out/TelemetryProcessors/index.js"
> "/home/fan/Projects/vscode/extensions/typescript-language-features/node_modules/applicationinsights/out/TelemetryProcessors/SamplingTelemetryProcessor.js"
> "/home/fan/Projects/vscode/extensions/typescript-language-features/node_modules/applicationinsights/out/Declarations/Contracts/package.json"
> "/home/fan/Projects/vscode/extensions/typescript-language-features/node_modules/applicationinsights/out/Library/Sender.js"
> "/home/fan/Projects/vscode/extensions/typescript-language-features/node_modules/applicationinsights/out/Library/EnvelopeFactory.js"
> "/home/fan/Projects/vscode/extensions/typescript-language-features/node_modules/applicationinsights/out/Declarations/Contracts/package.json"
> "/home/fan/Projects/vscode/extensions/typescript-language-features/out/utils/tracer.js"
> "/home/fan/Projects/vscode/extensions/typescript-language-features/out/utils/versionManager.js"
> "/home/fan/Projects/vscode/extensions/typescript-language-features/out/utils/versionProvider.js"
> "/home/fan/Projects/vscode/extensions/typescript-language-features/out/utils/typingsStatus.js"
> "/home/fan/Projects/vscode/extensions/typescript-language-features/out/utils/versionStatus.js"
> "/home/fan/Projects/vscode/extensions/typescript-language-features/node_modules/rimraf/package.json"
> "/home/fan/Projects/vscode/extensions/typescript-language-features/node_modules/rimraf/rimraf.js"
> "/home/fan/Projects/vscode/extensions/typescript-language-features/node_modules/glob/package.json"
> "/home/fan/Projects/vscode/extensions/typescript-language-features/node_modules/glob/glob.js"
> "/home/fan/Projects/vscode/extensions/typescript-language-features/node_modules/fs.realpath/package.json"
> "/home/fan/Projects/vscode/extensions/typescript-language-features/node_modules/fs.realpath/index.js"
> "/home/fan/Projects/vscode/extensions/typescript-language-features/node_modules/fs.realpath/old.js"
> "/home/fan/Projects/vscode/extensions/typescript-language-features/node_modules/minimatch/package.json"
> "/home/fan/Projects/vscode/extensions/typescript-language-features/node_modules/minimatch/minimatch.js"
> "/home/fan/Projects/vscode/extensions/typescript-language-features/node_modules/brace-expansion/package.json"
> "/home/fan/Projects/vscode/extensions/typescript-language-features/node_modules/brace-expansion/index.js"
> "/home/fan/Projects/vscode/extensions/typescript-language-features/node_modules/concat-map/package.json"
> "/home/fan/Projects/vscode/extensions/typescript-language-features/node_modules/concat-map/index.js"
> "/home/fan/Projects/vscode/extensions/typescript-language-features/node_modules/balanced-match/package.json"
> "/home/fan/Projects/vscode/extensions/typescript-language-features/node_modules/balanced-match/index.js"
> "/home/fan/Projects/vscode/extensions/typescript-language-features/node_modules/inherits/package.json"
> "/home/fan/Projects/vscode/extensions/typescript-language-features/node_modules/inherits/inherits.js"
> "/home/fan/Projects/vscode/extensions/typescript-language-features/node_modules/path-is-absolute/package.json"
> "/home/fan/Projects/vscode/extensions/typescript-language-features/node_modules/path-is-absolute/index.js"
> "/home/fan/Projects/vscode/extensions/typescript-language-features/node_modules/glob/sync.js"
> "/home/fan/Projects/vscode/extensions/typescript-language-features/node_modules/glob/common.js"
> "/home/fan/Projects/vscode/extensions/typescript-language-features/node_modules/inflight/package.json"
> "/home/fan/Projects/vscode/extensions/typescript-language-features/node_modules/inflight/inflight.js"
> "/home/fan/Projects/vscode/extensions/typescript-language-features/node_modules/wrappy/package.json"
> "/home/fan/Projects/vscode/extensions/typescript-language-features/node_modules/wrappy/wrappy.js"
> "/home/fan/Projects/vscode/extensions/typescript-language-features/node_modules/once/package.json"
> "/home/fan/Projects/vscode/extensions/typescript-language-features/node_modules/once/once.js"
> "/home/fan/Projects/vscode/extensions/typescript-language-features/out/utils/commandManager.js"
> "/home/fan/Projects/vscode/extensions/typescript-language-features/out/utils/languageDescription.js"
> "/home/fan/Projects/vscode/extensions/typescript-language-features/out/utils/lazy.js"
> "/home/fan/Projects/vscode/extensions/typescript-language-features/out/utils/logDirectoryProvider.js"
> "/home/fan/Projects/vscode/extensions/typescript-language-features/out/utils/managedFileContext.js"
> "/home/fan/Projects/vscode/extensions/typescript-language-features/out/utils/plugins.js"
> "/home/fan/Projects/vscode/extensions/typescript-language-features/out/utils/largeProjectStatus.js"
> "/home/fan/Projects/vscode/extensions/typescript-language-features/out/features/task.js"
> "/home/fan/Projects/vscode/extensions/typescript-language-features/node_modules/jsonc-parser/package.json"
> "/home/fan/Projects/vscode/extensions/typescript-language-features/node_modules/jsonc-parser/lib/umd/main.js"
> "/home/fan/Projects/vscode/extensions/typescript-language-features/node_modules/jsonc-parser/lib/umd/impl/format.js"
> "/home/fan/Projects/vscode/extensions/typescript-language-features/node_modules/jsonc-parser/lib/umd/impl/scanner.js"
> "/home/fan/Projects/vscode/extensions/typescript-language-features/node_modules/jsonc-parser/lib/umd/impl/edit.js"
> "/home/fan/Projects/vscode/extensions/typescript-language-features/node_modules/jsonc-parser/lib/umd/impl/parser.js"
> "/home/fan/Projects/vscode/extensions/typescript-language-features/out/utils/tsconfigProvider.js"
> "/root/.config/code-oss-dev/logs/20200516T235424/exthost1/output_logging_20200516T235500/4-ESLint.log"
> "/home/fan/Projects/vscode/.build/electron/libc.so.6"
> "/lib/x86_64-linux-gnu/libc.so.6"
> "/home/fan/Projects/vscode/.build/electron/libffi.so.7"
> "/lib/x86_64-linux-gnu/libffi.so.7"
> "/home/fan/Projects/vscode/.build/electron/libpcre.so.3"
> "/lib/x86_64-linux-gnu/libpcre.so.3"
> "/home/fan/Projects/vscode/.build/electron/libgmodule-2.0.so.0"
> "/lib/x86_64-linux-gnu/libgmodule-2.0.so.0"
> "/home/fan/Projects/vscode/.build/electron/libz.so.1"
> "/lib/x86_64-linux-gnu/libz.so.1"
> "/home/fan/Projects/vscode/.build/electron/libmount.so.1"
> "/lib/x86_64-linux-gnu/libmount.so.1"
> "/home/fan/Projects/vscode/.build/electron/libselinux.so.1"
> "/lib/x86_64-linux-gnu/libselinux.so.1"
> "/home/fan/Projects/vscode/.build/electron/libresolv.so.2"
> "/lib/x86_64-linux-gnu/libresolv.so.2"
> "/home/fan/Projects/vscode/.build/electron/libXau.so.6"
> "/lib/x86_64-linux-gnu/libXau.so.6"
> "/home/fan/Projects/vscode/.build/electron/libXdmcp.so.6"
> "/lib/x86_64-linux-gnu/libXdmcp.so.6"
> "/home/fan/Projects/vscode/.build/electron/libplc4.so"
> "/lib/x86_64-linux-gnu/libplc4.so"
> "/dev/null"
> "/home/fan/Projects/vscode/.build/electron/libplds4.so"
> "/lib/x86_64-linux-gnu/libplds4.so"
> "/home/fan/Projects/vscode/.build/electron/libcairo-gobject.so.2"
> "/lib/x86_64-linux-gnu/libcairo-gobject.so.2"
> "/home/fan/Projects/vscode/.build/electron/libepoxy.so.0"
> "/lib/x86_64-linux-gnu/libepoxy.so.0"
> "/home/fan/Projects/vscode/.build/electron/libfribidi.so.0"
> "/lib/x86_64-linux-gnu/libfribidi.so.0"
> "/home/fan/Projects/vscode/.build/electron/libpangoft2-1.0.so.0"
> "/lib/x86_64-linux-gnu/libpangoft2-1.0.so.0"
> "/home/fan/Projects/vscode/.build/electron/libharfbuzz.so.0"
> "/lib/x86_64-linux-gnu/libharfbuzz.so.0"
> "/home/fan/Projects/vscode/.build/electron/libfontconfig.so.1"
> "/lib/x86_64-linux-gnu/libfontconfig.so.1"
> "/home/fan/Projects/vscode/.build/electron/libfreetype.so.6"
> "/lib/x86_64-linux-gnu/libfreetype.so.6"
> "/home/fan/Projects/vscode/.build/electron/libXinerama.so.1"
> "/lib/x86_64-linux-gnu/libXinerama.so.1"
> "/home/fan/Projects/vscode/.build/electron/libxkbcommon.so.0"
> "/lib/x86_64-linux-gnu/libxkbcommon.so.0"
> "/home/fan/Projects/vscode/.build/electron/libwayland-cursor.so.0"
> "/lib/x86_64-linux-gnu/libwayland-cursor.so.0"
> "/home/fan/Projects/vscode/.build/electron/libwayland-egl.so.1"
> "/lib/x86_64-linux-gnu/libwayland-egl.so.1"
> "/home/fan/Projects/vscode/.build/electron/libwayland-client.so.0"
> "/lib/x86_64-linux-gnu/libwayland-client.so.0"
> "/home/fan/Projects/vscode/.build/electron/libthai.so.0"
> "/lib/x86_64-linux-gnu/libthai.so.0"
> "/home/fan/Projects/vscode/.build/electron/libpixman-1.so.0"
> "/lib/x86_64-linux-gnu/libpixman-1.so.0"
> "/etc/ld.so.cache"
> "/lib/x86_64-linux-gnu/libpcre2-8.so.0"
> "/lib/x86_64-linux-gnu/libz.so.1"
> "/lib/x86_64-linux-gnu/libpthread.so.0"
> "/lib/x86_64-linux-gnu/libc.so.6"
> "/home/fan/Projects/vscode/.build/electron/libpng16.so.16"
> "/lib/x86_64-linux-gnu/libpng16.so.16"
> "/home/fan/Projects/vscode/.build/electron/libxcb-shm.so.0"
> "/lib/x86_64-linux-gnu/libxcb-shm.so.0"
> "/home/fan/Projects/vscode/.build/electron/libxcb-render.so.0"
> "/lib/x86_64-linux-gnu/libxcb-render.so.0"
> "/home/fan/Projects/vscode/.build/electron/libsystemd.so.0"
> "/lib/x86_64-linux-gnu/libsystemd.so.0"
> "/dev/null"
> "/usr/lib/locale/locale-archive"
> "/home/fan/Projects/vscode/.build/electron/libgssapi_krb5.so.2"
> "/lib/x86_64-linux-gnu/libgssapi_krb5.so.2"
> "/home/fan/Projects/vscode-test/.git/HEAD"
> "/home/fan/Projects/vscode/.build/electron/libavahi-common.so.3"
> "/lib/x86_64-linux-gnu/libavahi-common.so.3"
> ".git/config"
> "/home/fan/Projects/vscode/.build/electron/libavahi-client.so.3"
> "/lib/x86_64-linux-gnu/libavahi-client.so.3"
> ".git/config"
> "/home/fan/Projects/vscode/.build/electron/libgnutls.so.30"
> "/lib/x86_64-linux-gnu/libgnutls.so.30"
> ".git/config"
> "/home/fan/Projects/vscode/.build/electron/libblkid.so.1"
> "/lib/x86_64-linux-gnu/libblkid.so.1"
> "/dev/null"
> ".git/index"
> "/home/fan/Projects/vscode/.build/electron/libpcre2-8.so.0"
> "/lib/x86_64-linux-gnu/libpcre2-8.so.0"
> ".git/refs/"
> "/home/fan/Projects/vscode/.build/electron/libbsd.so.0"
> "/lib/x86_64-linux-gnu/libbsd.so.0"
> ".git/packed-refs"
> ".git/objects/info/alternates"
> "/home/fan/Projects/vscode/.build/electron/libgraphite2.so.3"
> ".git/objects/pack"
> "/lib/x86_64-linux-gnu/libgraphite2.so.3"
> ".git/objects/pack/pack-b59518bfc8a19dce52875984952e55b4685f9f2a.idx"
> "/home/fan/Projects/vscode/.build/electron/libdatrie.so.1"
> "/lib/x86_64-linux-gnu/libdatrie.so.1"
> ".git/objects/pack/pack-b59518bfc8a19dce52875984952e55b4685f9f2a.pack"
> "/home/fan/Projects/vscode/.build/electron/liblzma.so.5"
> "/lib/x86_64-linux-gnu/liblzma.so.5"
> "/home/fan/Projects/vscode/.build/electron/liblz4.so.1"
> ".mailmap"
> "/lib/x86_64-linux-gnu/liblz4.so.1"
> "/home/fan/Projects/vscode/.build/electron/libgcrypt.so.20"
> "/lib/x86_64-linux-gnu/libgcrypt.so.20"
> "/home/fan/Projects/vscode/.build/electron/libkrb5.so.3"
> "/lib/x86_64-linux-gnu/libkrb5.so.3"
> "/etc/ld.so.cache"
> "/lib/x86_64-linux-gnu/libpcre2-8.so.0"
> "/lib/x86_64-linux-gnu/libz.so.1"
> "/lib/x86_64-linux-gnu/libpthread.so.0"
> "/lib/x86_64-linux-gnu/libc.so.6"
> "/dev/null"
> "/usr/lib/locale/locale-archive"
> "/home/fan/Projects/vscode/.build/electron/libk5crypto.so.3"
> "/home/fan/Projects/vscode-test/.git/HEAD"
> "/lib/x86_64-linux-gnu/libk5crypto.so.3"
> ".git/config"
> "/home/fan/Projects/vscode/.build/electron/libcom_err.so.2"
> "/lib/x86_64-linux-gnu/libcom_err.so.2"
> ".git/config"
> "/home/fan/Projects/vscode/.build/electron/libkrb5support.so.0"
> "/lib/x86_64-linux-gnu/libkrb5support.so.0"
> ".git/config"
> "/home/fan/Projects/vscode/.build/electron/libp11-kit.so.0"
> "/lib/x86_64-linux-gnu/libp11-kit.so.0"
> ".git/index"
> "/home/fan/Projects/vscode/.build/electron/libidn2.so.0"
> "/lib/x86_64-linux-gnu/libidn2.so.0"
> "/home/fan/Projects/vscode/.build/electron/libunistring.so.2"
> "/lib/x86_64-linux-gnu/libunistring.so.2"
> "/home/fan/Projects/vscode/.build/electron/libtasn1.so.6"
> "/lib/x86_64-linux-gnu/libtasn1.so.6"
> "/home/fan/Projects/vscode/.build/electron/libnettle.so.7"
> "/lib/x86_64-linux-gnu/libnettle.so.7"
> "/home/fan/Projects/vscode/.build/electron/libhogweed.so.5"
> "/lib/x86_64-linux-gnu/libhogweed.so.5"
> "/home/fan/Projects/vscode/.build/electron/libgmp.so.10"
> "/lib/x86_64-linux-gnu/libgmp.so.10"
> "/home/fan/Projects/vscode/.build/electron/libgpg-error.so.0"
> "/lib/x86_64-linux-gnu/libgpg-error.so.0"
> "/home/fan/Projects/vscode/.build/electron/libkeyutils.so.1"
> "/lib/x86_64-linux-gnu/libkeyutils.so.1"
> "/home/fan/Projects/vscode/extensions/node_modules/typescript/package.json"
> "/home/fan/Projects/vscode/extensions/node_modules/typescript/package.json"
> "/home/fan/Projects/vscode/.build/electron/tls/haswell/x86_64/libffmpeg.so"
> "/home/fan/Projects/vscode/.build/electron/tls/haswell/libffmpeg.so"
> "/home/fan/Projects/vscode/.build/electron/tls/x86_64/libffmpeg.so"
> "/home/fan/Projects/vscode/.build/electron/tls/libffmpeg.so"
> "/home/fan/Projects/vscode/extensions/node_modules/typescript/package.json"
> "/dev/urandom"
> "/proc/filesystems"
> "/sys/devices/system/cpu/online"
> "/home/fan/Projects/vscode/.build/electron/icudtl.dat"
> "/etc/localtime"
> "/home/fan/Projects/vscode/.build/electron/tls/haswell/x86_64/libffmpeg.so"
> "/home/fan/Projects/vscode/.build/electron/tls/haswell/libffmpeg.so"
> "/home/fan/Projects/vscode/.build/electron/tls/x86_64/libffmpeg.so"
> "/home/fan/Projects/vscode/.build/electron/tls/libffmpeg.so"
> "/home/fan/Projects/vscode/.build/electron/haswell/x86_64/libffmpeg.so"
> "/home/fan/Projects/vscode/.build/electron/haswell/libffmpeg.so"
> "/home/fan/Projects/vscode/.build/electron/x86_64/libffmpeg.so"
> "/home/fan/Projects/vscode/.build/electron/libffmpeg.so"
> "/home/fan/Projects/vscode/.build/electron/libdl.so.2"
> "/etc/ld.so.cache"
> "/lib/x86_64-linux-gnu/libdl.so.2"
> "/home/fan/Projects/vscode/.build/electron/libpthread.so.0"
> "/lib/x86_64-linux-gnu/libpthread.so.0"
> "/home/fan/Projects/vscode/.build/electron/librt.so.1"
> "/lib/x86_64-linux-gnu/librt.so.1"
> "/home/fan/Projects/vscode/.build/electron/libgobject-2.0.so.0"
> "/lib/x86_64-linux-gnu/libgobject-2.0.so.0"
> "/home/fan/Projects/vscode/extensions/typescript-language-features/package.json"
> "/home/fan/Projects/vscode/.build/electron/libglib-2.0.so.0"
> "/lib/x86_64-linux-gnu/libglib-2.0.so.0"
> "/home/fan/Projects/vscode/.build/electron/v8_context_snapshot.bin"
> "/home/fan/Projects/vscode/.build/electron/libgio-2.0.so.0"
> "/home/fan/Projects/vscode/.build/electron/natives_blob.bin"
> "/lib/x86_64-linux-gnu/libgio-2.0.so.0"
> "/home/fan/Projects/vscode/extensions/typescript-language-features/node_modules/applicationinsights/package.json"
> "/sys/devices/system/cpu"
> "/home/fan/Projects/vscode/.build/electron/libX11.so.6"
> "/lib/x86_64-linux-gnu/libX11.so.6"
> "/home/fan/Projects/vscode/.build/electron/libX11-xcb.so.1"
> "/lib/x86_64-linux-gnu/libX11-xcb.so.1"
> "/home/fan/Projects/vscode/.build/electron/libxcb.so.1"
> "/lib/x86_64-linux-gnu/libxcb.so.1"
> "/home/fan/Projects/vscode/.build/electron/libXcomposite.so.1"
> "/lib/x86_64-linux-gnu/libXcomposite.so.1"
> "/home/fan/Projects/vscode/.build/electron/libXcursor.so.1"
> "/lib/x86_64-linux-gnu/libXcursor.so.1"
> "/home/fan/Projects/vscode/.build/electron/libXdamage.so.1"
> "/lib/x86_64-linux-gnu/libXdamage.so.1"
> "/home/fan/Projects/vscode/.build/electron/libXext.so.6"
> "/lib/x86_64-linux-gnu/libXext.so.6"
> "/dev/urandom"
> "/home/fan/Projects/vscode/.build/electron/libXfixes.so.3"
> "/lib/x86_64-linux-gnu/libXfixes.so.3"
> "/home/fan/Projects/vscode/.build/electron/libXi.so.6"
> "/lib/x86_64-linux-gnu/libXi.so.6"
> "/home/fan/Projects/vscode/.build/electron/libXrender.so.1"
> "/lib/x86_64-linux-gnu/libXrender.so.1"
> "/home/fan/Projects/vscode/.build/electron/libXtst.so.6"
> "/lib/x86_64-linux-gnu/libXtst.so.6"
> "/home/fan/Projects/vscode/.build/electron/libnss3.so"
> "/lib/x86_64-linux-gnu/libnss3.so"
> "/home/fan/Projects/vscode/.build/electron/libnssutil3.so"
> "/lib/x86_64-linux-gnu/libnssutil3.so"
> "/home/fan/Projects/vscode/.build/electron/libsmime3.so"
> "/lib/x86_64-linux-gnu/libsmime3.so"
> "/home/fan/Projects/vscode/.build/electron/libnspr4.so"
> "/lib/x86_64-linux-gnu/libnspr4.so"
> "/home/fan/Projects/vscode/.build/electron/libgdk_pixbuf-2.0.so.0"
> "/lib/x86_64-linux-gnu/libgdk_pixbuf-2.0.so.0"
> "/home/fan/Projects/vscode/.build/electron/libgtk-3.so.0"
> "/lib/x86_64-linux-gnu/libgtk-3.so.0"
> "/home/fan/Projects/vscode/.build/electron/libgdk-3.so.0"
> "/lib/x86_64-linux-gnu/libgdk-3.so.0"
> "/home/fan/Projects/vscode/.build/electron/libpangocairo-1.0.so.0"
> "/lib/x86_64-linux-gnu/libpangocairo-1.0.so.0"
> "/home/fan/Projects/vscode/.build/electron/libpango-1.0.so.0"
> "/lib/x86_64-linux-gnu/libpango-1.0.so.0"
> "/home/fan/Projects/vscode/.build/electron/libatk-1.0.so.0"
> "/lib/x86_64-linux-gnu/libatk-1.0.so.0"
> "/home/fan/Projects/vscode/.build/electron/libcairo.so.2"
> "/lib/x86_64-linux-gnu/libcairo.so.2"
> "/home/fan/Projects/vscode/.build/electron/libdbus-1.so.3"
> "/lib/x86_64-linux-gnu/libdbus-1.so.3"
> "/home/fan/Projects/vscode/.build/electron/libexpat.so.1"
> "/lib/x86_64-linux-gnu/libexpat.so.1"
> "/home/fan/Projects/vscode/extensions/typescript-language-features/out/features/tsconfig.js"
> "/home/fan/Projects/vscode/extensions/typescript-language-features/out/features/updatePathsOnRename.js"
> "/home/fan/Projects/vscode/extensions/typescript-language-features/out/utils/dependentRegistration.js"
> "/home/fan/Projects/vscode/.build/electron/libuuid.so.1"
> "/lib/x86_64-linux-gnu/libuuid.so.1"
> "/home/fan/Projects/vscode/.build/electron/libXrandr.so.2"
> "/lib/x86_64-linux-gnu/libXrandr.so.2"
> "/home/fan/Projects/vscode/.build/electron/libXss.so.1"
> "/lib/x86_64-linux-gnu/libXss.so.1"
> "/home/fan/Projects/vscode/.build/electron/libasound.so.2"
> "/lib/x86_64-linux-gnu/libasound.so.2"
> "/home/fan/Projects/vscode/.build/electron/libatk-bridge-2.0.so.0"
> "/lib/x86_64-linux-gnu/libatk-bridge-2.0.so.0"
> "/home/fan/Projects/vscode/.build/electron/libm.so.6"
> "/lib/x86_64-linux-gnu/libm.so.6"
> "/home/fan/Projects/vscode/extensions/typescript-language-features/out/features/workspaceSymbols.js"
> "/home/fan/Projects/vscode/.build/electron/libatspi.so.0"
> "/lib/x86_64-linux-gnu/libatspi.so.0"
> "/home/fan/Projects/vscode/.build/electron/libcups.so.2"
> "/lib/x86_64-linux-gnu/libcups.so.2"
> "/home/fan/Projects/vscode/.build/electron/libgcc_s.so.1"
> "/lib/x86_64-linux-gnu/libgcc_s.so.1"
> "/home/fan/Projects/vscode/.build/electron/libc.so.6"
> "/lib/x86_64-linux-gnu/libc.so.6"
> "/home/fan/Projects/vscode/.build/electron/libffi.so.7"
> "/lib/x86_64-linux-gnu/libffi.so.7"
> "/home/fan/Projects/vscode/.build/electron/libpcre.so.3"
> "/lib/x86_64-linux-gnu/libpcre.so.3"
> "/home/fan/Projects/vscode/.build/electron/libgmodule-2.0.so.0"
> "/lib/x86_64-linux-gnu/libgmodule-2.0.so.0"
> "/home/fan/Projects/vscode/.build/electron/libz.so.1"
> "/lib/x86_64-linux-gnu/libz.so.1"
> "/home/fan/Projects/vscode/.build/electron/libmount.so.1"
> "/lib/x86_64-linux-gnu/libmount.so.1"
> "/home/fan/Projects/vscode/extensions/typescript-language-features/out/features/completions.js"
> "/home/fan/Projects/vscode/.build/electron/libselinux.so.1"
> "/lib/x86_64-linux-gnu/libselinux.so.1"
> "/home/fan/Projects/vscode/.build/electron/libresolv.so.2"
> "/lib/x86_64-linux-gnu/libresolv.so.2"
> "/home/fan/Projects/vscode/.build/electron/libXau.so.6"
> "/lib/x86_64-linux-gnu/libXau.so.6"
> "/home/fan/Projects/vscode/.build/electron/libXdmcp.so.6"
> "/lib/x86_64-linux-gnu/libXdmcp.so.6"
> "/home/fan/Projects/vscode/.build/electron/libplc4.so"
> "/lib/x86_64-linux-gnu/libplc4.so"
> "/home/fan/Projects/vscode/.build/electron/libplds4.so"
> "/lib/x86_64-linux-gnu/libplds4.so"
> "/home/fan/Projects/vscode/.build/electron/libcairo-gobject.so.2"
> "/lib/x86_64-linux-gnu/libcairo-gobject.so.2"
> "/home/fan/Projects/vscode/extensions/typescript-language-features/out/utils/codeAction.js"
> "/home/fan/Projects/vscode/.build/electron/libepoxy.so.0"
> "/lib/x86_64-linux-gnu/libepoxy.so.0"
> "/home/fan/Projects/vscode/.build/electron/libfribidi.so.0"
> "/lib/x86_64-linux-gnu/libfribidi.so.0"
> "/home/fan/Projects/vscode/.build/electron/libpangoft2-1.0.so.0"
> "/lib/x86_64-linux-gnu/libpangoft2-1.0.so.0"
> "/home/fan/Projects/vscode/extensions/typescript-language-features/out/utils/previewer.js"
> "/dev/null"
> "/home/fan/Projects/vscode/.build/electron/libharfbuzz.so.0"
> "/lib/x86_64-linux-gnu/libharfbuzz.so.0"
> "/home/fan/Projects/vscode/.build/electron/libfontconfig.so.1"
> "/lib/x86_64-linux-gnu/libfontconfig.so.1"
> "/home/fan/Projects/vscode/extensions/typescript-language-features/out/utils/snippetForFunctionCall.js"
> "/home/fan/Projects/vscode/.build/electron/libfreetype.so.6"
> "/lib/x86_64-linux-gnu/libfreetype.so.6"
> "/home/fan/Projects/vscode/.build/electron/libXinerama.so.1"
> "/lib/x86_64-linux-gnu/libXinerama.so.1"
> "/home/fan/Projects/vscode/.build/electron/libxkbcommon.so.0"
> "/home/fan/Projects/vscode/extensions/typescript-language-features/out/features/definitions.js"
> "/lib/x86_64-linux-gnu/libxkbcommon.so.0"
> "/home/fan/Projects/vscode/.build/electron/libwayland-cursor.so.0"
> "/lib/x86_64-linux-gnu/libwayland-cursor.so.0"
> "/home/fan/Projects/vscode/.build/electron/libwayland-egl.so.1"
> "/home/fan/Projects/vscode/extensions/typescript-language-features/out/features/definitionProviderBase.js"
> "/lib/x86_64-linux-gnu/libwayland-egl.so.1"
> "/home/fan/Projects/vscode/.build/electron/libwayland-client.so.0"
> "/lib/x86_64-linux-gnu/libwayland-client.so.0"
> "/home/fan/Projects/vscode/extensions/typescript-language-features/out/features/directiveCommentCompletions.js"
> "/home/fan/Projects/vscode/.build/electron/libthai.so.0"
> "/lib/x86_64-linux-gnu/libthai.so.0"
> "/home/fan/Projects/vscode/.build/electron/libpixman-1.so.0"
> "/lib/x86_64-linux-gnu/libpixman-1.so.0"
> "/home/fan/Projects/vscode/.build/electron/libpng16.so.16"
> "/lib/x86_64-linux-gnu/libpng16.so.16"
> "/home/fan/Projects/vscode/extensions/typescript-language-features/out/features/documentHighlight.js"
> "/home/fan/Projects/vscode/.build/electron/libxcb-shm.so.0"
> "/lib/x86_64-linux-gnu/libxcb-shm.so.0"
> "/home/fan/Projects/vscode/.build/electron/libxcb-render.so.0"
> "/home/fan/Projects/vscode/extensions/typescript-language-features/out/features/documentSymbol.js"
> "/lib/x86_64-linux-gnu/libxcb-render.so.0"
> "/home/fan/Projects/vscode/.build/electron/libsystemd.so.0"
> "/lib/x86_64-linux-gnu/libsystemd.so.0"
> "/home/fan/Projects/vscode/extensions/typescript-language-features/out/features/folding.js"
> "/home/fan/Projects/vscode/.build/electron/libgssapi_krb5.so.2"
> "/lib/x86_64-linux-gnu/libgssapi_krb5.so.2"
> "/home/fan/Projects/vscode/extensions/typescript-language-features/out/features/formatting.js"
> "/home/fan/Projects/vscode/extensions/typescript-language-features/out/features/hover.js"
> "/home/fan/Projects/vscode/.build/electron/libavahi-common.so.3"
> "/lib/x86_64-linux-gnu/libavahi-common.so.3"
> "/home/fan/Projects/vscode/.build/electron/libavahi-client.so.3"
> "/lib/x86_64-linux-gnu/libavahi-client.so.3"
> "/home/fan/Projects/vscode/.build/electron/libgnutls.so.30"
> "/lib/x86_64-linux-gnu/libgnutls.so.30"
> "/home/fan/Projects/vscode/.build/electron/libblkid.so.1"
> "/lib/x86_64-linux-gnu/libblkid.so.1"
> "/home/fan/Projects/vscode/.build/electron/libpcre2-8.so.0"
> "/lib/x86_64-linux-gnu/libpcre2-8.so.0"
> "/home/fan/Projects/vscode/.build/electron/libbsd.so.0"
> "/lib/x86_64-linux-gnu/libbsd.so.0"
> "/home/fan/Projects/vscode/.build/electron/libgraphite2.so.3"
> "/lib/x86_64-linux-gnu/libgraphite2.so.3"
> "/home/fan/Projects/vscode/.build/electron/libdatrie.so.1"
> "/lib/x86_64-linux-gnu/libdatrie.so.1"
> "/home/fan/Projects/vscode/.build/electron/liblzma.so.5"
> "/lib/x86_64-linux-gnu/liblzma.so.5"
> "/home/fan/Projects/vscode/.build/electron/liblz4.so.1"
> "/lib/x86_64-linux-gnu/liblz4.so.1"
> "/home/fan/Projects/vscode/.build/electron/libgcrypt.so.20"
> "/lib/x86_64-linux-gnu/libgcrypt.so.20"
> "/home/fan/Projects/vscode/.build/electron/libkrb5.so.3"
> "/lib/x86_64-linux-gnu/libkrb5.so.3"
> "/home/fan/Projects/vscode/.build/electron/libk5crypto.so.3"
> "/lib/x86_64-linux-gnu/libk5crypto.so.3"
> "/home/fan/Projects/vscode/.build/electron/libcom_err.so.2"
> "/lib/x86_64-linux-gnu/libcom_err.so.2"
> "/home/fan/Projects/vscode/.build/electron/libkrb5support.so.0"
> "/lib/x86_64-linux-gnu/libkrb5support.so.0"
> "/home/fan/Projects/vscode/.build/electron/libp11-kit.so.0"
> "/lib/x86_64-linux-gnu/libp11-kit.so.0"
> "/home/fan/Projects/vscode/.build/electron/libidn2.so.0"
> "/lib/x86_64-linux-gnu/libidn2.so.0"
> "/home/fan/Projects/vscode/.build/electron/libunistring.so.2"
> "/lib/x86_64-linux-gnu/libunistring.so.2"
> "/home/fan/Projects/vscode/.build/electron/libtasn1.so.6"
> "/lib/x86_64-linux-gnu/libtasn1.so.6"
> "/home/fan/Projects/vscode/.build/electron/libnettle.so.7"
> "/lib/x86_64-linux-gnu/libnettle.so.7"
> "/home/fan/Projects/vscode/.build/electron/libhogweed.so.5"
> "/lib/x86_64-linux-gnu/libhogweed.so.5"
> "/home/fan/Projects/vscode/.build/electron/libgmp.so.10"
> "/lib/x86_64-linux-gnu/libgmp.so.10"
> "/home/fan/Projects/vscode/.build/electron/libgpg-error.so.0"
> "/lib/x86_64-linux-gnu/libgpg-error.so.0"
> "/home/fan/Projects/vscode/.build/electron/libkeyutils.so.1"
> "/lib/x86_64-linux-gnu/libkeyutils.so.1"
> "/proc/filesystems"
> "/sys/devices/system/cpu/online"
> "/home/fan/Projects/vscode/.build/electron/icudtl.dat"
> "/etc/localtime"
> "/root/.config/code-oss-dev/logs/20200516T235424/exthost1/output_logging_20200516T235500/5-TypeScript.log"
> "/dev/urandom"
> "/dev/urandom"
> "/proc/filesystems"
> "/sys/devices/system/cpu/online"
> "/home/fan/Projects/vscode/.build/electron/icudtl.dat"
> "/etc/localtime"
> "/home/fan/Projects/vscode/.build/electron/v8_context_snapshot.bin"
> "/home/fan/Projects/vscode/.build/electron/natives_blob.bin"
> "/sys/devices/system/cpu"
> "/root/.vscode-oss-dev/extensions/dbaeumer.vscode-eslint-2.1.5/server/out/eslintServer.js"
> "/dev/urandom"
> ".git/objects/pack/pack-b59518bfc8a19dce52875984952e55b4685f9f2a.pack"
> "/home/fan/Projects/vscode/extensions/node_modules/typescript/lib/tsserver.js"
> "/home/fan/Projects/vscode/extensions/node_modules/typescript/lib/tsserver.js"
> "/lib/x86_64-linux-gnu/libdl.so.2"
> "/lib/x86_64-linux-gnu/libstdc++.so.6"
> "/lib/x86_64-linux-gnu/libm.so.6"
> "/lib/x86_64-linux-gnu/libgcc_s.so.1"
> "/sys/fs/cgroup/memory/memory.limit_in_bytes"
> "/proc/meminfo"
> "/usr/lib/node_modules/npm/bin/package.json"
> "/usr/lib/node_modules/npm/package.json"
> "/usr/lib/node_modules/npm/bin/npm-cli.js"
> "/usr/lib/node_modules/npm/lib/utils/package.json"
> "/usr/lib/node_modules/npm/lib/package.json"
> "/usr/lib/node_modules/npm/lib/utils/unsupported.js"
> "/usr/lib/node_modules/npm/node_modules/semver/package.json"
> "/usr/lib/node_modules/npm/node_modules/semver/semver.js"
> "/usr/lib/node_modules/npm/package.json"
> "/usr/lib/node_modules/npm/node_modules/npmlog/package.json"
> "/usr/lib/node_modules/npm/node_modules/npmlog/log.js"
> "/usr/lib/node_modules/npm/node_modules/are-we-there-yet/package.json"
> "/usr/lib/node_modules/npm/node_modules/are-we-there-yet/index.js"
> "/usr/lib/node_modules/npm/node_modules/are-we-there-yet/tracker-group.js"
> "/usr/lib/node_modules/npm/node_modules/are-we-there-yet/tracker-base.js"
> "/usr/lib/node_modules/npm/node_modules/are-we-there-yet/tracker.js"
> "/usr/lib/node_modules/npm/node_modules/are-we-there-yet/tracker-stream.js"
> "/usr/lib/node_modules/npm/node_modules/are-we-there-yet/node_modules/readable-stream/package.json"
> "/usr/lib/node_modules/npm/node_modules/are-we-there-yet/node_modules/readable-stream/readable.js"
> "/usr/lib/node_modules/npm/node_modules/are-we-there-yet/node_modules/readable-stream/lib/package.json"
> "/usr/lib/node_modules/npm/node_modules/are-we-there-yet/node_modules/readable-stream/lib/_stream_readable.js"
> "/usr/lib/node_modules/npm/node_modules/are-we-there-yet/node_modules/process-nextick-args/package.json"
> "/usr/lib/node_modules/npm/node_modules/process-nextick-args/package.json"
> "/usr/lib/node_modules/npm/node_modules/process-nextick-args/index.js"
> "/usr/lib/node_modules/npm/node_modules/are-we-there-yet/node_modules/isarray/package.json"
> "/usr/lib/node_modules/npm/node_modules/isarray/package.json"
> "/usr/lib/node_modules/npm/node_modules/isarray/index.js"
> "/proc/sys/vm/overcommit_memory"
> "/usr/lib/node_modules/npm/node_modules/are-we-there-yet/node_modules/readable-stream/lib/internal/streams/package.json"
> "/usr/lib/node_modules/npm/node_modules/are-we-there-yet/node_modules/readable-stream/lib/internal/package.json"
> "/usr/lib/node_modules/npm/node_modules/are-we-there-yet/node_modules/readable-stream/lib/internal/streams/stream.js"
> "/usr/lib/node_modules/npm/node_modules/are-we-there-yet/node_modules/safe-buffer/package.json"
> "/usr/lib/node_modules/npm/node_modules/safe-buffer/package.json"
> "/usr/lib/node_modules/npm/node_modules/safe-buffer/index.js"
> "/usr/lib/node_modules/npm/node_modules/are-we-there-yet/node_modules/core-util-is/package.json"
> "/usr/lib/node_modules/npm/node_modules/core-util-is/package.json"
> "/usr/lib/node_modules/npm/node_modules/core-util-is/lib/package.json"
> "/usr/lib/node_modules/npm/node_modules/core-util-is/lib/util.js"
> "/usr/lib/node_modules/npm/node_modules/are-we-there-yet/node_modules/inherits/package.json"
> "/usr/lib/node_modules/npm/node_modules/inherits/package.json"
> "/usr/lib/node_modules/npm/node_modules/inherits/inherits.js"
> "/usr/lib/node_modules/npm/node_modules/are-we-there-yet/node_modules/readable-stream/lib/internal/streams/BufferList.js"
> "/usr/lib/node_modules/npm/node_modules/are-we-there-yet/node_modules/readable-stream/lib/internal/streams/destroy.js"
> "/usr/lib/node_modules/npm/node_modules/are-we-there-yet/node_modules/readable-stream/lib/_stream_writable.js"
> "/usr/lib/node_modules/npm/node_modules/are-we-there-yet/node_modules/util-deprecate/package.json"
> "/usr/lib/node_modules/npm/node_modules/util-deprecate/package.json"
> "/usr/lib/node_modules/npm/node_modules/util-deprecate/node.js"
> "/usr/lib/node_modules/npm/node_modules/are-we-there-yet/node_modules/readable-stream/lib/_stream_duplex.js"
> "/usr/lib/node_modules/npm/node_modules/are-we-there-yet/node_modules/readable-stream/lib/_stream_transform.js"
> "/usr/lib/node_modules/npm/node_modules/are-we-there-yet/node_modules/readable-stream/lib/_stream_passthrough.js"
> "/usr/lib/node_modules/npm/node_modules/are-we-there-yet/node_modules/delegates/package.json"
> "/usr/lib/node_modules/npm/node_modules/delegates/package.json"
> "/usr/lib/node_modules/npm/node_modules/delegates/index.js"
> "/usr/lib/node_modules/npm/node_modules/gauge/package.json"
> "/usr/lib/node_modules/npm/node_modules/gauge/index.js"
> "/usr/lib/node_modules/npm/node_modules/gauge/plumbing.js"
> "/usr/lib/node_modules/npm/node_modules/gauge/node_modules/console-control-strings/package.json"
> "/usr/lib/node_modules/npm/node_modules/console-control-strings/package.json"
> "/usr/lib/node_modules/npm/node_modules/console-control-strings/index.js"
> "/usr/lib/node_modules/npm/node_modules/gauge/render-template.js"
> "/usr/lib/node_modules/npm/node_modules/gauge/node_modules/wide-align/package.json"
> "/usr/lib/node_modules/npm/node_modules/wide-align/package.json"
> "/usr/lib/node_modules/npm/node_modules/wide-align/align.js"
> "/usr/lib/node_modules/npm/node_modules/wide-align/node_modules/string-width/package.json"
> "/usr/lib/node_modules/npm/node_modules/wide-align/node_modules/string-width/index.js"
> "/usr/lib/node_modules/npm/node_modules/wide-align/node_modules/strip-ansi/package.json"
> "/usr/lib/node_modules/npm/node_modules/strip-ansi/package.json"
> "/usr/lib/node_modules/npm/node_modules/strip-ansi/index.js"
> "/usr/lib/node_modules/npm/node_modules/ansi-regex/package.json"
> "/usr/lib/node_modules/npm/node_modules/ansi-regex/index.js"
> "/usr/lib/node_modules/npm/node_modules/wide-align/node_modules/code-point-at/package.json"
> "/usr/lib/node_modules/npm/node_modules/code-point-at/package.json"
> "/usr/lib/node_modules/npm/node_modules/code-point-at/index.js"
> "/usr/lib/node_modules/npm/node_modules/wide-align/node_modules/is-fullwidth-code-point/package.json"
> "/usr/lib/node_modules/npm/node_modules/is-fullwidth-code-point/package.json"
> "/usr/lib/node_modules/npm/node_modules/is-fullwidth-code-point/index.js"
> "/usr/lib/node_modules/npm/node_modules/number-is-nan/package.json"
> "/usr/lib/node_modules/npm/node_modules/number-is-nan/index.js"
> "/usr/lib/node_modules/npm/node_modules/gauge/node_modules/aproba/package.json"
> "/usr/lib/node_modules/npm/node_modules/gauge/node_modules/aproba/index.js"
> "/usr/lib/node_modules/npm/node_modules/gauge/node_modules/object-assign/package.json"
> "/usr/lib/node_modules/npm/node_modules/object-assign/package.json"
> "/usr/lib/node_modules/npm/node_modules/object-assign/index.js"
> "/usr/lib/node_modules/npm/node_modules/gauge/wide-truncate.js"
> "/usr/lib/node_modules/npm/node_modules/gauge/node_modules/string-width/package.json"
> "/usr/lib/node_modules/npm/node_modules/gauge/node_modules/string-width/index.js"
> "/usr/lib/node_modules/npm/node_modules/gauge/node_modules/strip-ansi/package.json"
> "/usr/lib/node_modules/npm/node_modules/gauge/node_modules/code-point-at/package.json"
> "/usr/lib/node_modules/npm/node_modules/gauge/node_modules/is-fullwidth-code-point/package.json"
> "/usr/lib/node_modules/npm/node_modules/gauge/error.js"
> "/usr/lib/node_modules/npm/node_modules/gauge/template-item.js"
> "/usr/lib/node_modules/npm/node_modules/gauge/node_modules/has-unicode/package.json"
> "/usr/lib/node_modules/npm/node_modules/has-unicode/package.json"
> "/usr/lib/node_modules/npm/node_modules/has-unicode/index.js"
> "/usr/lib/node_modules/npm/node_modules/gauge/has-color.js"
> "/usr/lib/node_modules/npm/node_modules/gauge/node_modules/signal-exit/package.json"
> "/usr/lib/node_modules/npm/node_modules/signal-exit/package.json"
> "/usr/lib/node_modules/npm/node_modules/signal-exit/index.js"
> "/usr/lib/node_modules/npm/node_modules/signal-exit/signals.js"
> "/usr/lib/node_modules/npm/node_modules/gauge/themes.js"
> "/usr/lib/node_modules/npm/node_modules/gauge/theme-set.js"
> "/usr/lib/node_modules/npm/node_modules/gauge/base-theme.js"
> "/usr/lib/node_modules/npm/node_modules/gauge/spin.js"
> "/usr/lib/node_modules/npm/node_modules/gauge/progress-bar.js"
> "/usr/lib/node_modules/npm/node_modules/gauge/set-interval.js"
> "/usr/lib/node_modules/npm/node_modules/gauge/process.js"
> "/usr/lib/node_modules/npm/node_modules/gauge/set-immediate.js"
> "/usr/lib/node_modules/npm/node_modules/set-blocking/package.json"
> "/usr/lib/node_modules/npm/node_modules/set-blocking/index.js"
> "/usr/lib/node_modules/npm/lib/npm.js"
> "/usr/lib/node_modules/npm/node_modules/graceful-fs/package.json"
> "/usr/lib/node_modules/npm/node_modules/graceful-fs/graceful-fs.js"
> "/usr/lib/node_modules/npm/node_modules/graceful-fs/polyfills.js"
> "/usr/lib/node_modules/npm/node_modules/graceful-fs/legacy-streams.js"
> "/usr/lib/node_modules/npm/node_modules/graceful-fs/clone.js"
> "/usr/lib/node_modules/npm/lib/config/package.json"
> "/usr/lib/node_modules/npm/lib/config/core.js"
> "/usr/lib/node_modules/npm/node_modules/config-chain/package.json"
> "/usr/lib/node_modules/npm/node_modules/config-chain/index.js"
> "/usr/lib/node_modules/npm/node_modules/proto-list/package.json"
> "/usr/lib/node_modules/npm/node_modules/proto-list/proto-list.js"
> "/usr/lib/node_modules/npm/node_modules/ini/package.json"
> "/usr/lib/node_modules/npm/node_modules/ini/ini.js"
> "/usr/lib/node_modules/npm/lib/config/defaults.js"
> "/usr/lib/node_modules/npm/node_modules/nopt/package.json"
> "/usr/lib/node_modules/npm/node_modules/nopt/lib/package.json"
> "/usr/lib/node_modules/npm/node_modules/nopt/lib/nopt.js"
> "/usr/lib/node_modules/npm/node_modules/abbrev/package.json"
> "/usr/lib/node_modules/npm/node_modules/abbrev/abbrev.js"
> "/usr/lib/node_modules/npm/node_modules/osenv/package.json"
> "/usr/lib/node_modules/npm/node_modules/osenv/osenv.js"
> "/usr/lib/node_modules/npm/node_modules/os-tmpdir/package.json"
> "/usr/lib/node_modules/npm/node_modules/os-tmpdir/index.js"
> "/usr/lib/node_modules/npm/node_modules/os-homedir/package.json"
> "/usr/lib/node_modules/npm/node_modules/os-homedir/index.js"
> "/usr/lib/node_modules/npm/lib/utils/umask.js"
> "/usr/lib/node_modules/npm/node_modules/umask/package.json"
> "/usr/lib/node_modules/npm/node_modules/umask/index.js"
> "/usr/lib/node_modules/npm/node_modules/once/package.json"
> "/usr/lib/node_modules/npm/node_modules/once/once.js"
> "/usr/lib/node_modules/npm/node_modules/wrappy/package.json"
> "/usr/lib/node_modules/npm/node_modules/wrappy/wrappy.js"
> "/usr/lib/node_modules/npm/node_modules/gentle-fs/package.json"
> "/usr/lib/node_modules/npm/node_modules/gentle-fs/index.js"
> "/usr/lib/node_modules/npm/node_modules/gentle-fs/lib/package.json"
> "/usr/lib/node_modules/npm/node_modules/gentle-fs/lib/rm.js"
> "/usr/lib/node_modules/npm/node_modules/gentle-fs/node_modules/aproba/package.json"
> "/usr/lib/node_modules/npm/node_modules/gentle-fs/node_modules/aproba/index.js"
> "/usr/lib/node_modules/npm/node_modules/gentle-fs/node_modules/graceful-fs/package.json"
> "/usr/lib/node_modules/npm/node_modules/gentle-fs/node_modules/path-is-inside/package.json"
> "/usr/lib/node_modules/npm/node_modules/path-is-inside/package.json"
> "/usr/lib/node_modules/npm/node_modules/path-is-inside/lib/package.json"
> "/usr/lib/node_modules/npm/node_modules/path-is-inside/lib/path-is-inside.js"
> "/usr/lib/node_modules/npm/node_modules/gentle-fs/node_modules/fs-vacuum/package.json"
> "/usr/lib/node_modules/npm/node_modules/fs-vacuum/package.json"
> "/usr/lib/node_modules/npm/node_modules/fs-vacuum/vacuum.js"
> "/usr/lib/node_modules/npm/node_modules/rimraf/package.json"
> "/usr/lib/node_modules/npm/node_modules/rimraf/rimraf.js"
> "/usr/lib/node_modules/npm/node_modules/glob/package.json"
> "/usr/lib/node_modules/npm/node_modules/glob/glob.js"
> "/usr/lib/node_modules/npm/node_modules/fs.realpath/package.json"
> "/usr/lib/node_modules/npm/node_modules/fs.realpath/index.js"
> "/usr/lib/node_modules/npm/node_modules/fs.realpath/old.js"
> "/usr/lib/node_modules/npm/node_modules/minimatch/package.json"
> "/usr/lib/node_modules/npm/node_modules/minimatch/minimatch.js"
> "/usr/lib/node_modules/npm/node_modules/brace-expansion/package.json"
> "/usr/lib/node_modules/npm/node_modules/brace-expansion/index.js"
> "/usr/lib/node_modules/npm/node_modules/concat-map/package.json"
> "/usr/lib/node_modules/npm/node_modules/concat-map/index.js"
> "/usr/lib/node_modules/npm/node_modules/balanced-match/package.json"
> "/usr/lib/node_modules/npm/node_modules/balanced-match/index.js"
> "/usr/lib/node_modules/npm/node_modules/path-is-absolute/package.json"
> "/usr/lib/node_modules/npm/node_modules/path-is-absolute/index.js"
> "/usr/lib/node_modules/npm/node_modules/glob/sync.js"
> "/usr/lib/node_modules/npm/node_modules/glob/common.js"
> "/usr/lib/node_modules/npm/node_modules/inflight/package.json"
> "/usr/lib/node_modules/npm/node_modules/inflight/inflight.js"
> "/usr/lib/node_modules/npm/node_modules/gentle-fs/node_modules/slide/package.json"
> "/usr/lib/node_modules/npm/node_modules/slide/package.json"
> "/usr/lib/node_modules/npm/node_modules/slide/lib/package.json"
> "/usr/lib/node_modules/npm/node_modules/slide/lib/slide.js"
> "/usr/lib/node_modules/npm/node_modules/slide/lib/async-map.js"
> "/usr/lib/node_modules/npm/node_modules/slide/lib/bind-actor.js"
> "/usr/lib/node_modules/npm/node_modules/slide/lib/chain.js"
> "/home/fan/Projects/vscode/extensions/typescript-language-features/node_modules/typescript-vscode-sh-plugin/package.json"
> "/usr/lib/node_modules/npm/node_modules/gentle-fs/node_modules/read-cmd-shim/package.json"
> "/usr/lib/node_modules/npm/node_modules/read-cmd-shim/package.json"
> "/usr/lib/node_modules/npm/node_modules/read-cmd-shim/index.js"
> "/usr/lib/node_modules/npm/node_modules/gentle-fs/node_modules/iferr/package.json"
> "/usr/lib/node_modules/npm/node_modules/gentle-fs/node_modules/iferr/index.js"
> "/usr/lib/node_modules/npm/node_modules/gentle-fs/lib/link.js"
> "/usr/lib/node_modules/npm/node_modules/gentle-fs/lib/mkdir.js"
> "/usr/lib/node_modules/npm/node_modules/gentle-fs/node_modules/mkdirp/package.json"
> "/usr/lib/node_modules/npm/node_modules/mkdirp/package.json"
> "/usr/lib/node_modules/npm/node_modules/mkdirp/index.js"
> "/usr/lib/node_modules/npm/node_modules/gentle-fs/node_modules/infer-owner/package.json"
> "/usr/lib/node_modules/npm/node_modules/infer-owner/package.json"
> "/usr/lib/node_modules/npm/node_modules/infer-owner/index.js"
> "/home/fan/Projects/vscode/extensions/typescript-language-features/node_modules/typescript-vscode-sh-plugin/lib/index.js"
> "/usr/lib/node_modules/npm/node_modules/gentle-fs/lib/chown.js"
> "/usr/lib/node_modules/npm/node_modules/gentle-fs/node_modules/chownr/package.json"
> "/usr/lib/node_modules/npm/node_modules/chownr/package.json"
> "/usr/lib/node_modules/npm/node_modules/chownr/chownr.js"
> "/usr/lib/node_modules/npm/node_modules/gentle-fs/lib/bin-link.js"
> "/usr/lib/node_modules/npm/node_modules/gentle-fs/node_modules/cmd-shim/package.json"
> "/usr/lib/node_modules/npm/node_modules/cmd-shim/package.json"
> "/home/fan/Projects/vscode/extensions/typescript-language-features/node_modules/typescript-vscode-sh-plugin/package.json"
> "/usr/lib/node_modules/npm/node_modules/cmd-shim/index.js"
> "/usr/lib/node_modules/npm/node_modules/cmd-shim/lib/package.json"
> "/usr/lib/node_modules/npm/node_modules/cmd-shim/lib/to-batch-syntax.js"
> "/usr/lib/node_modules/npm/lib/utils/is-windows.js"
> "/home/fan/Projects/vscode/extensions/typescript-language-features/node_modules/typescript-vscode-sh-plugin/lib/index.js"
> "/usr/lib/node_modules/npm/lib/config/load-prefix.js"
> "/usr/lib/node_modules/npm/node_modules/find-npm-prefix/package.json"
> "/usr/lib/node_modules/npm/node_modules/find-npm-prefix/find-prefix.js"
> "/usr/lib/node_modules/npm/lib/config/load-cafile.js"
> "/usr/lib/node_modules/npm/lib/config/set-user.js"
> "/usr/lib/node_modules/npm/lib/config/get-credentials-by-uri.js"
> "/usr/lib/node_modules/npm/lib/config/nerf-dart.js"
> "/usr/lib/node_modules/npm/lib/config/set-credentials-by-uri.js"
> "/usr/lib/node_modules/npm/lib/config/clear-credentials-by-uri.js"
> "/usr/lib/node_modules/npm/node_modules/which/package.json"
> "/usr/lib/node_modules/npm/node_modules/which/which.js"
> "/usr/lib/node_modules/npm/node_modules/isexe/package.json"
> "/usr/lib/node_modules/npm/node_modules/isexe/index.js"
> "/usr/lib/node_modules/npm/node_modules/isexe/mode.js"
> "/usr/lib/node_modules/npm/lib/utils/parse-json.js"
> "/usr/lib/node_modules/npm/node_modules/json-parse-better-errors/package.json"
> "/usr/lib/node_modules/npm/node_modules/json-parse-better-errors/index.js"
> "/usr/lib/node_modules/npm/lib/config/cmd-list.js"
> "/usr/lib/node_modules/npm/lib/utils/output.js"
> "/usr/lib/node_modules/npm/lib/utils/metrics.js"
> "/usr/lib/node_modules/npm/node_modules/libnpm/package.json"
> "/usr/lib/node_modules/npm/node_modules/libnpm/fetch.js"
> "/usr/lib/node_modules/npm/node_modules/npm-registry-fetch/package.json"
> "/usr/lib/node_modules/npm/node_modules/npm-registry-fetch/index.js"
> "/usr/lib/node_modules/npm/node_modules/npm-registry-fetch/node_modules/safe-buffer/package.json"
> "/usr/lib/node_modules/npm/node_modules/npm-registry-fetch/node_modules/safe-buffer/index.js"
> "/usr/lib/node_modules/npm/node_modules/npm-registry-fetch/check-response.js"
> "/home/fan/Projects/vscode/extensions/node_modules"
> "/usr/lib/node_modules/npm/node_modules/npm-registry-fetch/config.js"
> "/usr/lib/node_modules/npm/node_modules/npm-registry-fetch/package.json"
> "/usr/lib/node_modules/npm/node_modules/npm-registry-fetch/node_modules/figgy-pudding/package.json"
> "/home/fan/Projects/vscode/extensions/node_modules/typescript"
> "/usr/lib/node_modules/npm/node_modules/figgy-pudding/package.json"
> "/usr/lib/node_modules/npm/node_modules/figgy-pudding/index.js"
> "/usr/lib/node_modules/npm/node_modules/npm-registry-fetch/silentlog.js"
> "/home/fan/Projects/vscode/extensions/node_modules/typescript/bin"
> "/home/fan/Projects/vscode/extensions/node_modules/typescript/lib"
> "/usr/lib/node_modules/npm/node_modules/npm-registry-fetch/errors.js"
> "/usr/lib/node_modules/npm/node_modules/npm-registry-fetch/node_modules/lru-cache/package.json"
> "/usr/lib/node_modules/npm/node_modules/lru-cache/package.json"
> "/usr/lib/node_modules/npm/node_modules/lru-cache/index.js"
> "/usr/lib/node_modules/npm/node_modules/yallist/package.json"
> "/usr/lib/node_modules/npm/node_modules/yallist/yallist.js"
> "/usr/lib/node_modules/npm/node_modules/yallist/iterator.js"
> "/usr/lib/node_modules/npm/node_modules/npm-registry-fetch/auth.js"
> "/usr/lib/node_modules/npm/node_modules/npm-registry-fetch/node_modules/make-fetch-happen/package.json"
> "/usr/lib/node_modules/npm/node_modules/make-fetch-happen/package.json"
> "/usr/lib/node_modules/npm/node_modules/make-fetch-happen/index.js"
> "/home/fan/Projects/vscode/.build/electron/libkeyutils.so.1"
> "/lib/x86_64-linux-gnu/libkeyutils.so.1"
> "/usr/lib/node_modules/npm/node_modules/http-cache-semantics/package.json"
> "/usr/lib/node_modules/npm/node_modules/http-cache-semantics/node4/package.json"
> "/usr/lib/node_modules/npm/node_modules/http-cache-semantics/node4/index.js"
> "/usr/lib/node_modules/npm/node_modules/node-fetch-npm/package.json"
> "/usr/lib/node_modules/npm/node_modules/node-fetch-npm/src/package.json"
> "/usr/lib/node_modules/npm/node_modules/node-fetch-npm/src/index.js"
> "/etc/ssl/openssl.cnf"
> "/usr/lib/node_modules/npm/node_modules/node-fetch-npm/src/body.js"
> "/usr/lib/node_modules/npm/node_modules/node-fetch-npm/src/blob.js"
> "/usr/lib/node_modules/npm/node_modules/encoding/package.json"
> "/usr/lib/node_modules/npm/node_modules/encoding/lib/package.json"
> "/usr/lib/node_modules/npm/node_modules/encoding/lib/encoding.js"
> "/usr/lib/node_modules/npm/node_modules/iconv-lite/package.json"
> "/usr/lib/node_modules/npm/node_modules/iconv-lite/lib/package.json"
> "/usr/lib/node_modules/npm/node_modules/iconv-lite/lib/index.js"
> "/usr/lib/node_modules/npm/node_modules/safer-buffer/package.json"
> "/usr/lib/node_modules/npm/node_modules/safer-buffer/safer.js"
> "/dev/urandom"
> "/usr/lib/node_modules/npm/node_modules/iconv-lite/lib/bom-handling.js"
> "/usr/lib/node_modules/npm/node_modules/iconv-lite/lib/streams.js"
> "/usr/lib/node_modules/npm/node_modules/iconv-lite/lib/extend-node.js"
> "/proc/filesystems"
> "/usr/lib/node_modules/npm/node_modules/encoding/lib/iconv-loader.js"
> "/sys/devices/system/cpu/online"
> "/usr/lib/node_modules/npm/node_modules/iconv/package.json"
> "/usr/lib/node_modules/iconv/package.json"
> "/home/fan/Projects/vscode/.build/electron/icudtl.dat"
> "/usr/lib/node_modules/npm/node_modules/node-fetch-npm/src/fetch-error.js"
> "/etc/localtime"
> "/usr/lib/node_modules/npm/node_modules/node-fetch-npm/src/response.js"
> "/usr/lib/node_modules/npm/node_modules/node-fetch-npm/src/headers.js"
> "/usr/lib/node_modules/npm/node_modules/node-fetch-npm/src/common.js"
> "/home/fan/Projects/vscode/.build/electron/v8_context_snapshot.bin"
> "/home/fan/Projects/vscode/.build/electron/natives_blob.bin"
> "/usr/lib/node_modules/npm/node_modules/node-fetch-npm/src/request.js"
> "/sys/devices/system/cpu"
> "/usr/lib/node_modules/npm/node_modules/make-fetch-happen/package.json"
> "/usr/lib/node_modules/npm/node_modules/promise-retry/package.json"
> "/usr/lib/node_modules/npm/node_modules/promise-retry/index.js"
> "/usr/lib/node_modules/npm/node_modules/promise-retry/node_modules/err-code/package.json"
> "/usr/lib/node_modules/npm/node_modules/err-code/package.json"
> "/dev/urandom"
> "/usr/lib/node_modules/npm/node_modules/err-code/index.js"
> "/usr/lib/node_modules/npm/node_modules/promise-retry/node_modules/retry/package.json"
> "/usr/lib/node_modules/npm/node_modules/promise-retry/node_modules/retry/index.js"
> "/usr/lib/node_modules/npm/node_modules/promise-retry/node_modules/retry/lib/package.json"
> "/usr/lib/node_modules/npm/node_modules/promise-retry/node_modules/retry/lib/retry.js"
> "/usr/lib/node_modules/npm/node_modules/promise-retry/node_modules/retry/lib/retry_operation.js"
> "/usr/lib/node_modules/npm/node_modules/make-fetch-happen/agent.js"
> "/usr/lib/node_modules/npm/node_modules/make-fetch-happen/warning.js"
> "/usr/lib/node_modules/npm/node_modules/npm-registry-fetch/node_modules/JSONStream/package.json"
> "/usr/lib/node_modules/npm/node_modules/JSONStream/package.json"
> "/usr/lib/node_modules/npm/node_modules/JSONStream/index.js"
> "/usr/lib/node_modules/npm/node_modules/jsonparse/package.json"
> "/usr/lib/node_modules/npm/node_modules/jsonparse/jsonparse.js"
> "/usr/lib/node_modules/npm/node_modules/through/package.json"
> "/usr/lib/node_modules/npm/node_modules/through/index.js"
> "/usr/lib/node_modules/npm/node_modules/npm-registry-fetch/node_modules/npm-package-arg/package.json"
> "/usr/lib/node_modules/npm/node_modules/npm-package-arg/package.json"
> "/usr/lib/node_modules/npm/node_modules/npm-package-arg/npa.js"
> "/usr/lib/node_modules/npm/node_modules/uuid/package.json"
> "/usr/lib/node_modules/npm/node_modules/uuid/index.js"
> "/usr/lib/node_modules/npm/node_modules/uuid/v1.js"
> "/usr/lib/node_modules/npm/node_modules/uuid/lib/package.json"
> "/usr/lib/node_modules/npm/node_modules/uuid/lib/rng.js"
> "/usr/lib/node_modules/npm/node_modules/uuid/lib/bytesToUuid.js"
> "/usr/lib/node_modules/npm/node_modules/uuid/v4.js"
> "/usr/lib/node_modules/npm/lib/utils/cache-file.js"
> "/usr/lib/node_modules/npm/node_modules/write-file-atomic/package.json"
> "/usr/lib/node_modules/npm/node_modules/write-file-atomic/index.js"
> "/usr/lib/node_modules/npm/node_modules/imurmurhash/package.json"
> "/usr/lib/node_modules/npm/node_modules/imurmurhash/imurmurhash.js"
> "/usr/lib/node_modules/npm/lib/utils/perf.js"
> "/usr/lib/node_modules/npm/package.json"
> "/usr/lib/node_modules/npm/lib/utils/error-handler.js"
> "/usr/lib/node_modules/npm/lib/utils/error-message.js"
> "/usr/lib/node_modules/npm/node_modules/validate-npm-package-name/package.json"
> "/usr/lib/node_modules/npm/node_modules/validate-npm-package-name/index.js"
> "/usr/lib/node_modules/npm/node_modules/builtins/package.json"
> "/usr/lib/node_modules/npm/node_modules/builtins/builtins.json"
> "/usr/lib/node_modules/npm/npmrc"
> "/home/fan/Projects/vscode"
> "/home/fan/Projects/vscode/.npmrc"
> "/root/.npmrc"
> "/usr/etc/npmrc"
> "/dev/null"
> "/root/.npm/_logs"
> "/home/fan/Projects/vscode/package.json"
> "/usr/lib/node_modules/npm/lib/utils/metrics-launch.js"
> "/usr/lib/node_modules/npm/node_modules/update-notifier/package.json"
> "/usr/lib/node_modules/npm/node_modules/update-notifier/index.js"
> "/usr/lib/node_modules/npm/node_modules/import-lazy/package.json"
> "/usr/lib/node_modules/npm/node_modules/import-lazy/index.js"
> "/usr/lib/node_modules/npm/node_modules/ci-info/package.json"
> "/usr/lib/node_modules/npm/node_modules/ci-info/index.js"
> "/usr/lib/node_modules/npm/node_modules/ci-info/vendors.json"
> "/usr/lib/node_modules/npm/lib/config.js"
> "/home/fan/Projects/vscode/extensions/node_modules/typescript/lib/typingsInstaller.js"
> "/usr/lib/node_modules/npm/node_modules/editor/package.json"
> "/usr/lib/node_modules/npm/node_modules/editor/index.js"
> "/usr/lib/node_modules/npm/lib/utils/usage.js"
> "/usr/lib/node_modules/npm/lib/utils/no-progress-while-running.js"
> "/home/fan/Projects/vscode/.build/electron/tls/haswell/x86_64/libffmpeg.so"
> "/home/fan/Projects/vscode/.build/electron/tls/haswell/libffmpeg.so"
> "/home/fan/Projects/vscode/.build/electron/tls/x86_64/libffmpeg.so"
> "/home/fan/Projects/vscode/.build/electron/tls/libffmpeg.so"
> "/home/fan/Projects/vscode/.build/electron/haswell/x86_64/libffmpeg.so"
> "/home/fan/Projects/vscode/.build/electron/haswell/libffmpeg.so"
> "/home/fan/Projects/vscode/.build/electron/x86_64/libffmpeg.so"
> "/home/fan/Projects/vscode/.build/electron/libffmpeg.so"
> "/home/fan/Projects/vscode/.build/electron/libdl.so.2"
> "/lib/x86_64-linux-gnu/libdl.so.2"
> "/home/fan/Projects/vscode/.build/electron/libpthread.so.0"
> "/home/fan/Projects/vscode/.build/electron/librt.so.1"
> "/lib/x86_64-linux-gnu/librt.so.1"
> "/home/fan/Projects/vscode/.build/electron/libgobject-2.0.so.0"
> "/lib/x86_64-linux-gnu/libgobject-2.0.so.0"
> "/home/fan/Projects/vscode/.build/electron/libglib-2.0.so.0"
> "/lib/x86_64-linux-gnu/libglib-2.0.so.0"
> "/home/fan/Projects/vscode/.build/electron/libgio-2.0.so.0"
> "/lib/x86_64-linux-gnu/libgio-2.0.so.0"
> "/home/fan/Projects/vscode/.build/electron/libX11.so.6"
> "/lib/x86_64-linux-gnu/libX11.so.6"
> "/home/fan/Projects/vscode/.build/electron/libX11-xcb.so.1"
> "/lib/x86_64-linux-gnu/libX11-xcb.so.1"
> "/home/fan/Projects/vscode/.build/electron/libxcb.so.1"
> "/lib/x86_64-linux-gnu/libxcb.so.1"
> "/home/fan/Projects/vscode/.build/electron/libXcomposite.so.1"
> "/lib/x86_64-linux-gnu/libXcomposite.so.1"
> "/home/fan/Projects/vscode/.build/electron/libXcursor.so.1"
> "/lib/x86_64-linux-gnu/libXcursor.so.1"
> "/home/fan/Projects/vscode/.build/electron/libXdamage.so.1"
> "/lib/x86_64-linux-gnu/libXdamage.so.1"
> "/home/fan/Projects/vscode/.build/electron/libXext.so.6"
> "/lib/x86_64-linux-gnu/libXext.so.6"
> "/home/fan/Projects/vscode/.build/electron/libXfixes.so.3"
> "/lib/x86_64-linux-gnu/libXfixes.so.3"
> "/home/fan/Projects/vscode/.build/electron/libXi.so.6"
> "/lib/x86_64-linux-gnu/libXi.so.6"
> "/home/fan/Projects/vscode/.build/electron/libXrender.so.1"
> "/lib/x86_64-linux-gnu/libXrender.so.1"
> "/home/fan/Projects/vscode/.build/electron/libXtst.so.6"
> "/lib/x86_64-linux-gnu/libXtst.so.6"
> "/home/fan/Projects/vscode/.build/electron/libnss3.so"
> "/lib/x86_64-linux-gnu/libnss3.so"
> "/home/fan/Projects/vscode/.build/electron/libnssutil3.so"
> "/lib/x86_64-linux-gnu/libnssutil3.so"
> "/home/fan/Projects/vscode/.build/electron/libsmime3.so"
> "/lib/x86_64-linux-gnu/libsmime3.so"
> "/home/fan/Projects/vscode/.build/electron/libnspr4.so"
> "/lib/x86_64-linux-gnu/libnspr4.so"
> "/home/fan/Projects/vscode/.build/electron/libgdk_pixbuf-2.0.so.0"
> "/lib/x86_64-linux-gnu/libgdk_pixbuf-2.0.so.0"
> "/home/fan/Projects/vscode/.build/electron/libgtk-3.so.0"
> "/lib/x86_64-linux-gnu/libgtk-3.so.0"
> "/home/fan/Projects/vscode/.build/electron/libgdk-3.so.0"
> "/lib/x86_64-linux-gnu/libgdk-3.so.0"
> "/home/fan/Projects/vscode/.build/electron/libpangocairo-1.0.so.0"
> "/lib/x86_64-linux-gnu/libpangocairo-1.0.so.0"
> "/home/fan/Projects/vscode/.build/electron/libpango-1.0.so.0"
> "/lib/x86_64-linux-gnu/libpango-1.0.so.0"
> "/home/fan/Projects/vscode/.build/electron/libatk-1.0.so.0"
> "/lib/x86_64-linux-gnu/libatk-1.0.so.0"
> "/home/fan/Projects/vscode/.build/electron/libcairo.so.2"
> "/lib/x86_64-linux-gnu/libcairo.so.2"
> "/home/fan/Projects/vscode/.build/electron/libdbus-1.so.3"
> "/lib/x86_64-linux-gnu/libdbus-1.so.3"
> "/home/fan/Projects/vscode/.build/electron/libexpat.so.1"
> "/lib/x86_64-linux-gnu/libexpat.so.1"
> "/home/fan/Projects/vscode/.build/electron/libuuid.so.1"
> "/lib/x86_64-linux-gnu/libuuid.so.1"
> "/home/fan/Projects/vscode/.build/electron/libXrandr.so.2"
> "/lib/x86_64-linux-gnu/libXrandr.so.2"
> "/home/fan/Projects/vscode/.build/electron/libXss.so.1"
> "/lib/x86_64-linux-gnu/libXss.so.1"
> "/home/fan/Projects/vscode/.build/electron/libasound.so.2"
> "/lib/x86_64-linux-gnu/libasound.so.2"
> "/home/fan/Projects/vscode/.build/electron/libatk-bridge-2.0.so.0"
> "/lib/x86_64-linux-gnu/libatk-bridge-2.0.so.0"
> "/home/fan/Projects/vscode/.build/electron/libm.so.6"
> "/lib/x86_64-linux-gnu/libm.so.6"
> "/home/fan/Projects/vscode/.build/electron/libatspi.so.0"
> "/lib/x86_64-linux-gnu/libatspi.so.0"
> "/home/fan/Projects/vscode/.build/electron/libcups.so.2"
> "/lib/x86_64-linux-gnu/libcups.so.2"
> "/home/fan/Projects/vscode/.build/electron/libgcc_s.so.1"
> "/lib/x86_64-linux-gnu/libgcc_s.so.1"
> "/home/fan/Projects/vscode/.build/electron/libc.so.6"
> "/home/fan/Projects/vscode/.build/electron/libffi.so.7"
> "/lib/x86_64-linux-gnu/libffi.so.7"
> "/home/fan/Projects/vscode/.build/electron/libpcre.so.3"
> "/lib/x86_64-linux-gnu/libpcre.so.3"
> "/home/fan/Projects/vscode/.build/electron/libgmodule-2.0.so.0"
> "/lib/x86_64-linux-gnu/libgmodule-2.0.so.0"
> "/home/fan/Projects/vscode/.build/electron/libz.so.1"
> "/home/fan/Projects/vscode/.build/electron/libmount.so.1"
> "/lib/x86_64-linux-gnu/libmount.so.1"
> "/home/fan/Projects/vscode/.build/electron/libselinux.so.1"
> "/lib/x86_64-linux-gnu/libselinux.so.1"
> "/home/fan/Projects/vscode/.build/electron/libresolv.so.2"
> "/lib/x86_64-linux-gnu/libresolv.so.2"
> "/home/fan/Projects/vscode/.build/electron/libXau.so.6"
> "/lib/x86_64-linux-gnu/libXau.so.6"
> "/home/fan/Projects/vscode/.build/electron/libXdmcp.so.6"
> "/lib/x86_64-linux-gnu/libXdmcp.so.6"
> "/home/fan/Projects/vscode/.build/electron/libplc4.so"
> "/lib/x86_64-linux-gnu/libplc4.so"
> "/home/fan/Projects/vscode/.build/electron/libplds4.so"
> "/lib/x86_64-linux-gnu/libplds4.so"
> "/home/fan/Projects/vscode/.build/electron/libcairo-gobject.so.2"
> "/lib/x86_64-linux-gnu/libcairo-gobject.so.2"
> "/home/fan/Projects/vscode/.build/electron/libepoxy.so.0"
> "/lib/x86_64-linux-gnu/libepoxy.so.0"
> "/home/fan/Projects/vscode/.build/electron/libfribidi.so.0"
> "/lib/x86_64-linux-gnu/libfribidi.so.0"
> "/home/fan/Projects/vscode/.build/electron/libpangoft2-1.0.so.0"
> "/lib/x86_64-linux-gnu/libpangoft2-1.0.so.0"
> "/home/fan/Projects/vscode/.build/electron/libharfbuzz.so.0"
> "/lib/x86_64-linux-gnu/libharfbuzz.so.0"
> "/home/fan/Projects/vscode/.build/electron/libfontconfig.so.1"
> "/lib/x86_64-linux-gnu/libfontconfig.so.1"
> "/home/fan/Projects/vscode/.build/electron/libfreetype.so.6"
> "/lib/x86_64-linux-gnu/libfreetype.so.6"
> "/home/fan/Projects/vscode/.build/electron/libXinerama.so.1"
> "/lib/x86_64-linux-gnu/libXinerama.so.1"
> "/home/fan/Projects/vscode/.build/electron/libxkbcommon.so.0"
> "/lib/x86_64-linux-gnu/libxkbcommon.so.0"
> "/home/fan/Projects/vscode/.build/electron/libwayland-cursor.so.0"
> "/lib/x86_64-linux-gnu/libwayland-cursor.so.0"
> "/home/fan/Projects/vscode/.build/electron/libwayland-egl.so.1"
> "/lib/x86_64-linux-gnu/libwayland-egl.so.1"
> "/home/fan/Projects/vscode/.build/electron/libwayland-client.so.0"
> "/lib/x86_64-linux-gnu/libwayland-client.so.0"
> "/home/fan/Projects/vscode/.build/electron/libthai.so.0"
> "/lib/x86_64-linux-gnu/libthai.so.0"
> "/home/fan/Projects/vscode/.build/electron/libpixman-1.so.0"
> "/lib/x86_64-linux-gnu/libpixman-1.so.0"
> "/home/fan/Projects/vscode/.build/electron/libpng16.so.16"
> "/lib/x86_64-linux-gnu/libpng16.so.16"
> "/home/fan/Projects/vscode/.build/electron/libxcb-shm.so.0"
> "/lib/x86_64-linux-gnu/libxcb-shm.so.0"
> "/home/fan/Projects/vscode/.build/electron/libxcb-render.so.0"
> "/lib/x86_64-linux-gnu/libxcb-render.so.0"
> "/home/fan/Projects/vscode/.build/electron/libsystemd.so.0"
> "/lib/x86_64-linux-gnu/libsystemd.so.0"
> "/home/fan/Projects/vscode/.build/electron/libgssapi_krb5.so.2"
> "/lib/x86_64-linux-gnu/libgssapi_krb5.so.2"
> "/home/fan/Projects/vscode/.build/electron/libavahi-common.so.3"
> "/lib/x86_64-linux-gnu/libavahi-common.so.3"
> "/home/fan/Projects/vscode/.build/electron/libavahi-client.so.3"
> "/lib/x86_64-linux-gnu/libavahi-client.so.3"
> "/home/fan/Projects/vscode/.build/electron/libgnutls.so.30"
> "/lib/x86_64-linux-gnu/libgnutls.so.30"
> "/home/fan/Projects/vscode/.build/electron/libblkid.so.1"
> "/lib/x86_64-linux-gnu/libblkid.so.1"
> "/home/fan/Projects/vscode/.build/electron/libpcre2-8.so.0"
> "/home/fan/Projects/vscode/.build/electron/libbsd.so.0"
> "/lib/x86_64-linux-gnu/libbsd.so.0"
> "/home/fan/Projects/vscode/.build/electron/libgraphite2.so.3"
> "/lib/x86_64-linux-gnu/libgraphite2.so.3"
> "/home/fan/Projects/vscode/.build/electron/libdatrie.so.1"
> "/lib/x86_64-linux-gnu/libdatrie.so.1"
> "/home/fan/Projects/vscode/.build/electron/liblzma.so.5"
> "/lib/x86_64-linux-gnu/liblzma.so.5"
> "/home/fan/Projects/vscode/.build/electron/liblz4.so.1"
> "/lib/x86_64-linux-gnu/liblz4.so.1"
> "/home/fan/Projects/vscode/.build/electron/libgcrypt.so.20"
> "/lib/x86_64-linux-gnu/libgcrypt.so.20"
> "/home/fan/Projects/vscode/.build/electron/libkrb5.so.3"
> "/lib/x86_64-linux-gnu/libkrb5.so.3"
> "/home/fan/Projects/vscode/.build/electron/libk5crypto.so.3"
> "/lib/x86_64-linux-gnu/libk5crypto.so.3"
> "/home/fan/Projects/vscode/.build/electron/libcom_err.so.2"
> "/lib/x86_64-linux-gnu/libcom_err.so.2"
> "/home/fan/Projects/vscode/.build/electron/libkrb5support.so.0"
> "/lib/x86_64-linux-gnu/libkrb5support.so.0"
> "/home/fan/Projects/vscode/.build/electron/libp11-kit.so.0"
> "/lib/x86_64-linux-gnu/libp11-kit.so.0"
> "/home/fan/Projects/vscode/.build/electron/libidn2.so.0"
> "/lib/x86_64-linux-gnu/libidn2.so.0"
> "/home/fan/Projects/vscode/.build/electron/libunistring.so.2"
> "/lib/x86_64-linux-gnu/libunistring.so.2"
> "/home/fan/Projects/vscode/.build/electron/libtasn1.so.6"
> "/lib/x86_64-linux-gnu/libtasn1.so.6"
> "/home/fan/Projects/vscode/.build/electron/libnettle.so.7"
> "/lib/x86_64-linux-gnu/libnettle.so.7"
> "/home/fan/Projects/vscode/.build/electron/libhogweed.so.5"
> "/lib/x86_64-linux-gnu/libhogweed.so.5"
> "/home/fan/Projects/vscode/.build/electron/libgmp.so.10"
> "/lib/x86_64-linux-gnu/libgmp.so.10"
> "/home/fan/Projects/vscode/.build/electron/libgpg-error.so.0"
> "/lib/x86_64-linux-gnu/libgpg-error.so.0"
> "/home/fan/Projects/vscode/.build/electron/libkeyutils.so.1"
> "/lib/x86_64-linux-gnu/libkeyutils.so.1"
> "/dev/urandom"
> "/proc/filesystems"
> "/sys/devices/system/cpu/online"
> "/home/fan/Projects/vscode/.build/electron/icudtl.dat"
> "/etc/localtime"
> "/home/fan/Projects/vscode/.build/electron/v8_context_snapshot.bin"
> "/home/fan/Projects/vscode/.build/electron/natives_blob.bin"
> "/sys/devices/system/cpu"
> "/dev/urandom"
> "/dev/null"
> "/home/fan/Projects/vscode/extensions/node_modules/typescript/lib/lib.es2015.core.d.ts"
> "/home/fan/Projects/vscode/extensions/node_modules/typescript/lib/lib.es2015.collection.d.ts"
> "/home/fan/Projects/vscode/extensions/node_modules/typescript/lib/lib.es2015.generator.d.ts"
> "/home/fan/Projects/vscode/extensions/node_modules/typescript/lib/lib.es2015.iterable.d.ts"
> "/home/fan/Projects/vscode/extensions/node_modules/typescript/lib/lib.es2015.symbol.d.ts"
> "/home/fan/Projects/vscode/extensions/node_modules/typescript/lib/lib.es2015.promise.d.ts"
> "/home/fan/Projects/vscode/extensions/node_modules/typescript/lib/lib.es2015.proxy.d.ts"
> "/home/fan/Projects/vscode/extensions/node_modules/typescript/lib/lib.es2015.reflect.d.ts"
> "/home/fan/Projects/vscode/extensions/node_modules/typescript/lib/lib.es2016.array.include.d.ts"
> "/home/fan/Projects/vscode/extensions/node_modules/typescript/lib/lib.dom.d.ts"
> "/proc/sys/vm/overcommit_memory"
> "/home/fan/Projects/vscode/extensions/node_modules/typescript/lib/lib.webworker.importscripts.d.ts"
> "/home/fan/Projects/vscode/extensions/node_modules/typescript/lib/lib.scripthost.d.ts"
> "/home/fan/Projects/vscode/extensions/node_modules/typescript/lib/lib.dom.iterable.d.ts"
> "/root/.config/configstore/update-notifier-npm.json.1335527131"
> "/tmp/vscode-typescript0/f93f7c29cf6fe071ac36/tscancellation-64e47bdb68dc3a79375e.tmp3"
> "/root/.npm/_cacache/tmp/0c6f9612"
> "/root/.cache/typescript/3.8/node_modules/types-registry/package.json.751862384"
> "/root/.npm/anonymous-cli-metrics.json.2345059102"
> "/tmp/vscode-typescript0/f93f7c29cf6fe071ac36"
