> "/home/fan/Projects/vscode/out/os.js"
> "/home/fan/Projects/vscode/out/vs/base/common/uuid.js"
> "/home/fan/Projects/vscode/out/vs/base/common/amd.js"
> "/home/fan/Projects/vscode/out/vs/workbench/services/extensions/common/lazyPromise.js"
> "/home/fan/Projects/vscode/product.json"
> "/home/fan/Projects/vscode/package.json"
> "/home/fan/Projects/vscode/out/vs/workbench/api/common/extHostTypeConverters.js"
> "/home/fan/Projects/vscode/out/vs/editor/common/core/range.js"
> "/home/fan/Projects/vscode/out/vs/editor/common/core/position.js"
> "/home/fan/Projects/vscode/out/vs/platform/log/node/spdlogService.js"
> "/home/fan/Projects/vscode/out/vs/workbench/contrib/debug/node/debugAdapter.js"
> "/home/fan/Projects/vscode/out/vs/platform/sign/node/signService.js"
> "/home/fan/Projects/vscode/out/vs/workbench/contrib/debug/node/terminals.js"
> "/home/fan/Projects/vscode/out/vs/workbench/contrib/debug/common/abstractDebugAdapter.js"
> "/home/fan/Projects/vscode/out/vs/workbench/services/configurationResolver/common/variableResolver.js"
> "/home/fan/Projects/vscode/out/vs/workbench/contrib/debug/common/debugUtils.js"
> "/home/fan/Projects/vscode/out/vs/editor/common/modes.js"
> "/home/fan/Projects/vscode/out/vs/platform/markers/common/markers.js"
> "/home/fan/Projects/vscode/out/vs/workbench/services/editor/common/editorService.js"
> "/home/fan/Projects/vscode/out/vs/base/common/marked/marked.js"
> "/home/fan/Projects/vscode/out/vs/workbench/services/search/common/searchExtTypes.js"
> "/home/fan/Projects/vscode/out/vs/platform/extensionManagement/common/extensionManagement.js"
> "/home/fan/Projects/vscode/out/vs/workbench/contrib/externalTerminal/node/externalTerminalService.js"
> "/home/fan/Projects/vscode/out/vs/base/common/labels.js"
> "/home/fan/Projects/vscode/out/vs/workbench/contrib/externalTerminal/common/externalTerminal.js"
> "/home/fan/Projects/vscode/out/vs/editor/common/services/modelService.js"
> "/root/.config/code-oss-dev/logs/20200516T222225/exthost1/exthost.log"
> "/root/.vscode-oss-dev/extensions/ms-vscode.cpptools-0.28.0/dist/main.js"
> "/root/.vscode-oss-dev/extensions/ms-vscode.cpptools-0.28.0/dist/nls.metadata.header.json"
> "/root/.vscode-oss-dev/extensions/ms-vscode.cpptools-0.28.0/dist/nls.metadata.json"
> "/root/.config/code-oss-dev/logs/20200516T222225/exthost1/output_logging_20200516T222229/1-GitHub Authentication.log"
> "/root/.config/code-oss-dev/logs/20200516T222225/exthost1/output_logging_20200516T222229/2-Microsoft Authentication.log"
> "/root/package.json"
> "/root/.vscode-oss-dev/extensions/package.json"
> "/root/.config/code-oss-dev/logs/20200516T222225/exthost1/output_logging_20200516T222229/3-remote-attach.log"
> "/etc/ld.so.cache"
> "/lib/x86_64-linux-gnu/libc.so.6"
> "/etc/os-release"
> "/root/.config/code-oss-dev/logs/20200516T222225/exthost1/output_logging_20200516T222229/4-Git.log"
> "/etc/ld.so.cache"
> "/lib/x86_64-linux-gnu/libc.so.6"
> "/usr/lib/locale/locale-archive"
> "/root/.vscode-oss-dev/extensions/ms-vscode.cpptools-0.28.0/cpptools.json"
> "/root/.vscode-oss-dev/extensions/ms-vscode.cpptools-0.28.0/VCPkgHeadersDatabase.zip"
> "/etc/ld.so.cache"
> "/lib/x86_64-linux-gnu/libc.so.6"
> "/etc/os-release"
> "/root/.vscode-oss-dev/extensions/ms-vscode.cpptools-0.28.0/package.json"
> "/etc/ld.so.cache"
> "/lib/x86_64-linux-gnu/libc.so.6"
> "/usr/lib/locale/locale-archive"
> "/etc/ld.so.cache"
> "/lib/x86_64-linux-gnu/libm.so.6"
> "/lib/x86_64-linux-gnu/libpthread.so.0"
> "/lib/x86_64-linux-gnu/libc.so.6"
> "/lib/x86_64-linux-gnu/libdl.so.2"
> "/lib/x86_64-linux-gnu/librt.so.1"
> "/lib/x86_64-linux-gnu/libgcc_s.so.1"
> "/sys/devices/system/cpu/online"
> "/home/fan/Projects/vscode/extensions/bat/package.json"
> "/dev/null"
> "/etc/hosts"
> "/etc/hosts"
> "/etc/hosts"
> "/lib/x86_64-linux-gnu/libc.so.6"
> "/usr/lib/locale/locale-archive"
> "/usr/share/locale/locale.alias"
> "/usr/share/locale/en_US.UTF-8/LC_MESSAGES/gcc-9.mo"
> "/usr/share/locale/en_US.utf8/LC_MESSAGES/gcc-9.mo"
> "/usr/share/locale/en_US/LC_MESSAGES/gcc-9.mo"
> "/usr/share/locale/en.UTF-8/LC_MESSAGES/gcc-9.mo"
> "/usr/share/locale/en.utf8/LC_MESSAGES/gcc-9.mo"
> "/usr/share/locale/en/LC_MESSAGES/gcc-9.mo"
> "/usr/share/locale-langpack/en_US.UTF-8/LC_MESSAGES/gcc-9.mo"
> "/usr/share/locale-langpack/en_US.utf8/LC_MESSAGES/gcc-9.mo"
> "/usr/share/locale-langpack/en_US/LC_MESSAGES/gcc-9.mo"
> "/usr/share/locale-langpack/en.UTF-8/LC_MESSAGES/gcc-9.mo"
> "/usr/share/locale-langpack/en.utf8/LC_MESSAGES/gcc-9.mo"
> "/usr/share/locale-langpack/en/LC_MESSAGES/gcc-9.mo"
> "/etc/ld.so.cache"
> "/etc/ld.so.cache"
> "/lib/x86_64-linux-gnu/libisl.so.22"
> "/lib/x86_64-linux-gnu/libmpc.so.3"
> "/lib/x86_64-linux-gnu/libmpfr.so.6"
> "/lib/x86_64-linux-gnu/libgmp.so.10"
> "/lib/x86_64-linux-gnu/libdl.so.2"
> "/lib/x86_64-linux-gnu/libz.so.1"
> "/lib/x86_64-linux-gnu/libm.so.6"
> "/lib/x86_64-linux-gnu/libc.so.6"
> "/usr/lib/locale/locale-archive"
> "/usr/share/locale/locale.alias"
> "/usr/share/locale/en_US.UTF-8/LC_MESSAGES/gcc-9.mo"
> "/usr/share/locale/en_US.utf8/LC_MESSAGES/gcc-9.mo"
> "/usr/share/locale/en_US/LC_MESSAGES/gcc-9.mo"
> "/usr/share/locale/en.UTF-8/LC_MESSAGES/gcc-9.mo"
> "/usr/share/locale/en.utf8/LC_MESSAGES/gcc-9.mo"
> "/usr/share/locale/en/LC_MESSAGES/gcc-9.mo"
> "/usr/share/locale-langpack/en_US.UTF-8/LC_MESSAGES/gcc-9.mo"
> "/usr/share/locale-langpack/en_US.utf8/LC_MESSAGES/gcc-9.mo"
> "/usr/share/locale-langpack/en_US/LC_MESSAGES/gcc-9.mo"
> "/usr/share/locale-langpack/en.UTF-8/LC_MESSAGES/gcc-9.mo"
> "/usr/share/locale-langpack/en.utf8/LC_MESSAGES/gcc-9.mo"
> "/usr/share/locale-langpack/en/LC_MESSAGES/gcc-9.mo"
> "/home/fan/Projects/vscode/extensions/clojure/package.json"
> "/dev/null"
> "/usr/lib/gcc/x86_64-linux-gnu/9/include/stdc-predef.h"
> "/usr/local/include/stdc-predef.h"
> "/usr/include/x86_64-linux-gnu/stdc-predef.h"
> "/usr/include/stdc-predef.h"
> "/etc/ld.so.cache"
> "/lib/x86_64-linux-gnu/libc.so.6"
> "/usr/lib/locale/locale-archive"
> "/usr/share/locale/locale.alias"
> "/usr/share/locale/en_US.UTF-8/LC_MESSAGES/gcc-9.mo"
> "/usr/share/locale/en_US.utf8/LC_MESSAGES/gcc-9.mo"
> "/usr/share/locale/en_US/LC_MESSAGES/gcc-9.mo"
> "/usr/share/locale/en.UTF-8/LC_MESSAGES/gcc-9.mo"
> "/usr/share/locale/en.utf8/LC_MESSAGES/gcc-9.mo"
> "/usr/share/locale/en/LC_MESSAGES/gcc-9.mo"
> "/usr/share/locale-langpack/en_US.UTF-8/LC_MESSAGES/gcc-9.mo"
> "/usr/share/locale-langpack/en_US.utf8/LC_MESSAGES/gcc-9.mo"
> "/usr/share/locale-langpack/en_US/LC_MESSAGES/gcc-9.mo"
> "/usr/share/locale-langpack/en.UTF-8/LC_MESSAGES/gcc-9.mo"
> "/usr/share/locale-langpack/en.utf8/LC_MESSAGES/gcc-9.mo"
> "/usr/share/locale-langpack/en/LC_MESSAGES/gcc-9.mo"
> "/etc/ld.so.cache"
> "/lib/x86_64-linux-gnu/libisl.so.22"
> "/lib/x86_64-linux-gnu/libmpc.so.3"
> "/lib/x86_64-linux-gnu/libmpfr.so.6"
> "/lib/x86_64-linux-gnu/libgmp.so.10"
> "/lib/x86_64-linux-gnu/libdl.so.2"
> "/lib/x86_64-linux-gnu/libz.so.1"
> "/lib/x86_64-linux-gnu/libm.so.6"
> "/lib/x86_64-linux-gnu/libc.so.6"
> "/usr/lib/locale/locale-archive"
> "/usr/share/locale/locale.alias"
> "/usr/share/locale/en_US.UTF-8/LC_MESSAGES/gcc-9.mo"
> "/usr/share/locale/en_US.utf8/LC_MESSAGES/gcc-9.mo"
> "/usr/share/locale/en_US/LC_MESSAGES/gcc-9.mo"
> "/usr/share/locale/en.UTF-8/LC_MESSAGES/gcc-9.mo"
> "/usr/share/locale/en.utf8/LC_MESSAGES/gcc-9.mo"
> "/usr/share/locale/en/LC_MESSAGES/gcc-9.mo"
> "/usr/share/locale-langpack/en_US.UTF-8/LC_MESSAGES/gcc-9.mo"
> "/usr/share/locale-langpack/en_US.utf8/LC_MESSAGES/gcc-9.mo"
> "/usr/share/locale-langpack/en_US/LC_MESSAGES/gcc-9.mo"
> "/usr/share/locale-langpack/en.UTF-8/LC_MESSAGES/gcc-9.mo"
> "/usr/share/locale-langpack/en.utf8/LC_MESSAGES/gcc-9.mo"
> "/usr/share/locale-langpack/en/LC_MESSAGES/gcc-9.mo"
> "/dev/null"
> "/usr/include/c++/9/stdc-predef.h"
> "/usr/include/x86_64-linux-gnu/c++/9/stdc-predef.h"
> "/usr/include/c++/9/backward/stdc-predef.h"
> "/usr/lib/gcc/x86_64-linux-gnu/9/include/stdc-predef.h"
> "/usr/local/include/stdc-predef.h"
> "/usr/include/x86_64-linux-gnu/stdc-predef.h"
> "/usr/include/stdc-predef.h"
> "/etc/hosts"
> "/etc/ld.so.cache"
> "/lib/x86_64-linux-gnu/libc.so.6"
> "/usr/lib/locale/locale-archive"
> "/usr/share/locale/locale.alias"
> "/usr/share/locale/en_US.UTF-8/LC_MESSAGES/gcc-9.mo"
> "/usr/share/locale/en_US.utf8/LC_MESSAGES/gcc-9.mo"
> "/usr/share/locale/en_US/LC_MESSAGES/gcc-9.mo"
> "/usr/share/locale/en.UTF-8/LC_MESSAGES/gcc-9.mo"
> "/usr/share/locale/en.utf8/LC_MESSAGES/gcc-9.mo"
> "/usr/share/locale/en/LC_MESSAGES/gcc-9.mo"
> "/usr/share/locale-langpack/en_US.UTF-8/LC_MESSAGES/gcc-9.mo"
> "/usr/share/locale-langpack/en_US.utf8/LC_MESSAGES/gcc-9.mo"
> "/usr/share/locale-langpack/en_US/LC_MESSAGES/gcc-9.mo"
> "/usr/share/locale-langpack/en.UTF-8/LC_MESSAGES/gcc-9.mo"
> "/usr/share/locale-langpack/en.utf8/LC_MESSAGES/gcc-9.mo"
> "/usr/share/locale-langpack/en/LC_MESSAGES/gcc-9.mo"
> "/etc/ld.so.cache"
> "/lib/x86_64-linux-gnu/libisl.so.22"
> "/lib/x86_64-linux-gnu/libmpc.so.3"
> "/lib/x86_64-linux-gnu/libmpfr.so.6"
> "/lib/x86_64-linux-gnu/libgmp.so.10"
> "/lib/x86_64-linux-gnu/libdl.so.2"
> "/lib/x86_64-linux-gnu/libz.so.1"
> "/lib/x86_64-linux-gnu/libm.so.6"
> "/lib/x86_64-linux-gnu/libc.so.6"
> "/usr/lib/locale/locale-archive"
> "/usr/share/locale/locale.alias"
> "/usr/share/locale/en_US.UTF-8/LC_MESSAGES/gcc-9.mo"
> "/usr/share/locale/en_US.utf8/LC_MESSAGES/gcc-9.mo"
> "/usr/share/locale/en_US/LC_MESSAGES/gcc-9.mo"
> "/usr/share/locale/en.UTF-8/LC_MESSAGES/gcc-9.mo"
> "/usr/share/locale/en.utf8/LC_MESSAGES/gcc-9.mo"
> "/usr/share/locale/en/LC_MESSAGES/gcc-9.mo"
> "/usr/share/locale-langpack/en_US.UTF-8/LC_MESSAGES/gcc-9.mo"
> "/usr/share/locale-langpack/en_US.utf8/LC_MESSAGES/gcc-9.mo"
> "/usr/share/locale-langpack/en_US/LC_MESSAGES/gcc-9.mo"
> "/usr/share/locale-langpack/en.UTF-8/LC_MESSAGES/gcc-9.mo"
> "/usr/share/locale-langpack/en.utf8/LC_MESSAGES/gcc-9.mo"
> "/usr/share/locale-langpack/en/LC_MESSAGES/gcc-9.mo"
> "/usr/lib/gcc/x86_64-linux-gnu/9/include/stdc-predef.h"
> "/usr/local/include/stdc-predef.h"
> "/usr/include/x86_64-linux-gnu/stdc-predef.h"
> "/usr/include/stdc-predef.h"
> "/dev/null"
> "/home/fan/Projects/vscode/extensions/coffeescript/package.json"
> "/etc/ld.so.cache"
> "/lib/x86_64-linux-gnu/libc.so.6"
> "/usr/lib/locale/locale-archive"
> "/usr/share/locale/locale.alias"
> "/usr/share/locale/en_US.UTF-8/LC_MESSAGES/gcc-9.mo"
> "/usr/share/locale/en_US.utf8/LC_MESSAGES/gcc-9.mo"
> "/usr/share/locale/en_US/LC_MESSAGES/gcc-9.mo"
> "/usr/share/locale/en.UTF-8/LC_MESSAGES/gcc-9.mo"
> "/usr/share/locale/en.utf8/LC_MESSAGES/gcc-9.mo"
> "/usr/share/locale/en/LC_MESSAGES/gcc-9.mo"
> "/usr/share/locale-langpack/en_US.UTF-8/LC_MESSAGES/gcc-9.mo"
> "/usr/share/locale-langpack/en_US.utf8/LC_MESSAGES/gcc-9.mo"
> "/usr/share/locale-langpack/en_US/LC_MESSAGES/gcc-9.mo"
> "/usr/share/locale-langpack/en.UTF-8/LC_MESSAGES/gcc-9.mo"
> "/usr/share/locale-langpack/en.utf8/LC_MESSAGES/gcc-9.mo"
> "/usr/share/locale-langpack/en/LC_MESSAGES/gcc-9.mo"
> "/etc/ld.so.cache"
> "/lib/x86_64-linux-gnu/libisl.so.22"
> "/lib/x86_64-linux-gnu/libmpc.so.3"
> "/lib/x86_64-linux-gnu/libmpfr.so.6"
> "/lib/x86_64-linux-gnu/libgmp.so.10"
> "/lib/x86_64-linux-gnu/libdl.so.2"
> "/lib/x86_64-linux-gnu/libz.so.1"
> "/lib/x86_64-linux-gnu/libm.so.6"
> "/lib/x86_64-linux-gnu/libc.so.6"
> "/usr/lib/locale/locale-archive"
> "/usr/share/locale/locale.alias"
> "/usr/share/locale/en_US.UTF-8/LC_MESSAGES/gcc-9.mo"
> "/usr/share/locale/en_US.utf8/LC_MESSAGES/gcc-9.mo"
> "/usr/share/locale/en_US/LC_MESSAGES/gcc-9.mo"
> "/usr/share/locale/en.UTF-8/LC_MESSAGES/gcc-9.mo"
> "/usr/share/locale/en.utf8/LC_MESSAGES/gcc-9.mo"
> "/usr/share/locale/en/LC_MESSAGES/gcc-9.mo"
> "/usr/share/locale-langpack/en_US.UTF-8/LC_MESSAGES/gcc-9.mo"
> "/usr/share/locale-langpack/en_US.utf8/LC_MESSAGES/gcc-9.mo"
> "/usr/share/locale-langpack/en_US/LC_MESSAGES/gcc-9.mo"
> "/usr/share/locale-langpack/en.UTF-8/LC_MESSAGES/gcc-9.mo"
> "/usr/share/locale-langpack/en.utf8/LC_MESSAGES/gcc-9.mo"
> "/usr/share/locale-langpack/en/LC_MESSAGES/gcc-9.mo"
> "/dev/null"
> "/usr/include/c++/9/stdc-predef.h"
> "/usr/include/x86_64-linux-gnu/c++/9/stdc-predef.h"
> "/usr/include/c++/9/backward/stdc-predef.h"
> "/usr/lib/gcc/x86_64-linux-gnu/9/include/stdc-predef.h"
> "/usr/local/include/stdc-predef.h"
> "/usr/include/x86_64-linux-gnu/stdc-predef.h"
> "/usr/include/stdc-predef.h"
> "/etc/hosts"
> "/root/.config/code-oss-dev/User/workspaceStorage/525851cdb2e0329fca39d346548a2f4d/ms-vscode.cpptools/.browse.VC.db"
> "/etc/ld.so.cache"
> "/lib/x86_64-linux-gnu/libc.so.6"
> "/usr/lib/locale/locale-archive"
> "/usr/share/locale/locale.alias"
> "/usr/share/locale/en_US.UTF-8/LC_MESSAGES/gcc-9.mo"
> "/usr/share/locale/en_US.utf8/LC_MESSAGES/gcc-9.mo"
> "/usr/share/locale/en_US/LC_MESSAGES/gcc-9.mo"
> "/usr/share/locale/en.UTF-8/LC_MESSAGES/gcc-9.mo"
> "/usr/share/locale/en.utf8/LC_MESSAGES/gcc-9.mo"
> "/usr/share/locale/en/LC_MESSAGES/gcc-9.mo"
> "/usr/share/locale-langpack/en_US.UTF-8/LC_MESSAGES/gcc-9.mo"
> "/usr/share/locale-langpack/en_US.utf8/LC_MESSAGES/gcc-9.mo"
> "/usr/share/locale-langpack/en_US/LC_MESSAGES/gcc-9.mo"
> "/usr/share/locale-langpack/en.UTF-8/LC_MESSAGES/gcc-9.mo"
> "/usr/share/locale-langpack/en.utf8/LC_MESSAGES/gcc-9.mo"
> "/usr/share/locale-langpack/en/LC_MESSAGES/gcc-9.mo"
> "/etc/ld.so.cache"
> "/lib/x86_64-linux-gnu/libisl.so.22"
> "/lib/x86_64-linux-gnu/libmpc.so.3"
> "/lib/x86_64-linux-gnu/libmpfr.so.6"
> "/lib/x86_64-linux-gnu/libgmp.so.10"
> "/lib/x86_64-linux-gnu/libdl.so.2"
> "/lib/x86_64-linux-gnu/libz.so.1"
> "/lib/x86_64-linux-gnu/libm.so.6"
> "/lib/x86_64-linux-gnu/libc.so.6"
> "/usr/lib/locale/locale-archive"
> "/usr/share/locale/locale.alias"
> "/usr/share/locale/en_US.UTF-8/LC_MESSAGES/gcc-9.mo"
> "/usr/share/locale/en_US.utf8/LC_MESSAGES/gcc-9.mo"
> "/usr/share/locale/en_US/LC_MESSAGES/gcc-9.mo"
> "/usr/share/locale/en.UTF-8/LC_MESSAGES/gcc-9.mo"
> "/usr/share/locale/en.utf8/LC_MESSAGES/gcc-9.mo"
> "/usr/share/locale/en/LC_MESSAGES/gcc-9.mo"
> "/usr/share/locale-langpack/en_US.UTF-8/LC_MESSAGES/gcc-9.mo"
> "/usr/share/locale-langpack/en_US.utf8/LC_MESSAGES/gcc-9.mo"
> "/usr/share/locale-langpack/en_US/LC_MESSAGES/gcc-9.mo"
> "/usr/share/locale-langpack/en.UTF-8/LC_MESSAGES/gcc-9.mo"
> "/usr/share/locale-langpack/en.utf8/LC_MESSAGES/gcc-9.mo"
> "/usr/share/locale-langpack/en/LC_MESSAGES/gcc-9.mo"
> "/dev/null"
> "/usr/lib/gcc/x86_64-linux-gnu/9/include/stdc-predef.h"
> "/usr/local/include/stdc-predef.h"
> "/usr/include/x86_64-linux-gnu/stdc-predef.h"
> "/usr/include/stdc-predef.h"
> "/dev/null"
> "/root/.config/code-oss-dev/User/workspaceStorage/525851cdb2e0329fca39d346548a2f4d/ms-vscode.cpptools/.browse.VC.db"
> "/root/.config/code-oss-dev/User/workspaceStorage/525851cdb2e0329fca39d346548a2f4d/ms-vscode.cpptools/.browse.VC.db-wal"
> "/root/.config/code-oss-dev/User/workspaceStorage/525851cdb2e0329fca39d346548a2f4d/ms-vscode.cpptools/.browse.VC.db-shm"
> "/dev/urandom"
> "/home/fan/Projects/vscode/extensions/configuration-editing/package.json"
> "/etc/ld.so.cache"
> "/lib/x86_64-linux-gnu/libc.so.6"
> "/usr/lib/locale/locale-archive"
> "/usr/share/locale/locale.alias"
> "/usr/share/locale/en_US.UTF-8/LC_MESSAGES/gcc-9.mo"
> "/usr/share/locale/en_US.utf8/LC_MESSAGES/gcc-9.mo"
> "/usr/share/locale/en_US/LC_MESSAGES/gcc-9.mo"
> "/usr/share/locale/en.UTF-8/LC_MESSAGES/gcc-9.mo"
> "/usr/share/locale/en.utf8/LC_MESSAGES/gcc-9.mo"
> "/usr/share/locale/en/LC_MESSAGES/gcc-9.mo"
> "/usr/share/locale-langpack/en_US.UTF-8/LC_MESSAGES/gcc-9.mo"
> "/usr/share/locale-langpack/en_US.utf8/LC_MESSAGES/gcc-9.mo"
> "/usr/share/locale-langpack/en_US/LC_MESSAGES/gcc-9.mo"
> "/usr/share/locale-langpack/en.UTF-8/LC_MESSAGES/gcc-9.mo"
> "/usr/share/locale-langpack/en.utf8/LC_MESSAGES/gcc-9.mo"
> "/usr/share/locale-langpack/en/LC_MESSAGES/gcc-9.mo"
> "/dev/null"
> "/etc/ld.so.cache"
> "/lib/x86_64-linux-gnu/libisl.so.22"
> "/lib/x86_64-linux-gnu/libmpc.so.3"
> "/lib/x86_64-linux-gnu/libmpfr.so.6"
> "/lib/x86_64-linux-gnu/libgmp.so.10"
> "/lib/x86_64-linux-gnu/libdl.so.2"
> "/lib/x86_64-linux-gnu/libz.so.1"
> "/lib/x86_64-linux-gnu/libm.so.6"
> "/lib/x86_64-linux-gnu/libc.so.6"
> "/usr/lib/locale/locale-archive"
> "/usr/share/locale/locale.alias"
> "/usr/share/locale/en_US.UTF-8/LC_MESSAGES/gcc-9.mo"
> "/usr/share/locale/en_US.utf8/LC_MESSAGES/gcc-9.mo"
> "/usr/share/locale/en_US/LC_MESSAGES/gcc-9.mo"
> "/usr/share/locale/en.UTF-8/LC_MESSAGES/gcc-9.mo"
> "/usr/share/locale/en.utf8/LC_MESSAGES/gcc-9.mo"
> "/usr/share/locale/en/LC_MESSAGES/gcc-9.mo"
> "/usr/share/locale-langpack/en_US.UTF-8/LC_MESSAGES/gcc-9.mo"
> "/usr/share/locale-langpack/en_US.utf8/LC_MESSAGES/gcc-9.mo"
> "/usr/share/locale-langpack/en_US/LC_MESSAGES/gcc-9.mo"
> "/usr/share/locale-langpack/en.UTF-8/LC_MESSAGES/gcc-9.mo"
> "/usr/share/locale-langpack/en.utf8/LC_MESSAGES/gcc-9.mo"
> "/usr/share/locale-langpack/en/LC_MESSAGES/gcc-9.mo"
> "/home/fan/Projects/vscode-test/.git/HEAD"
> "/dev/null"
> "/etc/ld.so.cache"
> "/lib/x86_64-linux-gnu/libpcre2-8.so.0"
> "/lib/x86_64-linux-gnu/libz.so.1"
> "/usr/include/c++/9/stdc-predef.h"
> "/home/fan/Projects/vscode-test/.gitmodules"
> "/lib/x86_64-linux-gnu/libpthread.so.0"
> "/usr/include/x86_64-linux-gnu/c++/9/stdc-predef.h"
> "/home/fan/Projects/vscode-test/.git/REBASE_HEAD"
> "/lib/x86_64-linux-gnu/libc.so.6"
> "/usr/include/c++/9/backward/stdc-predef.h"
> "/usr/lib/gcc/x86_64-linux-gnu/9/include/stdc-predef.h"
> "/usr/local/include/stdc-predef.h"
> "/usr/include/x86_64-linux-gnu/stdc-predef.h"
> "/usr/include/stdc-predef.h"
> "/dev/null"
> "/usr/lib/locale/locale-archive"
> "/home/fan/Projects/vscode-test/.git/HEAD"
> ".git/config"
> ".git/config"
> ".git/HEAD"
> ".git/refs/heads/master"
> ".git/config"
> "/home/fan/Projects/vscode-test"
> "/home/fan/Projects/vscode-test/.git"
> "/home/fan/Projects/vscode-test/results"
> "/usr/include"
> "/usr/include/netrose"
> "/usr/include/mtd"
> "/usr/include/xcb"
> "/usr/include/rpcsvc"
> "/usr/include/rpc"
> "/usr/include/netipx"
> "/usr/include/misc"
> "/usr/include/node"
> "/dev/null"
> "/usr/include/python3.8"
> "/usr/include/netiucv"
> "/usr/include/gci-2"
> "/usr/include/sound"
> "/usr/include/netax25"
> "/usr/include/netatalk"
> "/usr/include/openvpn"
> "/usr/include/uuid"
> "/usr/include/libmount"
> "/usr/include/netpacket"
> "/usr/include/asm-generic"
> "/usr/include/sepol"
> "/usr/include/nfs"
> "/usr/include/glib-2.0"
> "/usr/include/netinet"
> "/usr/include/rdma"
> "/usr/include/selinux"
> "/usr/include/drm"
> "/usr/include/linux"
> "/usr/include/gio-unix-2.0"
> "/usr/include/x86_64-linux-gnu"
> "/usr/include/xorg"
> "/usr/include/libsecret-1"
> "/usr/include/gcalc-2"
> "/usr/include/c++"
> "/usr/include/arpa"
> "/usr/include/X11"
> "/usr/include/neteconet"
> "/usr/include/netash"
> "/usr/include/GL"
> "/usr/include/finclude"
> "/usr/include/net"
> "/usr/include/iproute2"
> "/usr/include/scsi"
> "/usr/include/reglib"
> "/usr/include/video"
> "/usr/include/xen"
> "/usr/include/protocols"
> "/usr/include/netrom"
> "/usr/include/blkid"
> ".git/config"
> ".git/index"
> ".git/refs/"
> ".git/packed-refs"
> ".git/objects/info/alternates"
> ".git/objects/pack"
> ".git/objects/pack/pack-b59518bfc8a19dce52875984952e55b4685f9f2a.idx"
> ".git/objects/pack/pack-b59518bfc8a19dce52875984952e55b4685f9f2a.pack"
> ".mailmap"
> "/root/.vscode-oss-dev/extensions/ms-vscode.cpptools-0.28.0/cpptools.json"
> "/usr/include/c++/9"
> "/usr/include/c++/9/decimal"
> "/usr/include/c++/9/backward"
> "/usr/include/c++/9/experimental"
> "/usr/include/c++/9/pstl"
> "/usr/include/c++/9/ext"
> "/usr/include/c++/9/debug"
> "/usr/include/c++/9/parallel"
> "/usr/include/c++/9/bits"
> "/usr/include/c++/9/tr1"
> "/home/fan/Projects/vscode-test/.git/MERGE_MSG"
> "/usr/include/c++/9/tr2"
> "/usr/include/c++/9/profile"
> "/dev/null"
> "/usr/include/c++/9/backward"
> "/usr/include/x86_64-linux-gnu"
> "/usr/include/x86_64-linux-gnu/gnu"
> "/usr/include/x86_64-linux-gnu/sys"
> "/usr/include/x86_64-linux-gnu/bits"
> "/usr/include/x86_64-linux-gnu/asm"
> "/usr/include/x86_64-linux-gnu/c++"
> "/usr/include/x86_64-linux-gnu/finclude"
> "/usr/include/x86_64-linux-gnu/c++/9"
> "/usr/include/x86_64-linux-gnu/c++/9/ext"
> "/usr/include/x86_64-linux-gnu/c++/9/bits"
> "/usr/lib/gcc/x86_64-linux-gnu/9/include"
> "/usr/lib/gcc/x86_64-linux-gnu/9/include/sanitizer"
> "/root/.vscode-oss-dev/extensions/ms-vscode.cpptools-0.28.0/cpptools.json"
> "/home/fan/Projects/vscode/extensions/cpp/package.json"
> "/home/fan/Projects/vscode/extensions/csharp/package.json"
> "/usr/local/include"
> "/root/.config/code-oss-dev/User/workspaceStorage/525851cdb2e0329fca39d346548a2f4d/ms-vscode.cpptools/.browse.VC.db"
> "/root/.config/code-oss-dev/User/workspaceStorage/525851cdb2e0329fca39d346548a2f4d/ms-vscode.cpptools/.browse.VC.db-wal"
> "/home/fan/Projects/vscode/extensions/css/package.json"
> "/root/.cache/vscode-cpptools/ipch"
> "/root/.config/code-oss-dev/User/workspaceStorage/525851cdb2e0329fca39d346548a2f4d/ms-vscode.cpptools/.browse.VC.db"
> "/root/.config/code-oss-dev/User/workspaceStorage/525851cdb2e0329fca39d346548a2f4d/ms-vscode.cpptools/.browse.VC.db-wal"
> "/home/fan/Projects/vscode-test"
> "/proc/sys/vm/overcommit_memory"
> "/home/fan/Projects/vscode/extensions/css-language-features/package.json"
> "/root/.config/code-oss-dev/User/workspaceStorage/525851cdb2e0329fca39d346548a2f4d/ms-vscode.cpptools/.browse.VC.db"
> "/root/.config/code-oss-dev/User/workspaceStorage/525851cdb2e0329fca39d346548a2f4d/ms-vscode.cpptools/.browse.VC.db-wal"
> "/usr/lib/gcc/x86_64-linux-gnu/9/include"
> "/etc/hosts"
> "/home/fan/Projects/vscode/extensions/debug-auto-launch/package.json"
> "/home/fan/Projects/vscode/extensions/debug-server-ready/package.json"
> "/home/fan/Projects/vscode/extensions/docker/package.json"
> "/home/fan/Projects/vscode/extensions/emmet/package.json"
> "/home/fan/Projects/vscode/extensions/extension-editing/package.json"
> "/home/fan/Projects/vscode/extensions/fsharp/package.json"
> "/home/fan/Projects/vscode/extensions/git/package.json"
> "/home/fan/Projects/vscode/extensions/git-ui/package.json"
> "/home/fan/Projects/vscode/extensions/github-authentication/package.json"
> "/home/fan/Projects/vscode/extensions/go/package.json"
> "/root/.config/code-oss-dev/User/workspaceStorage/525851cdb2e0329fca39d346548a2f4d/ms-vscode.cpptools/.browse.VC.db"
> "/root/.config/code-oss-dev/User/workspaceStorage/525851cdb2e0329fca39d346548a2f4d/ms-vscode.cpptools/.browse.VC.db-wal"
> "/home/fan/Projects/vscode/extensions/groovy/package.json"
> "/home/fan/Projects/vscode/extensions/grunt/package.json"
> "/home/fan/Projects/vscode/extensions/gulp/package.json"
> "/home/fan/Projects/vscode/extensions/handlebars/package.json"
> "/home/fan/Projects/vscode/extensions/hlsl/package.json"
> "/tmp/pipe_server_request_7982_0"
> "/etc/ld.so.cache"
> "/lib/x86_64-linux-gnu/libm.so.6"
> "/lib/x86_64-linux-gnu/libpthread.so.0"
> "/lib/x86_64-linux-gnu/libc.so.6"
> "/lib/x86_64-linux-gnu/libdl.so.2"
> "/lib/x86_64-linux-gnu/librt.so.1"
> "/lib/x86_64-linux-gnu/libgcc_s.so.1"
> "/sys/devices/system/cpu/online"
> "/dev/null"
> "/tmp/pipe_server_request_7982_0"
> "/tmp/pipe_client_response_7982_0"
> "/tmp/pipe_client_response_7982_0"
> "/tmp/pipe_client_request_7982_0"
> "/tmp/pipe_client_request_7982_0"
> "/tmp/pipe_server_response_7982_0"
> "/tmp/pipe_server_response_7982_0"
> "/home/fan/Projects/vscode/extensions/html/package.json"
> "/home/fan/Projects/vscode/extensions/html-language-features/package.json"
> "/home/fan/Projects/vscode/extensions/image-preview/package.json"
> "/home/fan/Projects/vscode/extensions/ini/package.json"
> "/home/fan/Projects/vscode/extensions/jake/package.json"
> "/home/fan/Projects/vscode/extensions/java/package.json"
> "/usr/local/include"
> "/usr/include"
> "/home/fan/Projects/vscode/extensions/javascript/package.json"
> "/home/fan/Projects/vscode/extensions/json/package.json"
> "/home/fan/Projects/vscode/extensions/json-language-features/package.json"
> "/home/fan/Projects/vscode/extensions/less/package.json"
> "/home/fan/Projects/vscode/extensions/log/package.json"
> "/home/fan/Projects/vscode/extensions/lua/package.json"
> "/home/fan/Projects/vscode/extensions/make/package.json"
> "/home/fan/Projects/vscode/extensions/markdown-basics/package.json"
> "/home/fan/Projects/vscode/extensions/markdown-language-features/package.json"
> "/home/fan/Projects/vscode/extensions/merge-conflict/package.json"
> "/home/fan/Projects/vscode/.build/builtInExtensions/ms-vscode.js-debug-companion/package.json"
> "/home/fan/Projects/vscode/.build/builtInExtensions/ms-vscode.js-debug-nightly/package.json"
> "/home/fan/Projects/vscode/.build/builtInExtensions/ms-vscode.node-debug/package.json"
> "/home/fan/Projects/vscode/.build/builtInExtensions/ms-vscode.node-debug2/package.json"
> "/home/fan/Projects/vscode/.build/builtInExtensions/ms-vscode.references-view/package.json"
> "/home/fan/Projects/vscode/.build/builtInExtensions/ms-vscode.vscode-js-profile-table/package.json"
> "/home/fan/Projects/vscode/extensions/npm/package.json"
> "/home/fan/Projects/vscode/extensions/objective-c/package.json"
> "/home/fan/Projects/vscode/extensions/perl/package.json"
> "/home/fan/Projects/vscode/extensions/php/package.json"
> "/home/fan/Projects/vscode/extensions/php-language-features/package.json"
> "/home/fan/Projects/vscode/extensions/powershell/package.json"
> "/home/fan/Projects/vscode/extensions/pug/package.json"
> "/home/fan/Projects/vscode/extensions/python/package.json"
> "/home/fan/Projects/vscode/extensions/r/package.json"
> "/home/fan/Projects/vscode/extensions/razor/package.json"
> "/home/fan/Projects/vscode/extensions/ruby/package.json"
> "/home/fan/Projects/vscode/extensions/rust/package.json"
> "/home/fan/Projects/vscode/extensions/scss/package.json"
> "/home/fan/Projects/vscode/extensions/search-result/package.json"
> "/home/fan/Projects/vscode/extensions/shaderlab/package.json"
> "/home/fan/Projects/vscode/extensions/shellscript/package.json"
> "/home/fan/Projects/vscode/extensions/sql/package.json"
> "/home/fan/Projects/vscode/extensions/swift/package.json"
> "/home/fan/Projects/vscode/extensions/theme-abyss/package.json"
> "/home/fan/Projects/vscode/extensions/theme-defaults/package.json"
> "/home/fan/Projects/vscode/extensions/theme-defaults/themes/dark_plus.json"
> "/home/fan/Projects/vscode/extensions/theme-defaults/themes/dark_vs.json"
> "/home/fan/Projects/vscode/extensions/theme-defaults/themes/dark_defaults.json"
> "/root/.vscode-oss-dev/extensions/ms-vscode.cpptools-0.28.0/bin/msvc.json"
> "/root/.vscode-oss-dev/extensions/ms-vscode.cpptools-0.28.0/bin/msvc.x64.gcc.json"
> "/root/.cache/vscode-cpptools/ipch/7f62cc8273cac72/mmap_address.bin"
> "/etc/localtime"
> "/tmp/edg0_8022"
> "/root/.cache/vscode-cpptools/ipch/7f62cc8273cac72/HelloWorld.ipch"
> "/root/.cache/vscode-cpptools/ipch/7f62cc8273cac72/HelloWorld.ipch"
> "/root/.cache/vscode-cpptools/ipch/7f62cc8273cac72/HelloWorld.ipch"
> "/usr/include/c++/9/bits/std_abs.h"
> "/usr/include/x86_64-linux-gnu/bits/floatn.h"
> "/usr/include/c++/9/type_traits"
> "/usr/include/c++/9/iostream"
> "/etc/ld.so.cache"
> "/lib/x86_64-linux-gnu/libc.so.6"
> "/etc/ld.so.cache"
> "/lib/x86_64-linux-gnu/libprocps.so.8"
> "/lib/x86_64-linux-gnu/libdl.so.2"
> "/lib/x86_64-linux-gnu/libc.so.6"
> "/lib/x86_64-linux-gnu/libsystemd.so.0"
> "/lib/x86_64-linux-gnu/librt.so.1"
> "/lib/x86_64-linux-gnu/liblzma.so.5"
> "/lib/x86_64-linux-gnu/liblz4.so.1"
> "/lib/x86_64-linux-gnu/libgcrypt.so.20"
> "/lib/x86_64-linux-gnu/libpthread.so.0"
> "/lib/x86_64-linux-gnu/libgpg-error.so.0"
> "/proc/self/auxv"
> "/proc/sys/kernel/osrelease"
> "/sys/devices/system/cpu/online"
> "/proc/self/auxv"
> "/usr/lib/locale/locale-archive"
> "/proc/self/stat"
> "/dev/tty"
> "/proc/uptime"
> "/usr/share/locale/locale.alias"
> "/usr/share/locale/en_US.UTF-8/LC_MESSAGES/procps-ng.mo"
> "/usr/share/locale/en_US.utf8/LC_MESSAGES/procps-ng.mo"
> "/usr/share/locale/en_US/LC_MESSAGES/procps-ng.mo"
> "/usr/share/locale/en.UTF-8/LC_MESSAGES/procps-ng.mo"
> "/usr/share/locale/en.utf8/LC_MESSAGES/procps-ng.mo"
> "/usr/share/locale/en/LC_MESSAGES/procps-ng.mo"
> "/usr/share/locale-langpack/en_US.UTF-8/LC_MESSAGES/procps-ng.mo"
> "/usr/share/locale-langpack/en_US.utf8/LC_MESSAGES/procps-ng.mo"
> "/usr/share/locale-langpack/en_US/LC_MESSAGES/procps-ng.mo"
> "/usr/share/locale-langpack/en.UTF-8/LC_MESSAGES/procps-ng.mo"
> "/usr/share/locale-langpack/en.utf8/LC_MESSAGES/procps-ng.mo"
> "/usr/share/locale-langpack/en/LC_MESSAGES/procps-ng.mo"
> "/proc/sys/kernel/osrelease"
> "/proc/meminfo"
> "/proc"
> "/proc/1/stat"
> "/proc/1/status"
> "/proc/2/stat"
> "/proc/2/status"
> "/proc/3/stat"
> "/proc/3/status"
> "/proc/4/stat"
> "/proc/4/status"
> "/proc/6/stat"
> "/proc/6/status"
> "/proc/9/stat"
> "/proc/9/status"
> "/proc/10/stat"
> "/proc/10/status"
> "/proc/11/stat"
> "/proc/11/status"
> "/proc/12/stat"
> "/proc/12/status"
> "/proc/13/stat"
> "/proc/13/status"
> "/proc/14/stat"
> "/proc/14/status"
> "/proc/15/stat"
> "/proc/15/status"
> "/proc/16/stat"
> "/proc/16/status"
> "/proc/17/stat"
> "/proc/17/status"
> "/proc/18/stat"
> "/proc/18/status"
> "/proc/20/stat"
> "/proc/20/status"
> "/proc/21/stat"
> "/proc/21/status"
> "/proc/22/stat"
> "/proc/22/status"
> "/proc/23/stat"
> "/proc/23/status"
> "/proc/24/stat"
> "/proc/24/status"
> "/proc/26/stat"
> "/proc/26/status"
> "/proc/27/stat"
> "/proc/27/status"
> "/proc/28/stat"
> "/proc/28/status"
> "/proc/29/stat"
> "/proc/29/status"
> "/proc/30/stat"
> "/proc/30/status"
> "/proc/32/stat"
> "/proc/32/status"
> "/proc/33/stat"
> "/proc/33/status"
> "/proc/34/stat"
> "/proc/34/status"
> "/proc/35/stat"
> "/proc/35/status"
> "/proc/36/stat"
> "/proc/36/status"
> "/proc/38/stat"
> "/proc/38/status"
> "/proc/39/stat"
> "/proc/39/status"
> "/proc/40/stat"
> "/proc/40/status"
> "/proc/41/stat"
> "/proc/41/status"
> "/proc/42/stat"
> "/proc/42/status"
> "/proc/43/stat"
> "/proc/43/status"
> "/proc/137/stat"
> "/proc/137/status"
> "/proc/138/stat"
> "/proc/138/status"
> "/proc/139/stat"
> "/proc/139/status"
> "/proc/140/stat"
> "/proc/140/status"
> "/proc/141/stat"
> "/proc/141/status"
> "/proc/142/stat"
> "/proc/142/status"
> "/proc/143/stat"
> "/proc/143/status"
> "/proc/144/stat"
> "/proc/144/status"
> "/proc/145/stat"
> "/proc/145/status"
> "/proc/148/stat"
> "/proc/148/status"
> "/proc/149/stat"
> "/proc/149/status"
> "/proc/152/stat"
> "/proc/152/status"
> "/proc/153/stat"
> "/proc/153/status"
> "/proc/154/stat"
> "/proc/154/status"
> "/proc/156/stat"
> "/proc/156/status"
> "/proc/167/stat"
> "/proc/167/status"
> "/proc/171/stat"
> "/proc/171/status"
> "/proc/187/stat"
> "/proc/187/status"
> "/proc/240/stat"
> "/proc/240/status"
> "/proc/241/stat"
> "/proc/241/status"
> "/proc/242/stat"
> "/proc/242/status"
> "/proc/243/stat"
> "/proc/243/status"
> "/proc/244/stat"
> "/proc/244/status"
> "/proc/245/stat"
> "/proc/245/status"
> "/proc/246/stat"
> "/proc/246/status"
> "/proc/247/stat"
> "/proc/247/status"
> "/proc/248/stat"
> "/proc/248/status"
> "/proc/249/stat"
> "/proc/249/status"
> "/proc/256/stat"
> "/proc/256/status"
> "/proc/259/stat"
> "/proc/259/status"
> "/proc/260/stat"
> "/proc/260/status"
> "/proc/280/stat"
> "/proc/280/status"
> "/proc/281/stat"
> "/proc/281/status"
> "/proc/282/stat"
> "/proc/282/status"
> "/proc/321/stat"
> "/proc/321/status"
> "/proc/356/stat"
> "/proc/356/status"
> "/proc/357/stat"
> "/proc/357/status"
> "/proc/358/stat"
> "/proc/358/status"
> "/proc/359/stat"
> "/proc/359/status"
> "/proc/360/stat"
> "/proc/360/status"
> "/proc/361/stat"
> "/proc/361/status"
> "/proc/362/stat"
> "/proc/362/status"
> "/proc/385/stat"
> "/proc/385/status"
> "/proc/393/stat"
> "/proc/393/status"
> "/proc/413/stat"
> "/proc/413/status"
> "/proc/414/stat"
> "/proc/414/status"
> "/proc/592/stat"
> "/proc/592/status"
> "/proc/593/stat"
> "/proc/593/status"
> "/proc/597/stat"
> "/proc/597/status"
> "/proc/598/stat"
> "/proc/598/status"
> "/proc/601/stat"
> "/proc/601/status"
> "/proc/603/stat"
> "/proc/603/status"
> "/proc/605/stat"
> "/proc/605/status"
> "/proc/606/stat"
> "/proc/606/status"
> "/proc/616/stat"
> "/proc/616/status"
> "/proc/618/stat"
> "/proc/618/status"
> "/proc/623/stat"
> "/proc/623/status"
> "/proc/628/stat"
> "/proc/628/status"
> "/proc/635/stat"
> "/proc/635/status"
> "/proc/637/stat"
> "/proc/637/status"
> "/proc/638/stat"
> "/proc/638/status"
> "/proc/639/stat"
> "/proc/639/status"
> "/proc/645/stat"
> "/proc/645/status"
> "/proc/646/stat"
> "/proc/646/status"
> "/proc/652/stat"
> "/proc/652/status"
> "/proc/694/stat"
> "/proc/694/status"
> "/proc/697/stat"
> "/proc/697/status"
> "/proc/708/stat"
> "/proc/708/status"
> "/proc/731/stat"
> "/proc/731/status"
> "/proc/770/stat"
> "/proc/770/status"
> "/proc/895/stat"
> "/proc/895/status"
> "/proc/954/stat"
> "/proc/954/status"
> "/proc/1171/stat"
> "/proc/1171/status"
> "/proc/1252/stat"
> "/proc/1252/status"
> "/proc/1253/stat"
> "/proc/1253/status"
> "/proc/1255/stat"
> "/proc/1255/status"
> "/proc/1370/stat"
> "/proc/1370/status"
> "/proc/1427/stat"
> "/proc/1427/status"
> "/proc/1428/stat"
> "/proc/1428/status"
> "/proc/1459/stat"
> "/proc/1459/status"
> "/proc/1463/stat"
> "/proc/1463/status"
> "/proc/1465/stat"
> "/proc/1465/status"
> "/proc/1470/stat"
> "/proc/1470/status"
> "/proc/1486/stat"
> "/proc/1486/status"
> "/proc/1491/stat"
> "/proc/1491/status"
> "/proc/1493/stat"
> "/proc/1493/status"
> "/proc/1503/stat"
> "/proc/1503/status"
> "/proc/1507/stat"
> "/proc/1507/status"
> "/proc/1511/stat"
> "/proc/1511/status"
> "/proc/1519/stat"
> "/proc/1519/status"
> "/proc/1524/stat"
> "/proc/1524/status"
> "/proc/1530/stat"
> "/proc/1530/status"
> "/proc/1545/stat"
> "/proc/1545/status"
> "/proc/1547/stat"
> "/proc/1547/status"
> "/proc/1588/stat"
> "/proc/1588/status"
> "/proc/1661/stat"
> "/proc/1661/status"
> "/proc/1678/stat"
> "/proc/1678/status"
> "/proc/1682/stat"
> "/proc/1682/status"
> "/proc/1684/stat"
> "/proc/1684/status"
> "/proc/1685/stat"
> "/proc/1685/status"
> "/proc/1689/stat"
> "/proc/1689/status"
> "/proc/1696/stat"
> "/proc/1696/status"
> "/proc/1699/stat"
> "/proc/1699/status"
> "/proc/1712/stat"
> "/proc/1712/status"
> "/proc/1725/stat"
> "/proc/1725/status"
> "/proc/1732/stat"
> "/proc/1732/status"
> "/proc/1740/stat"
> "/proc/1740/status"
> "/proc/1745/stat"
> "/proc/1745/status"
> "/proc/1750/stat"
> "/proc/1750/status"
> "/proc/1751/stat"
> "/proc/1751/status"
> "/proc/1764/stat"
> "/proc/1764/status"
> "/proc/1775/stat"
> "/proc/1775/status"
> "/proc/1787/stat"
> "/proc/1787/status"
> "/proc/1796/stat"
> "/proc/1796/status"
> "/proc/1856/stat"
> "/proc/1856/status"
> "/proc/1860/stat"
> "/proc/1860/status"
> "/proc/1869/stat"
> "/proc/1869/status"
> "/proc/1876/stat"
> "/proc/1876/status"
> "/proc/1884/stat"
> "/proc/1884/status"
> "/proc/1898/stat"
> "/proc/1898/status"
> "/proc/1900/stat"
> "/proc/1900/status"
> "/proc/1901/stat"
> "/proc/1901/status"
> "/proc/1902/stat"
> "/proc/1902/status"
> "/proc/1905/stat"
> "/proc/1905/status"
> "/proc/1906/stat"
> "/proc/1906/status"
> "/proc/1907/stat"
> "/proc/1907/status"
> "/proc/1908/stat"
> "/proc/1908/status"
> "/proc/1909/stat"
> "/proc/1909/status"
> "/proc/1910/stat"
> "/proc/1910/status"
> "/proc/1914/stat"
> "/proc/1914/status"
> "/proc/1915/stat"
> "/proc/1915/status"
> "/proc/1916/stat"
> "/proc/1916/status"
> "/proc/1917/stat"
> "/proc/1917/status"
> "/proc/1922/stat"
> "/proc/1922/status"
> "/proc/1933/stat"
> "/proc/1933/status"
> "/proc/1935/stat"
> "/proc/1935/status"
> "/proc/1938/stat"
> "/proc/1938/status"
> "/proc/1980/stat"
> "/proc/1980/status"
> "/proc/1985/stat"
> "/proc/1985/status"
> "/proc/2002/stat"
> "/proc/2002/status"
> "/proc/2053/stat"
> "/proc/2053/status"
> "/proc/2063/stat"
> "/proc/2063/status"
> "/proc/2115/stat"
> "/proc/2115/status"
> "/proc/2118/stat"
> "/proc/2118/status"
> "/proc/2141/stat"
> "/proc/2141/status"
> "/proc/2157/stat"
> "/proc/2157/status"
> "/proc/2168/stat"
> "/proc/2168/status"
> "/proc/2202/stat"
> "/proc/2202/status"
> "/proc/2203/stat"
> "/proc/2203/status"
> "/proc/2227/stat"
> "/proc/2227/status"
> "/proc/2244/stat"
> "/proc/2244/status"
> "/proc/2245/stat"
> "/proc/2245/status"
> "/proc/2264/stat"
> "/proc/2264/status"
> "/proc/2288/stat"
> "/proc/2288/status"
> "/proc/2324/stat"
> "/proc/2324/status"
> "/proc/2425/stat"
> "/proc/2425/status"
> "/proc/2465/stat"
> "/proc/2465/status"
> "/proc/3111/stat"
> "/proc/3111/status"
> "/proc/3117/stat"
> "/proc/3117/status"
> "/proc/3118/stat"
> "/proc/3118/status"
> "/proc/3122/stat"
> "/proc/3122/status"
> "/proc/3125/stat"
> "/proc/3125/status"
> "/proc/3128/stat"
> "/proc/3128/status"
> "/proc/3146/stat"
> "/proc/3146/status"
> "/proc/3151/stat"
> "/proc/3151/status"
> "/proc/3349/stat"
> "/proc/3349/status"
> "/proc/3471/stat"
> "/proc/3471/status"
> "/proc/3533/stat"
> "/proc/3533/status"
> "/proc/3575/stat"
> "/proc/3575/status"
> "/proc/3816/stat"
> "/proc/3816/status"
> "/proc/3840/stat"
> "/proc/3840/status"
> "/proc/3841/stat"
> "/proc/3841/status"
> "/proc/3848/stat"
> "/proc/3848/status"
> "/proc/3855/stat"
> "/proc/3855/status"
> "/proc/3866/stat"
> "/proc/3866/status"
> "/proc/3867/stat"
> "/proc/3867/status"
> "/proc/3878/stat"
> "/proc/3878/status"
> "/proc/5362/stat"
> "/proc/5362/status"
> "/proc/5416/stat"
> "/proc/5416/status"
> "/proc/5713/stat"
> "/proc/5713/status"
> "/proc/5816/stat"
> "/proc/5816/status"
> "/proc/5987/stat"
> "/proc/5987/status"
> "/proc/6150/stat"
> "/proc/6150/status"
> "/proc/6329/stat"
> "/proc/6329/status"
> "/proc/6415/stat"
> "/proc/6415/status"
> "/proc/6548/stat"
> "/proc/6548/status"
> "/proc/6572/stat"
> "/proc/6572/status"
> "/proc/6573/stat"
> "/proc/6573/status"
> "/proc/6618/stat"
> "/proc/6618/status"
> "/proc/6627/stat"
> "/proc/6627/status"
> "/proc/6639/stat"
> "/proc/6639/status"
> "/proc/6695/stat"
> "/proc/6695/status"
> "/proc/6713/stat"
> "/proc/6713/status"
> "/proc/6714/stat"
> "/proc/6714/status"
> "/proc/6788/stat"
> "/proc/6788/status"
> "/proc/6805/stat"
> "/proc/6805/status"
> "/proc/7528/stat"
> "/proc/7528/status"
> "/proc/7790/stat"
> "/proc/7790/status"
> "/proc/7791/stat"
> "/proc/7791/status"
> "/proc/7840/stat"
> "/proc/7840/status"
> "/proc/7862/stat"
> "/proc/7862/status"
> "/proc/7878/stat"
> "/proc/7878/status"
> "/proc/7887/stat"
> "/proc/7887/status"
> "/proc/7913/stat"
> "/proc/7913/status"
> "/proc/7914/stat"
> "/proc/7914/status"
> "/proc/7915/stat"
> "/proc/7915/status"
> "/proc/7934/stat"
> "/proc/7934/status"
> "/proc/7949/stat"
> "/proc/7949/status"
> "/proc/7982/stat"
> "/proc/7982/status"
> "/proc/8022/stat"
> "/proc/8022/status"
> "/proc/8031/stat"
> "/proc/8031/status"
> "/proc/8032/stat"
> "/proc/8032/status"
> "/etc/ld.so.cache"
> "/lib/x86_64-linux-gnu/libc.so.6"
> "/etc/ld.so.cache"
> "/lib/x86_64-linux-gnu/libprocps.so.8"
> "/lib/x86_64-linux-gnu/libdl.so.2"
> "/lib/x86_64-linux-gnu/libc.so.6"
> "/lib/x86_64-linux-gnu/libsystemd.so.0"
> "/lib/x86_64-linux-gnu/librt.so.1"
> "/lib/x86_64-linux-gnu/liblzma.so.5"
> "/lib/x86_64-linux-gnu/liblz4.so.1"
> "/lib/x86_64-linux-gnu/libgcrypt.so.20"
> "/lib/x86_64-linux-gnu/libpthread.so.0"
> "/lib/x86_64-linux-gnu/libgpg-error.so.0"
> "/proc/self/auxv"
> "/proc/sys/kernel/osrelease"
> "/sys/devices/system/cpu/online"
> "/proc/self/auxv"
> "/usr/lib/locale/locale-archive"
> "/proc/self/stat"
> "/dev/tty"
> "/proc/uptime"
> "/usr/share/locale/locale.alias"
> "/usr/share/locale/en_US.UTF-8/LC_MESSAGES/procps-ng.mo"
> "/usr/share/locale/en_US.utf8/LC_MESSAGES/procps-ng.mo"
> "/usr/share/locale/en_US/LC_MESSAGES/procps-ng.mo"
> "/usr/share/locale/en.UTF-8/LC_MESSAGES/procps-ng.mo"
> "/usr/share/locale/en.utf8/LC_MESSAGES/procps-ng.mo"
> "/usr/share/locale/en/LC_MESSAGES/procps-ng.mo"
> "/usr/share/locale-langpack/en_US.UTF-8/LC_MESSAGES/procps-ng.mo"
> "/usr/share/locale-langpack/en_US.utf8/LC_MESSAGES/procps-ng.mo"
> "/usr/share/locale-langpack/en_US/LC_MESSAGES/procps-ng.mo"
> "/usr/share/locale-langpack/en.UTF-8/LC_MESSAGES/procps-ng.mo"
> "/usr/share/locale-langpack/en.utf8/LC_MESSAGES/procps-ng.mo"
> "/usr/share/locale-langpack/en/LC_MESSAGES/procps-ng.mo"
> "/proc/sys/kernel/osrelease"
> "/proc/meminfo"
> "/proc"
> "/proc/1/stat"
> "/proc/1/status"
> "/proc/2/stat"
> "/proc/2/status"
> "/proc/3/stat"
> "/proc/3/status"
> "/proc/4/stat"
> "/proc/4/status"
> "/proc/6/stat"
> "/proc/6/status"
> "/proc/9/stat"
> "/proc/9/status"
> "/proc/10/stat"
> "/proc/10/status"
> "/proc/11/stat"
> "/proc/11/status"
> "/proc/12/stat"
> "/proc/12/status"
> "/proc/13/stat"
> "/proc/13/status"
> "/proc/14/stat"
> "/proc/14/status"
> "/proc/15/stat"
> "/proc/15/status"
> "/proc/16/stat"
> "/proc/16/status"
> "/proc/17/stat"
> "/proc/17/status"
> "/proc/18/stat"
> "/proc/18/status"
> "/proc/20/stat"
> "/proc/20/status"
> "/proc/21/stat"
> "/proc/21/status"
> "/proc/22/stat"
> "/proc/22/status"
> "/proc/23/stat"
> "/proc/23/status"
> "/proc/24/stat"
> "/proc/24/status"
> "/proc/26/stat"
> "/proc/26/status"
> "/proc/27/stat"
> "/proc/27/status"
> "/proc/28/stat"
> "/proc/28/status"
> "/proc/29/stat"
> "/proc/29/status"
> "/proc/30/stat"
> "/proc/30/status"
> "/proc/32/stat"
> "/proc/32/status"
> "/proc/33/stat"
> "/proc/33/status"
> "/proc/34/stat"
> "/proc/34/status"
> "/proc/35/stat"
> "/proc/35/status"
> "/proc/36/stat"
> "/proc/36/status"
> "/proc/38/stat"
> "/proc/38/status"
> "/proc/39/stat"
> "/proc/39/status"
> "/proc/40/stat"
> "/proc/40/status"
> "/proc/41/stat"
> "/proc/41/status"
> "/proc/42/stat"
> "/proc/42/status"
> "/proc/43/stat"
> "/proc/43/status"
> "/proc/137/stat"
> "/proc/137/status"
> "/proc/138/stat"
> "/proc/138/status"
> "/proc/139/stat"
> "/proc/139/status"
> "/proc/140/stat"
> "/proc/140/status"
> "/proc/141/stat"
> "/proc/141/status"
> "/proc/142/stat"
> "/proc/142/status"
> "/proc/143/stat"
> "/proc/143/status"
> "/proc/144/stat"
> "/proc/144/status"
> "/proc/145/stat"
> "/proc/145/status"
> "/proc/148/stat"
> "/proc/148/status"
> "/proc/149/stat"
> "/proc/149/status"
> "/proc/152/stat"
> "/proc/152/status"
> "/proc/153/stat"
> "/proc/153/status"
> "/proc/154/stat"
> "/proc/154/status"
> "/proc/156/stat"
> "/proc/156/status"
> "/proc/167/stat"
> "/proc/167/status"
> "/proc/171/stat"
> "/proc/171/status"
> "/proc/187/stat"
> "/proc/187/status"
> "/proc/240/stat"
> "/proc/240/status"
> "/proc/241/stat"
> "/proc/241/status"
> "/proc/242/stat"
> "/proc/242/status"
> "/proc/243/stat"
> "/proc/243/status"
> "/proc/244/stat"
> "/proc/244/status"
> "/proc/245/stat"
> "/proc/245/status"
> "/proc/246/stat"
> "/proc/246/status"
> "/proc/247/stat"
> "/proc/247/status"
> "/proc/248/stat"
> "/proc/248/status"
> "/proc/249/stat"
> "/proc/249/status"
> "/proc/256/stat"
> "/proc/256/status"
> "/proc/259/stat"
> "/proc/259/status"
> "/proc/260/stat"
> "/proc/260/status"
> "/proc/280/stat"
> "/proc/280/status"
> "/proc/281/stat"
> "/proc/281/status"
> "/proc/282/stat"
> "/proc/282/status"
> "/proc/321/stat"
> "/proc/321/status"
> "/proc/356/stat"
> "/proc/356/status"
> "/proc/357/stat"
> "/proc/357/status"
> "/proc/358/stat"
> "/proc/358/status"
> "/proc/359/stat"
> "/proc/359/status"
> "/proc/360/stat"
> "/proc/360/status"
> "/proc/361/stat"
> "/proc/361/status"
> "/proc/362/stat"
> "/proc/362/status"
> "/proc/385/stat"
> "/proc/385/status"
> "/proc/393/stat"
> "/proc/393/status"
> "/proc/413/stat"
> "/proc/413/status"
> "/proc/414/stat"
> "/proc/414/status"
> "/proc/592/stat"
> "/proc/592/status"
> "/proc/593/stat"
> "/proc/593/status"
> "/proc/597/stat"
> "/proc/597/status"
> "/proc/598/stat"
> "/proc/598/status"
> "/proc/601/stat"
> "/proc/601/status"
> "/proc/603/stat"
> "/proc/603/status"
> "/proc/605/stat"
> "/proc/605/status"
> "/proc/606/stat"
> "/proc/606/status"
> "/proc/616/stat"
> "/proc/616/status"
> "/proc/618/stat"
> "/proc/618/status"
> "/proc/623/stat"
> "/proc/623/status"
> "/proc/628/stat"
> "/proc/628/status"
> "/proc/635/stat"
> "/proc/635/status"
> "/proc/637/stat"
> "/proc/637/status"
> "/proc/638/stat"
> "/proc/638/status"
> "/proc/639/stat"
> "/proc/639/status"
> "/proc/645/stat"
> "/proc/645/status"
> "/proc/646/stat"
> "/proc/646/status"
> "/proc/652/stat"
> "/proc/652/status"
> "/proc/694/stat"
> "/proc/694/status"
> "/proc/697/stat"
> "/proc/697/status"
> "/proc/708/stat"
> "/proc/708/status"
> "/proc/731/stat"
> "/proc/731/status"
> "/proc/770/stat"
> "/proc/770/status"
> "/proc/895/stat"
> "/proc/895/status"
> "/proc/954/stat"
> "/proc/954/status"
> "/proc/1171/stat"
> "/proc/1171/status"
> "/proc/1252/stat"
> "/proc/1252/status"
> "/proc/1253/stat"
> "/proc/1253/status"
> "/proc/1255/stat"
> "/proc/1255/status"
> "/proc/1370/stat"
> "/proc/1370/status"
> "/proc/1427/stat"
> "/proc/1427/status"
> "/proc/1428/stat"
> "/proc/1428/status"
> "/proc/1459/stat"
> "/proc/1459/status"
> "/proc/1463/stat"
> "/proc/1463/status"
> "/proc/1465/stat"
> "/proc/1465/status"
> "/proc/1470/stat"
> "/proc/1470/status"
> "/proc/1486/stat"
> "/proc/1486/status"
> "/proc/1491/stat"
> "/proc/1491/status"
> "/proc/1493/stat"
> "/proc/1493/status"
> "/proc/1503/stat"
> "/proc/1503/status"
> "/proc/1507/stat"
> "/proc/1507/status"
> "/proc/1511/stat"
> "/proc/1511/status"
> "/proc/1519/stat"
> "/proc/1519/status"
> "/proc/1524/stat"
> "/proc/1524/status"
> "/proc/1530/stat"
> "/proc/1530/status"
> "/proc/1545/stat"
> "/proc/1545/status"
> "/proc/1547/stat"
> "/proc/1547/status"
> "/proc/1588/stat"
> "/proc/1588/status"
> "/proc/1661/stat"
> "/proc/1661/status"
> "/proc/1678/stat"
> "/proc/1678/status"
> "/proc/1682/stat"
> "/proc/1682/status"
> "/proc/1684/stat"
> "/proc/1684/status"
> "/proc/1685/stat"
> "/proc/1685/status"
> "/proc/1689/stat"
> "/proc/1689/status"
> "/proc/1696/stat"
> "/proc/1696/status"
> "/proc/1699/stat"
> "/proc/1699/status"
> "/proc/1712/stat"
> "/proc/1712/status"
> "/proc/1725/stat"
> "/proc/1725/status"
> "/proc/1732/stat"
> "/proc/1732/status"
> "/proc/1740/stat"
> "/proc/1740/status"
> "/proc/1745/stat"
> "/proc/1745/status"
> "/proc/1750/stat"
> "/proc/1750/status"
> "/proc/1751/stat"
> "/proc/1751/status"
> "/proc/1764/stat"
> "/proc/1764/status"
> "/proc/1775/stat"
> "/proc/1775/status"
> "/proc/1787/stat"
> "/proc/1787/status"
> "/proc/1796/stat"
> "/proc/1796/status"
> "/proc/1856/stat"
> "/proc/1856/status"
> "/proc/1860/stat"
> "/proc/1860/status"
> "/proc/1869/stat"
> "/proc/1869/status"
> "/proc/1876/stat"
> "/proc/1876/status"
> "/proc/1884/stat"
> "/proc/1884/status"
> "/proc/1898/stat"
> "/proc/1898/status"
> "/proc/1900/stat"
> "/proc/1900/status"
> "/proc/1901/stat"
> "/proc/1901/status"
> "/proc/1902/stat"
> "/proc/1902/status"
> "/proc/1905/stat"
> "/proc/1905/status"
> "/proc/1906/stat"
> "/proc/1906/status"
> "/proc/1907/stat"
> "/proc/1907/status"
> "/proc/1908/stat"
> "/proc/1908/status"
> "/proc/1909/stat"
> "/proc/1909/status"
> "/proc/1910/stat"
> "/proc/1910/status"
> "/proc/1914/stat"
> "/proc/1914/status"
> "/proc/1915/stat"
> "/proc/1915/status"
> "/proc/1916/stat"
> "/proc/1916/status"
> "/proc/1917/stat"
> "/proc/1917/status"
> "/proc/1922/stat"
> "/proc/1922/status"
> "/proc/1933/stat"
> "/proc/1933/status"
> "/proc/1935/stat"
> "/proc/1935/status"
> "/proc/1938/stat"
> "/proc/1938/status"
> "/proc/1980/stat"
> "/proc/1980/status"
> "/proc/1985/stat"
> "/proc/1985/status"
> "/proc/2002/stat"
> "/proc/2002/status"
> "/proc/2053/stat"
> "/proc/2053/status"
> "/proc/2063/stat"
> "/proc/2063/status"
> "/proc/2115/stat"
> "/proc/2115/status"
> "/proc/2118/stat"
> "/proc/2118/status"
> "/proc/2141/stat"
> "/proc/2141/status"
> "/proc/2157/stat"
> "/proc/2157/status"
> "/proc/2168/stat"
> "/proc/2168/status"
> "/proc/2202/stat"
> "/proc/2202/status"
> "/proc/2203/stat"
> "/proc/2203/status"
> "/proc/2227/stat"
> "/proc/2227/status"
> "/proc/2244/stat"
> "/proc/2244/status"
> "/proc/2245/stat"
> "/proc/2245/status"
> "/proc/2264/stat"
> "/proc/2264/status"
> "/proc/2288/stat"
> "/proc/2288/status"
> "/proc/2324/stat"
> "/proc/2324/status"
> "/proc/2425/stat"
> "/proc/2425/status"
> "/proc/2465/stat"
> "/proc/2465/status"
> "/proc/3111/stat"
> "/proc/3111/status"
> "/proc/3117/stat"
> "/proc/3117/status"
> "/proc/3118/stat"
> "/proc/3118/status"
> "/proc/3122/stat"
> "/proc/3122/status"
> "/proc/3125/stat"
> "/proc/3125/status"
> "/proc/3128/stat"
> "/proc/3128/status"
> "/proc/3146/stat"
> "/proc/3146/status"
> "/proc/3151/stat"
> "/proc/3151/status"
> "/proc/3349/stat"
> "/proc/3349/status"
> "/proc/3471/stat"
> "/proc/3471/status"
> "/proc/3533/stat"
> "/proc/3533/status"
> "/proc/3575/stat"
> "/proc/3575/status"
> "/proc/3816/stat"
> "/proc/3816/status"
> "/proc/3840/stat"
> "/proc/3840/status"
> "/proc/3841/stat"
> "/proc/3841/status"
> "/proc/3848/stat"
> "/proc/3848/status"
> "/proc/3855/stat"
> "/proc/3855/status"
> "/proc/3866/stat"
> "/proc/3866/status"
> "/proc/3867/stat"
> "/proc/3867/status"
> "/proc/3878/stat"
> "/proc/3878/status"
> "/proc/5362/stat"
> "/proc/5362/status"
> "/proc/5416/stat"
> "/proc/5416/status"
> "/proc/5713/stat"
> "/proc/5713/status"
> "/proc/5816/stat"
> "/proc/5816/status"
> "/proc/5987/stat"
> "/proc/5987/status"
> "/proc/6150/stat"
> "/proc/6150/status"
> "/proc/6329/stat"
> "/proc/6329/status"
> "/proc/6415/stat"
> "/proc/6415/status"
> "/proc/6548/stat"
> "/proc/6548/status"
> "/proc/6572/stat"
> "/proc/6572/status"
> "/proc/6573/stat"
> "/proc/6573/status"
> "/proc/6618/stat"
> "/proc/6618/status"
> "/proc/6627/stat"
> "/proc/6627/status"
> "/proc/6639/stat"
> "/proc/6639/status"
> "/proc/6695/stat"
> "/proc/6695/status"
> "/proc/6713/stat"
> "/proc/6713/status"
> "/proc/6714/stat"
> "/proc/6714/status"
> "/proc/6788/stat"
> "/proc/6788/status"
> "/proc/6805/stat"
> "/proc/6805/status"
> "/proc/7528/stat"
> "/proc/7528/status"
> "/proc/7790/stat"
> "/proc/7790/status"
> "/proc/7791/stat"
> "/proc/7791/status"
> "/proc/7840/stat"
> "/proc/7840/status"
> "/proc/7862/stat"
> "/proc/7862/status"
> "/proc/7878/stat"
> "/proc/7878/status"
> "/proc/7887/stat"
> "/proc/7887/status"
> "/proc/7913/stat"
> "/proc/7913/status"
> "/proc/7914/stat"
> "/proc/7914/status"
> "/proc/7915/stat"
> "/proc/7915/status"
> "/proc/7934/stat"
> "/proc/7934/status"
> "/proc/7949/stat"
> "/proc/7949/status"
> "/proc/7982/stat"
> "/proc/7982/status"
> "/proc/8022/stat"
> "/proc/8022/status"
> "/proc/8033/stat"
> "/proc/8033/status"
> "/proc/8034/stat"
> "/proc/8034/status"
> "/root/.cache/vscode-cpptools/ipch"
> "/home/fan/Projects/vscode-test"
> "/root/.config/code-oss-dev/User/workspaceStorage/525851cdb2e0329fca39d346548a2f4d/ms-vscode.cpptools/.browse.VC.db"
> "/root/.config/code-oss-dev/User/workspaceStorage/525851cdb2e0329fca39d346548a2f4d/ms-vscode.cpptools/.browse.VC.db-wal"
> "/tmp/pipe_server_request_7982_1"
> "/etc/ld.so.cache"
> "/lib/x86_64-linux-gnu/libm.so.6"
> "/lib/x86_64-linux-gnu/libpthread.so.0"
> "/lib/x86_64-linux-gnu/libc.so.6"
> "/lib/x86_64-linux-gnu/libdl.so.2"
> "/lib/x86_64-linux-gnu/librt.so.1"
> "/lib/x86_64-linux-gnu/libgcc_s.so.1"
> "/sys/devices/system/cpu/online"
> "/dev/null"
> "/tmp/pipe_server_request_7982_1"
> "/tmp/pipe_client_response_7982_1"
> "/tmp/pipe_client_response_7982_1"
> "/tmp/pipe_client_request_7982_1"
> "/tmp/pipe_client_request_7982_1"
> "/tmp/pipe_server_response_7982_1"
> "/tmp/pipe_server_response_7982_1"
> "/home/fan/Projects/vscode-test"
> "/dev/null"
> "/root/.vscode-oss-dev/extensions/ms-vscode.cpptools-0.28.0/bin/msvc.json"
> "/root/.vscode-oss-dev/extensions/ms-vscode.cpptools-0.28.0/bin/msvc.x64.gcc.json"
> "/root/.cache/vscode-cpptools/ipch/154d6b1816d64102/mmap_address.bin"
> "/etc/localtime"
> "/tmp/edg0_8035"
> "/root/.cache/vscode-cpptools/ipch/154d6b1816d64102/HelloWorld.ipch"
> "/root/.cache/vscode-cpptools/ipch/154d6b1816d64102/HelloWorld.ipch"
> "/root/.cache/vscode-cpptools/ipch/154d6b1816d64102/HelloWorld.ipch"
> "/usr/include/stdio.h"
> "/etc/ld.so.cache"
> "/lib/x86_64-linux-gnu/libc.so.6"
> "/etc/ld.so.cache"
> "/lib/x86_64-linux-gnu/libprocps.so.8"
> "/lib/x86_64-linux-gnu/libdl.so.2"
> "/lib/x86_64-linux-gnu/libc.so.6"
> "/lib/x86_64-linux-gnu/libsystemd.so.0"
> "/lib/x86_64-linux-gnu/librt.so.1"
> "/lib/x86_64-linux-gnu/liblzma.so.5"
> "/lib/x86_64-linux-gnu/liblz4.so.1"
> "/lib/x86_64-linux-gnu/libgcrypt.so.20"
> "/lib/x86_64-linux-gnu/libpthread.so.0"
> "/lib/x86_64-linux-gnu/libgpg-error.so.0"
> "/proc/self/auxv"
> "/proc/sys/kernel/osrelease"
> "/sys/devices/system/cpu/online"
> "/proc/self/auxv"
> "/usr/lib/locale/locale-archive"
> "/proc/self/stat"
> "/dev/tty"
> "/proc/uptime"
> "/usr/share/locale/locale.alias"
> "/usr/share/locale/en_US.UTF-8/LC_MESSAGES/procps-ng.mo"
> "/usr/share/locale/en_US.utf8/LC_MESSAGES/procps-ng.mo"
> "/usr/share/locale/en_US/LC_MESSAGES/procps-ng.mo"
> "/usr/share/locale/en.UTF-8/LC_MESSAGES/procps-ng.mo"
> "/usr/share/locale/en.utf8/LC_MESSAGES/procps-ng.mo"
> "/usr/share/locale/en/LC_MESSAGES/procps-ng.mo"
> "/usr/share/locale-langpack/en_US.UTF-8/LC_MESSAGES/procps-ng.mo"
> "/usr/share/locale-langpack/en_US.utf8/LC_MESSAGES/procps-ng.mo"
> "/usr/share/locale-langpack/en_US/LC_MESSAGES/procps-ng.mo"
> "/usr/share/locale-langpack/en.UTF-8/LC_MESSAGES/procps-ng.mo"
> "/usr/share/locale-langpack/en.utf8/LC_MESSAGES/procps-ng.mo"
> "/usr/share/locale-langpack/en/LC_MESSAGES/procps-ng.mo"
> "/proc/sys/kernel/osrelease"
> "/proc/meminfo"
> "/proc"
> "/proc/1/stat"
> "/proc/1/status"
> "/proc/2/stat"
> "/proc/2/status"
> "/proc/3/stat"
> "/proc/3/status"
> "/proc/4/stat"
> "/proc/4/status"
> "/proc/6/stat"
> "/proc/6/status"
> "/proc/9/stat"
> "/proc/9/status"
> "/proc/10/stat"
> "/proc/10/status"
> "/proc/11/stat"
> "/proc/11/status"
> "/proc/12/stat"
> "/proc/12/status"
> "/proc/13/stat"
> "/proc/13/status"
> "/proc/14/stat"
> "/proc/14/status"
> "/proc/15/stat"
> "/proc/15/status"
> "/proc/16/stat"
> "/proc/16/status"
> "/proc/17/stat"
> "/proc/17/status"
> "/proc/18/stat"
> "/proc/18/status"
> "/proc/20/stat"
> "/proc/20/status"
> "/proc/21/stat"
> "/proc/21/status"
> "/proc/22/stat"
> "/proc/22/status"
> "/proc/23/stat"
> "/proc/23/status"
> "/proc/24/stat"
> "/proc/24/status"
> "/proc/26/stat"
> "/proc/26/status"
> "/proc/27/stat"
> "/proc/27/status"
> "/proc/28/stat"
> "/proc/28/status"
> "/proc/29/stat"
> "/proc/29/status"
> "/proc/30/stat"
> "/proc/30/status"
> "/proc/32/stat"
> "/proc/32/status"
> "/proc/33/stat"
> "/proc/33/status"
> "/proc/34/stat"
> "/proc/34/status"
> "/proc/35/stat"
> "/proc/35/status"
> "/proc/36/stat"
> "/proc/36/status"
> "/proc/38/stat"
> "/proc/38/status"
> "/proc/39/stat"
> "/proc/39/status"
> "/proc/40/stat"
> "/proc/40/status"
> "/proc/41/stat"
> "/proc/41/status"
> "/proc/42/stat"
> "/proc/42/status"
> "/proc/43/stat"
> "/proc/43/status"
> "/proc/137/stat"
> "/proc/137/status"
> "/proc/138/stat"
> "/proc/138/status"
> "/proc/139/stat"
> "/proc/139/status"
> "/proc/140/stat"
> "/proc/140/status"
> "/proc/141/stat"
> "/proc/141/status"
> "/proc/142/stat"
> "/proc/142/status"
> "/proc/143/stat"
> "/proc/143/status"
> "/proc/144/stat"
> "/proc/144/status"
> "/proc/145/stat"
> "/proc/145/status"
> "/proc/148/stat"
> "/proc/148/status"
> "/proc/149/stat"
> "/proc/149/status"
> "/proc/152/stat"
> "/proc/152/status"
> "/proc/153/stat"
> "/proc/153/status"
> "/proc/154/stat"
> "/proc/154/status"
> "/proc/156/stat"
> "/proc/156/status"
> "/proc/167/stat"
> "/proc/167/status"
> "/proc/171/stat"
> "/proc/171/status"
> "/proc/187/stat"
> "/proc/187/status"
> "/proc/240/stat"
> "/proc/240/status"
> "/proc/241/stat"
> "/proc/241/status"
> "/proc/242/stat"
> "/proc/242/status"
> "/proc/243/stat"
> "/proc/243/status"
> "/proc/244/stat"
> "/proc/244/status"
> "/proc/245/stat"
> "/proc/245/status"
> "/proc/246/stat"
> "/proc/246/status"
> "/proc/247/stat"
> "/proc/247/status"
> "/proc/248/stat"
> "/proc/248/status"
> "/proc/249/stat"
> "/proc/249/status"
> "/proc/256/stat"
> "/proc/256/status"
> "/proc/259/stat"
> "/proc/259/status"
> "/proc/260/stat"
> "/proc/260/status"
> "/proc/280/stat"
> "/proc/280/status"
> "/proc/281/stat"
> "/proc/281/status"
> "/proc/282/stat"
> "/proc/282/status"
> "/proc/321/stat"
> "/proc/321/status"
> "/proc/356/stat"
> "/proc/356/status"
> "/proc/357/stat"
> "/proc/357/status"
> "/proc/358/stat"
> "/proc/358/status"
> "/proc/359/stat"
> "/proc/359/status"
> "/proc/360/stat"
> "/proc/360/status"
> "/proc/361/stat"
> "/proc/361/status"
> "/proc/362/stat"
> "/proc/362/status"
> "/proc/385/stat"
> "/proc/385/status"
> "/proc/393/stat"
> "/proc/393/status"
> "/proc/413/stat"
> "/proc/413/status"
> "/proc/414/stat"
> "/proc/414/status"
> "/proc/592/stat"
> "/proc/592/status"
> "/proc/593/stat"
> "/proc/593/status"
> "/proc/597/stat"
> "/proc/597/status"
> "/proc/598/stat"
> "/proc/598/status"
> "/proc/601/stat"
> "/proc/601/status"
> "/proc/603/stat"
> "/proc/603/status"
> "/proc/605/stat"
> "/proc/605/status"
> "/proc/606/stat"
> "/proc/606/status"
> "/proc/616/stat"
> "/proc/616/status"
> "/proc/618/stat"
> "/proc/618/status"
> "/proc/623/stat"
> "/proc/623/status"
> "/proc/628/stat"
> "/proc/628/status"
> "/proc/635/stat"
> "/proc/635/status"
> "/proc/637/stat"
> "/proc/637/status"
> "/proc/638/stat"
> "/proc/638/status"
> "/proc/639/stat"
> "/proc/639/status"
> "/proc/645/stat"
> "/proc/645/status"
> "/proc/646/stat"
> "/proc/646/status"
> "/proc/652/stat"
> "/proc/652/status"
> "/proc/694/stat"
> "/proc/694/status"
> "/proc/697/stat"
> "/proc/697/status"
> "/proc/708/stat"
> "/proc/708/status"
> "/proc/731/stat"
> "/proc/731/status"
> "/proc/770/stat"
> "/proc/770/status"
> "/proc/895/stat"
> "/proc/895/status"
> "/proc/954/stat"
> "/proc/954/status"
> "/proc/1171/stat"
> "/proc/1171/status"
> "/proc/1252/stat"
> "/proc/1252/status"
> "/proc/1253/stat"
> "/proc/1253/status"
> "/proc/1255/stat"
> "/proc/1255/status"
> "/proc/1370/stat"
> "/proc/1370/status"
> "/proc/1427/stat"
> "/proc/1427/status"
> "/proc/1428/stat"
> "/proc/1428/status"
> "/proc/1459/stat"
> "/proc/1459/status"
> "/proc/1463/stat"
> "/proc/1463/status"
> "/proc/1465/stat"
> "/proc/1465/status"
> "/proc/1470/stat"
> "/proc/1470/status"
> "/proc/1486/stat"
> "/proc/1486/status"
> "/proc/1491/stat"
> "/proc/1491/status"
> "/proc/1493/stat"
> "/proc/1493/status"
> "/proc/1503/stat"
> "/proc/1503/status"
> "/proc/1507/stat"
> "/proc/1507/status"
> "/proc/1511/stat"
> "/proc/1511/status"
> "/proc/1519/stat"
> "/proc/1519/status"
> "/proc/1524/stat"
> "/proc/1524/status"
> "/proc/1530/stat"
> "/proc/1530/status"
> "/proc/1545/stat"
> "/proc/1545/status"
> "/proc/1547/stat"
> "/proc/1547/status"
> "/proc/1588/stat"
> "/proc/1588/status"
> "/proc/1661/stat"
> "/proc/1661/status"
> "/proc/1678/stat"
> "/proc/1678/status"
> "/proc/1682/stat"
> "/proc/1682/status"
> "/proc/1684/stat"
> "/proc/1684/status"
> "/proc/1685/stat"
> "/proc/1685/status"
> "/proc/1689/stat"
> "/proc/1689/status"
> "/proc/1696/stat"
> "/proc/1696/status"
> "/proc/1699/stat"
> "/proc/1699/status"
> "/proc/1712/stat"
> "/proc/1712/status"
> "/proc/1725/stat"
> "/proc/1725/status"
> "/proc/1732/stat"
> "/proc/1732/status"
> "/proc/1740/stat"
> "/proc/1740/status"
> "/proc/1745/stat"
> "/proc/1745/status"
> "/proc/1750/stat"
> "/proc/1750/status"
> "/proc/1751/stat"
> "/proc/1751/status"
> "/proc/1764/stat"
> "/proc/1764/status"
> "/proc/1775/stat"
> "/proc/1775/status"
> "/proc/1787/stat"
> "/proc/1787/status"
> "/proc/1796/stat"
> "/proc/1796/status"
> "/proc/1856/stat"
> "/proc/1856/status"
> "/proc/1860/stat"
> "/proc/1860/status"
> "/proc/1869/stat"
> "/proc/1869/status"
> "/proc/1876/stat"
> "/proc/1876/status"
> "/proc/1884/stat"
> "/proc/1884/status"
> "/proc/1898/stat"
> "/proc/1898/status"
> "/proc/1900/stat"
> "/proc/1900/status"
> "/proc/1901/stat"
> "/proc/1901/status"
> "/proc/1902/stat"
> "/proc/1902/status"
> "/proc/1905/stat"
> "/proc/1905/status"
> "/proc/1906/stat"
> "/proc/1906/status"
> "/proc/1907/stat"
> "/proc/1907/status"
> "/proc/1908/stat"
> "/proc/1908/status"
> "/proc/1909/stat"
> "/proc/1909/status"
> "/proc/1910/stat"
> "/proc/1910/status"
> "/proc/1914/stat"
> "/proc/1914/status"
> "/proc/1915/stat"
> "/proc/1915/status"
> "/proc/1916/stat"
> "/proc/1916/status"
> "/proc/1917/stat"
> "/proc/1917/status"
> "/proc/1922/stat"
> "/proc/1922/status"
> "/proc/1933/stat"
> "/proc/1933/status"
> "/proc/1935/stat"
> "/proc/1935/status"
> "/proc/1938/stat"
> "/proc/1938/status"
> "/proc/1980/stat"
> "/proc/1980/status"
> "/proc/1985/stat"
> "/proc/1985/status"
> "/proc/2002/stat"
> "/proc/2002/status"
> "/proc/2053/stat"
> "/proc/2053/status"
> "/proc/2063/stat"
> "/proc/2063/status"
> "/proc/2115/stat"
> "/proc/2115/status"
> "/proc/2118/stat"
> "/proc/2118/status"
> "/proc/2141/stat"
> "/proc/2141/status"
> "/proc/2157/stat"
> "/proc/2157/status"
> "/proc/2168/stat"
> "/proc/2168/status"
> "/proc/2202/stat"
> "/proc/2202/status"
> "/proc/2203/stat"
> "/proc/2203/status"
> "/proc/2227/stat"
> "/proc/2227/status"
> "/proc/2244/stat"
> "/proc/2244/status"
> "/proc/2245/stat"
> "/proc/2245/status"
> "/proc/2264/stat"
> "/proc/2264/status"
> "/proc/2288/stat"
> "/proc/2288/status"
> "/proc/2324/stat"
> "/proc/2324/status"
> "/proc/2425/stat"
> "/proc/2425/status"
> "/proc/2465/stat"
> "/proc/2465/status"
> "/proc/3111/stat"
> "/proc/3111/status"
> "/proc/3117/stat"
> "/proc/3117/status"
> "/proc/3118/stat"
> "/proc/3118/status"
> "/proc/3122/stat"
> "/proc/3122/status"
> "/proc/3125/stat"
> "/proc/3125/status"
> "/proc/3128/stat"
> "/proc/3128/status"
> "/proc/3146/stat"
> "/proc/3146/status"
> "/proc/3151/stat"
> "/proc/3151/status"
> "/proc/3349/stat"
> "/proc/3349/status"
> "/proc/3471/stat"
> "/proc/3471/status"
> "/proc/3533/stat"
> "/proc/3533/status"
> "/proc/3575/stat"
> "/proc/3575/status"
> "/proc/3816/stat"
> "/proc/3816/status"
> "/proc/3840/stat"
> "/proc/3840/status"
> "/proc/3841/stat"
> "/proc/3841/status"
> "/proc/3848/stat"
> "/proc/3848/status"
> "/proc/3855/stat"
> "/proc/3855/status"
> "/proc/3866/stat"
> "/proc/3866/status"
> "/proc/3867/stat"
> "/proc/3867/status"
> "/proc/3878/stat"
> "/proc/3878/status"
> "/proc/5362/stat"
> "/proc/5362/status"
> "/proc/5416/stat"
> "/proc/5416/status"
> "/proc/5713/stat"
> "/proc/5713/status"
> "/proc/5816/stat"
> "/proc/5816/status"
> "/proc/5987/stat"
> "/proc/5987/status"
> "/proc/6150/stat"
> "/proc/6150/status"
> "/proc/6329/stat"
> "/proc/6329/status"
> "/proc/6415/stat"
> "/proc/6415/status"
> "/proc/6548/stat"
> "/proc/6548/status"
> "/proc/6572/stat"
> "/proc/6572/status"
> "/proc/6573/stat"
> "/proc/6573/status"
> "/proc/6618/stat"
> "/proc/6618/status"
> "/proc/6627/stat"
> "/proc/6627/status"
> "/proc/6639/stat"
> "/proc/6639/status"
> "/proc/6695/stat"
> "/proc/6695/status"
> "/proc/6713/stat"
> "/proc/6713/status"
> "/proc/6714/stat"
> "/proc/6714/status"
> "/proc/6788/stat"
> "/proc/6788/status"
> "/proc/6805/stat"
> "/proc/6805/status"
> "/proc/7528/stat"
> "/proc/7528/status"
> "/proc/7790/stat"
> "/proc/7790/status"
> "/proc/7791/stat"
> "/proc/7791/status"
> "/proc/7840/stat"
> "/proc/7840/status"
> "/proc/7862/stat"
> "/proc/7862/status"
> "/proc/7878/stat"
> "/proc/7878/status"
> "/proc/7887/stat"
> "/proc/7887/status"
> "/proc/7913/stat"
> "/proc/7913/status"
> "/proc/7914/stat"
> "/proc/7914/status"
> "/proc/7915/stat"
> "/proc/7915/status"
> "/proc/7934/stat"
> "/proc/7934/status"
> "/proc/7949/stat"
> "/proc/7949/status"
> "/proc/7982/stat"
> "/proc/7982/status"
> "/proc/8022/stat"
> "/proc/8022/status"
> "/proc/8035/stat"
> "/proc/8035/status"
> "/proc/8046/stat"
> "/proc/8046/status"
> "/proc/8047/stat"
> "/proc/8047/status"
