"/dev/urandom"
"/proc/filesystems"
"/sys/devices/system/cpu/online"
"/home/fan/Projects/vscode/.build/electron/icudtl.dat"
"/etc/localtime"
"/home/fan/Projects/vscode/.build/electron/v8_context_snapshot.bin"
"/home/fan/Projects/vscode/.build/electron/natives_blob.bin"
"/sys/devices/system/cpu"
"/dev/urandom"
"/dev/null"
"/dev/null"
"/home/fan/Projects/vscode/out/bootstrap-fork.js"
"/home/fan/Projects/vscode/out/bootstrap.js"
"/home/fan/Projects/vscode/out/bootstrap-amd.js"
"/home/fan/Projects/vscode/out/vs/loader.js"
"/home/fan/Projects/vscode/out/original-fs.js"
"/home/fan/Projects/vscode/out/vs/workbench/services/extensions/node/extensionHostProcess.js"
"/home/fan/Projects/vscode/out/vs/workbench/services/extensions/node/extensionHostProcessSetup.js"
"/home/fan/Projects/vscode/out/net.js"
"/home/fan/Projects/vscode/out/minimist.js"
"/home/fan/Projects/vscode/out/vs/base/common/errors.js"
"/home/fan/Projects/vscode/out/vs/base/parts/ipc/common/ipc.net.js"
"/home/fan/Projects/vscode/out/vs/base/parts/ipc/node/ipc.net.js"
"/home/fan/Projects/vscode/out/vs/platform/product/common/product.js"
"/home/fan/Projects/vscode/out/vs/workbench/services/extensions/common/extensionHostProtocol.js"
"/home/fan/Projects/vscode/out/vs/workbench/services/extensions/common/extensionHostMain.js"
"/home/fan/Projects/vscode/out/vs/base/common/buffer.js"
"/home/fan/Projects/vscode/out/vs/base/common/uriIpc.js"
"/home/fan/Projects/vscode/out/vs/base/node/pfs.js"
"/home/fan/Projects/vscode/out/vs/base/node/extpath.js"
"/home/fan/Projects/vscode/out/vs/base/common/async.js"
"/home/fan/Projects/vscode/out/vs/workbench/api/node/extHost.services.js"
"/home/fan/Projects/vscode/node_modules.asar"
"/home/fan/Projects/vscode/node_modules/minimist/package.json"
"/home/fan/Projects/vscode/node_modules/minimist/index.js"
"/home/fan/Projects/vscode/out/vs/base/common/event.js"
"/home/fan/Projects/vscode/out/vs/base/parts/ipc/common/ipc.js"
"/home/fan/Projects/vscode/out/vs/base/common/lifecycle.js"
"/home/fan/Projects/vscode/out/vs/base/common/platform.js"
"/home/fan/Projects/vscode/out/vs/base/common/process.js"
"/home/fan/Projects/vscode/out/vs/base/common/path.js"
"/home/fan/Projects/vscode/out/os.js"
"/home/fan/Projects/vscode/out/vs/base/common/uuid.js"
"/home/fan/Projects/vscode/out/vs/base/common/amd.js"
"/home/fan/Projects/vscode/out/vs/base/common/uri.js"
"/home/fan/Projects/vscode/out/vs/workbench/api/common/extHost.protocol.js"
"/home/fan/Projects/vscode/out/vs/workbench/services/extensions/common/rpcProtocol.js"
"/home/fan/Projects/vscode/out/vs/platform/log/common/log.js"
"/home/fan/Projects/vscode/out/vs/platform/instantiation/common/extensions.js"
"/home/fan/Projects/vscode/out/vs/platform/instantiation/common/serviceCollection.js"
"/home/fan/Projects/vscode/out/vs/workbench/api/common/extHostInitDataService.js"
"/home/fan/Projects/vscode/out/vs/platform/instantiation/common/instantiationService.js"
"/home/fan/Projects/vscode/out/vs/workbench/api/common/extHostRpcService.js"
"/home/fan/Projects/vscode/out/vs/workbench/api/common/extHostUriTransformerService.js"
"/home/fan/Projects/vscode/out/vs/workbench/api/common/extHostExtensionService.js"
"/home/fan/Projects/vscode/out/vs/base/common/strings.js"
"/home/fan/Projects/vscode/out/vs/base/common/stream.js"
"/home/fan/Projects/vscode/out/util.js"
"/home/fan/Projects/vscode/out/vs/base/common/extpath.js"
"/home/fan/Projects/vscode/out/vs/base/common/normalization.js"
"/home/fan/Projects/vscode/out/vs/workbench/api/common/extHostOutput.js"
"/home/fan/Projects/vscode/out/vs/workbench/api/node/extHostOutputService.js"
"/home/fan/Projects/vscode/out/vs/workbench/api/common/extHostWorkspace.js"
"/home/fan/Projects/vscode/out/vs/workbench/api/common/extHostDecorations.js"
"/home/fan/Projects/vscode/out/vs/workbench/api/common/extHostConfiguration.js"
"/home/fan/Projects/vscode/out/vs/workbench/api/common/extHostCommands.js"
"/home/fan/Projects/vscode/out/vs/workbench/api/common/extHostDocumentsAndEditors.js"
"/home/fan/Projects/vscode/out/vs/workbench/api/node/extHostTerminalService.js"
"/home/fan/Projects/vscode/out/vs/workbench/api/common/extHostTerminalService.js"
"/home/fan/Projects/vscode/out/vs/workbench/api/common/extHostTask.js"
"/home/fan/Projects/vscode/out/vs/workbench/api/node/extHostTask.js"
"/home/fan/Projects/vscode/out/vs/workbench/api/node/extHostDebugService.js"
"/home/fan/Projects/vscode/out/vs/workbench/api/common/extHostDebugService.js"
"/home/fan/Projects/vscode/out/vs/workbench/api/common/extHostSearch.js"
"/home/fan/Projects/vscode/out/vs/workbench/api/node/extHostSearch.js"
"/home/fan/Projects/vscode/out/vs/workbench/api/node/extHostStoragePaths.js"
"/home/fan/Projects/vscode/out/vs/workbench/api/common/extHostStoragePaths.js"
"/home/fan/Projects/vscode/out/vs/workbench/api/node/extHostExtensionService.js"
"/home/fan/Projects/vscode/out/vs/workbench/api/common/extHostStorage.js"
"/home/fan/Projects/vscode/out/vs/workbench/api/node/extHostLogService.js"
"/home/fan/Projects/vscode/out/vs/workbench/api/common/extHostTunnelService.js"
"/home/fan/Projects/vscode/out/vs/workbench/api/node/extHostTunnelService.js"
"/home/fan/Projects/vscode/out/vs/workbench/api/common/extHostApiDeprecationService.js"
"/home/fan/Projects/vscode/out/vs/base/common/cancellation.js"
"/home/fan/Projects/vscode/out/vs/base/common/functional.js"
"/home/fan/Projects/vscode/out/vs/base/common/arrays.js"
"/home/fan/Projects/vscode/out/vs/base/common/types.js"
"/home/fan/Projects/vscode/product.json"
"/home/fan/Projects/vscode/package.json"
"/home/fan/Projects/vscode/out/vs/workbench/services/extensions/common/proxyIdentifier.js"
"/home/fan/Projects/vscode/out/vs/base/common/marshalling.js"
"/home/fan/Projects/vscode/out/vs/workbench/services/extensions/common/lazyPromise.js"
"/home/fan/Projects/vscode/out/vs/platform/instantiation/common/descriptors.js"
"/home/fan/Projects/vscode/out/vs/platform/instantiation/common/instantiation.js"
"/home/fan/Projects/vscode/out/vs/base/common/errorMessage.js"
"/home/fan/Projects/vscode/out/vs/nls.js"
"/home/fan/Projects/vscode/out/vs/base/common/resources.js"
"/home/fan/Projects/vscode/out/vs/base/common/map.js"
"/home/fan/Projects/vscode/out/vs/workbench/api/common/extHostExtensionActivator.js"
"/home/fan/Projects/vscode/out/vs/workbench/services/extensions/common/extensions.js"
"/home/fan/Projects/vscode/out/vs/workbench/services/extensions/common/extensionDescriptionRegistry.js"
"/home/fan/Projects/vscode/out/vs/platform/extensions/common/extensions.js"
"/home/fan/Projects/vscode/out/vs/base/common/network.js"
"/home/fan/Projects/vscode/out/vs/workbench/api/common/extHostMemento.js"
"/home/fan/Projects/vscode/out/vs/workbench/api/common/extHostTypes.js"
"/home/fan/Projects/vscode/out/vs/platform/remote/common/remoteAuthorityResolver.js"
"/home/fan/Projects/vscode/out/vs/platform/instantiation/common/graph.js"
"/home/fan/Projects/vscode/out/vs/workbench/services/output/node/outputAppender.js"
"/home/fan/Projects/vscode/out/vs/base/common/date.js"
"/home/fan/Projects/vscode/out/vs/base/common/objects.js"
"/home/fan/Projects/vscode/out/vs/platform/configuration/common/configurationModels.js"
"/home/fan/Projects/vscode/out/vs/platform/configuration/common/configurationRegistry.js"
"/home/fan/Projects/vscode/out/vs/workbench/api/common/extHostTypeConverters.js"
"/home/fan/Projects/vscode/out/vs/editor/common/core/range.js"
"/home/fan/Projects/vscode/out/vs/editor/common/core/position.js"
"/home/fan/Projects/vscode/out/vs/base/common/assert.js"
"/home/fan/Projects/vscode/out/vs/workbench/api/common/extHostDocumentData.js"
"/home/fan/Projects/vscode/out/vs/workbench/api/common/extHostTextEditor.js"
"/home/fan/Projects/vscode/out/vs/workbench/contrib/terminal/common/terminal.js"
"/home/fan/Projects/vscode/out/vs/workbench/contrib/terminal/common/terminalDataBuffering.js"
"/home/fan/Projects/vscode/out/vs/workbench/contrib/terminal/common/terminalEnvironment.js"
"/home/fan/Projects/vscode/out/vs/workbench/contrib/terminal/node/terminalProcess.js"
"/home/fan/Projects/vscode/out/vs/workbench/contrib/terminal/node/terminal.js"
"/home/fan/Projects/vscode/out/vs/workbench/contrib/terminal/node/terminalEnvironment.js"
"/home/fan/Projects/vscode/out/vs/workbench/contrib/terminal/common/environmentVariableShared.js"
"/home/fan/Projects/vscode/out/vs/workbench/contrib/terminal/common/environmentVariableCollection.js"
"/home/fan/Projects/vscode/out/vs/base/common/linkedList.js"
"/home/fan/Projects/vscode/out/vs/base/common/numbers.js"
"/home/fan/Projects/vscode/out/vs/platform/notification/common/notification.js"
"/home/fan/Projects/vscode/out/vs/platform/workspace/common/workspace.js"
"/home/fan/Projects/vscode/out/vs/workbench/services/search/common/search.js"
"/home/fan/Projects/vscode/out/vs/workbench/contrib/tasks/common/taskService.js"
"/home/fan/Projects/vscode/out/vs/base/node/processes.js"
"/home/fan/Projects/vscode/out/vs/workbench/contrib/debug/common/abstractDebugAdapter.js"
"/home/fan/Projects/vscode/out/vs/workbench/services/configurationResolver/common/variableResolver.js"
"/home/fan/Projects/vscode/out/vs/workbench/contrib/debug/common/debugUtils.js"
"/home/fan/Projects/vscode/out/vs/workbench/services/search/node/rawSearchService.js"
"/home/fan/Projects/vscode/out/vs/workbench/services/search/node/ripgrepSearchProvider.js"
"/home/fan/Projects/vscode/out/vs/workbench/services/search/node/ripgrepSearchUtils.js"
"/home/fan/Projects/vscode/out/vs/workbench/services/search/node/textSearchManager.js"
"/home/fan/Projects/vscode/out/vs/workbench/contrib/debug/node/debugAdapter.js"
"/home/fan/Projects/vscode/out/vs/platform/sign/node/signService.js"
"/home/fan/Projects/vscode/out/vs/workbench/contrib/debug/node/terminals.js"
"/home/fan/Projects/vscode/out/vs/workbench/services/search/common/fileSearchManager.js"
"/home/fan/Projects/vscode/out/vs/workbench/services/search/common/textSearchManager.js"
"/home/fan/Projects/vscode/out/vs/workbench/api/common/extHost.api.impl.js"
"/home/fan/Projects/vscode/out/vs/workbench/api/common/extHostRequireInterceptor.js"
"/home/fan/Projects/vscode/out/vs/workbench/services/extensions/node/proxyResolver.js"
"/home/fan/Projects/vscode/out/vs/workbench/api/node/extHostDownloadService.js"
"/home/fan/Projects/vscode/out/vs/workbench/api/node/extHostCLIServer.js"
"/home/fan/Projects/vscode/out/vs/platform/log/node/spdlogService.js"
"/home/fan/Projects/vscode/out/child_process.js"
"/home/fan/Projects/vscode/out/vs/base/common/glob.js"
"/home/fan/Projects/vscode/out/vs/platform/extensionManagement/common/extensionManagementUtil.js"
"/home/fan/Projects/vscode/out/vs/base/common/collections.js"
"/home/fan/Projects/vscode/out/vs/base/common/codicons.js"
"/home/fan/Projects/vscode/out/vs/base/common/htmlContent.js"
"/home/fan/Projects/vscode/out/vs/platform/files/common/files.js"
"/home/fan/Projects/vscode/out/vs/platform/registry/common/platform.js"
"/home/fan/Projects/vscode/out/vs/platform/jsonschemas/common/jsonContributionRegistry.js"
"/home/fan/Projects/vscode/out/vs/base/common/json.js"
"/home/fan/Projects/vscode/out/vs/platform/configuration/common/configuration.js"
"/home/fan/Projects/vscode/out/vs/editor/common/modes.js"
"/home/fan/Projects/vscode/out/vs/platform/markers/common/markers.js"
"/home/fan/Projects/vscode/out/vs/workbench/services/editor/common/editorService.js"
"/home/fan/Projects/vscode/out/vs/base/common/marked/marked.js"
"/home/fan/Projects/vscode/out/vs/editor/common/model/mirrorTextModel.js"
"/home/fan/Projects/vscode/out/vs/editor/common/model/wordHelper.js"
"/home/fan/Projects/vscode/out/vs/base/common/idGenerator.js"
"/home/fan/Projects/vscode/out/vs/platform/contextkey/common/contextkey.js"
"/home/fan/Projects/vscode/out/vs/base/common/processes.js"
"/home/fan/Projects/vscode/out/node-pty.js"
"/home/fan/Projects/vscode/out/vs/workbench/contrib/terminal/common/environmentVariable.js"
"/home/fan/Projects/vscode/out/vs/platform/workspaces/common/workspaces.js"
"/home/fan/Projects/vscode/out/vs/base/common/severity.js"
"/home/fan/Projects/vscode/out/vs/workbench/common/resources.js"
"/home/fan/Projects/vscode/out/vs/base/node/decoder.js"
"/home/fan/Projects/vscode/out/vs/base/common/labels.js"
"/home/fan/Projects/vscode/out/graceful-fs.js"
"/home/fan/Projects/vscode/out/vs/base/common/stopwatch.js"
"/home/fan/Projects/vscode/out/vs/base/common/fuzzyScorer.js"
"/home/fan/Projects/vscode/out/vs/workbench/services/search/node/fileSearch.js"
"/home/fan/Projects/vscode/out/vs/workbench/services/search/node/textSearchAdapter.js"
"/home/fan/Projects/vscode/out/vs/workbench/services/search/node/ripgrepTextSearchEngine.js"
"/home/fan/Projects/vscode/out/vs/base/node/encoding.js"
"/home/fan/Projects/vscode/out/vs/platform/extensionManagement/common/extensionManagement.js"
"/home/fan/Projects/vscode/out/vs/workbench/contrib/externalTerminal/node/externalTerminalService.js"
"/home/fan/Projects/vscode/out/vs/workbench/services/search/common/searchExtTypes.js"
"/home/fan/Projects/vscode/out/vs/editor/common/config/editorOptions.js"
"/home/fan/Projects/vscode/out/vs/editor/common/model.js"
"/home/fan/Projects/vscode/out/vs/editor/common/modes/languageConfiguration.js"
"/home/fan/Projects/vscode/out/vs/editor/common/modes/languageSelector.js"
"/home/fan/Projects/vscode/out/vs/workbench/api/common/extHostApiCommands.js"
"/home/fan/Projects/vscode/out/vs/workbench/api/common/extHostClipboard.js"
"/home/fan/Projects/vscode/out/vs/workbench/api/common/extHostComments.js"
"/home/fan/Projects/vscode/out/vs/workbench/api/common/extHostDiagnostics.js"
"/home/fan/Projects/vscode/out/vs/workbench/api/common/extHostDialogs.js"
"/home/fan/Projects/vscode/out/vs/workbench/api/common/extHostDocumentContentProviders.js"
"/home/fan/Projects/vscode/out/vs/workbench/api/common/extHostDocumentSaveParticipant.js"
"/home/fan/Projects/vscode/out/vs/workbench/api/common/extHostDocuments.js"
"/home/fan/Projects/vscode/out/vs/workbench/api/common/extHostFileSystem.js"
"/home/fan/Projects/vscode/out/vs/workbench/api/common/extHostFileSystemEventService.js"
"/home/fan/Projects/vscode/out/vs/workbench/api/common/extHostLanguageFeatures.js"
"/home/fan/Projects/vscode/out/vs/workbench/api/common/extHostLanguages.js"
"/home/fan/Projects/vscode/out/vs/workbench/api/common/extHostMessageService.js"
"/home/fan/Projects/vscode/out/vs/workbench/api/common/extHostProgress.js"
"/home/fan/Projects/vscode/out/vs/workbench/api/common/extHostQuickOpen.js"
"/home/fan/Projects/vscode/out/vs/workbench/api/common/extHostSCM.js"
"/home/fan/Projects/vscode/out/vs/workbench/api/common/extHostStatusBar.js"
"/home/fan/Projects/vscode/out/vs/workbench/api/common/extHostTextEditors.js"
"/home/fan/Projects/vscode/out/vs/workbench/api/common/extHostTreeViews.js"
"/home/fan/Projects/vscode/out/vs/workbench/api/common/extHostUrls.js"
"/home/fan/Projects/vscode/out/vs/workbench/api/common/extHostWebview.js"
"/home/fan/Projects/vscode/out/vs/workbench/api/common/extHostWindow.js"
"/home/fan/Projects/vscode/out/vs/workbench/api/common/extHostCodeInsets.js"
"/home/fan/Projects/vscode/out/vs/workbench/api/common/extHostLabelService.js"
"/home/fan/Projects/vscode/out/vs/platform/remote/common/remoteHosts.js"
"/home/fan/Projects/vscode/out/vs/workbench/api/common/extHostNotebook.js"
"/home/fan/Projects/vscode/out/vs/workbench/api/common/extHostTheming.js"
"/home/fan/Projects/vscode/out/vs/workbench/api/common/extHostAuthentication.js"
"/home/fan/Projects/vscode/out/vs/workbench/api/common/extHostTimeline.js"
"/home/fan/Projects/vscode/out/vs/workbench/api/common/extHostNotebookConcatDocument.js"
"/home/fan/Projects/vscode/out/http.js"
"/home/fan/Projects/vscode/out/https.js"
"/home/fan/Projects/vscode/out/tls.js"
"/home/fan/Projects/vscode/out/url.js"
"/home/fan/Projects/vscode/out/vscode-proxy-agent.js"
"/home/fan/Projects/vscode/node_modules.asar"
"/home/fan/Projects/vscode/node_modules/node-pty/package.json"
"/home/fan/Projects/vscode/node_modules/node-pty/lib/index.js"
"/home/fan/Projects/vscode/node_modules/node-pty/lib/unixTerminal.js"
"/home/fan/Projects/vscode/node_modules/node-pty/lib/terminal.js"
"/home/fan/Projects/vscode/node_modules/node-pty/lib/eventEmitter2.js"
"/home/fan/Projects/vscode/node_modules/node-pty/lib/utils.js"
"/home/fan/Projects/vscode/node_modules/node-pty/build/Release/pty.node"
"/home/fan/Projects/vscode/.build/electron/libutil.so.1"
"/etc/ld.so.cache"
"/lib/x86_64-linux-gnu/libutil.so.1"
"/home/fan/Projects/vscode/.build/electron/libstdc++.so.6"
"/lib/x86_64-linux-gnu/libstdc++.so.6"
"/home/fan/Projects/vscode/node_modules.asar"
"/home/fan/Projects/vscode/node_modules/graceful-fs/package.json"
"/home/fan/Projects/vscode/node_modules/graceful-fs/graceful-fs.js"
"/home/fan/Projects/vscode/node_modules/graceful-fs/polyfills.js"
"/home/fan/Projects/vscode/node_modules/graceful-fs/legacy-streams.js"
"/home/fan/Projects/vscode/node_modules/graceful-fs/clone.js"
"/home/fan/Projects/vscode/node_modules.asar"
"/home/fan/Projects/vscode/node_modules/vscode-proxy-agent/package.json"
"/home/fan/Projects/vscode/node_modules/vscode-proxy-agent/index.js"
"/home/fan/Projects/vscode/node_modules.asar"
"/home/fan/Projects/vscode/node_modules/http-proxy-agent/package.json"
"/home/fan/Projects/vscode/node_modules/http-proxy-agent/index.js"
"/home/fan/Projects/vscode/node_modules/http-proxy-agent/node_modules/agent-base/package.json"
"/home/fan/Projects/vscode/node_modules/http-proxy-agent/node_modules/agent-base/index.js"
"/home/fan/Projects/vscode/node_modules/http-proxy-agent/node_modules/agent-base/patch-core.js"
"/home/fan/Projects/vscode/node_modules.asar"
"/home/fan/Projects/vscode/node_modules/es6-promisify/package.json"
"/home/fan/Projects/vscode/node_modules/es6-promisify/dist/promisify.js"
"/home/fan/Projects/vscode/node_modules/es6-promisify/dist/promise.js"
"/home/fan/Projects/vscode/node_modules/http-proxy-agent/node_modules/debug/package.json"
"/home/fan/Projects/vscode/node_modules/http-proxy-agent/node_modules/debug/src/index.js"
"/home/fan/Projects/vscode/node_modules/http-proxy-agent/node_modules/debug/src/node.js"
"/home/fan/Projects/vscode/node_modules/http-proxy-agent/node_modules/debug/src/debug.js"
"/home/fan/Projects/vscode/node_modules.asar"
"/home/fan/Projects/vscode/node_modules/ms/package.json"
"/home/fan/Projects/vscode/node_modules/ms/index.js"
"/home/fan/Projects/vscode/node_modules.asar"
"/home/fan/Projects/vscode/node_modules/supports-color/package.json"
"/home/fan/Projects/vscode/node_modules/supports-color/index.js"
"/home/fan/Projects/vscode/node_modules.asar"
"/home/fan/Projects/vscode/node_modules/has-flag/package.json"
"/home/fan/Projects/vscode/node_modules/has-flag/index.js"
"/home/fan/Projects/vscode/node_modules.asar"
"/home/fan/Projects/vscode/node_modules/https-proxy-agent/package.json"
"/home/fan/Projects/vscode/node_modules/https-proxy-agent/index.js"
"/home/fan/Projects/vscode/node_modules.asar"
"/home/fan/Projects/vscode/node_modules/agent-base/package.json"
"/home/fan/Projects/vscode/node_modules/agent-base/index.js"
"/home/fan/Projects/vscode/node_modules/agent-base/patch-core.js"
"/home/fan/Projects/vscode/node_modules.asar"
"/home/fan/Projects/vscode/node_modules/https-proxy-agent/node_modules/debug/package.json"
"/home/fan/Projects/vscode/node_modules/https-proxy-agent/node_modules/debug/src/index.js"
"/home/fan/Projects/vscode/node_modules/https-proxy-agent/node_modules/debug/src/node.js"
"/home/fan/Projects/vscode/node_modules.asar"
"/home/fan/Projects/vscode/node_modules/supports-color/package.json"
"/home/fan/Projects/vscode/node_modules/https-proxy-agent/node_modules/debug/src/common.js"
"/home/fan/Projects/vscode/node_modules/https-proxy-agent/node_modules/ms/package.json"
"/home/fan/Projects/vscode/node_modules/https-proxy-agent/node_modules/ms/index.js"
"/home/fan/Projects/vscode/node_modules.asar"
"/home/fan/Projects/vscode/node_modules/socks-proxy-agent/package.json"
"/home/fan/Projects/vscode/node_modules/socks-proxy-agent/index.js"
"/etc/resolv.conf"
"/etc/nsswitch.conf"
"/dev/urandom"
"/home/fan/Projects/vscode/node_modules/socks-proxy-agent/node_modules/agent-base/package.json"
"/home/fan/Projects/vscode/node_modules/socks-proxy-agent/node_modules/agent-base/index.js"
"/home/fan/Projects/vscode/node_modules/socks-proxy-agent/node_modules/agent-base/patch-core.js"
"/home/fan/Projects/vscode/node_modules.asar"
"/home/fan/Projects/vscode/node_modules.asar"
"/home/fan/Projects/vscode/node_modules/socks/package.json"
"/home/fan/Projects/vscode/node_modules/socks/build/index.js"
"/home/fan/Projects/vscode/node_modules/socks/build/client/socksclient.js"
"/home/fan/Projects/vscode/node_modules.asar"
"/home/fan/Projects/vscode/node_modules/ip/package.json"
"/home/fan/Projects/vscode/node_modules/ip/lib/ip.js"
"/home/fan/Projects/vscode/node_modules.asar"
"/home/fan/Projects/vscode/node_modules/smart-buffer/package.json"
"/home/fan/Projects/vscode/node_modules/smart-buffer/build/smartbuffer.js"
"/home/fan/Projects/vscode/node_modules/smart-buffer/build/utils.js"
"/home/fan/Projects/vscode/node_modules/socks/build/common/constants.js"
"/home/fan/Projects/vscode/node_modules/socks/build/common/helpers.js"
"/home/fan/Projects/vscode/node_modules/socks/build/common/util.js"
"/home/fan/Projects/vscode/node_modules/socks/build/common/receivebuffer.js"
"/home/fan/Projects/vscode/node_modules/vscode-proxy-agent/node_modules/debug/package.json"
"/home/fan/Projects/vscode/node_modules/vscode-proxy-agent/node_modules/debug/src/index.js"
"/home/fan/Projects/vscode/node_modules/vscode-proxy-agent/node_modules/debug/src/node.js"
"/home/fan/Projects/vscode/node_modules.asar"
"/home/fan/Projects/vscode/node_modules/supports-color/package.json"
"/home/fan/Projects/vscode/node_modules/vscode-proxy-agent/node_modules/debug/src/common.js"
"/home/fan/Projects/vscode/node_modules/vscode-proxy-agent/node_modules/ms/package.json"
"/home/fan/Projects/vscode/node_modules/vscode-proxy-agent/node_modules/ms/index.js"
"/home/fan/Projects/vscode/out/vs/base/common/codicon.js"
"/home/fan/Projects/vscode/out/vs/editor/common/modes/languageFeatureRegistry.js"
"/home/fan/Projects/vscode/out/vs/editor/common/modes/tokenizationRegistry.js"
"/home/fan/Projects/vscode/out/vs/editor/common/viewModel/prefixSumComputer.js"
"/home/fan/Projects/vscode/out/vs/editor/common/services/modeService.js"
"/home/fan/Projects/vscode/out/vs/base/common/jsonEdit.js"
"/home/fan/Projects/vscode/out/string_decoder.js"
"/home/fan/Projects/vscode/out/vs/workbench/services/search/node/ripgrepFileSearch.js"
"/home/fan/Projects/vscode/out/events.js"
"/home/fan/Projects/vscode/out/vscode-ripgrep.js"
"/home/fan/Projects/vscode/out/vs/base/common/comparers.js"
"/home/fan/Projects/vscode/out/vs/base/common/filters.js"
"/home/fan/Projects/vscode/out/iconv-lite.js"
"/home/fan/Projects/vscode/out/stream.js"
"/home/fan/Projects/vscode/out/vs/workbench/contrib/externalTerminal/common/externalTerminal.js"
"/home/fan/Projects/vscode/out/vs/workbench/api/common/apiCommands.js"
"/home/fan/Projects/vscode/out/vs/base/common/decorators.js"
"/home/fan/Projects/vscode/out/vs/editor/common/modes/linkComputer.js"
"/home/fan/Projects/vscode/out/vs/editor/common/core/selection.js"
"/home/fan/Projects/vscode/out/vs/workbench/api/common/shared/semanticTokensDto.js"
"/home/fan/Projects/vscode/out/vs/workbench/api/common/cache.js"
"/home/fan/Projects/vscode/out/vs/platform/progress/common/progress.js"
"/home/fan/Projects/vscode/out/vs/base/common/hash.js"
"/home/fan/Projects/vscode/out/vs/workbench/api/common/shared/webview.js"
"/home/fan/Projects/vscode/out/vs/workbench/contrib/notebook/common/notebookCommon.js"
"/home/fan/Projects/vscode/node_modules.asar"
"/home/fan/Projects/vscode/node_modules/vscode-ripgrep/package.json"
"/home/fan/Projects/vscode/node_modules/vscode-ripgrep/lib/index.js"
"/home/fan/Projects/vscode/node_modules.asar"
"/home/fan/Projects/vscode/node_modules/iconv-lite/package.json"
"/home/fan/Projects/vscode/node_modules/iconv-lite/lib/index.js"
"/home/fan/Projects/vscode/node_modules.asar"
"/home/fan/Projects/vscode/node_modules/safer-buffer/package.json"
"/home/fan/Projects/vscode/node_modules/safer-buffer/safer.js"
"/home/fan/Projects/vscode/node_modules/iconv-lite/lib/bom-handling.js"
"/home/fan/Projects/vscode/node_modules/iconv-lite/lib/streams.js"
"/home/fan/Projects/vscode/node_modules/iconv-lite/lib/extend-node.js"
"/etc/os-release"
"/home/fan/Projects/vscode/out/vs/editor/common/services/modelService.js"
"/home/fan/Projects/vscode/out/vs/base/common/jsonFormatter.js"
"/home/fan/Projects/vscode/out/vs/base/common/uint.js"
"/home/fan/Projects/vscode/out/vs/platform/commands/common/commands.js"
"/home/fan/Projects/vscode/out/vs/platform/environment/common/environment.js"
"/home/fan/Projects/vscode/out/vs/editor/common/core/characterClassifier.js"
"/home/fan/Projects/vscode/out/vs/base/common/iterator.js"
"/home/fan/Projects/vscode/node_modules.asar"
"/home/fan/Projects/vscode/node_modules/native-watchdog/package.json"
"/home/fan/Projects/vscode/node_modules/native-watchdog/index.js"
"/home/fan/Projects/vscode/node_modules/native-watchdog/build/Release/watchdog.node"
"/home/fan/Projects/vscode/out/spdlog.js"
"/home/fan/Projects/vscode/node_modules.asar"
"/home/fan/Projects/vscode/node_modules/spdlog/package.json"
"/home/fan/Projects/vscode/node_modules/spdlog/index.js"
"/home/fan/Projects/vscode/node_modules.asar"
"/home/fan/Projects/vscode/node_modules/mkdirp/package.json"
"/home/fan/Projects/vscode/node_modules/mkdirp/index.js"
"/home/fan/Projects/vscode/node_modules/spdlog/node_modules/bindings/package.json"
"/home/fan/Projects/vscode/node_modules/spdlog/node_modules/bindings/bindings.js"
"/home/fan/Projects/vscode/node_modules.asar"
"/home/fan/Projects/vscode/node_modules/file-uri-to-path/package.json"
"/home/fan/Projects/vscode/node_modules/file-uri-to-path/index.js"
"/home/fan/Projects/vscode/node_modules/spdlog/build/Release/spdlog.node"
"/root/.config/code-oss-dev/logs/20200516T234141/exthost1/exthost.log"
"/home/fan/Projects/vscode/extensions/python/out/pythonMain.js"
"/home/fan/Projects/vscode/extensions/debug-auto-launch/out/extension.js"
"/home/fan/Projects/vscode/extensions/debug-auto-launch/node_modules/vscode-nls/package.json"
"/home/fan/Projects/vscode/extensions/debug-auto-launch/node_modules/vscode-nls/lib/main.js"
"/home/fan/Projects/vscode/extensions/emmet/out/extension.js"
"/home/fan/Projects/vscode/extensions/emmet/out/defaultCompletionProvider.js"
"/home/fan/Projects/vscode/extensions/emmet/out/abbreviationActions.js"
"/home/fan/Projects/vscode/extensions/emmet/out/util.js"
"/home/fan/Projects/vscode/extensions/emmet/node_modules/@emmetio/html-matcher/package.json"
"/home/fan/Projects/vscode/extensions/emmet/node_modules/@emmetio/html-matcher/dist/html-matcher.cjs.js"
"/home/fan/Projects/vscode/extensions/emmet/node_modules/@emmetio/stream-reader/package.json"
"/home/fan/Projects/vscode/extensions/emmet/node_modules/@emmetio/stream-reader/dist/stream-reader.cjs.js"
"/home/fan/Projects/vscode/extensions/emmet/node_modules/@emmetio/stream-reader-utils/package.json"
"/home/fan/Projects/vscode/extensions/emmet/node_modules/@emmetio/stream-reader-utils/dist/stream-reader-utils.cjs.js"
"/home/fan/Projects/vscode/extensions/emmet/node_modules/@emmetio/css-parser/package.json"
"/home/fan/Projects/vscode/extensions/emmet/node_modules/@emmetio/css-parser/dist/css-parser.cjs.js"
"/home/fan/Projects/vscode/extensions/emmet/out/bufferStream.js"
"/home/fan/Projects/vscode/extensions/emmet/node_modules/vscode-html-languageservice/package.json"
"/home/fan/Projects/vscode/extensions/emmet/node_modules/vscode-html-languageservice/lib/umd/htmlLanguageService.js"
"/home/fan/Projects/vscode/extensions/emmet/node_modules/vscode-html-languageservice/lib/umd/parser/htmlScanner.js"
"/home/fan/Projects/vscode/extensions/emmet/node_modules/vscode-nls/package.json"
"/home/fan/Projects/vscode/extensions/emmet/node_modules/vscode-nls/lib/main.js"
"/home/fan/Projects/vscode/extensions/emmet/node_modules/vscode-html-languageservice/lib/umd/htmlLanguageTypes.js"
"/home/fan/Projects/vscode/extensions/emmet/node_modules/vscode-html-languageservice/lib/umd/parser/htmlParser.js"
"/home/fan/Projects/vscode/extensions/emmet/node_modules/vscode-html-languageservice/lib/umd/utils/arrays.js"
"/home/fan/Projects/vscode/extensions/emmet/node_modules/vscode-html-languageservice/lib/umd/languageFacts/fact.js"
"/home/fan/Projects/vscode/extensions/emmet/node_modules/vscode-html-languageservice/lib/umd/services/htmlCompletion.js"
"/home/fan/Projects/vscode/extensions/emmet/node_modules/vscode-languageserver-types/package.json"
"/home/fan/Projects/vscode/extensions/emmet/node_modules/vscode-languageserver-types/lib/umd/main.js"
"/home/fan/Projects/vscode/extensions/emmet/node_modules/vscode-html-languageservice/lib/umd/parser/htmlEntities.js"
"/home/fan/Projects/vscode/extensions/emmet/node_modules/vscode-html-languageservice/lib/umd/utils/strings.js"
"/home/fan/Projects/vscode/extensions/emmet/node_modules/vscode-html-languageservice/lib/umd/languageFacts/builtinDataProviders.js"
"/home/fan/Projects/vscode/extensions/emmet/node_modules/vscode-html-languageservice/lib/umd/languageFacts/data/html5.js"
"/home/fan/Projects/vscode/extensions/emmet/node_modules/vscode-html-languageservice/lib/umd/languageFacts/dataProvider.js"
"/home/fan/Projects/vscode/extensions/emmet/node_modules/vscode-html-languageservice/lib/umd/languageFacts/data/html5Tags.js"
"/home/fan/Projects/vscode/extensions/emmet/node_modules/vscode-html-languageservice/lib/umd/languageFacts/data/html5Events.js"
"/home/fan/Projects/vscode/extensions/emmet/node_modules/vscode-html-languageservice/lib/umd/languageFacts/data/html5Aria.js"
"/home/fan/Projects/vscode/extensions/emmet/node_modules/vscode-html-languageservice/lib/umd/services/htmlHover.js"
"/home/fan/Projects/vscode/extensions/emmet/node_modules/vscode-html-languageservice/lib/umd/services/htmlFormatter.js"
"/home/fan/Projects/vscode/extensions/emmet/node_modules/vscode-html-languageservice/lib/umd/beautify/beautify-html.js"
"/home/fan/Projects/vscode/extensions/emmet/node_modules/vscode-html-languageservice/lib/umd/beautify/beautify.js"
"/home/fan/Projects/vscode/extensions/emmet/node_modules/vscode-html-languageservice/lib/umd/beautify/beautify-css.js"
"/home/fan/Projects/vscode/extensions/emmet/node_modules/vscode-html-languageservice/lib/umd/services/htmlLinks.js"
"/home/fan/Projects/vscode/extensions/emmet/node_modules/vscode-uri/package.json"
"/home/fan/Projects/vscode/extensions/emmet/node_modules/vscode-uri/lib/umd/index.js"
"/home/fan/Projects/vscode/extensions/emmet/node_modules/vscode-html-languageservice/lib/umd/services/htmlHighlighting.js"
"/home/fan/Projects/vscode/extensions/emmet/node_modules/vscode-html-languageservice/lib/umd/services/htmlSymbolsProvider.js"
"/home/fan/Projects/vscode/extensions/emmet/node_modules/vscode-html-languageservice/lib/umd/services/htmlFolding.js"
"/home/fan/Projects/vscode/extensions/emmet/node_modules/vscode-html-languageservice/lib/umd/services/htmlSelectionRange.js"
"/home/fan/Projects/vscode/extensions/emmet/out/removeTag.js"
"/home/fan/Projects/vscode/extensions/emmet/out/updateTag.js"
"/home/fan/Projects/vscode/extensions/emmet/out/matchTag.js"
"/home/fan/Projects/vscode/extensions/emmet/out/balance.js"
"/home/fan/Projects/vscode/extensions/emmet/out/splitJoinTag.js"
"/home/fan/Projects/vscode/extensions/emmet/out/mergeLines.js"
"/home/fan/Projects/vscode/extensions/emmet/out/toggleComment.js"
"/home/fan/Projects/vscode/extensions/emmet/out/editPoint.js"
"/home/fan/Projects/vscode/extensions/emmet/out/selectItem.js"
"/home/fan/Projects/vscode/extensions/emmet/out/selectItemHTML.js"
"/home/fan/Projects/vscode/extensions/emmet/out/selectItemStylesheet.js"
"/home/fan/Projects/vscode/extensions/emmet/out/evaluateMathExpression.js"
"/home/fan/Projects/vscode/extensions/emmet/node_modules/@emmetio/math-expression/package.json"
"/home/fan/Projects/vscode/extensions/emmet/node_modules/@emmetio/math-expression/dist/math.cjs.js"
"/home/fan/Projects/vscode/extensions/emmet/out/incrementDecrement.js"
"/home/fan/Projects/vscode/extensions/emmet/out/updateImageSize.js"
"/home/fan/Projects/vscode/extensions/emmet/out/imageSizeHelper.js"
"/home/fan/Projects/vscode/extensions/emmet/node_modules/image-size/package.json"
"/home/fan/Projects/vscode/extensions/emmet/node_modules/image-size/lib/index.js"
"/home/fan/Projects/vscode/extensions/emmet/node_modules/image-size/lib/detector.js"
"/home/fan/Projects/vscode/extensions/emmet/node_modules/image-size/lib/types.js"
"/home/fan/Projects/vscode/extensions/emmet/node_modules/image-size/lib/types/bmp.js"
"/home/fan/Projects/vscode/extensions/emmet/node_modules/image-size/lib/types/gif.js"
"/home/fan/Projects/vscode/extensions/emmet/node_modules/image-size/lib/types/jpg.js"
"/home/fan/Projects/vscode/extensions/emmet/node_modules/image-size/lib/types/png.js"
"/home/fan/Projects/vscode/extensions/emmet/node_modules/image-size/lib/types/psd.js"
"/home/fan/Projects/vscode/extensions/emmet/node_modules/image-size/lib/types/svg.js"
"/home/fan/Projects/vscode/extensions/emmet/node_modules/image-size/lib/types/tiff.js"
"/home/fan/Projects/vscode/extensions/emmet/node_modules/image-size/lib/readUInt.js"
"/home/fan/Projects/vscode/extensions/emmet/node_modules/image-size/lib/types/webp.js"
"/home/fan/Projects/vscode/extensions/emmet/node_modules/image-size/lib/types/dds.js"
"/home/fan/Projects/vscode/extensions/emmet/out/locateFile.js"
"/home/fan/Projects/vscode/extensions/emmet/out/reflectCssValue.js"
"/home/fan/Projects/vscode/extensions/git/out/main.js"
"/home/fan/Projects/vscode/extensions/git/node_modules/vscode-nls/package.json"
"/home/fan/Projects/vscode/extensions/git/node_modules/vscode-nls/lib/main.js"
"/home/fan/Projects/vscode/extensions/git/out/git.js"
"/home/fan/Projects/vscode/extensions/git/node_modules/which/package.json"
"/home/fan/Projects/vscode/extensions/git/node_modules/which/which.js"
"/home/fan/Projects/vscode/extensions/git/node_modules/isexe/package.json"
"/home/fan/Projects/vscode/extensions/git/node_modules/isexe/index.js"
"/home/fan/Projects/vscode/extensions/git/node_modules/isexe/mode.js"
"/home/fan/Projects/vscode/extensions/git/node_modules/iconv-lite/package.json"
"/home/fan/Projects/vscode/extensions/git/node_modules/iconv-lite/lib/index.js"
"/home/fan/Projects/vscode/extensions/git/node_modules/safer-buffer/package.json"
"/home/fan/Projects/vscode/extensions/git/node_modules/safer-buffer/safer.js"
"/home/fan/Projects/vscode/extensions/git/node_modules/iconv-lite/lib/bom-handling.js"
"/home/fan/Projects/vscode/extensions/git/node_modules/iconv-lite/lib/streams.js"
"/home/fan/Projects/vscode/extensions/git/node_modules/iconv-lite/lib/extend-node.js"
"/home/fan/Projects/vscode/extensions/git/node_modules/file-type/package.json"
"/home/fan/Projects/vscode/extensions/git/node_modules/file-type/index.js"
"/home/fan/Projects/vscode/extensions/git/out/util.js"
"/home/fan/Projects/vscode/extensions/git/node_modules/byline/package.json"
"/home/fan/Projects/vscode/extensions/git/node_modules/byline/lib/byline.js"
"/home/fan/Projects/vscode/extensions/git/node_modules/vscode-uri/package.json"
"/home/fan/Projects/vscode/extensions/git/node_modules/vscode-uri/lib/umd/index.js"
"/home/fan/Projects/vscode/extensions/git/out/encoding.js"
"/home/fan/Projects/vscode/extensions/git/node_modules/jschardet/package.json"
"/home/fan/Projects/vscode/extensions/git/node_modules/jschardet/index.js"
"/home/fan/Projects/vscode/extensions/git/node_modules/jschardet/src/package.json"
"/home/fan/Projects/vscode/extensions/git/node_modules/jschardet/src/index.js"
"/home/fan/Projects/vscode/extensions/git/node_modules/jschardet/src/universaldetector.js"
"/home/fan/Projects/vscode/extensions/git/node_modules/jschardet/src/constants.js"
"/home/fan/Projects/vscode/extensions/git/node_modules/jschardet/src/mbcsgroupprober.js"
"/home/fan/Projects/vscode/extensions/git/node_modules/jschardet/src/charsetgroupprober.js"
"/home/fan/Projects/vscode/extensions/git/node_modules/jschardet/src/charsetprober.js"
"/home/fan/Projects/vscode/extensions/git/node_modules/jschardet/src/logger.js"
"/home/fan/Projects/vscode/extensions/git/node_modules/jschardet/src/big5prober.js"
"/home/fan/Projects/vscode/extensions/git/node_modules/jschardet/src/codingstatemachine.js"
"/home/fan/Projects/vscode/extensions/git/node_modules/jschardet/src/mbcharsetprober.js"
"/home/fan/Projects/vscode/extensions/git/node_modules/jschardet/src/mbcssm/big5.js"
"/home/fan/Projects/vscode/extensions/git/node_modules/jschardet/src/chardistribution.js"
"/home/fan/Projects/vscode/extensions/git/node_modules/jschardet/src/jisfreq.js"
"/home/fan/Projects/vscode/extensions/git/node_modules/jschardet/src/euctwfreq.js"
"/home/fan/Projects/vscode/extensions/git/node_modules/jschardet/src/euckrfreq.js"
"/home/fan/Projects/vscode/extensions/git/node_modules/jschardet/src/gb2312freq.js"
"/home/fan/Projects/vscode/extensions/git/node_modules/jschardet/src/big5freq.js"
"/home/fan/Projects/vscode/extensions/git/node_modules/jschardet/src/utf8prober.js"
"/home/fan/Projects/vscode/extensions/git/node_modules/jschardet/src/mbcssm/utf8.js"
"/home/fan/Projects/vscode/extensions/git/node_modules/jschardet/src/sjisprober.js"
"/home/fan/Projects/vscode/extensions/git/node_modules/jschardet/src/mbcssm/sjis.js"
"/home/fan/Projects/vscode/extensions/git/node_modules/jschardet/src/jpcntx.js"
"/home/fan/Projects/vscode/extensions/git/node_modules/jschardet/src/eucjpprober.js"
"/home/fan/Projects/vscode/extensions/git/node_modules/jschardet/src/mbcssm/eucjp.js"
"/home/fan/Projects/vscode/extensions/git/node_modules/jschardet/src/gb2312prober.js"
"/home/fan/Projects/vscode/extensions/git/node_modules/jschardet/src/mbcssm/gb2312.js"
"/home/fan/Projects/vscode/extensions/git/node_modules/jschardet/src/euckrprober.js"
"/home/fan/Projects/vscode/extensions/git/node_modules/jschardet/src/mbcssm/euckr.js"
"/home/fan/Projects/vscode/extensions/git/node_modules/jschardet/src/euctwprober.js"
"/home/fan/Projects/vscode/extensions/git/node_modules/jschardet/src/mbcssm/euctw.js"
"/home/fan/Projects/vscode/extensions/git/node_modules/jschardet/src/sbcsgroupprober.js"
"/home/fan/Projects/vscode/extensions/git/node_modules/jschardet/src/sbcharsetprober.js"
"/home/fan/Projects/vscode/extensions/git/node_modules/jschardet/src/langhebrewmodel.js"
"/home/fan/Projects/vscode/extensions/git/node_modules/jschardet/src/hebrewprober.js"
"/home/fan/Projects/vscode/extensions/git/node_modules/jschardet/src/langcyrillicmodel.js"
"/home/fan/Projects/vscode/extensions/git/node_modules/jschardet/src/langgreekmodel.js"
"/home/fan/Projects/vscode/extensions/git/node_modules/jschardet/src/langthaimodel.js"
"/home/fan/Projects/vscode/extensions/git/node_modules/jschardet/src/langhungarianmodel.js"
"/home/fan/Projects/vscode/extensions/git/node_modules/jschardet/src/langbulgarianmodel.js"
"/home/fan/Projects/vscode/extensions/git/node_modules/jschardet/src/latin1prober.js"
"/home/fan/Projects/vscode/extensions/git/node_modules/jschardet/src/escprober.js"
"/home/fan/Projects/vscode/extensions/git/node_modules/jschardet/src/escsm.js"
"/home/fan/Projects/vscode/extensions/git/out/model.js"
"/home/fan/Projects/vscode/extensions/git/out/repository.js"
"/home/fan/Projects/vscode/extensions/git/out/autofetch.js"
"/home/fan/Projects/vscode/extensions/git/out/decorators.js"
"/home/fan/Projects/vscode/extensions/git/out/statusbar.js"
"/home/fan/Projects/vscode/extensions/git/out/uri.js"
"/home/fan/Projects/vscode/extensions/git/out/watch.js"
"/home/fan/Projects/vscode/extensions/git/out/log.js"
"/home/fan/Projects/vscode/extensions/git/out/commands.js"
"/home/fan/Projects/vscode/extensions/git/out/staging.js"
"/home/fan/Projects/vscode/extensions/git/out/timelineProvider.js"
"/home/fan/Projects/vscode/extensions/git/out/fileSystemProvider.js"
"/home/fan/Projects/vscode/extensions/git/out/decorationProvider.js"
"/home/fan/Projects/vscode/extensions/git/out/askpass.js"
"/home/fan/Projects/vscode/extensions/git/out/ipc/ipcServer.js"
"/home/fan/Projects/vscode/extensions/git/node_modules/vscode-extension-telemetry/package.json"
"/home/fan/Projects/vscode/extensions/git/node_modules/vscode-extension-telemetry/lib/telemetryReporter.js"
"/home/fan/Projects/vscode/extensions/git/node_modules/applicationinsights/package.json"
"/home/fan/Projects/vscode/extensions/git/node_modules/applicationinsights/out/applicationinsights.js"
"/home/fan/Projects/vscode/extensions/git/node_modules/applicationinsights/out/AutoCollection/CorrelationContextManager.js"
"/home/fan/Projects/vscode/extensions/git/node_modules/applicationinsights/out/Library/Logging.js"
"/home/fan/Projects/vscode/extensions/git/node_modules/applicationinsights/out/AutoCollection/diagnostic-channel/initialization.js"
"/home/fan/Projects/vscode/extensions/git/node_modules/applicationinsights/out/AutoCollection/Console.js"
"/home/fan/Projects/vscode/extensions/git/node_modules/applicationinsights/out/AutoCollection/Exceptions.js"
"/home/fan/Projects/vscode/extensions/git/node_modules/applicationinsights/out/AutoCollection/Performance.js"
"/home/fan/Projects/vscode/extensions/git/node_modules/applicationinsights/out/AutoCollection/HttpDependencies.js"
"/home/fan/Projects/vscode/extensions/git/node_modules/applicationinsights/out/Library/Util.js"
"/home/fan/Projects/vscode/extensions/git/node_modules/applicationinsights/out/Library/RequestResponseHeaders.js"
"/home/fan/Projects/vscode/extensions/git/node_modules/applicationinsights/out/AutoCollection/HttpDependencyParser.js"
"/home/fan/Projects/vscode/extensions/git/node_modules/applicationinsights/out/Declarations/Contracts/package.json"
"/home/fan/Projects/vscode/extensions/git/node_modules/applicationinsights/out/Declarations/Contracts/index.js"
"/home/fan/Projects/vscode/extensions/git/node_modules/applicationinsights/out/Declarations/Contracts/Constants.js"
"/home/fan/Projects/vscode/extensions/git/node_modules/applicationinsights/out/Declarations/Contracts/Generated/package.json"
"/home/fan/Projects/vscode/extensions/git/node_modules/applicationinsights/out/Declarations/Contracts/Generated/index.js"
"/home/fan/Projects/vscode/extensions/git/node_modules/applicationinsights/out/Declarations/Contracts/Generated/AvailabilityData.js"
"/home/fan/Projects/vscode/extensions/git/node_modules/applicationinsights/out/Declarations/Contracts/Generated/Domain.js"
"/home/fan/Projects/vscode/extensions/git/node_modules/applicationinsights/out/Declarations/Contracts/Generated/Base.js"
"/home/fan/Projects/vscode/extensions/git/node_modules/applicationinsights/out/Declarations/Contracts/Generated/ContextTagKeys.js"
"/home/fan/Projects/vscode/extensions/git/node_modules/applicationinsights/out/Declarations/Contracts/Generated/Data.js"
"/home/fan/Projects/vscode/extensions/git/node_modules/applicationinsights/out/Declarations/Contracts/Generated/DataPoint.js"
"/home/fan/Projects/vscode/extensions/git/node_modules/applicationinsights/out/Declarations/Contracts/Generated/DataPointType.js"
"/home/fan/Projects/vscode/extensions/git/node_modules/applicationinsights/out/Declarations/Contracts/Generated/Envelope.js"
"/home/fan/Projects/vscode/extensions/git/node_modules/applicationinsights/out/Declarations/Contracts/Generated/EventData.js"
"/home/fan/Projects/vscode/extensions/git/node_modules/applicationinsights/out/Declarations/Contracts/Generated/ExceptionData.js"
"/home/fan/Projects/vscode/extensions/git/node_modules/applicationinsights/out/Declarations/Contracts/Generated/ExceptionDetails.js"
"/home/fan/Projects/vscode/extensions/git/node_modules/applicationinsights/out/Declarations/Contracts/Generated/MessageData.js"
"/home/fan/Projects/vscode/extensions/git/node_modules/applicationinsights/out/Declarations/Contracts/Generated/MetricData.js"
"/home/fan/Projects/vscode/extensions/git/node_modules/applicationinsights/out/Declarations/Contracts/Generated/PageViewData.js"
"/home/fan/Projects/vscode/extensions/git/node_modules/applicationinsights/out/Declarations/Contracts/Generated/RemoteDependencyData.js"
"/home/fan/Projects/vscode/extensions/git/node_modules/applicationinsights/out/Declarations/Contracts/Generated/RequestData.js"
"/home/fan/Projects/vscode/extensions/git/node_modules/applicationinsights/out/Declarations/Contracts/Generated/SeverityLevel.js"
"/home/fan/Projects/vscode/extensions/git/node_modules/applicationinsights/out/Declarations/Contracts/Generated/StackFrame.js"
"/home/fan/Projects/vscode/extensions/git/node_modules/applicationinsights/out/Declarations/Contracts/TelemetryTypes/package.json"
"/home/fan/Projects/vscode/extensions/git/node_modules/applicationinsights/out/Declarations/Contracts/TelemetryTypes/index.js"
"/home/fan/Projects/vscode/extensions/git/node_modules/applicationinsights/out/Declarations/Contracts/TelemetryTypes/TelemetryType.js"
"/home/fan/Projects/vscode/extensions/git/node_modules/applicationinsights/out/AutoCollection/RequestParser.js"
"/home/fan/Projects/vscode/extensions/git/node_modules/applicationinsights/out/Library/CorrelationIdManager.js"
"/home/fan/Projects/vscode/extensions/git/node_modules/applicationinsights/out/AutoCollection/HttpRequests.js"
"/home/fan/Projects/vscode/extensions/git/node_modules/applicationinsights/out/AutoCollection/HttpRequestParser.js"
"/home/fan/Projects/vscode/extensions/git/node_modules/applicationinsights/out/Library/NodeClient.js"
"/home/fan/Projects/vscode/extensions/git/node_modules/applicationinsights/out/Library/TelemetryClient.js"
"/home/fan/Projects/vscode/extensions/git/node_modules/applicationinsights/out/Library/Config.js"
"/home/fan/Projects/vscode/extensions/git/node_modules/applicationinsights/out/Library/Context.js"
"/home/fan/Projects/vscode/extensions/git/node_modules/applicationinsights/out/Declarations/Contracts/package.json"
"/home/fan/Projects/vscode/extensions/git/node_modules/applicationinsights/out/Library/Channel.js"
"/home/fan/Projects/vscode/extensions/git/node_modules/applicationinsights/out/TelemetryProcessors/package.json"
"/home/fan/Projects/vscode/extensions/git/node_modules/applicationinsights/out/TelemetryProcessors/index.js"
"/home/fan/Projects/vscode/extensions/git/node_modules/applicationinsights/out/TelemetryProcessors/SamplingTelemetryProcessor.js"
"/home/fan/Projects/vscode/extensions/git/node_modules/applicationinsights/out/Declarations/Contracts/package.json"
"/home/fan/Projects/vscode/extensions/git/node_modules/applicationinsights/out/Library/Sender.js"
"/home/fan/Projects/vscode/extensions/git/node_modules/applicationinsights/out/Library/EnvelopeFactory.js"
"/home/fan/Projects/vscode/extensions/git/node_modules/applicationinsights/out/Declarations/Contracts/package.json"
"/home/fan/Projects/vscode/extensions/git/out/protocolHandler.js"
"/home/fan/Projects/vscode/extensions/git/out/api/extension.js"
"/home/fan/Projects/vscode/extensions/git/out/api/api1.js"
"/home/fan/Projects/vscode/extensions/git/out/github.js"
"/home/fan/Projects/vscode/extensions/git/out/terminal.js"
"/home/fan/Projects/vscode/extensions/github-authentication/out/extension.js"
"/home/fan/Projects/vscode/extensions/github-authentication/out/github.js"
"/home/fan/Projects/vscode/extensions/github-authentication/node_modules/uuid/package.json"
"/home/fan/Projects/vscode/extensions/github-authentication/node_modules/uuid/index.js"
"/home/fan/Projects/vscode/extensions/github-authentication/node_modules/uuid/v1.js"
"/home/fan/Projects/vscode/extensions/github-authentication/node_modules/uuid/lib/rng.js"
"/home/fan/Projects/vscode/extensions/github-authentication/node_modules/uuid/lib/bytesToUuid.js"
"/home/fan/Projects/vscode/extensions/github-authentication/node_modules/uuid/v4.js"
"/home/fan/Projects/vscode/extensions/github-authentication/out/common/keychain.js"
"/home/fan/Projects/vscode/extensions/github-authentication/out/common/logger.js"
"/home/fan/Projects/vscode/extensions/github-authentication/node_modules/vscode-nls/package.json"
"/home/fan/Projects/vscode/extensions/github-authentication/node_modules/vscode-nls/lib/main.js"
"/home/fan/Projects/vscode/extensions/github-authentication/out/githubServer.js"
"/home/fan/Projects/vscode/extensions/github-authentication/out/common/utils.js"
"/home/fan/Projects/vscode/extensions/github-authentication/out/common/clientRegistrar.js"
"/home/fan/Projects/vscode/extensions/github-authentication/src/common/config.json"
"/home/fan/Projects/vscode/extensions/github-authentication/node_modules/vscode-extension-telemetry/package.json"
"/home/fan/Projects/vscode/extensions/github-authentication/node_modules/vscode-extension-telemetry/lib/telemetryReporter.js"
"/home/fan/Projects/vscode/extensions/github-authentication/node_modules/applicationinsights/package.json"
"/home/fan/Projects/vscode/extensions/github-authentication/node_modules/applicationinsights/out/applicationinsights.js"
"/home/fan/Projects/vscode/extensions/github-authentication/node_modules/applicationinsights/out/AutoCollection/CorrelationContextManager.js"
"/home/fan/Projects/vscode/extensions/github-authentication/node_modules/applicationinsights/out/Library/Logging.js"
"/home/fan/Projects/vscode/extensions/github-authentication/node_modules/applicationinsights/out/AutoCollection/diagnostic-channel/initialization.js"
"/home/fan/Projects/vscode/extensions/github-authentication/node_modules/applicationinsights/out/AutoCollection/Console.js"
"/home/fan/Projects/vscode/extensions/github-authentication/node_modules/applicationinsights/out/AutoCollection/Exceptions.js"
"/home/fan/Projects/vscode/extensions/github-authentication/node_modules/applicationinsights/out/AutoCollection/Performance.js"
"/home/fan/Projects/vscode/extensions/github-authentication/node_modules/applicationinsights/out/AutoCollection/HttpDependencies.js"
"/home/fan/Projects/vscode/extensions/github-authentication/node_modules/applicationinsights/out/Library/Util.js"
"/home/fan/Projects/vscode/extensions/github-authentication/node_modules/applicationinsights/out/Library/RequestResponseHeaders.js"
"/home/fan/Projects/vscode/extensions/github-authentication/node_modules/applicationinsights/out/AutoCollection/HttpDependencyParser.js"
"/home/fan/Projects/vscode/extensions/github-authentication/node_modules/applicationinsights/out/Declarations/Contracts/package.json"
"/home/fan/Projects/vscode/extensions/github-authentication/node_modules/applicationinsights/out/Declarations/Contracts/index.js"
"/home/fan/Projects/vscode/extensions/github-authentication/node_modules/applicationinsights/out/Declarations/Contracts/Constants.js"
"/home/fan/Projects/vscode/extensions/github-authentication/node_modules/applicationinsights/out/Declarations/Contracts/Generated/package.json"
"/home/fan/Projects/vscode/extensions/github-authentication/node_modules/applicationinsights/out/Declarations/Contracts/Generated/index.js"
"/home/fan/Projects/vscode/extensions/github-authentication/node_modules/applicationinsights/out/Declarations/Contracts/Generated/AvailabilityData.js"
"/home/fan/Projects/vscode/extensions/github-authentication/node_modules/applicationinsights/out/Declarations/Contracts/Generated/Domain.js"
"/home/fan/Projects/vscode/extensions/github-authentication/node_modules/applicationinsights/out/Declarations/Contracts/Generated/Base.js"
"/home/fan/Projects/vscode/extensions/github-authentication/node_modules/applicationinsights/out/Declarations/Contracts/Generated/ContextTagKeys.js"
"/home/fan/Projects/vscode/extensions/github-authentication/node_modules/applicationinsights/out/Declarations/Contracts/Generated/Data.js"
"/home/fan/Projects/vscode/extensions/github-authentication/node_modules/applicationinsights/out/Declarations/Contracts/Generated/DataPoint.js"
"/home/fan/Projects/vscode/extensions/github-authentication/node_modules/applicationinsights/out/Declarations/Contracts/Generated/DataPointType.js"
"/home/fan/Projects/vscode/extensions/github-authentication/node_modules/applicationinsights/out/Declarations/Contracts/Generated/Envelope.js"
"/home/fan/Projects/vscode/extensions/github-authentication/node_modules/applicationinsights/out/Declarations/Contracts/Generated/EventData.js"
"/home/fan/Projects/vscode/extensions/github-authentication/node_modules/applicationinsights/out/Declarations/Contracts/Generated/ExceptionData.js"
"/home/fan/Projects/vscode/extensions/github-authentication/node_modules/applicationinsights/out/Declarations/Contracts/Generated/ExceptionDetails.js"
"/home/fan/Projects/vscode/extensions/github-authentication/node_modules/applicationinsights/out/Declarations/Contracts/Generated/MessageData.js"
"/home/fan/Projects/vscode/extensions/github-authentication/node_modules/applicationinsights/out/Declarations/Contracts/Generated/MetricData.js"
"/home/fan/Projects/vscode/extensions/github-authentication/node_modules/applicationinsights/out/Declarations/Contracts/Generated/PageViewData.js"
"/home/fan/Projects/vscode/extensions/github-authentication/node_modules/applicationinsights/out/Declarations/Contracts/Generated/RemoteDependencyData.js"
"/home/fan/Projects/vscode/extensions/github-authentication/node_modules/applicationinsights/out/Declarations/Contracts/Generated/RequestData.js"
"/home/fan/Projects/vscode/extensions/github-authentication/node_modules/applicationinsights/out/Declarations/Contracts/Generated/SeverityLevel.js"
"/home/fan/Projects/vscode/extensions/github-authentication/node_modules/applicationinsights/out/Declarations/Contracts/Generated/StackFrame.js"
"/home/fan/Projects/vscode/extensions/github-authentication/node_modules/applicationinsights/out/Declarations/Contracts/TelemetryTypes/package.json"
"/home/fan/Projects/vscode/extensions/github-authentication/node_modules/applicationinsights/out/Declarations/Contracts/TelemetryTypes/index.js"
"/home/fan/Projects/vscode/extensions/github-authentication/node_modules/applicationinsights/out/Declarations/Contracts/TelemetryTypes/TelemetryType.js"
"/home/fan/Projects/vscode/extensions/github-authentication/node_modules/applicationinsights/out/AutoCollection/RequestParser.js"
"/home/fan/Projects/vscode/extensions/github-authentication/node_modules/applicationinsights/out/Library/CorrelationIdManager.js"
"/home/fan/Projects/vscode/extensions/github-authentication/node_modules/applicationinsights/out/AutoCollection/HttpRequests.js"
"/home/fan/Projects/vscode/extensions/github-authentication/node_modules/applicationinsights/out/AutoCollection/HttpRequestParser.js"
"/home/fan/Projects/vscode/extensions/github-authentication/node_modules/applicationinsights/out/Library/NodeClient.js"
"/home/fan/Projects/vscode/extensions/github-authentication/node_modules/applicationinsights/out/Library/TelemetryClient.js"
"/home/fan/Projects/vscode/extensions/github-authentication/node_modules/applicationinsights/out/Library/Config.js"
"/home/fan/Projects/vscode/extensions/github-authentication/node_modules/applicationinsights/out/Library/Context.js"
"/home/fan/Projects/vscode/extensions/github-authentication/node_modules/applicationinsights/out/Declarations/Contracts/package.json"
"/home/fan/Projects/vscode/extensions/github-authentication/node_modules/applicationinsights/out/Library/Channel.js"
"/home/fan/Projects/vscode/extensions/github-authentication/node_modules/applicationinsights/out/TelemetryProcessors/package.json"
"/home/fan/Projects/vscode/extensions/github-authentication/node_modules/applicationinsights/out/TelemetryProcessors/index.js"
"/home/fan/Projects/vscode/extensions/github-authentication/node_modules/applicationinsights/out/TelemetryProcessors/SamplingTelemetryProcessor.js"
"/home/fan/Projects/vscode/extensions/github-authentication/node_modules/applicationinsights/out/Declarations/Contracts/package.json"
"/home/fan/Projects/vscode/extensions/github-authentication/node_modules/applicationinsights/out/Library/Sender.js"
"/home/fan/Projects/vscode/extensions/github-authentication/node_modules/applicationinsights/out/Library/EnvelopeFactory.js"
"/home/fan/Projects/vscode/extensions/github-authentication/node_modules/applicationinsights/out/Declarations/Contracts/package.json"
"/home/fan/Projects/vscode/extensions/merge-conflict/out/extension.js"
"/home/fan/Projects/vscode/extensions/merge-conflict/out/services.js"
"/home/fan/Projects/vscode/extensions/merge-conflict/out/documentTracker.js"
"/home/fan/Projects/vscode/extensions/merge-conflict/out/mergeConflictParser.js"
"/home/fan/Projects/vscode/extensions/merge-conflict/out/documentMergeConflict.js"
"/home/fan/Projects/vscode/extensions/merge-conflict/out/delayer.js"
"/home/fan/Projects/vscode/extensions/merge-conflict/out/codelensProvider.js"
"/home/fan/Projects/vscode/extensions/merge-conflict/node_modules/vscode-nls/package.json"
"/home/fan/Projects/vscode/extensions/merge-conflict/node_modules/vscode-nls/lib/main.js"
"/home/fan/Projects/vscode/extensions/merge-conflict/out/commandHandler.js"
"/home/fan/Projects/vscode/extensions/merge-conflict/out/contentProvider.js"
"/home/fan/Projects/vscode/extensions/merge-conflict/out/mergeDecorator.js"
"/home/fan/Projects/vscode/extensions/search-result/out/extension.js"
"/home/fan/Projects/vscode/extensions/vscode-account/out/extension.js"
"/home/fan/Projects/vscode/extensions/vscode-account/out/AADHelper.js"
"/home/fan/Projects/vscode/extensions/vscode-account/node_modules/uuid/package.json"
"/home/fan/Projects/vscode/extensions/vscode-account/node_modules/uuid/index.js"
"/home/fan/Projects/vscode/extensions/vscode-account/node_modules/uuid/v1.js"
"/home/fan/Projects/vscode/extensions/vscode-account/node_modules/uuid/lib/rng.js"
"/home/fan/Projects/vscode/extensions/vscode-account/node_modules/uuid/lib/bytesToUuid.js"
"/home/fan/Projects/vscode/extensions/vscode-account/node_modules/uuid/v4.js"
"/home/fan/Projects/vscode/extensions/vscode-account/out/authServer.js"
"/home/fan/Projects/vscode/extensions/vscode-account/out/keychain.js"
"/home/fan/Projects/vscode/extensions/vscode-account/out/logger.js"
"/home/fan/Projects/vscode/extensions/vscode-account/node_modules/vscode-nls/package.json"
"/home/fan/Projects/vscode/extensions/vscode-account/node_modules/vscode-nls/lib/main.js"
"/home/fan/Projects/vscode/extensions/vscode-account/out/utils.js"
"/home/fan/Projects/vscode/extensions/vscode-account/node_modules/vscode-extension-telemetry/package.json"
"/home/fan/Projects/vscode/extensions/vscode-account/node_modules/vscode-extension-telemetry/lib/telemetryReporter.js"
"/home/fan/Projects/vscode/extensions/vscode-account/node_modules/applicationinsights/package.json"
"/home/fan/Projects/vscode/extensions/vscode-account/node_modules/applicationinsights/out/applicationinsights.js"
"/home/fan/Projects/vscode/extensions/vscode-account/node_modules/applicationinsights/out/AutoCollection/CorrelationContextManager.js"
"/home/fan/Projects/vscode/extensions/vscode-account/node_modules/applicationinsights/out/Library/Logging.js"
"/home/fan/Projects/vscode/extensions/vscode-account/node_modules/applicationinsights/out/AutoCollection/diagnostic-channel/initialization.js"
"/home/fan/Projects/vscode/extensions/vscode-account/node_modules/applicationinsights/out/AutoCollection/Console.js"
"/home/fan/Projects/vscode/extensions/vscode-account/node_modules/applicationinsights/out/AutoCollection/Exceptions.js"
"/home/fan/Projects/vscode/extensions/vscode-account/node_modules/applicationinsights/out/AutoCollection/Performance.js"
"/home/fan/Projects/vscode/extensions/vscode-account/node_modules/applicationinsights/out/AutoCollection/HttpDependencies.js"
"/home/fan/Projects/vscode/extensions/vscode-account/node_modules/applicationinsights/out/Library/Util.js"
"/home/fan/Projects/vscode/extensions/vscode-account/node_modules/applicationinsights/out/Library/RequestResponseHeaders.js"
"/home/fan/Projects/vscode/extensions/vscode-account/node_modules/applicationinsights/out/AutoCollection/HttpDependencyParser.js"
"/home/fan/Projects/vscode/extensions/vscode-account/node_modules/applicationinsights/out/Declarations/Contracts/package.json"
"/home/fan/Projects/vscode/extensions/vscode-account/node_modules/applicationinsights/out/Declarations/Contracts/index.js"
"/home/fan/Projects/vscode/extensions/vscode-account/node_modules/applicationinsights/out/Declarations/Contracts/Constants.js"
"/home/fan/Projects/vscode/extensions/vscode-account/node_modules/applicationinsights/out/Declarations/Contracts/Generated/package.json"
"/home/fan/Projects/vscode/extensions/vscode-account/node_modules/applicationinsights/out/Declarations/Contracts/Generated/index.js"
"/home/fan/Projects/vscode/extensions/vscode-account/node_modules/applicationinsights/out/Declarations/Contracts/Generated/AvailabilityData.js"
"/home/fan/Projects/vscode/extensions/vscode-account/node_modules/applicationinsights/out/Declarations/Contracts/Generated/Domain.js"
"/home/fan/Projects/vscode/extensions/vscode-account/node_modules/applicationinsights/out/Declarations/Contracts/Generated/Base.js"
"/home/fan/Projects/vscode/extensions/vscode-account/node_modules/applicationinsights/out/Declarations/Contracts/Generated/ContextTagKeys.js"
"/home/fan/Projects/vscode/extensions/vscode-account/node_modules/applicationinsights/out/Declarations/Contracts/Generated/Data.js"
"/home/fan/Projects/vscode/extensions/vscode-account/node_modules/applicationinsights/out/Declarations/Contracts/Generated/DataPoint.js"
"/home/fan/Projects/vscode/extensions/vscode-account/node_modules/applicationinsights/out/Declarations/Contracts/Generated/DataPointType.js"
"/home/fan/Projects/vscode/extensions/vscode-account/node_modules/applicationinsights/out/Declarations/Contracts/Generated/Envelope.js"
"/home/fan/Projects/vscode/extensions/vscode-account/node_modules/applicationinsights/out/Declarations/Contracts/Generated/EventData.js"
"/home/fan/Projects/vscode/extensions/vscode-account/node_modules/applicationinsights/out/Declarations/Contracts/Generated/ExceptionData.js"
"/home/fan/Projects/vscode/extensions/vscode-account/node_modules/applicationinsights/out/Declarations/Contracts/Generated/ExceptionDetails.js"
"/home/fan/Projects/vscode/extensions/vscode-account/node_modules/applicationinsights/out/Declarations/Contracts/Generated/MessageData.js"
"/home/fan/Projects/vscode/extensions/vscode-account/node_modules/applicationinsights/out/Declarations/Contracts/Generated/MetricData.js"
"/home/fan/Projects/vscode/extensions/vscode-account/node_modules/applicationinsights/out/Declarations/Contracts/Generated/PageViewData.js"
"/home/fan/Projects/vscode/extensions/vscode-account/node_modules/applicationinsights/out/Declarations/Contracts/Generated/RemoteDependencyData.js"
"/home/fan/Projects/vscode/extensions/vscode-account/node_modules/applicationinsights/out/Declarations/Contracts/Generated/RequestData.js"
"/home/fan/Projects/vscode/extensions/vscode-account/node_modules/applicationinsights/out/Declarations/Contracts/Generated/SeverityLevel.js"
"/home/fan/Projects/vscode/extensions/vscode-account/node_modules/applicationinsights/out/Declarations/Contracts/Generated/StackFrame.js"
"/home/fan/Projects/vscode/extensions/vscode-account/node_modules/applicationinsights/out/Declarations/Contracts/TelemetryTypes/package.json"
"/home/fan/Projects/vscode/extensions/vscode-account/node_modules/applicationinsights/out/Declarations/Contracts/TelemetryTypes/index.js"
"/home/fan/Projects/vscode/extensions/vscode-account/node_modules/applicationinsights/out/Declarations/Contracts/TelemetryTypes/TelemetryType.js"
"/home/fan/Projects/vscode/extensions/vscode-account/node_modules/applicationinsights/out/AutoCollection/RequestParser.js"
"/home/fan/Projects/vscode/extensions/vscode-account/node_modules/applicationinsights/out/Library/CorrelationIdManager.js"
"/home/fan/Projects/vscode/extensions/vscode-account/node_modules/applicationinsights/out/AutoCollection/HttpRequests.js"
"/home/fan/Projects/vscode/extensions/vscode-account/node_modules/applicationinsights/out/AutoCollection/HttpRequestParser.js"
"/home/fan/Projects/vscode/extensions/vscode-account/node_modules/applicationinsights/out/Library/NodeClient.js"
"/home/fan/Projects/vscode/extensions/vscode-account/node_modules/applicationinsights/out/Library/TelemetryClient.js"
"/home/fan/Projects/vscode/extensions/vscode-account/node_modules/applicationinsights/out/Library/Config.js"
"/home/fan/Projects/vscode/extensions/vscode-account/node_modules/applicationinsights/out/Library/Context.js"
"/home/fan/Projects/vscode/extensions/vscode-account/node_modules/applicationinsights/out/Declarations/Contracts/package.json"
"/home/fan/Projects/vscode/extensions/vscode-account/node_modules/applicationinsights/out/Library/Channel.js"
"/home/fan/Projects/vscode/extensions/vscode-account/node_modules/applicationinsights/out/TelemetryProcessors/package.json"
"/home/fan/Projects/vscode/extensions/vscode-account/node_modules/applicationinsights/out/TelemetryProcessors/index.js"
"/home/fan/Projects/vscode/extensions/vscode-account/node_modules/applicationinsights/out/TelemetryProcessors/SamplingTelemetryProcessor.js"
"/home/fan/Projects/vscode/extensions/vscode-account/node_modules/applicationinsights/out/Declarations/Contracts/package.json"
"/home/fan/Projects/vscode/extensions/vscode-account/node_modules/applicationinsights/out/Library/Sender.js"
"/home/fan/Projects/vscode/extensions/vscode-account/node_modules/applicationinsights/out/Library/EnvelopeFactory.js"
"/home/fan/Projects/vscode/extensions/vscode-account/node_modules/applicationinsights/out/Declarations/Contracts/package.json"
"/home/fan/Projects/vscode/extensions/vscode-notebook-tests/out/notebookTestMain.js"
"/home/fan/Projects/vscode/node_modules.asar"
"/root/.config/code-oss-dev/logs/20200516T234141/exthost1/output_logging_20200516T234145/1-GitHub Authentication.log"
"/root/.config/code-oss-dev/logs/20200516T234141/exthost1/output_logging_20200516T234145/2-Microsoft Authentication.log"
"/home/fan/Projects/vscode/extensions/git/package.json"
"/home/fan/Projects/vscode/extensions/git/package.json"
"/home/fan/Projects/vscode/extensions/git/node_modules/applicationinsights/package.json"
"/home/fan/Projects/vscode/extensions/github-authentication/package.json"
"/home/fan/Projects/vscode/extensions/github-authentication/package.json"
"/home/fan/Projects/vscode/extensions/github-authentication/node_modules/applicationinsights/package.json"
"/home/fan/Projects/vscode/extensions/vscode-account/package.json"
"/home/fan/Projects/vscode/extensions/vscode-account/package.json"
"/home/fan/Projects/vscode/extensions/vscode-account/node_modules/applicationinsights/package.json"
"/etc/ld.so.cache"
"/lib/x86_64-linux-gnu/libpcre2-8.so.0"
"/lib/x86_64-linux-gnu/libz.so.1"
"/lib/x86_64-linux-gnu/libpthread.so.0"
"/lib/x86_64-linux-gnu/libc.so.6"
"/dev/null"
"/usr/lib/locale/locale-archive"
"/etc/ssl/certs/ca-certificates.crt"
"/root/.config/code-oss-dev/logs/20200516T234141/exthost1/output_logging_20200516T234145/3-Git.log"
"/home/fan/Projects/vscode-test"
"/dev/null"
"/etc/ld.so.cache"
"/lib/x86_64-linux-gnu/libpcre2-8.so.0"
"/lib/x86_64-linux-gnu/libz.so.1"
"/lib/x86_64-linux-gnu/libpthread.so.0"
"/lib/x86_64-linux-gnu/libc.so.6"
"/dev/null"
"/usr/lib/locale/locale-archive"
"/home/fan/Projects/vscode-test/.git/HEAD"
".git/config"
".git/config"
"/home/fan/Projects/vscode/extensions/git/node_modules/iconv-lite/encodings/package.json"
"/home/fan/Projects/vscode/extensions/git/node_modules/iconv-lite/encodings/index.js"
"/home/fan/Projects/vscode/extensions/git/node_modules/iconv-lite/encodings/internal.js"
"/home/fan/Projects/vscode/extensions/git/node_modules/iconv-lite/encodings/utf16.js"
"/home/fan/Projects/vscode/extensions/git/node_modules/iconv-lite/encodings/utf7.js"
"/home/fan/Projects/vscode/extensions/git/node_modules/iconv-lite/encodings/sbcs-codec.js"
"/home/fan/Projects/vscode/extensions/git/node_modules/iconv-lite/encodings/sbcs-data.js"
"/home/fan/Projects/vscode/extensions/git/node_modules/iconv-lite/encodings/sbcs-data-generated.js"
"/home/fan/Projects/vscode/extensions/git/node_modules/iconv-lite/encodings/dbcs-codec.js"
"/home/fan/Projects/vscode/extensions/git/node_modules/iconv-lite/encodings/dbcs-data.js"
"/dev/null"
"/etc/ld.so.cache"
"/lib/x86_64-linux-gnu/libpcre2-8.so.0"
"/lib/x86_64-linux-gnu/libz.so.1"
"/lib/x86_64-linux-gnu/libpthread.so.0"
"/lib/x86_64-linux-gnu/libc.so.6"
"/dev/null"
"/usr/lib/locale/locale-archive"
"/home/fan/Projects/vscode-test/.git/HEAD"
".git/config"
".git/config"
"/dev/null"
"/etc/ld.so.cache"
"/lib/x86_64-linux-gnu/libpcre2-8.so.0"
"/lib/x86_64-linux-gnu/libz.so.1"
"/lib/x86_64-linux-gnu/libpthread.so.0"
"/lib/x86_64-linux-gnu/libc.so.6"
"/dev/null"
"/usr/lib/locale/locale-archive"
"/home/fan/Projects/vscode-test/.git/HEAD"
".git/config"
".git/config"
".git/HEAD"
".git/refs/heads/master"
".git/config"
".git/index"
".git/HEAD"
".git/refs/heads/master"
".git/packed-refs"
".git/HEAD"
".git/refs/heads/master"
".git/refs/"
".git/objects/info/alternates"
".git/objects/pack"
".git/objects/pack/pack-b59518bfc8a19dce52875984952e55b4685f9f2a.idx"
".git/objects/4a/5bbc1f916f685e279398f462ba39d884d8e7f0"
".git/info/grafts"
".git/shallow"
".git/objects/info/commit-graph"
".git/objects/info/commit-graphs/commit-graph-chain"
".git/objects/4a/5bbc1f916f685e279398f462ba39d884d8e7f0"
".git/objects/14/c0ffaaf7381d28d222d23740abd7249d76e133"
"/usr/share/locale/locale.alias"
"/usr/share/locale/en_US.UTF-8/LC_MESSAGES/git.mo"
"/usr/share/locale/en_US.utf8/LC_MESSAGES/git.mo"
"/usr/share/locale/en_US/LC_MESSAGES/git.mo"
"/usr/share/locale/en.UTF-8/LC_MESSAGES/git.mo"
"/usr/share/locale/en.utf8/LC_MESSAGES/git.mo"
"/usr/share/locale/en/LC_MESSAGES/git.mo"
"/usr/share/locale-langpack/en_US.UTF-8/LC_MESSAGES/git.mo"
"/usr/share/locale-langpack/en_US.utf8/LC_MESSAGES/git.mo"
"/usr/share/locale-langpack/en_US/LC_MESSAGES/git.mo"
"/usr/share/locale-langpack/en.UTF-8/LC_MESSAGES/git.mo"
"/usr/share/locale-langpack/en.utf8/LC_MESSAGES/git.mo"
"/usr/share/locale-langpack/en/LC_MESSAGES/git.mo"
".git/info/exclude"
"."
".gitignore"
"results/"
".git/sequencer/todo"
"/dev/null"
"/etc/ld.so.cache"
"/lib/x86_64-linux-gnu/libpcre2-8.so.0"
"/lib/x86_64-linux-gnu/libz.so.1"
"/lib/x86_64-linux-gnu/libpthread.so.0"
"/lib/x86_64-linux-gnu/libc.so.6"
"/dev/null"
"/usr/lib/locale/locale-archive"
"/home/fan/Projects/vscode-test/.git/HEAD"
".git/config"
".git/config"
".git/config"
".git/HEAD"
".git/refs/heads/master"
".git/packed-refs"
"/dev/null"
"/etc/ld.so.cache"
"/lib/x86_64-linux-gnu/libpcre2-8.so.0"
"/lib/x86_64-linux-gnu/libz.so.1"
"/lib/x86_64-linux-gnu/libpthread.so.0"
"/lib/x86_64-linux-gnu/libc.so.6"
"/dev/null"
"/usr/lib/locale/locale-archive"
"/home/fan/Projects/vscode-test/.git/HEAD"
".git/config"
".git/config"
".git/packed-refs"
".git/refs/heads/master"
"/dev/null"
"/etc/ld.so.cache"
"/lib/x86_64-linux-gnu/libpcre2-8.so.0"
"/lib/x86_64-linux-gnu/libz.so.1"
"/lib/x86_64-linux-gnu/libpthread.so.0"
"/lib/x86_64-linux-gnu/libc.so.6"
"/dev/null"
"/usr/lib/locale/locale-archive"
"/home/fan/Projects/vscode-test/.git/HEAD"
".git/config"
".git/config"
".git/HEAD"
".git/refs/heads/master"
".git/packed-refs"
".git/refs/remotes/origin/master"
".git/refs/remotes/origin/master"
".git/refs/remotes/origin/master"
".git/refs/remotes/origin/master"
"/dev/null"
"/etc/ld.so.cache"
"/lib/x86_64-linux-gnu/libpcre2-8.so.0"
"/lib/x86_64-linux-gnu/libz.so.1"
"/lib/x86_64-linux-gnu/libpthread.so.0"
"/lib/x86_64-linux-gnu/libc.so.6"
"/dev/null"
"/usr/lib/locale/locale-archive"
"/home/fan/Projects/vscode-test/.git/HEAD"
".git/config"
".git/config"
".git/config"
".git/packed-refs"
".git/refs/heads/master"
".git/refs/remotes/origin/master"
".git/refs/"
".git/objects/info/alternates"
".git/objects/pack"
".git/objects/pack/pack-b59518bfc8a19dce52875984952e55b4685f9f2a.idx"
".git/objects/4a/5bbc1f916f685e279398f462ba39d884d8e7f0"
".git/objects/4a/5bbc1f916f685e279398f462ba39d884d8e7f0"
".git/info/grafts"
".git/shallow"
".git/objects/info/commit-graph"
".git/objects/info/commit-graphs/commit-graph-chain"
".git/objects/ea/f72068b63bec049e42a30bda82cab1f03548cb"
".git/objects/pack/pack-b59518bfc8a19dce52875984952e55b4685f9f2a.pack"
"/usr/share/locale/locale.alias"
"/usr/share/locale/en_US.UTF-8/LC_MESSAGES/git.mo"
"/usr/share/locale/en_US.utf8/LC_MESSAGES/git.mo"
"/usr/share/locale/en_US/LC_MESSAGES/git.mo"
"/usr/share/locale/en.UTF-8/LC_MESSAGES/git.mo"
"/usr/share/locale/en.utf8/LC_MESSAGES/git.mo"
"/usr/share/locale/en/LC_MESSAGES/git.mo"
"/usr/share/locale-langpack/en_US.UTF-8/LC_MESSAGES/git.mo"
"/usr/share/locale-langpack/en_US.utf8/LC_MESSAGES/git.mo"
"/usr/share/locale-langpack/en_US/LC_MESSAGES/git.mo"
"/usr/share/locale-langpack/en.UTF-8/LC_MESSAGES/git.mo"
"/usr/share/locale-langpack/en.utf8/LC_MESSAGES/git.mo"
"/usr/share/locale-langpack/en/LC_MESSAGES/git.mo"
"/dev/null"
"/etc/ld.so.cache"
"/lib/x86_64-linux-gnu/libpcre2-8.so.0"
"/lib/x86_64-linux-gnu/libz.so.1"
"/lib/x86_64-linux-gnu/libpthread.so.0"
"/lib/x86_64-linux-gnu/libc.so.6"
"/dev/null"
"/usr/lib/locale/locale-archive"
"/home/fan/Projects/vscode-test/.git/HEAD"
".git/config"
"/dev/null"
".git/config"
".git/config"
".git/refs/"
".git/refs/bisect/"
".git/refs/heads/"
".git/refs/heads/master"
".git/refs/remotes/"
".git/refs/remotes/origin/"
".git/refs/remotes/origin/master"
"/etc/ld.so.cache"
"/lib/x86_64-linux-gnu/libpcre2-8.so.0"
"/lib/x86_64-linux-gnu/libz.so.1"
"/home/fan/Projects/vscode-test/.gitmodules"
"/lib/x86_64-linux-gnu/libpthread.so.0"
"/home/fan/Projects/vscode-test/.git/REBASE_HEAD"
"/lib/x86_64-linux-gnu/libc.so.6"
"/dev/null"
"/usr/lib/locale/locale-archive"
"/home/fan/Projects/vscode-test/.git/HEAD"
".git/config"
".git/refs/remotes/origin/HEAD"
".git/refs/remotes/origin/master"
".git/refs/tags/"
".git/refs/worktree/"
".git/refs/rewritten/"
".git/packed-refs"
".git/config"
".git/objects/info/alternates"
".git/objects/pack"
".git/objects/pack/pack-b59518bfc8a19dce52875984952e55b4685f9f2a.idx"
".git/objects/4a/5bbc1f916f685e279398f462ba39d884d8e7f0"
".git/HEAD"
".git/info/grafts"
".git/shallow"
".git/objects/info/commit-graph"
".git/objects/info/commit-graphs/commit-graph-chain"
"/etc/localtime"
".git/refs/heads/master"
".git/objects/4a/5bbc1f916f685e279398f462ba39d884d8e7f0"
".git/config"
".git/objects/4a/5bbc1f916f685e279398f462ba39d884d8e7f0"
"/etc/nsswitch.conf"
"/etc/host.conf"
"/etc/resolv.conf"
"/home/fan/Projects/vscode/.build/electron/libnss_files.so.2"
"/etc/ld.so.cache"
"/lib/x86_64-linux-gnu/libnss_files.so.2"
"/etc/hosts"
"/home/fan/Projects/vscode/.build/electron/libnss_mdns4_minimal.so.2"
"/etc/ld.so.cache"
"/lib/x86_64-linux-gnu/libnss_mdns4_minimal.so.2"
"/home/fan/Projects/vscode/.build/electron/libnss_dns.so.2"
"/etc/ld.so.cache"
"/lib/x86_64-linux-gnu/libnss_dns.so.2"
"/etc/hosts"
"/etc/hosts"
"/home/fan/Projects/vscode-test/.git/MERGE_MSG"
"/dev/null"
"/etc/ld.so.cache"
"/lib/x86_64-linux-gnu/libpcre2-8.so.0"
"/lib/x86_64-linux-gnu/libz.so.1"
"/lib/x86_64-linux-gnu/libpthread.so.0"
"/lib/x86_64-linux-gnu/libc.so.6"
"/dev/null"
"/usr/lib/locale/locale-archive"
"/home/fan/Projects/vscode-test/.git/HEAD"
".git/config"
".git/config"
"/dev/null"
"/etc/ld.so.cache"
"/lib/x86_64-linux-gnu/libpcre2-8.so.0"
"/lib/x86_64-linux-gnu/libz.so.1"
"/lib/x86_64-linux-gnu/libpthread.so.0"
"/lib/x86_64-linux-gnu/libc.so.6"
"/dev/null"
"/usr/lib/locale/locale-archive"
"/home/fan/Projects/vscode-test/.git/HEAD"
".git/config"
".git/config"
"/dev/null"
".git/config"
".git/index"
".git/refs/"
".git/packed-refs"
".git/objects/info/alternates"
".git/objects/pack"
".git/objects/pack/pack-b59518bfc8a19dce52875984952e55b4685f9f2a.idx"
".git/objects/pack/pack-b59518bfc8a19dce52875984952e55b4685f9f2a.pack"
".mailmap"
"/etc/ld.so.cache"
"/lib/x86_64-linux-gnu/libpcre2-8.so.0"
"/lib/x86_64-linux-gnu/libz.so.1"
"/lib/x86_64-linux-gnu/libpthread.so.0"
"/lib/x86_64-linux-gnu/libc.so.6"
"/dev/null"
"/usr/lib/locale/locale-archive"
"/home/fan/Projects/vscode-test/.git/HEAD"
".git/config"
".git/config"
".git/config"
".git/index"
"/dev/null"
"/etc/ld.so.cache"
"/lib/x86_64-linux-gnu/libpcre2-8.so.0"
"/lib/x86_64-linux-gnu/libz.so.1"
"/lib/x86_64-linux-gnu/libpthread.so.0"
"/lib/x86_64-linux-gnu/libc.so.6"
"/dev/null"
"/usr/lib/locale/locale-archive"
"/home/fan/Projects/vscode-test/.git/HEAD"
".git/config"
".git/config"
".git/config"
".git/packed-refs"
".git/refs/"
".git/objects/info/alternates"
".git/objects/pack"
".git/objects/pack/pack-b59518bfc8a19dce52875984952e55b4685f9f2a.idx"
".git/objects/pack/pack-b59518bfc8a19dce52875984952e55b4685f9f2a.pack"
"/etc/ld.so.cache"
"/lib/x86_64-linux-gnu/libpcre2-8.so.0"
"/lib/x86_64-linux-gnu/libz.so.1"
"/lib/x86_64-linux-gnu/libpthread.so.0"
"/lib/x86_64-linux-gnu/libc.so.6"
"/dev/null"
"/usr/lib/locale/locale-archive"
"/home/fan/Projects/vscode-test/.git/HEAD"
".git/config"
".git/config"
".git/config"
".git/index"
".git/info/exclude"
