> "/home/fan/Projects/vscode/product.json"
> "/home/fan/Projects/vscode/package.json"
> "/home/fan/Projects/vscode/out/vs/workbench/services/extensions/common/lazyPromise.js"
> "/home/fan/Projects/vscode/out/vs/platform/instantiation/common/descriptors.js"
> "/home/fan/Projects/vscode/out/vs/base/common/numbers.js"
> "/home/fan/Projects/vscode/out/vs/platform/notification/common/notification.js"
> "/home/fan/Projects/vscode/out/vs/platform/workspace/common/workspace.js"
> "/home/fan/Projects/vscode/out/vs/workbench/services/search/common/search.js"
> "/home/fan/Projects/vscode/out/vs/workbench/services/output/node/outputAppender.js"
> "/home/fan/Projects/vscode/out/vs/base/common/date.js"
> "/home/fan/Projects/vscode/out/vs/base/common/assert.js"
> "/home/fan/Projects/vscode/out/vs/workbench/api/common/extHostDocumentData.js"
> "/home/fan/Projects/vscode/out/vs/workbench/api/common/extHostTextEditor.js"
> "/home/fan/Projects/vscode/out/vs/workbench/contrib/terminal/common/terminal.js"
> "/home/fan/Projects/vscode/out/vs/workbench/contrib/terminal/common/terminalDataBuffering.js"
> "/home/fan/Projects/vscode/out/vs/workbench/contrib/tasks/common/taskService.js"
> "/home/fan/Projects/vscode/out/vs/workbench/contrib/terminal/common/terminalEnvironment.js"
> "/home/fan/Projects/vscode/out/vs/workbench/contrib/terminal/node/terminalProcess.js"
> "/home/fan/Projects/vscode/out/vs/workbench/contrib/terminal/node/terminal.js"
> "/home/fan/Projects/vscode/out/vs/workbench/contrib/terminal/node/terminalEnvironment.js"
> "/home/fan/Projects/vscode/out/vs/workbench/contrib/terminal/common/environmentVariableShared.js"
> "/home/fan/Projects/vscode/out/vs/workbench/contrib/terminal/common/environmentVariableCollection.js"
> "/home/fan/Projects/vscode/out/vs/base/node/processes.js"
> "/home/fan/Projects/vscode/out/vs/platform/log/node/spdlogService.js"
> "/home/fan/Projects/vscode/out/vs/workbench/services/search/common/fileSearchManager.js"
> "/home/fan/Projects/vscode/out/vs/workbench/services/search/common/textSearchManager.js"
> "/home/fan/Projects/vscode/out/vs/platform/workspaces/common/workspaces.js"
> "/home/fan/Projects/vscode/out/vs/workbench/common/resources.js"
> "/home/fan/Projects/vscode/out/vs/base/common/idGenerator.js"
> "/home/fan/Projects/vscode/out/vs/editor/common/model/mirrorTextModel.js"
> "/home/fan/Projects/vscode/out/vs/editor/common/model/wordHelper.js"
> "/home/fan/Projects/vscode/out/vs/platform/contextkey/common/contextkey.js"
> "/home/fan/Projects/vscode/out/vs/base/common/stopwatch.js"
> "/home/fan/Projects/vscode/out/vs/base/node/encoding.js"
> "/home/fan/Projects/vscode/out/vs/base/common/processes.js"
> "/home/fan/Projects/vscode/out/node-pty.js"
> "/home/fan/Projects/vscode/out/vs/workbench/contrib/terminal/common/environmentVariable.js"
> "/home/fan/Projects/vscode/out/vs/base/node/decoder.js"
> "/home/fan/Projects/vscode/out/vs/editor/common/config/editorOptions.js"
> "/home/fan/Projects/vscode/out/vs/editor/common/model.js"
> "/home/fan/Projects/vscode/out/vs/editor/common/modes/languageConfiguration.js"
> "/home/fan/Projects/vscode/out/vs/editor/common/modes/languageSelector.js"
> "/home/fan/Projects/vscode/out/vs/workbench/api/common/extHostApiCommands.js"
> "/home/fan/Projects/vscode/out/vs/workbench/api/common/extHostClipboard.js"
> "/home/fan/Projects/vscode/out/vs/workbench/api/common/extHostComments.js"
> "/home/fan/Projects/vscode/out/vs/workbench/api/common/extHostDiagnostics.js"
> "/home/fan/Projects/vscode/out/vs/workbench/api/common/extHostDialogs.js"
> "/home/fan/Projects/vscode/out/vs/workbench/api/common/extHostDocumentContentProviders.js"
> "/home/fan/Projects/vscode/out/vs/workbench/api/common/extHostDocumentSaveParticipant.js"
> "/home/fan/Projects/vscode/out/vs/workbench/api/common/extHostDocuments.js"
> "/home/fan/Projects/vscode/out/vs/workbench/api/common/extHostFileSystem.js"
> "/home/fan/Projects/vscode/out/vs/workbench/api/common/extHostFileSystemEventService.js"
> "/home/fan/Projects/vscode/out/vs/workbench/api/common/extHostLanguageFeatures.js"
> "/home/fan/Projects/vscode/out/vs/workbench/api/common/extHostLanguages.js"
> "/home/fan/Projects/vscode/out/vs/workbench/api/common/extHostMessageService.js"
> "/home/fan/Projects/vscode/out/vs/workbench/api/common/extHostProgress.js"
> "/home/fan/Projects/vscode/out/vs/workbench/api/common/extHostQuickOpen.js"
> "/home/fan/Projects/vscode/out/vs/workbench/api/common/extHostSCM.js"
> "/home/fan/Projects/vscode/out/vs/workbench/api/common/extHostStatusBar.js"
> "/home/fan/Projects/vscode/out/vs/workbench/api/common/extHostTextEditors.js"
> "/home/fan/Projects/vscode/out/vs/workbench/api/common/extHostTreeViews.js"
> "/home/fan/Projects/vscode/out/vs/workbench/api/common/extHostUrls.js"
> "/home/fan/Projects/vscode/out/vs/workbench/api/common/extHostWebview.js"
> "/home/fan/Projects/vscode/out/vs/workbench/api/common/extHostWindow.js"
> "/home/fan/Projects/vscode/out/vs/workbench/api/common/extHostCodeInsets.js"
> "/home/fan/Projects/vscode/out/vs/workbench/api/common/extHostLabelService.js"
> "/home/fan/Projects/vscode/out/vs/platform/remote/common/remoteHosts.js"
> "/home/fan/Projects/vscode/out/vs/workbench/api/common/extHostNotebook.js"
> "/home/fan/Projects/vscode/out/vs/workbench/api/common/extHostTheming.js"
> "/home/fan/Projects/vscode/out/vs/workbench/api/common/extHostAuthentication.js"
> "/home/fan/Projects/vscode/out/vs/workbench/api/common/extHostTimeline.js"
> "/home/fan/Projects/vscode/out/vs/workbench/api/common/extHostNotebookConcatDocument.js"
> "/home/fan/Projects/vscode/node_modules/graceful-fs/package.json"
> "/home/fan/Projects/vscode/node_modules/graceful-fs/graceful-fs.js"
> "/home/fan/Projects/vscode/node_modules/graceful-fs/polyfills.js"
> "/home/fan/Projects/vscode/node_modules/graceful-fs/legacy-streams.js"
> "/home/fan/Projects/vscode/node_modules/graceful-fs/clone.js"
> "/home/fan/Projects/vscode/node_modules.asar"
> "/home/fan/Projects/vscode/out/vs/base/common/jsonEdit.js"
> "/home/fan/Projects/vscode/out/vs/editor/common/viewModel/prefixSumComputer.js"
> "/home/fan/Projects/vscode/out/string_decoder.js"
> "/home/fan/Projects/vscode/out/events.js"
> "/home/fan/Projects/vscode/out/vscode-ripgrep.js"
> "/home/fan/Projects/vscode/out/vs/editor/common/modes/linkComputer.js"
> "/home/fan/Projects/vscode/node_modules.asar"
> "/home/fan/Projects/vscode/node_modules/iconv-lite/package.json"
> "/home/fan/Projects/vscode/node_modules/iconv-lite/lib/index.js"
> "/home/fan/Projects/vscode/node_modules.asar"
> "/home/fan/Projects/vscode/node_modules/safer-buffer/package.json"
> "/home/fan/Projects/vscode/node_modules/safer-buffer/safer.js"
> "/home/fan/Projects/vscode/node_modules/iconv-lite/lib/bom-handling.js"
> "/home/fan/Projects/vscode/node_modules/iconv-lite/lib/streams.js"
> "/home/fan/Projects/vscode/node_modules/iconv-lite/lib/extend-node.js"
> "/home/fan/Projects/vscode/node_modules.asar"
> "/home/fan/Projects/vscode/node_modules/vscode-ripgrep/package.json"
> "/home/fan/Projects/vscode/node_modules/vscode-ripgrep/lib/index.js"
> "/root/.config/code-oss-dev/logs/20200516T235321/exthost1/exthost.log"
> "/root/.vscode-oss-dev/extensions/redhat.java-0.61.0/dist/extension.js"
> "/root/.config/code-oss-dev/logs/20200516T235321/exthost1/output_logging_20200516T235324/1-GitHub Authentication.log"
> "/root/.config/code-oss-dev/logs/20200516T235321/exthost1/output_logging_20200516T235325/2-Microsoft Authentication.log"
> "/root/.config/code-oss-dev/User/workspaceStorage/525851cdb2e0329fca39d346548a2f4d/redhat.java/.4f8f4f1ad4dc8da8a085ec7bd48dd541ce247056-audit.json"
> "/root/.config/code-oss-dev/User/workspaceStorage/525851cdb2e0329fca39d346548a2f4d/redhat.java/client.log.2020-05-16"
> "/root/.config/code-oss-dev/logs/20200516T235321/exthost1/output_logging_20200516T235325/3-Git.log"
> "/etc/nsswitch.conf"
> "/etc/host.conf"
> "/etc/resolv.conf"
> "/home/fan/Projects/vscode/.build/electron/libnss_files.so.2"
> "/etc/ld.so.cache"
> "/lib/x86_64-linux-gnu/libnss_files.so.2"
> "/etc/hosts"
> "/home/fan/Projects/vscode/.build/electron/libnss_mdns4_minimal.so.2"
> "/etc/ld.so.cache"
> "/lib/x86_64-linux-gnu/libnss_mdns4_minimal.so.2"
> "/home/fan/Projects/vscode/.build/electron/libnss_dns.so.2"
> "/etc/ld.so.cache"
> "/lib/x86_64-linux-gnu/libnss_dns.so.2"
> "/etc/hosts"
> "/etc/hosts"
> "/dev/null"
> "/etc/ld.so.cache"
> "/lib/x86_64-linux-gnu/libpcre2-8.so.0"
> "/lib/x86_64-linux-gnu/libc.so.6"
> ".git/config"
