> "/home/fan/Projects/vscode/out/vs/base/parts/ipc/common/ipc.net.js"
> "/home/fan/Projects/vscode/out/vs/platform/instantiation/common/instantiation.js"
> "/home/fan/Projects/vscode/out/vs/platform/log/common/log.js"
> "/home/fan/Projects/vscode/out/vs/workbench/api/common/extHostClipboard.js"
> "/home/fan/Projects/vscode/out/vs/platform/progress/common/progress.js"
> "/home/fan/Projects/vscode/out/vs/base/common/decorators.js"
> "/home/fan/Projects/vscode/out/vs/editor/common/modes.js"
> "/home/fan/Projects/vscode/out/vs/workbench/services/search/node/ripgrepTextSearchEngine.js"
> "/home/fan/Projects/vscode/out/vs/base/common/idGenerator.js"
> "/home/fan/Projects/vscode/out/vs/base/common/processes.js"
> "/home/fan/Projects/vscode/out/vs/platform/extensionManagement/common/extensionManagement.js"
> "/root/.config/code-oss-dev/logs/20200610T155956/exthost1/exthost.log"
> "/etc/ssl/certs/ca-certificates.crt"
> "/home/fan/Projects/vscode/node_modules.asar"
> "/root/.config/code-oss-dev/logs/20200610T155956/exthost1/output_logging_20200610T155959/1-Git.log"
> "/home/fan/Projects/vscode-test"
> "/etc/ld.so.cache"
> "/lib/x86_64-linux-gnu/libharfbuzz.so.0"
> "/dev/null"
> "/usr/lib/locale/locale-archive"
> "/home/fan/Projects/vscode-test/.git/HEAD"
> ".git/config"
> ".git/config"
> "/home/fan/Projects/vscode/extensions/git/node_modules/iconv-lite/encodings/package.json"
> "/home/fan/Projects/vscode/extensions/git/node_modules/iconv-lite/encodings/index.js"
> "/home/fan/Projects/vscode/extensions/git/node_modules/iconv-lite/encodings/internal.js"
> "/home/fan/Projects/vscode/extensions/git/node_modules/iconv-lite/encodings/utf16.js"
> "/home/fan/Projects/vscode/extensions/git/node_modules/iconv-lite/encodings/utf7.js"
> "/lib/x86_64-linux-gnu/libblkid.so.1"
> "/home/fan/Projects/vscode/extensions/git/node_modules/iconv-lite/encodings/sbcs-data.js"
> "/home/fan/Projects/vscode/extensions/git/node_modules/iconv-lite/encodings/sbcs-data-generated.js"
> "/lib/x86_64-linux-gnu/libkrb5support.so.0"
> "/home/fan/Projects/vscode/extensions/git/node_modules/iconv-lite/encodings/dbcs-data.js"
> "/dev/null"
> "/dev/urandom"
> "/proc/filesystems"
> "/sys/devices/system/cpu/cpu0/tsc_freq_khz"
> "/sys/devices/system/cpu/cpu0/cpufreq/cpuinfo_max_freq"
> "/proc/cpuinfo"
> "/home/fan/Projects/vscode/.build/electron/icudtl.dat"
> "/etc/localtime"
> "/home/fan/Projects/vscode/.build/electron/v8_context_snapshot.bin"
> "/home/fan/Projects/vscode/.build/electron/natives_blob.bin"
> "/sys/devices/system/cpu"
> "/dev/urandom"
> "/dev/urandom"
> "/dev/null"
> "/etc/nsswitch.conf"
> "/etc/host.conf"
> "/etc/resolv.conf"
> "/etc/ld.so.cache"
> "/lib/x86_64-linux-gnu/libnss_files.so.2"
> "/etc/hosts"
> "/etc/ld.so.cache"
> "/lib/x86_64-linux-gnu/libnss_mdns4_minimal.so.2"
> "/etc/ld.so.cache"
> "/lib/x86_64-linux-gnu/libnss_dns.so.2"
> "/etc/hosts"
> "/root/.config/code-oss-dev/logs/20200610T155956/exthost1/output_logging_20200610T155959/2-HTML Language Server.log"
> "/dev/null"
> "/home/fan/Projects/vscode/extensions/html-language-features/server/out/htmlServerMain.js"
> "/home/fan/Projects/vscode/extensions/html-language-features/server/node_modules/vscode-languageserver/package.json"
> "/home/fan/Projects/vscode/extensions/html-language-features/server/node_modules/vscode-languageserver/lib/main.js"
> "/home/fan/Projects/vscode/extensions/html-language-features/server/node_modules/vscode-languageserver-protocol/package.json"
> "/home/fan/Projects/vscode/extensions/html-language-features/server/node_modules/vscode-languageserver-protocol/lib/main.js"
> "/home/fan/Projects/vscode/extensions/html-language-features/server/node_modules/vscode-jsonrpc/package.json"
> "/home/fan/Projects/vscode/extensions/html-language-features/server/node_modules/vscode-jsonrpc/lib/main.js"
> "/home/fan/Projects/vscode/extensions/html-language-features/server/node_modules/vscode-jsonrpc/lib/is.js"
> "/home/fan/Projects/vscode/extensions/html-language-features/server/node_modules/vscode-jsonrpc/lib/messages.js"
> "/home/fan/Projects/vscode/extensions/html-language-features/server/node_modules/vscode-jsonrpc/lib/messageReader.js"
> "/home/fan/Projects/vscode/extensions/html-language-features/server/node_modules/vscode-jsonrpc/lib/events.js"
> "/home/fan/Projects/vscode/extensions/html-language-features/server/node_modules/vscode-jsonrpc/lib/messageWriter.js"
> "/home/fan/Projects/vscode/extensions/html-language-features/server/node_modules/vscode-jsonrpc/lib/cancellation.js"
> "/home/fan/Projects/vscode/extensions/html-language-features/server/node_modules/vscode-jsonrpc/lib/linkedMap.js"
> "/home/fan/Projects/vscode/extensions/html-language-features/server/node_modules/vscode-jsonrpc/lib/pipeSupport.js"
> "/dev/null"
> "/etc/ld.so.cache"
> "/home/fan/Projects/vscode-test/.gitmodules"
> "/lib/x86_64-linux-gnu/libpcre2-8.so.0"
> "/home/fan/Projects/vscode-test/.git/REBASE_HEAD"
> "/lib/x86_64-linux-gnu/libz.so.1"
> "/lib/x86_64-linux-gnu/libpthread.so.0"
> "/home/fan/Projects/vscode/extensions/html-language-features/server/node_modules/vscode-jsonrpc/lib/socketSupport.js"
> "/lib/x86_64-linux-gnu/libc.so.6"
> "/home/fan/Projects/vscode/extensions/html-language-features/server/node_modules/vscode-languageserver-types/package.json"
> "/home/fan/Projects/vscode/extensions/html-language-features/server/node_modules/vscode-languageserver-types/lib/umd/main.js"
> "/dev/null"
> "/usr/lib/locale/locale-archive"
> "/home/fan/Projects/vscode-test/.git/HEAD"
> "/root/.vscode-oss-dev/extensions/prettier.prettier-vscode-3.0.0/out/extension.js"
> "/home/fan/Projects/vscode/node_modules/vm2/lib/sandbox.js"
> "/root/.vscode-oss-dev/extensions/prettier.prettier-vscode-3.0.0/node_modules/prettier/package.json"
> "/root/.vscode-oss-dev/extensions/prettier.prettier-vscode-3.0.0/node_modules/prettier/index.js"
> "/root/.vscode-oss-dev/extensions/prettier.prettier-vscode-3.0.0/node_modules/prettier/third-party.js"
> "/root/.vscode-oss-dev/extensions/prettier.prettier-vscode-3.0.0/node_modules/vscode-extension-telemetry/package.json"
> "/root/.vscode-oss-dev/extensions/prettier.prettier-vscode-3.0.0/node_modules/vscode-extension-telemetry/lib/telemetryReporter.js"
> "/root/.vscode-oss-dev/extensions/prettier.prettier-vscode-3.0.0/node_modules/applicationinsights/package.json"
> "/root/.vscode-oss-dev/extensions/prettier.prettier-vscode-3.0.0/node_modules/applicationinsights/out/applicationinsights.js"
> "/root/.vscode-oss-dev/extensions/prettier.prettier-vscode-3.0.0/node_modules/applicationinsights/out/AutoCollection/CorrelationContextManager.js"
> "/root/.vscode-oss-dev/extensions/prettier.prettier-vscode-3.0.0/node_modules/applicationinsights/out/Library/Logging.js"
> "/root/.vscode-oss-dev/extensions/prettier.prettier-vscode-3.0.0/node_modules/applicationinsights/out/AutoCollection/diagnostic-channel/initialization.js"
> "/root/.vscode-oss-dev/extensions/prettier.prettier-vscode-3.0.0/node_modules/applicationinsights/out/AutoCollection/Console.js"
> "/root/.vscode-oss-dev/extensions/prettier.prettier-vscode-3.0.0/node_modules/applicationinsights/out/AutoCollection/Exceptions.js"
> "/root/.vscode-oss-dev/extensions/prettier.prettier-vscode-3.0.0/node_modules/applicationinsights/out/AutoCollection/Performance.js"
> "/root/.vscode-oss-dev/extensions/prettier.prettier-vscode-3.0.0/node_modules/applicationinsights/out/Declarations/Constants.js"
> "/root/.vscode-oss-dev/extensions/prettier.prettier-vscode-3.0.0/node_modules/applicationinsights/out/AutoCollection/HttpDependencies.js"
> "/root/.vscode-oss-dev/extensions/prettier.prettier-vscode-3.0.0/node_modules/applicationinsights/out/Library/Util.js"
> "/root/.vscode-oss-dev/extensions/prettier.prettier-vscode-3.0.0/node_modules/applicationinsights/out/Library/RequestResponseHeaders.js"
> "/root/.vscode-oss-dev/extensions/prettier.prettier-vscode-3.0.0/node_modules/applicationinsights/out/AutoCollection/HttpDependencyParser.js"
> "/root/.vscode-oss-dev/extensions/prettier.prettier-vscode-3.0.0/node_modules/applicationinsights/out/Declarations/Contracts/index.js"
> "/root/.vscode-oss-dev/extensions/prettier.prettier-vscode-3.0.0/node_modules/applicationinsights/out/Declarations/Contracts/Constants.js"
> "/root/.vscode-oss-dev/extensions/prettier.prettier-vscode-3.0.0/node_modules/applicationinsights/out/Declarations/Contracts/Generated/index.js"
> "/root/.vscode-oss-dev/extensions/prettier.prettier-vscode-3.0.0/node_modules/applicationinsights/out/Declarations/Contracts/Generated/AvailabilityData.js"
> "/root/.vscode-oss-dev/extensions/prettier.prettier-vscode-3.0.0/node_modules/applicationinsights/out/Declarations/Contracts/Generated/Domain.js"
> "/root/.vscode-oss-dev/extensions/prettier.prettier-vscode-3.0.0/node_modules/applicationinsights/out/Declarations/Contracts/Generated/Base.js"
> "/root/.vscode-oss-dev/extensions/prettier.prettier-vscode-3.0.0/node_modules/applicationinsights/out/Declarations/Contracts/Generated/ContextTagKeys.js"
> "/root/.vscode-oss-dev/extensions/prettier.prettier-vscode-3.0.0/node_modules/applicationinsights/out/Declarations/Contracts/Generated/Data.js"
> "/root/.vscode-oss-dev/extensions/prettier.prettier-vscode-3.0.0/node_modules/applicationinsights/out/Declarations/Contracts/Generated/DataPoint.js"
> "/root/.vscode-oss-dev/extensions/prettier.prettier-vscode-3.0.0/node_modules/applicationinsights/out/Declarations/Contracts/Generated/DataPointType.js"
> "/root/.vscode-oss-dev/extensions/prettier.prettier-vscode-3.0.0/node_modules/applicationinsights/out/Declarations/Contracts/Generated/Envelope.js"
> "/root/.vscode-oss-dev/extensions/prettier.prettier-vscode-3.0.0/node_modules/applicationinsights/out/Declarations/Contracts/Generated/EventData.js"
> "/root/.vscode-oss-dev/extensions/prettier.prettier-vscode-3.0.0/node_modules/applicationinsights/out/Declarations/Contracts/Generated/ExceptionData.js"
> "/root/.vscode-oss-dev/extensions/prettier.prettier-vscode-3.0.0/node_modules/applicationinsights/out/Declarations/Contracts/Generated/ExceptionDetails.js"
> "/root/.vscode-oss-dev/extensions/prettier.prettier-vscode-3.0.0/node_modules/applicationinsights/out/Declarations/Contracts/Generated/MessageData.js"
> "/root/.vscode-oss-dev/extensions/prettier.prettier-vscode-3.0.0/node_modules/applicationinsights/out/Declarations/Contracts/Generated/MetricData.js"
> "/root/.vscode-oss-dev/extensions/prettier.prettier-vscode-3.0.0/node_modules/applicationinsights/out/Declarations/Contracts/Generated/PageViewData.js"
> "/root/.vscode-oss-dev/extensions/prettier.prettier-vscode-3.0.0/node_modules/applicationinsights/out/Declarations/Contracts/Generated/RemoteDependencyData.js"
> "/root/.vscode-oss-dev/extensions/prettier.prettier-vscode-3.0.0/node_modules/applicationinsights/out/Declarations/Contracts/Generated/RequestData.js"
> "/root/.vscode-oss-dev/extensions/prettier.prettier-vscode-3.0.0/node_modules/applicationinsights/out/Declarations/Contracts/Generated/SeverityLevel.js"
> "/root/.vscode-oss-dev/extensions/prettier.prettier-vscode-3.0.0/node_modules/applicationinsights/out/Declarations/Contracts/Generated/StackFrame.js"
> "/root/.vscode-oss-dev/extensions/prettier.prettier-vscode-3.0.0/node_modules/applicationinsights/out/Declarations/Contracts/TelemetryTypes/index.js"
> "/root/.vscode-oss-dev/extensions/prettier.prettier-vscode-3.0.0/node_modules/applicationinsights/out/Declarations/Contracts/TelemetryTypes/TelemetryType.js"
> "/root/.vscode-oss-dev/extensions/prettier.prettier-vscode-3.0.0/node_modules/applicationinsights/out/AutoCollection/RequestParser.js"
> "/root/.vscode-oss-dev/extensions/prettier.prettier-vscode-3.0.0/node_modules/applicationinsights/out/Library/CorrelationIdManager.js"
> "/root/.vscode-oss-dev/extensions/prettier.prettier-vscode-3.0.0/node_modules/applicationinsights/out/Library/Traceparent.js"
> "/root/.vscode-oss-dev/extensions/prettier.prettier-vscode-3.0.0/node_modules/applicationinsights/out/AutoCollection/HttpRequests.js"
> "/root/.vscode-oss-dev/extensions/prettier.prettier-vscode-3.0.0/node_modules/applicationinsights/out/AutoCollection/HttpRequestParser.js"
> "/root/.vscode-oss-dev/extensions/prettier.prettier-vscode-3.0.0/node_modules/applicationinsights/out/Library/Tracestate.js"
> "/root/.vscode-oss-dev/extensions/prettier.prettier-vscode-3.0.0/node_modules/applicationinsights/out/Library/QuickPulseStateManager.js"
> "/root/.vscode-oss-dev/extensions/prettier.prettier-vscode-3.0.0/node_modules/applicationinsights/out/Library/Config.js"
> "/root/.vscode-oss-dev/extensions/prettier.prettier-vscode-3.0.0/node_modules/applicationinsights/out/Library/QuickPulseEnvelopeFactory.js"
> "/root/.vscode-oss-dev/extensions/prettier.prettier-vscode-3.0.0/node_modules/applicationinsights/out/Library/QuickPulseSender.js"
> "/root/.vscode-oss-dev/extensions/prettier.prettier-vscode-3.0.0/node_modules/applicationinsights/out/Library/Context.js"
> "/root/.vscode-oss-dev/extensions/prettier.prettier-vscode-3.0.0/node_modules/applicationinsights/out/AutoCollection/NativePerformance.js"
> "/root/.vscode-oss-dev/extensions/prettier.prettier-vscode-3.0.0/node_modules/applicationinsights/out/Library/NodeClient.js"
> "/root/.vscode-oss-dev/extensions/prettier.prettier-vscode-3.0.0/node_modules/applicationinsights/out/Library/TelemetryClient.js"
> "/root/.vscode-oss-dev/extensions/prettier.prettier-vscode-3.0.0/node_modules/applicationinsights/out/Library/Channel.js"
> "/root/.vscode-oss-dev/extensions/prettier.prettier-vscode-3.0.0/node_modules/applicationinsights/out/TelemetryProcessors/index.js"
> "/root/.vscode-oss-dev/extensions/prettier.prettier-vscode-3.0.0/node_modules/applicationinsights/out/TelemetryProcessors/SamplingTelemetryProcessor.js"
> "/root/.vscode-oss-dev/extensions/prettier.prettier-vscode-3.0.0/node_modules/applicationinsights/out/TelemetryProcessors/QuickPulseTelemetryProcessor.js"
> "/root/.vscode-oss-dev/extensions/prettier.prettier-vscode-3.0.0/node_modules/applicationinsights/out/Library/Sender.js"
> "/root/.vscode-oss-dev/extensions/prettier.prettier-vscode-3.0.0/node_modules/applicationinsights/out/Library/EnvelopeFactory.js"
> "/root/.vscode-oss-dev/extensions/prettier.prettier-vscode-3.0.0/out/ConfigResolver.js"
> "/root/.vscode-oss-dev/extensions/prettier.prettier-vscode-3.0.0/node_modules/prettier/package.json"
> "/root/.vscode-oss-dev/extensions/prettier.prettier-vscode-3.0.0/out/Formatter.js"
> "/root/.vscode-oss-dev/extensions/prettier.prettier-vscode-3.0.0/out/LanguageResolver.js"
> "/root/.vscode-oss-dev/extensions/prettier.prettier-vscode-3.0.0/out/IgnorerResolver.js"
> "/root/.vscode-oss-dev/extensions/prettier.prettier-vscode-3.0.0/out/LoggingService.js"
> "/root/.vscode-oss-dev/extensions/prettier.prettier-vscode-3.0.0/node_modules/prettier/package.json"
> "/root/.vscode-oss-dev/extensions/prettier.prettier-vscode-3.0.0/out/ModuleResolver.js"
> "/root/.vscode-oss-dev/extensions/prettier.prettier-vscode-3.0.0/node_modules/prettier/package.json"
> "/root/.vscode-oss-dev/extensions/prettier.prettier-vscode-3.0.0/node_modules/read-pkg-up/package.json"
> "/root/.vscode-oss-dev/extensions/prettier.prettier-vscode-3.0.0/node_modules/read-pkg-up/index.js"
> "/root/.vscode-oss-dev/extensions/prettier.prettier-vscode-3.0.0/node_modules/read-pkg-up/node_modules/find-up/package.json"
> "/root/.vscode-oss-dev/extensions/prettier.prettier-vscode-3.0.0/node_modules/read-pkg-up/node_modules/find-up/index.js"
> "/root/.vscode-oss-dev/extensions/prettier.prettier-vscode-3.0.0/node_modules/read-pkg-up/node_modules/locate-path/package.json"
> "/root/.vscode-oss-dev/extensions/prettier.prettier-vscode-3.0.0/node_modules/read-pkg-up/node_modules/locate-path/index.js"
> "/root/.vscode-oss-dev/extensions/prettier.prettier-vscode-3.0.0/node_modules/read-pkg-up/node_modules/p-locate/package.json"
> "/root/.vscode-oss-dev/extensions/prettier.prettier-vscode-3.0.0/node_modules/read-pkg-up/node_modules/p-locate/index.js"
> "/root/.vscode-oss-dev/extensions/prettier.prettier-vscode-3.0.0/node_modules/p-limit/package.json"
> "/root/.vscode-oss-dev/extensions/prettier.prettier-vscode-3.0.0/node_modules/p-limit/index.js"
> "/root/.vscode-oss-dev/extensions/prettier.prettier-vscode-3.0.0/node_modules/p-try/package.json"
> "/root/.vscode-oss-dev/extensions/prettier.prettier-vscode-3.0.0/node_modules/p-try/index.js"
> "/root/.vscode-oss-dev/extensions/prettier.prettier-vscode-3.0.0/node_modules/read-pkg-up/node_modules/path-exists/package.json"
> "/root/.vscode-oss-dev/extensions/prettier.prettier-vscode-3.0.0/node_modules/read-pkg-up/node_modules/path-exists/index.js"
> "/root/.vscode-oss-dev/extensions/prettier.prettier-vscode-3.0.0/node_modules/read-pkg/package.json"
> "/root/.vscode-oss-dev/extensions/prettier.prettier-vscode-3.0.0/node_modules/read-pkg/index.js"
> "/root/.vscode-oss-dev/extensions/prettier.prettier-vscode-3.0.0/node_modules/read-pkg/node_modules/parse-json/package.json"
> "/root/.vscode-oss-dev/extensions/prettier.prettier-vscode-3.0.0/node_modules/read-pkg/node_modules/parse-json/index.js"
> "/root/.vscode-oss-dev/extensions/prettier.prettier-vscode-3.0.0/node_modules/error-ex/package.json"
> "/root/.vscode-oss-dev/extensions/prettier.prettier-vscode-3.0.0/node_modules/error-ex/index.js"
> "/root/.vscode-oss-dev/extensions/prettier.prettier-vscode-3.0.0/node_modules/is-arrayish/package.json"
> "/root/.vscode-oss-dev/extensions/prettier.prettier-vscode-3.0.0/node_modules/is-arrayish/index.js"
> "/root/.vscode-oss-dev/extensions/prettier.prettier-vscode-3.0.0/node_modules/json-parse-better-errors/package.json"
> "/root/.vscode-oss-dev/extensions/prettier.prettier-vscode-3.0.0/node_modules/json-parse-better-errors/index.js"
> "/root/.vscode-oss-dev/extensions/prettier.prettier-vscode-3.0.0/node_modules/lines-and-columns/package.json"
> "/root/.vscode-oss-dev/extensions/prettier.prettier-vscode-3.0.0/node_modules/lines-and-columns/dist/index.js"
> "/root/.vscode-oss-dev/extensions/prettier.prettier-vscode-3.0.0/node_modules/@babel/code-frame/package.json"
> "/root/.vscode-oss-dev/extensions/prettier.prettier-vscode-3.0.0/node_modules/@babel/code-frame/lib/index.js"
> "/root/.vscode-oss-dev/extensions/prettier.prettier-vscode-3.0.0/node_modules/resolve/package.json"
> "/root/.vscode-oss-dev/extensions/prettier.prettier-vscode-3.0.0/node_modules/resolve/index.js"
> "/root/.vscode-oss-dev/extensions/prettier.prettier-vscode-3.0.0/node_modules/resolve/lib/core.js"
> "/root/.vscode-oss-dev/extensions/prettier.prettier-vscode-3.0.0/node_modules/resolve/lib/core.json"
> "/root/.vscode-oss-dev/extensions/prettier.prettier-vscode-3.0.0/node_modules/resolve/lib/async.js"
> "/root/.vscode-oss-dev/extensions/prettier.prettier-vscode-3.0.0/node_modules/resolve/lib/caller.js"
> "/root/.vscode-oss-dev/extensions/prettier.prettier-vscode-3.0.0/node_modules/resolve/lib/node-modules-paths.js"
> "/root/.vscode-oss-dev/extensions/prettier.prettier-vscode-3.0.0/node_modules/resolve/lib/normalize-options.js"
> "/root/.vscode-oss-dev/extensions/prettier.prettier-vscode-3.0.0/node_modules/resolve/lib/sync.js"
> "/root/.vscode-oss-dev/extensions/prettier.prettier-vscode-3.0.0/out/PrettierEditProvider.js"
> "/root/.vscode-oss-dev/extensions/prettier.prettier-vscode-3.0.0/out/Watchers.js"
> "/root/.vscode-oss-dev/extensions/prettier.prettier-vscode-3.0.0/package.json"
> "/root/.vscode-oss-dev/extensions/prettier.prettier-vscode-3.0.0/package.json"
> "/root/.vscode-oss-dev/extensions/prettier.prettier-vscode-3.0.0/node_modules/applicationinsights/package.json"
> "/root/.vscode-oss-dev/extensions/prettier.prettier-vscode-3.0.0/node_modules"
> "/root/.vscode-oss-dev/extensions/prettier.prettier-vscode-3.0.0/node_modules/@babel"
> "/root/.vscode-oss-dev/extensions/prettier.prettier-vscode-3.0.0/node_modules/@mrmlnc"
> "/root/.vscode-oss-dev/extensions/prettier.prettier-vscode-3.0.0/node_modules/@types"
> "/root/.vscode-oss-dev/extensions/prettier.prettier-vscode-3.0.0/node_modules/@typescript-eslint"
> "/root/.vscode-oss-dev/extensions/prettier.prettier-vscode-3.0.0/node_modules/@prettier"
> "/root/.vscode-oss-dev/extensions/prettier.prettier-vscode-3.0.0/node_modules"
> "/root/.vscode-oss-dev/extensions/prettier.prettier-vscode-3.0.0/node_modules/@babel"
> "/root/.vscode-oss-dev/extensions/prettier.prettier-vscode-3.0.0/node_modules/@mrmlnc"
> "/root/.vscode-oss-dev/extensions/prettier.prettier-vscode-3.0.0/node_modules/@types"
> "/root/.vscode-oss-dev/extensions/prettier.prettier-vscode-3.0.0/node_modules/@typescript-eslint"
> "/root/.vscode-oss-dev/extensions/prettier.prettier-vscode-3.0.0/node_modules/@prettier"
> "/root/.vscode-oss-dev/extensions/prettier.prettier-vscode-3.0.0/node_modules/prettier/parser-babylon.js"
> "/root/.vscode-oss-dev/extensions/prettier.prettier-vscode-3.0.0/node_modules"
> "/root/.vscode-oss-dev/extensions/prettier.prettier-vscode-3.0.0/node_modules/@babel"
> "/root/.vscode-oss-dev/extensions/prettier.prettier-vscode-3.0.0/node_modules/@mrmlnc"
> "/root/.vscode-oss-dev/extensions/prettier.prettier-vscode-3.0.0/node_modules/@types"
> "/root/.vscode-oss-dev/extensions/prettier.prettier-vscode-3.0.0/node_modules/@typescript-eslint"
> "/root/.vscode-oss-dev/extensions/prettier.prettier-vscode-3.0.0/node_modules/@prettier"
> "/etc/hosts"
> "/root/.config/code-oss-dev/logs/20200610T155956/exthost1/output_logging_20200610T160009/3-Prettier.log"
> "/root/.vscode-oss-dev/extensions/prettier.prettier-vscode-3.0.0/node_modules"
> "/root/.vscode-oss-dev/extensions/prettier.prettier-vscode-3.0.0/node_modules/@babel"
> "/root/.vscode-oss-dev/extensions/prettier.prettier-vscode-3.0.0/node_modules/@mrmlnc"
> "/root/.vscode-oss-dev/extensions/prettier.prettier-vscode-3.0.0/node_modules/@types"
> "/root/.vscode-oss-dev/extensions/prettier.prettier-vscode-3.0.0/node_modules/@typescript-eslint"
> "/root/.vscode-oss-dev/extensions/prettier.prettier-vscode-3.0.0/node_modules/@prettier"
> "/home/fan/Projects/vscode-test/.prettierignore"
> "/root/.vscode-oss-dev/extensions/prettier.prettier-vscode-3.0.0/node_modules"
> "/root/.vscode-oss-dev/extensions/prettier.prettier-vscode-3.0.0/node_modules/@babel"
> "/root/.vscode-oss-dev/extensions/prettier.prettier-vscode-3.0.0/node_modules/@mrmlnc"
> "/root/.vscode-oss-dev/extensions/prettier.prettier-vscode-3.0.0/node_modules/@types"
> "/root/.vscode-oss-dev/extensions/prettier.prettier-vscode-3.0.0/node_modules/@typescript-eslint"
> "/root/.vscode-oss-dev/extensions/prettier.prettier-vscode-3.0.0/node_modules/@prettier"
> "/home/fan/Projects/vscode-test/package.json"
> "/home/fan/Projects/vscode/extensions/configuration-editing/out/extension.js"
> "/home/fan/Projects/vscode/extensions/configuration-editing/node_modules/jsonc-parser/package.json"
> "/home/fan/Projects/vscode/extensions/configuration-editing/node_modules/jsonc-parser/lib/umd/main.js"
> "/home/fan/Projects/vscode/extensions/configuration-editing/node_modules/jsonc-parser/lib/umd/impl/format.js"
> "/home/fan/Projects/vscode/extensions/configuration-editing/node_modules/jsonc-parser/lib/umd/impl/scanner.js"
> "/home/fan/Projects/vscode/extensions/configuration-editing/node_modules/jsonc-parser/lib/umd/impl/edit.js"
> "/home/fan/Projects/vscode/extensions/configuration-editing/node_modules/jsonc-parser/lib/umd/impl/parser.js"
> "/home/fan/Projects/vscode/extensions/configuration-editing/node_modules/vscode-nls/package.json"
> "/home/fan/Projects/vscode/extensions/configuration-editing/node_modules/vscode-nls/lib/main.js"
> "/home/fan/Projects/vscode/extensions/configuration-editing/out/settingsDocumentHelper.js"
> "/home/fan/Projects/vscode/extensions/json-language-features/client/out/jsonMain.js"
> "/home/fan/Projects/vscode/extensions/json-language-features/node_modules/vscode-nls/package.json"
> "/home/fan/Projects/vscode/extensions/json-language-features/node_modules/vscode-nls/lib/main.js"
> "/home/fan/Projects/vscode/extensions/json-language-features/node_modules/request-light/package.json"
> "/home/fan/Projects/vscode/extensions/json-language-features/node_modules/request-light/lib/main.js"
> "/home/fan/Projects/vscode/extensions/json-language-features/node_modules/http-proxy-agent/package.json"
> "/home/fan/Projects/vscode/extensions/json-language-features/node_modules/http-proxy-agent/index.js"
> "/home/fan/Projects/vscode/extensions/json-language-features/node_modules/agent-base/package.json"
> "/home/fan/Projects/vscode/extensions/json-language-features/node_modules/agent-base/index.js"
> "/home/fan/Projects/vscode/extensions/json-language-features/node_modules/agent-base/patch-core.js"
> "/home/fan/Projects/vscode/extensions/json-language-features/node_modules/es6-promisify/package.json"
> "/home/fan/Projects/vscode/extensions/json-language-features/node_modules/es6-promisify/dist/promisify.js"
> "/home/fan/Projects/vscode/extensions/json-language-features/node_modules/es6-promisify/dist/promise.js"
> "/home/fan/Projects/vscode/extensions/json-language-features/node_modules/debug/package.json"
> "/home/fan/Projects/vscode/extensions/json-language-features/node_modules/debug/src/index.js"
> "/home/fan/Projects/vscode/extensions/json-language-features/node_modules/debug/src/node.js"
> "/home/fan/Projects/vscode/extensions/json-language-features/node_modules/debug/src/debug.js"
> "/home/fan/Projects/vscode/extensions/json-language-features/node_modules/ms/package.json"
> "/home/fan/Projects/vscode/extensions/json-language-features/node_modules/ms/index.js"
> "/home/fan/Projects/vscode/node_modules.asar"
> "/home/fan/Projects/vscode/node_modules/supports-color/package.json"
> "/home/fan/Projects/vscode/extensions/json-language-features/node_modules/https-proxy-agent/package.json"
> "/home/fan/Projects/vscode/extensions/json-language-features/node_modules/https-proxy-agent/index.js"
> "/home/fan/Projects/vscode/extensions/json-language-features/node_modules/https-proxy-agent/node_modules/debug/package.json"
> "/home/fan/Projects/vscode/extensions/json-language-features/node_modules/https-proxy-agent/node_modules/debug/src/index.js"
> "/home/fan/Projects/vscode/extensions/json-language-features/node_modules/https-proxy-agent/node_modules/debug/src/node.js"
> "/home/fan/Projects/vscode/node_modules.asar"
> "/home/fan/Projects/vscode/node_modules/supports-color/package.json"
> "/home/fan/Projects/vscode/extensions/json-language-features/node_modules/https-proxy-agent/node_modules/debug/src/common.js"
> "/home/fan/Projects/vscode/extensions/json-language-features/node_modules/https-proxy-agent/node_modules/ms/package.json"
> "/home/fan/Projects/vscode/extensions/json-language-features/node_modules/https-proxy-agent/node_modules/ms/index.js"
> "/home/fan/Projects/vscode/extensions/json-language-features/node_modules/vscode-languageclient/package.json"
> "/home/fan/Projects/vscode/extensions/json-language-features/node_modules/vscode-languageclient/lib/main.js"
> "/home/fan/Projects/vscode/extensions/json-language-features/node_modules/semver/package.json"
> "/home/fan/Projects/vscode/extensions/json-language-features/node_modules/semver/semver.js"
> "/home/fan/Projects/vscode/extensions/json-language-features/node_modules/vscode-languageclient/lib/client.js"
> "/home/fan/Projects/vscode/extensions/json-language-features/node_modules/vscode-languageserver-protocol/package.json"
> "/home/fan/Projects/vscode/extensions/json-language-features/node_modules/vscode-languageserver-protocol/lib/main.js"
> "/home/fan/Projects/vscode/extensions/json-language-features/node_modules/vscode-jsonrpc/package.json"
> "/home/fan/Projects/vscode/extensions/json-language-features/node_modules/vscode-jsonrpc/lib/main.js"
> "/home/fan/Projects/vscode/extensions/json-language-features/node_modules/vscode-jsonrpc/lib/is.js"
> "/home/fan/Projects/vscode/extensions/json-language-features/node_modules/vscode-jsonrpc/lib/messages.js"
> "/home/fan/Projects/vscode/extensions/json-language-features/node_modules/vscode-jsonrpc/lib/messageReader.js"
> "/home/fan/Projects/vscode/extensions/json-language-features/node_modules/vscode-jsonrpc/lib/events.js"
> "/home/fan/Projects/vscode/extensions/json-language-features/node_modules/vscode-jsonrpc/lib/messageWriter.js"
> "/home/fan/Projects/vscode/extensions/json-language-features/node_modules/vscode-jsonrpc/lib/cancellation.js"
> "/home/fan/Projects/vscode/extensions/json-language-features/node_modules/vscode-jsonrpc/lib/linkedMap.js"
> "/home/fan/Projects/vscode/extensions/json-language-features/node_modules/vscode-jsonrpc/lib/pipeSupport.js"
> "/home/fan/Projects/vscode/extensions/json-language-features/node_modules/vscode-jsonrpc/lib/socketSupport.js"
> "/home/fan/Projects/vscode/extensions/json-language-features/node_modules/vscode-languageserver-types/package.json"
> "/home/fan/Projects/vscode/extensions/json-language-features/node_modules/vscode-languageserver-types/lib/umd/main.js"
> "/home/fan/Projects/vscode/extensions/json-language-features/node_modules/vscode-languageserver-protocol/lib/protocol.js"
> "/home/fan/Projects/vscode/extensions/json-language-features/node_modules/vscode-languageserver-protocol/lib/utils/is.js"
> "/home/fan/Projects/vscode/extensions/json-language-features/node_modules/vscode-languageserver-protocol/lib/protocol.implementation.js"
> "/home/fan/Projects/vscode/extensions/json-language-features/node_modules/vscode-languageserver-protocol/lib/protocol.typeDefinition.js"
> "/home/fan/Projects/vscode/extensions/json-language-features/node_modules/vscode-languageserver-protocol/lib/protocol.workspaceFolders.js"
> "/home/fan/Projects/vscode/extensions/json-language-features/node_modules/vscode-languageserver-protocol/lib/protocol.configuration.js"
> "/home/fan/Projects/vscode/extensions/json-language-features/node_modules/vscode-languageserver-protocol/lib/protocol.colorProvider.js"
> "/home/fan/Projects/vscode/extensions/json-language-features/node_modules/vscode-languageserver-protocol/lib/protocol.foldingRange.js"
> "/home/fan/Projects/vscode/extensions/json-language-features/node_modules/vscode-languageserver-protocol/lib/protocol.declaration.js"
> "/home/fan/Projects/vscode/extensions/json-language-features/node_modules/vscode-languageclient/lib/codeConverter.js"
> "/home/fan/Projects/vscode/extensions/json-language-features/node_modules/vscode-languageclient/lib/utils/is.js"
> "/home/fan/Projects/vscode/extensions/json-language-features/node_modules/vscode-languageclient/lib/protocolCompletionItem.js"
> "/home/fan/Projects/vscode/extensions/json-language-features/node_modules/vscode-languageclient/lib/protocolCodeLens.js"
> "/home/fan/Projects/vscode/extensions/json-language-features/node_modules/vscode-languageclient/lib/protocolDocumentLink.js"
> "/home/fan/Projects/vscode/extensions/json-language-features/node_modules/vscode-languageclient/lib/protocolConverter.js"
> "/home/fan/Projects/vscode/extensions/json-language-features/node_modules/vscode-languageclient/lib/utils/async.js"
> "/home/fan/Projects/vscode/extensions/json-language-features/node_modules/vscode-languageclient/lib/utils/uuid.js"
> "/home/fan/Projects/vscode/extensions/json-language-features/node_modules/vscode-languageclient/lib/colorProvider.js"
> "/home/fan/Projects/vscode/extensions/json-language-features/node_modules/vscode-languageclient/lib/configuration.js"
> "/home/fan/Projects/vscode/extensions/json-language-features/node_modules/vscode-languageclient/lib/implementation.js"
> "/home/fan/Projects/vscode/extensions/json-language-features/node_modules/vscode-languageclient/lib/typeDefinition.js"
> "/home/fan/Projects/vscode/extensions/json-language-features/node_modules/vscode-languageclient/lib/workspaceFolders.js"
> "/home/fan/Projects/vscode/extensions/json-language-features/node_modules/vscode-languageclient/lib/foldingRange.js"
> "/home/fan/Projects/vscode/extensions/json-language-features/node_modules/vscode-languageclient/lib/declaration.js"
> "/home/fan/Projects/vscode/extensions/json-language-features/node_modules/vscode-languageclient/lib/utils/processes.js"
> "/home/fan/Projects/vscode/extensions/json-language-features/node_modules/vscode-extension-telemetry/package.json"
> "/home/fan/Projects/vscode/extensions/json-language-features/node_modules/vscode-extension-telemetry/lib/telemetryReporter.js"
> "/home/fan/Projects/vscode/extensions/json-language-features/node_modules/applicationinsights/package.json"
> "/home/fan/Projects/vscode/extensions/json-language-features/node_modules/applicationinsights/out/applicationinsights.js"
> "/home/fan/Projects/vscode/extensions/json-language-features/node_modules/applicationinsights/out/AutoCollection/CorrelationContextManager.js"
> "/home/fan/Projects/vscode/extensions/json-language-features/node_modules/applicationinsights/out/Library/Logging.js"
> "/home/fan/Projects/vscode/extensions/json-language-features/node_modules/applicationinsights/out/AutoCollection/diagnostic-channel/initialization.js"
> "/home/fan/Projects/vscode/extensions/json-language-features/node_modules/applicationinsights/out/AutoCollection/Console.js"
> "/home/fan/Projects/vscode/extensions/json-language-features/node_modules/applicationinsights/out/AutoCollection/Exceptions.js"
> "/home/fan/Projects/vscode/extensions/json-language-features/node_modules/applicationinsights/out/AutoCollection/Performance.js"
> "/home/fan/Projects/vscode/extensions/json-language-features/node_modules/applicationinsights/out/AutoCollection/HttpDependencies.js"
> "/home/fan/Projects/vscode/extensions/json-language-features/node_modules/applicationinsights/out/Library/Util.js"
> "/home/fan/Projects/vscode/extensions/json-language-features/node_modules/applicationinsights/out/Library/RequestResponseHeaders.js"
> "/home/fan/Projects/vscode/extensions/json-language-features/node_modules/applicationinsights/out/AutoCollection/HttpDependencyParser.js"
> "/home/fan/Projects/vscode/extensions/json-language-features/node_modules/applicationinsights/out/Declarations/Contracts/package.json"
> "/home/fan/Projects/vscode/extensions/json-language-features/node_modules/applicationinsights/out/Declarations/Contracts/index.js"
> "/home/fan/Projects/vscode/extensions/json-language-features/node_modules/applicationinsights/out/Declarations/Contracts/Constants.js"
> "/home/fan/Projects/vscode/extensions/json-language-features/node_modules/applicationinsights/out/Declarations/Contracts/Generated/package.json"
> "/home/fan/Projects/vscode/extensions/json-language-features/node_modules/applicationinsights/out/Declarations/Contracts/Generated/index.js"
> "/home/fan/Projects/vscode/extensions/json-language-features/node_modules/applicationinsights/out/Declarations/Contracts/Generated/AvailabilityData.js"
> "/home/fan/Projects/vscode/extensions/json-language-features/node_modules/applicationinsights/out/Declarations/Contracts/Generated/Domain.js"
> "/home/fan/Projects/vscode/extensions/json-language-features/node_modules/applicationinsights/out/Declarations/Contracts/Generated/Base.js"
> "/home/fan/Projects/vscode/extensions/json-language-features/node_modules/applicationinsights/out/Declarations/Contracts/Generated/ContextTagKeys.js"
> "/home/fan/Projects/vscode/extensions/json-language-features/node_modules/applicationinsights/out/Declarations/Contracts/Generated/Data.js"
> "/home/fan/Projects/vscode/extensions/json-language-features/node_modules/applicationinsights/out/Declarations/Contracts/Generated/DataPoint.js"
> "/home/fan/Projects/vscode/extensions/json-language-features/node_modules/applicationinsights/out/Declarations/Contracts/Generated/DataPointType.js"
> "/home/fan/Projects/vscode/extensions/json-language-features/node_modules/applicationinsights/out/Declarations/Contracts/Generated/Envelope.js"
> "/home/fan/Projects/vscode/extensions/json-language-features/node_modules/applicationinsights/out/Declarations/Contracts/Generated/EventData.js"
> "/home/fan/Projects/vscode/extensions/json-language-features/node_modules/applicationinsights/out/Declarations/Contracts/Generated/ExceptionData.js"
> "/home/fan/Projects/vscode/extensions/json-language-features/node_modules/applicationinsights/out/Declarations/Contracts/Generated/ExceptionDetails.js"
> "/home/fan/Projects/vscode/extensions/json-language-features/node_modules/applicationinsights/out/Declarations/Contracts/Generated/MessageData.js"
> "/home/fan/Projects/vscode/extensions/json-language-features/node_modules/applicationinsights/out/Declarations/Contracts/Generated/MetricData.js"
> "/home/fan/Projects/vscode/extensions/json-language-features/node_modules/applicationinsights/out/Declarations/Contracts/Generated/PageViewData.js"
> "/home/fan/Projects/vscode/extensions/json-language-features/node_modules/applicationinsights/out/Declarations/Contracts/Generated/RemoteDependencyData.js"
> "/home/fan/Projects/vscode/extensions/json-language-features/node_modules/applicationinsights/out/Declarations/Contracts/Generated/RequestData.js"
> "/home/fan/Projects/vscode/extensions/json-language-features/node_modules/applicationinsights/out/Declarations/Contracts/Generated/SeverityLevel.js"
> "/home/fan/Projects/vscode/extensions/json-language-features/node_modules/applicationinsights/out/Declarations/Contracts/Generated/StackFrame.js"
> "/home/fan/Projects/vscode/extensions/json-language-features/node_modules/applicationinsights/out/Declarations/Contracts/TelemetryTypes/package.json"
> "/home/fan/Projects/vscode/extensions/json-language-features/node_modules/applicationinsights/out/Declarations/Contracts/TelemetryTypes/index.js"
> "/home/fan/Projects/vscode/extensions/json-language-features/node_modules/applicationinsights/out/Declarations/Contracts/TelemetryTypes/TelemetryType.js"
> "/home/fan/Projects/vscode/extensions/json-language-features/node_modules/applicationinsights/out/AutoCollection/RequestParser.js"
> "/home/fan/Projects/vscode/extensions/json-language-features/node_modules/applicationinsights/out/Library/CorrelationIdManager.js"
> "/home/fan/Projects/vscode/extensions/json-language-features/node_modules/applicationinsights/out/AutoCollection/HttpRequests.js"
> "/home/fan/Projects/vscode/extensions/json-language-features/node_modules/applicationinsights/out/AutoCollection/HttpRequestParser.js"
> "/home/fan/Projects/vscode/extensions/json-language-features/node_modules/applicationinsights/out/Library/NodeClient.js"
> "/home/fan/Projects/vscode/extensions/json-language-features/node_modules/applicationinsights/out/Library/TelemetryClient.js"
> "/home/fan/Projects/vscode/extensions/json-language-features/node_modules/applicationinsights/out/Library/Config.js"
> "/home/fan/Projects/vscode/extensions/json-language-features/node_modules/applicationinsights/out/Library/Context.js"
> "/home/fan/Projects/vscode/extensions/json-language-features/node_modules/applicationinsights/out/Declarations/Contracts/package.json"
> "/home/fan/Projects/vscode/extensions/json-language-features/node_modules/applicationinsights/out/Library/Channel.js"
> "/home/fan/Projects/vscode/extensions/json-language-features/node_modules/applicationinsights/out/TelemetryProcessors/package.json"
> "/home/fan/Projects/vscode/extensions/json-language-features/node_modules/applicationinsights/out/TelemetryProcessors/index.js"
> "/home/fan/Projects/vscode/extensions/json-language-features/node_modules/applicationinsights/out/TelemetryProcessors/SamplingTelemetryProcessor.js"
> "/home/fan/Projects/vscode/extensions/json-language-features/node_modules/applicationinsights/out/Declarations/Contracts/package.json"
> "/home/fan/Projects/vscode/extensions/json-language-features/node_modules/applicationinsights/out/Library/Sender.js"
> "/home/fan/Projects/vscode/extensions/json-language-features/node_modules/applicationinsights/out/Library/EnvelopeFactory.js"
> "/home/fan/Projects/vscode/extensions/json-language-features/node_modules/applicationinsights/out/Declarations/Contracts/package.json"
> "/home/fan/Projects/vscode/extensions/json-language-features/client/out/utils/hash.js"
> "/home/fan/Projects/vscode/extensions/typescript-language-features/out/extension.js"
> "/home/fan/Projects/vscode/extensions/typescript-language-features/out/api.js"
> "/home/fan/Projects/vscode/extensions/typescript-language-features/out/commands/index.js"
> "/home/fan/Projects/vscode/extensions/typescript-language-features/out/commands/configurePlugin.js"
> "/home/fan/Projects/vscode/extensions/typescript-language-features/out/commands/goToProjectConfiguration.js"
> "/home/fan/Projects/vscode/extensions/typescript-language-features/node_modules/vscode-nls/package.json"
> "/home/fan/Projects/vscode/extensions/typescript-language-features/node_modules/vscode-nls/lib/main.js"
> "/home/fan/Projects/vscode/extensions/typescript-language-features/out/utils/cancellation.js"
> "/home/fan/Projects/vscode/extensions/typescript-language-features/out/utils/tsconfig.js"
> "/home/fan/Projects/vscode/extensions/typescript-language-features/out/commands/openTsServerLog.js"
> "/home/fan/Projects/vscode/extensions/typescript-language-features/out/commands/reloadProject.js"
> "/home/fan/Projects/vscode/extensions/typescript-language-features/out/commands/restartTsServer.js"
> "/home/fan/Projects/vscode/extensions/typescript-language-features/out/commands/selectTypeScriptVersion.js"
> "/home/fan/Projects/vscode/extensions/typescript-language-features/out/features/languageConfiguration.js"
> "/home/fan/Projects/vscode/extensions/typescript-language-features/out/utils/dispose.js"
> "/home/fan/Projects/vscode/extensions/typescript-language-features/out/utils/languageModeIds.js"
> "/home/fan/Projects/vscode/extensions/typescript-language-features/out/features/task.js"
> "/home/fan/Projects/vscode/extensions/typescript-language-features/node_modules/jsonc-parser/package.json"
> "/home/fan/Projects/vscode/extensions/typescript-language-features/node_modules/jsonc-parser/lib/umd/main.js"
> "/home/fan/Projects/vscode/extensions/typescript-language-features/node_modules/jsonc-parser/lib/umd/impl/format.js"
> "/home/fan/Projects/vscode/extensions/typescript-language-features/node_modules/jsonc-parser/lib/umd/impl/scanner.js"
> "/home/fan/Projects/vscode/extensions/typescript-language-features/node_modules/jsonc-parser/lib/umd/impl/edit.js"
> "/home/fan/Projects/vscode/extensions/typescript-language-features/node_modules/jsonc-parser/lib/umd/impl/parser.js"
> "/home/fan/Projects/vscode/extensions/typescript-language-features/out/utils/tsconfigProvider.js"
> "/home/fan/Projects/vscode/extensions/typescript-language-features/out/typeScriptServiceClientHost.js"
> "/home/fan/Projects/vscode/extensions/typescript-language-features/out/features/fileConfigurationManager.js"
> "/home/fan/Projects/vscode/extensions/typescript-language-features/out/utils/api.js"
> "/home/fan/Projects/vscode/extensions/typescript-language-features/node_modules/semver/package.json"
> "/home/fan/Projects/vscode/extensions/typescript-language-features/node_modules/semver/semver.js"
> "/home/fan/Projects/vscode/extensions/typescript-language-features/out/utils/resourceMap.js"
> "/home/fan/Projects/vscode/extensions/typescript-language-features/out/utils/memoize.js"
> "/home/fan/Projects/vscode/extensions/typescript-language-features/out/utils/temp.js"
> "/home/fan/Projects/vscode/extensions/typescript-language-features/out/languageProvider.js"
> "/home/fan/Projects/vscode/extensions/typescript-language-features/out/tsServer/cachedResponse.js"
> "/home/fan/Projects/vscode/extensions/typescript-language-features/out/utils/fileSchemes.js"
> "/home/fan/Projects/vscode/extensions/typescript-language-features/out/protocol.const.js"
> "/home/fan/Projects/vscode/extensions/typescript-language-features/out/typescriptServiceClient.js"
> "/home/fan/Projects/vscode/extensions/typescript-language-features/out/features/bufferSyncSupport.js"
> "/home/fan/Projects/vscode/extensions/typescript-language-features/out/utils/async.js"
> "/home/fan/Projects/vscode/extensions/typescript-language-features/out/utils/typeConverters.js"
> "/home/fan/Projects/vscode/extensions/typescript-language-features/out/features/diagnostics.js"
> "/home/fan/Projects/vscode/extensions/typescript-language-features/out/utils/languageDescription.js"
> "/home/fan/Projects/vscode/extensions/typescript-language-features/out/tsServer/server.js"
> "/home/fan/Projects/vscode/extensions/typescript-language-features/out/typescriptService.js"
> "/home/fan/Projects/vscode/extensions/typescript-language-features/out/utils/configuration.js"
> "/home/fan/Projects/vscode/extensions/typescript-language-features/out/utils/arrays.js"
> "/home/fan/Projects/vscode/extensions/typescript-language-features/out/utils/electron.js"
> "/home/fan/Projects/vscode/extensions/typescript-language-features/out/utils/regexp.js"
> "/home/fan/Projects/vscode/extensions/typescript-language-features/out/utils/wireProtocol.js"
> "/home/fan/Projects/vscode/extensions/typescript-language-features/out/tsServer/callbackMap.js"
> "/home/fan/Projects/vscode/extensions/typescript-language-features/out/tsServer/requestQueue.js"
> "/home/fan/Projects/vscode/extensions/typescript-language-features/out/utils/logger.js"
> "/home/fan/Projects/vscode/extensions/typescript-language-features/out/utils/pluginPathsProvider.js"
> "/home/fan/Projects/vscode/extensions/typescript-language-features/out/utils/relativePathResolver.js"
> "/home/fan/Projects/vscode/extensions/typescript-language-features/out/utils/telemetry.js"
> "/home/fan/Projects/vscode/extensions/typescript-language-features/node_modules/vscode-extension-telemetry/package.json"
> "/home/fan/Projects/vscode/extensions/typescript-language-features/node_modules/vscode-extension-telemetry/lib/telemetryReporter.js"
> "/home/fan/Projects/vscode/extensions/typescript-language-features/node_modules/applicationinsights/package.json"
> "/home/fan/Projects/vscode/extensions/typescript-language-features/node_modules/applicationinsights/out/applicationinsights.js"
> "/home/fan/Projects/vscode/extensions/typescript-language-features/node_modules/applicationinsights/out/AutoCollection/CorrelationContextManager.js"
> "/home/fan/Projects/vscode/extensions/typescript-language-features/node_modules/applicationinsights/out/Library/Logging.js"
> "/home/fan/Projects/vscode/extensions/typescript-language-features/node_modules/applicationinsights/out/AutoCollection/diagnostic-channel/initialization.js"
> "/home/fan/Projects/vscode/extensions/typescript-language-features/node_modules/applicationinsights/out/AutoCollection/Console.js"
> "/home/fan/Projects/vscode/extensions/typescript-language-features/node_modules/applicationinsights/out/AutoCollection/Exceptions.js"
> "/home/fan/Projects/vscode/extensions/typescript-language-features/node_modules/applicationinsights/out/AutoCollection/Performance.js"
> "/home/fan/Projects/vscode/extensions/typescript-language-features/node_modules/applicationinsights/out/AutoCollection/HttpDependencies.js"
> "/home/fan/Projects/vscode/extensions/typescript-language-features/node_modules/applicationinsights/out/Library/Util.js"
> "/home/fan/Projects/vscode/extensions/typescript-language-features/node_modules/applicationinsights/out/Library/RequestResponseHeaders.js"
> "/home/fan/Projects/vscode/extensions/typescript-language-features/node_modules/applicationinsights/out/AutoCollection/HttpDependencyParser.js"
> "/home/fan/Projects/vscode/extensions/typescript-language-features/node_modules/applicationinsights/out/Declarations/Contracts/package.json"
> "/home/fan/Projects/vscode/extensions/typescript-language-features/node_modules/applicationinsights/out/Declarations/Contracts/index.js"
> "/home/fan/Projects/vscode/extensions/typescript-language-features/node_modules/applicationinsights/out/Declarations/Contracts/Constants.js"
> "/home/fan/Projects/vscode/extensions/typescript-language-features/node_modules/applicationinsights/out/Declarations/Contracts/Generated/package.json"
> "/home/fan/Projects/vscode/extensions/typescript-language-features/node_modules/applicationinsights/out/Declarations/Contracts/Generated/index.js"
> "/home/fan/Projects/vscode/extensions/typescript-language-features/node_modules/applicationinsights/out/Declarations/Contracts/Generated/AvailabilityData.js"
> "/home/fan/Projects/vscode/extensions/typescript-language-features/node_modules/applicationinsights/out/Declarations/Contracts/Generated/Domain.js"
> "/home/fan/Projects/vscode/extensions/typescript-language-features/node_modules/applicationinsights/out/Declarations/Contracts/Generated/Base.js"
> "/home/fan/Projects/vscode/extensions/typescript-language-features/node_modules/applicationinsights/out/Declarations/Contracts/Generated/ContextTagKeys.js"
> "/home/fan/Projects/vscode/extensions/typescript-language-features/node_modules/applicationinsights/out/Declarations/Contracts/Generated/Data.js"
> "/home/fan/Projects/vscode/extensions/typescript-language-features/node_modules/applicationinsights/out/Declarations/Contracts/Generated/DataPoint.js"
> "/home/fan/Projects/vscode/extensions/typescript-language-features/node_modules/applicationinsights/out/Declarations/Contracts/Generated/DataPointType.js"
> "/home/fan/Projects/vscode/extensions/typescript-language-features/node_modules/applicationinsights/out/Declarations/Contracts/Generated/Envelope.js"
> "/home/fan/Projects/vscode/extensions/typescript-language-features/node_modules/applicationinsights/out/Declarations/Contracts/Generated/EventData.js"
> "/home/fan/Projects/vscode/extensions/typescript-language-features/node_modules/applicationinsights/out/Declarations/Contracts/Generated/ExceptionData.js"
> "/home/fan/Projects/vscode/extensions/typescript-language-features/node_modules/applicationinsights/out/Declarations/Contracts/Generated/ExceptionDetails.js"
> "/home/fan/Projects/vscode/extensions/typescript-language-features/node_modules/applicationinsights/out/Declarations/Contracts/Generated/MessageData.js"
> "/home/fan/Projects/vscode/extensions/typescript-language-features/node_modules/applicationinsights/out/Declarations/Contracts/Generated/MetricData.js"
> "/home/fan/Projects/vscode/extensions/typescript-language-features/node_modules/applicationinsights/out/Declarations/Contracts/Generated/PageViewData.js"
> "/home/fan/Projects/vscode/extensions/typescript-language-features/node_modules/applicationinsights/out/Declarations/Contracts/Generated/RemoteDependencyData.js"
> "/home/fan/Projects/vscode/extensions/typescript-language-features/node_modules/applicationinsights/out/Declarations/Contracts/Generated/RequestData.js"
> "/home/fan/Projects/vscode/extensions/typescript-language-features/node_modules/applicationinsights/out/Declarations/Contracts/Generated/SeverityLevel.js"
> "/home/fan/Projects/vscode/extensions/typescript-language-features/node_modules/applicationinsights/out/Declarations/Contracts/Generated/StackFrame.js"
> "/home/fan/Projects/vscode/extensions/typescript-language-features/node_modules/applicationinsights/out/Declarations/Contracts/TelemetryTypes/package.json"
> "/home/fan/Projects/vscode/extensions/typescript-language-features/node_modules/applicationinsights/out/Declarations/Contracts/TelemetryTypes/index.js"
> "/home/fan/Projects/vscode/extensions/typescript-language-features/node_modules/applicationinsights/out/Declarations/Contracts/TelemetryTypes/TelemetryType.js"
> "/home/fan/Projects/vscode/extensions/typescript-language-features/node_modules/applicationinsights/out/AutoCollection/RequestParser.js"
> "/home/fan/Projects/vscode/extensions/typescript-language-features/node_modules/applicationinsights/out/Library/CorrelationIdManager.js"
> "/home/fan/Projects/vscode/extensions/typescript-language-features/node_modules/applicationinsights/out/AutoCollection/HttpRequests.js"
> "/home/fan/Projects/vscode/extensions/typescript-language-features/node_modules/applicationinsights/out/AutoCollection/HttpRequestParser.js"
> "/home/fan/Projects/vscode/extensions/typescript-language-features/node_modules/applicationinsights/out/Library/NodeClient.js"
> "/home/fan/Projects/vscode/extensions/typescript-language-features/node_modules/applicationinsights/out/Library/TelemetryClient.js"
> "/home/fan/Projects/vscode/extensions/typescript-language-features/node_modules/applicationinsights/out/Library/Config.js"
> "/home/fan/Projects/vscode/extensions/typescript-language-features/node_modules/applicationinsights/out/Library/Context.js"
> "/home/fan/Projects/vscode/extensions/typescript-language-features/node_modules/applicationinsights/out/Declarations/Contracts/package.json"
> "/home/fan/Projects/vscode/extensions/typescript-language-features/node_modules/applicationinsights/out/Library/Channel.js"
> "/home/fan/Projects/vscode/extensions/typescript-language-features/node_modules/applicationinsights/out/TelemetryProcessors/package.json"
> "/home/fan/Projects/vscode/extensions/typescript-language-features/node_modules/applicationinsights/out/TelemetryProcessors/index.js"
> "/home/fan/Projects/vscode/extensions/typescript-language-features/node_modules/applicationinsights/out/TelemetryProcessors/SamplingTelemetryProcessor.js"
> "/home/fan/Projects/vscode/extensions/typescript-language-features/node_modules/applicationinsights/out/Declarations/Contracts/package.json"
> "/home/fan/Projects/vscode/extensions/typescript-language-features/node_modules/applicationinsights/out/Library/Sender.js"
> "/home/fan/Projects/vscode/extensions/typescript-language-features/node_modules/applicationinsights/out/Library/EnvelopeFactory.js"
> "/home/fan/Projects/vscode/extensions/typescript-language-features/node_modules/applicationinsights/out/Declarations/Contracts/package.json"
> "/home/fan/Projects/vscode/extensions/typescript-language-features/out/utils/tracer.js"
> "/home/fan/Projects/vscode/extensions/typescript-language-features/out/utils/versionPicker.js"
> "/home/fan/Projects/vscode/extensions/typescript-language-features/out/utils/versionProvider.js"
> "/home/fan/Projects/vscode/extensions/typescript-language-features/out/utils/typingsStatus.js"
> "/home/fan/Projects/vscode/extensions/typescript-language-features/out/utils/versionStatus.js"
> "/home/fan/Projects/vscode/extensions/typescript-language-features/node_modules/rimraf/package.json"
> "/home/fan/Projects/vscode/extensions/typescript-language-features/node_modules/rimraf/rimraf.js"
> "/home/fan/Projects/vscode/extensions/typescript-language-features/node_modules/rimraf/node_modules/glob/package.json"
> "/home/fan/Projects/vscode/extensions/typescript-language-features/node_modules/rimraf/node_modules/glob/glob.js"
> "/home/fan/Projects/vscode/extensions/typescript-language-features/node_modules/fs.realpath/package.json"
> "/home/fan/Projects/vscode/extensions/typescript-language-features/node_modules/fs.realpath/index.js"
> "/home/fan/Projects/vscode/extensions/typescript-language-features/node_modules/fs.realpath/old.js"
> "/home/fan/Projects/vscode/extensions/typescript-language-features/node_modules/minimatch/package.json"
> "/home/fan/Projects/vscode/extensions/typescript-language-features/node_modules/minimatch/minimatch.js"
> "/home/fan/Projects/vscode/extensions/typescript-language-features/node_modules/brace-expansion/package.json"
> "/home/fan/Projects/vscode/extensions/typescript-language-features/node_modules/brace-expansion/index.js"
> "/home/fan/Projects/vscode/extensions/typescript-language-features/node_modules/concat-map/package.json"
> "/home/fan/Projects/vscode/extensions/typescript-language-features/node_modules/concat-map/index.js"
> "/home/fan/Projects/vscode/extensions/typescript-language-features/node_modules/balanced-match/package.json"
> "/home/fan/Projects/vscode/extensions/typescript-language-features/node_modules/balanced-match/index.js"
> "/home/fan/Projects/vscode/extensions/typescript-language-features/node_modules/inherits/package.json"
> "/home/fan/Projects/vscode/extensions/typescript-language-features/node_modules/inherits/inherits.js"
> "/home/fan/Projects/vscode/extensions/typescript-language-features/node_modules/path-is-absolute/package.json"
> "/home/fan/Projects/vscode/extensions/typescript-language-features/node_modules/path-is-absolute/index.js"
> "/home/fan/Projects/vscode/extensions/typescript-language-features/node_modules/rimraf/node_modules/glob/sync.js"
> "/home/fan/Projects/vscode/extensions/typescript-language-features/node_modules/rimraf/node_modules/glob/common.js"
> "/home/fan/Projects/vscode/extensions/typescript-language-features/node_modules/inflight/package.json"
> "/home/fan/Projects/vscode/extensions/typescript-language-features/node_modules/inflight/inflight.js"
> "/home/fan/Projects/vscode/extensions/typescript-language-features/node_modules/wrappy/package.json"
> "/home/fan/Projects/vscode/extensions/typescript-language-features/node_modules/wrappy/wrappy.js"
> "/home/fan/Projects/vscode/extensions/typescript-language-features/node_modules/once/package.json"
> "/home/fan/Projects/vscode/extensions/typescript-language-features/node_modules/once/once.js"
> "/home/fan/Projects/vscode/extensions/typescript-language-features/out/utils/commandManager.js"
> "/home/fan/Projects/vscode/extensions/typescript-language-features/out/utils/lazy.js"
> "/home/fan/Projects/vscode/extensions/typescript-language-features/out/utils/logDirectoryProvider.js"
> "/home/fan/Projects/vscode/extensions/typescript-language-features/out/utils/managedFileContext.js"
> "/home/fan/Projects/vscode/extensions/typescript-language-features/out/utils/plugins.js"
> "/home/fan/Projects/vscode/extensions/typescript-language-features/out/utils/projectStatus.js"
> "/home/fan/Projects/vscode/extensions/typescript-language-features/out/utils/surveyor.js"
> "/home/fan/Projects/vscode-test/.prettierrc"
> "/home/fan/Projects/vscode/extensions/json-language-features/package.json"
> "/home/fan/Projects/vscode/extensions/json-language-features/package.json"
> "/home/fan/Projects/vscode/extensions/json-language-features/node_modules/applicationinsights/package.json"
> "/home/fan/Projects/vscode/extensions/json-language-features/server/package.json"
> "/home/fan/Projects/vscode/extensions/typescript-language-features/out/features/tsconfig.js"
> "/etc/hosts"
> "/home/fan/Projects/vscode-test/.prettierrc.json"
> "/home/fan/Projects/vscode/.build/electron/tls/haswell/x86_64/libnode.so"
> "/home/fan/Projects/vscode/.build/electron/tls/haswell/libnode.so"
> "/home/fan/Projects/vscode/.build/electron/tls/x86_64/libnode.so"
> "/home/fan/Projects/vscode/.build/electron/tls/libnode.so"
> "/home/fan/Projects/vscode/.build/electron/haswell/x86_64/libnode.so"
> "/home/fan/Projects/vscode/.build/electron/haswell/libnode.so"
> "/home/fan/Projects/vscode/.build/electron/x86_64/libnode.so"
> "/home/fan/Projects/vscode/.build/electron/libnode.so"
> "/home/fan/Projects/vscode/.build/electron/libpthread.so.0"
> "/home/fan/Projects/vscode/.build/electron/lib/tls/haswell/x86_64/libpthread.so.0"
> "/home/fan/Projects/vscode/.build/electron/lib/tls/haswell/libpthread.so.0"
> "/home/fan/Projects/vscode/.build/electron/lib/tls/x86_64/libpthread.so.0"
> "/home/fan/Projects/vscode/.build/electron/lib/tls/libpthread.so.0"
> "/home/fan/Projects/vscode/.build/electron/lib/haswell/x86_64/libpthread.so.0"
> "/home/fan/Projects/vscode/.build/electron/lib/haswell/libpthread.so.0"
> "/home/fan/Projects/vscode/.build/electron/lib/x86_64/libpthread.so.0"
> "/home/fan/Projects/vscode/.build/electron/lib/libpthread.so.0"
> "/etc/ld.so.cache"
> "/lib/x86_64-linux-gnu/libpthread.so.0"
> "/home/fan/Projects/vscode/.build/electron/libgtk-3.so.0"
> "/lib/x86_64-linux-gnu/libgtk-3.so.0"
> "/home/fan/Projects/vscode/.build/electron/libgdk-3.so.0"
> "/lib/x86_64-linux-gnu/libgdk-3.so.0"
> "/home/fan/Projects/vscode/.build/electron/libpangocairo-1.0.so.0"
> "/lib/x86_64-linux-gnu/libpangocairo-1.0.so.0"
> "/home/fan/Projects/vscode/.build/electron/libpango-1.0.so.0"
> "/lib/x86_64-linux-gnu/libpango-1.0.so.0"
> "/home/fan/Projects/vscode/.build/electron/libatk-1.0.so.0"
> "/lib/x86_64-linux-gnu/libatk-1.0.so.0"
> "/home/fan/Projects/vscode/.build/electron/libcairo.so.2"
> "/lib/x86_64-linux-gnu/libcairo.so.2"
> "/home/fan/Projects/vscode-test/.prettierrc.yaml"
> "/home/fan/Projects/vscode/.build/electron/libgdk_pixbuf-2.0.so.0"
> "/lib/x86_64-linux-gnu/libgdk_pixbuf-2.0.so.0"
> "/home/fan/Projects/vscode/.build/electron/libgio-2.0.so.0"
> "/lib/x86_64-linux-gnu/libgio-2.0.so.0"
> "/home/fan/Projects/vscode/.build/electron/libgobject-2.0.so.0"
> "/lib/x86_64-linux-gnu/libgobject-2.0.so.0"
> "/home/fan/Projects/vscode/.build/electron/libatk-bridge-2.0.so.0"
> "/lib/x86_64-linux-gnu/libatk-bridge-2.0.so.0"
> "/home/fan/Projects/vscode/.build/electron/libdbus-1.so.3"
> "/lib/x86_64-linux-gnu/libdbus-1.so.3"
> "/home/fan/Projects/vscode/.build/electron/libX11-xcb.so.1"
> "/lib/x86_64-linux-gnu/libX11-xcb.so.1"
> "/home/fan/Projects/vscode/.build/electron/libxcb.so.1"
> "/lib/x86_64-linux-gnu/libxcb.so.1"
> "/home/fan/Projects/vscode/.build/electron/libXi.so.6"
> "/lib/x86_64-linux-gnu/libXi.so.6"
> "/home/fan/Projects/vscode/.build/electron/libXcursor.so.1"
> "/lib/x86_64-linux-gnu/libXcursor.so.1"
> "/home/fan/Projects/vscode/.build/electron/libXdamage.so.1"
> "/lib/x86_64-linux-gnu/libXdamage.so.1"
> "/home/fan/Projects/vscode/.build/electron/libXrandr.so.2"
> "/lib/x86_64-linux-gnu/libXrandr.so.2"
> "/home/fan/Projects/vscode-test/.prettierrc.yml"
> "/home/fan/Projects/vscode-test/.prettierrc.js"
> "/home/fan/Projects/vscode/.build/electron/libXcomposite.so.1"
> "/lib/x86_64-linux-gnu/libXcomposite.so.1"
> "/home/fan/Projects/vscode-test/prettier.config.js"
> "/home/fan/Projects/vscode-test/.prettierrc.toml"
> "/home/fan/Projects/vscode/.build/electron/libXext.so.6"
> "/lib/x86_64-linux-gnu/libXext.so.6"
> "/home/fan/Projects/vscode/.build/electron/libXfixes.so.3"
> "/lib/x86_64-linux-gnu/libXfixes.so.3"
> "/home/fan/Projects/package.json"
> "/home/fan/Projects/vscode/.build/electron/libXrender.so.1"
> "/lib/x86_64-linux-gnu/libXrender.so.1"
> "/home/fan/Projects/.prettierrc"
> "/home/fan/Projects/vscode/.build/electron/libX11.so.6"
> "/lib/x86_64-linux-gnu/libX11.so.6"
> "/home/fan/Projects/.prettierrc.json"
> "/home/fan/Projects/vscode/.build/electron/libXtst.so.6"
> "/lib/x86_64-linux-gnu/libXtst.so.6"
> "/home/fan/Projects/.prettierrc.yaml"
> "/home/fan/Projects/vscode/.build/electron/libXss.so.1"
> "/lib/x86_64-linux-gnu/libXss.so.1"
> "/home/fan/Projects/.prettierrc.yml"
> "/home/fan/Projects/vscode/.build/electron/libglib-2.0.so.0"
> "/lib/x86_64-linux-gnu/libglib-2.0.so.0"
> "/home/fan/Projects/.prettierrc.js"
> "/home/fan/Projects/vscode/.build/electron/libnss3.so"
> "/lib/x86_64-linux-gnu/libnss3.so"
> "/home/fan/Projects/prettier.config.js"
> "/home/fan/Projects/.prettierrc.toml"
> "/home/fan/package.json"
> "/home/fan/Projects/vscode/.build/electron/libnssutil3.so"
> "/lib/x86_64-linux-gnu/libnssutil3.so"
> "/home/fan/.prettierrc"
> "/home/fan/Projects/vscode/.build/electron/libsmime3.so"
> "/lib/x86_64-linux-gnu/libsmime3.so"
> "/home/fan/.prettierrc.json"
> "/home/fan/Projects/vscode/.build/electron/libnspr4.so"
> "/lib/x86_64-linux-gnu/libnspr4.so"
> "/home/fan/.prettierrc.yaml"
> "/home/fan/Projects/vscode/.build/electron/libffmpeg.so"
> "/home/fan/.prettierrc.yml"
> "/home/fan/Projects/vscode/.build/electron/libasound.so.2"
> "/lib/x86_64-linux-gnu/libasound.so.2"
> "/home/fan/.prettierrc.js"
> "/home/fan/Projects/vscode/.build/electron/libcups.so.2"
> "/lib/x86_64-linux-gnu/libcups.so.2"
> "/home/fan/prettier.config.js"
> "/home/fan/Projects/vscode/.build/electron/librt.so.1"
> "/lib/x86_64-linux-gnu/librt.so.1"
> "/home/fan/.prettierrc.toml"
> "/home/fan/Projects/vscode/.build/electron/libdl.so.2"
> "/lib/x86_64-linux-gnu/libdl.so.2"
> "/home/package.json"
> "/home/fan/Projects/vscode/.build/electron/libfontconfig.so.1"
> "/lib/x86_64-linux-gnu/libfontconfig.so.1"
> "/home/.prettierrc"
> "/home/fan/Projects/vscode/.build/electron/libexpat.so.1"
> "/lib/x86_64-linux-gnu/libexpat.so.1"
> "/home/.prettierrc.json"
> "/home/fan/Projects/vscode/.build/electron/libm.so.6"
> "/lib/x86_64-linux-gnu/libm.so.6"
> "/home/.prettierrc.yaml"
> "/home/fan/Projects/vscode/.build/electron/libgcc_s.so.1"
> "/lib/x86_64-linux-gnu/libgcc_s.so.1"
> "/home/.prettierrc.yml"
> "/home/fan/Projects/vscode/.build/electron/libc.so.6"
> "/lib/x86_64-linux-gnu/libc.so.6"
> "/lib/x86_64-linux-gnu/libgmodule-2.0.so.0"
> "/lib/x86_64-linux-gnu/libcairo-gobject.so.2"
> "/home/.prettierrc.js"
> "/home/prettier.config.js"
> "/lib/x86_64-linux-gnu/libepoxy.so.0"
> "/home/.prettierrc.toml"
> "/lib/x86_64-linux-gnu/libfribidi.so.0"
> "/package.json"
> "/lib/x86_64-linux-gnu/libpangoft2-1.0.so.0"
> "/.prettierrc"
> "/lib/x86_64-linux-gnu/libharfbuzz.so.0"
> "/.prettierrc.json"
> "/lib/x86_64-linux-gnu/libfreetype.so.6"
> "/.prettierrc.yaml"
> "/lib/x86_64-linux-gnu/libXinerama.so.1"
> "/.prettierrc.yml"
> "/lib/x86_64-linux-gnu/libxkbcommon.so.0"
> "/.prettierrc.js"
> "/lib/x86_64-linux-gnu/libwayland-cursor.so.0"
> "/prettier.config.js"
> "/lib/x86_64-linux-gnu/libwayland-egl.so.1"
> "/.prettierrc.toml"
> "/lib/x86_64-linux-gnu/libwayland-client.so.0"
> "/lib/x86_64-linux-gnu/libthai.so.0"
> "/lib/x86_64-linux-gnu/libpixman-1.so.0"
> "/home/fan/Projects/vscode-test"
> "/lib/x86_64-linux-gnu/libpng16.so.16"
> "/lib/x86_64-linux-gnu/libxcb-shm.so.0"
> "/lib/x86_64-linux-gnu/libxcb-render.so.0"
> "/home/fan/Projects/vscode-test/.editorconfig"
> "/lib/x86_64-linux-gnu/libz.so.1"
> "/home/fan/Projects/vscode-test/package.json"
> "/lib/x86_64-linux-gnu/libmount.so.1"
> "/lib/x86_64-linux-gnu/libselinux.so.1"
> "/lib/x86_64-linux-gnu/libresolv.so.2"
> "/home/fan/Projects/vscode-test/.prettierrc"
> "/lib/x86_64-linux-gnu/libffi.so.7"
> "/home/fan/Projects/vscode-test/.prettierrc.json"
> "/lib/x86_64-linux-gnu/libatspi.so.0"
> "/home/fan/Projects/vscode-test/.prettierrc.yaml"
> "/lib/x86_64-linux-gnu/libsystemd.so.0"
> "/home/fan/Projects/vscode-test/.prettierrc.yml"
> "/lib/x86_64-linux-gnu/libXau.so.6"
> "/home/fan/Projects/vscode-test/.prettierrc.js"
> "/lib/x86_64-linux-gnu/libXdmcp.so.6"
> "/home/fan/Projects/vscode-test/prettier.config.js"
> "/lib/x86_64-linux-gnu/libpcre.so.3"
> "/home/fan/Projects/vscode-test/.prettierrc.toml"
> "/lib/x86_64-linux-gnu/libplc4.so"
> "/home/fan/Projects/package.json"
> "/lib/x86_64-linux-gnu/libplds4.so"
> "/home/fan/Projects/.prettierrc"
> "/lib/x86_64-linux-gnu/libgssapi_krb5.so.2"
> "/home/fan/Projects/.prettierrc.json"
> "/lib/x86_64-linux-gnu/libavahi-common.so.3"
> "/lib/x86_64-linux-gnu/libavahi-client.so.3"
> "/home/fan/Projects/.prettierrc.yaml"
> "/lib/x86_64-linux-gnu/libgnutls.so.30"
> "/home/fan/Projects/.prettierrc.yml"
> "/lib/x86_64-linux-gnu/libuuid.so.1"
> "/home/fan/Projects/.prettierrc.js"
> "/lib/x86_64-linux-gnu/libgraphite2.so.3"
> "/home/fan/Projects/prettier.config.js"
> "/lib/x86_64-linux-gnu/libdatrie.so.1"
> "/home/fan/Projects/.prettierrc.toml"
> "/home/fan/package.json"
> "/home/fan/.prettierrc"
> "/home/fan/.prettierrc.json"
> "/lib/x86_64-linux-gnu/libblkid.so.1"
> "/lib/x86_64-linux-gnu/libpcre2-8.so.0"
> "/home/fan/.prettierrc.yaml"
> "/home/fan/.prettierrc.yml"
> "/lib/x86_64-linux-gnu/liblzma.so.5"
> "/home/fan/.prettierrc.js"
> "/lib/x86_64-linux-gnu/liblz4.so.1"
> "/home/fan/prettier.config.js"
> "/lib/x86_64-linux-gnu/libgcrypt.so.20"
> "/home/fan/.prettierrc.toml"
> "/lib/x86_64-linux-gnu/libbsd.so.0"
> "/home/package.json"
> "/lib/x86_64-linux-gnu/libkrb5.so.3"
> "/home/.prettierrc"
> "/lib/x86_64-linux-gnu/libk5crypto.so.3"
> "/home/.prettierrc.json"
> "/lib/x86_64-linux-gnu/libcom_err.so.2"
> "/home/.prettierrc.yaml"
> "/lib/x86_64-linux-gnu/libkrb5support.so.0"
> "/home/.prettierrc.yml"
> "/lib/x86_64-linux-gnu/libp11-kit.so.0"
> "/home/.prettierrc.js"
> "/lib/x86_64-linux-gnu/libidn2.so.0"
> "/home/prettier.config.js"
> "/lib/x86_64-linux-gnu/libunistring.so.2"
> "/home/.prettierrc.toml"
> "/lib/x86_64-linux-gnu/libtasn1.so.6"
> "/package.json"
> "/lib/x86_64-linux-gnu/libnettle.so.7"
> "/lib/x86_64-linux-gnu/libhogweed.so.5"
> "/lib/x86_64-linux-gnu/libgmp.so.10"
> "/.prettierrc"
> "/lib/x86_64-linux-gnu/libgpg-error.so.0"
> "/lib/x86_64-linux-gnu/libkeyutils.so.1"
> "/.prettierrc.json"
> "/.prettierrc.yaml"
> "/.prettierrc.yml"
> "/.prettierrc.js"
> "/prettier.config.js"
> "/.prettierrc.toml"
> "/root/.vscode-oss-dev/extensions/prettier.prettier-vscode-3.0.0/node_modules"
> "/root/.vscode-oss-dev/extensions/prettier.prettier-vscode-3.0.0/node_modules/@babel"
> "/root/.vscode-oss-dev/extensions/prettier.prettier-vscode-3.0.0/node_modules/@mrmlnc"
> "/root/.vscode-oss-dev/extensions/prettier.prettier-vscode-3.0.0/node_modules/@types"
> "/root/.vscode-oss-dev/extensions/prettier.prettier-vscode-3.0.0/node_modules/@typescript-eslint"
> "/root/.vscode-oss-dev/extensions/prettier.prettier-vscode-3.0.0/node_modules/@prettier"
> "/root/.vscode-oss-dev/extensions/prettier.prettier-vscode-3.0.0/node_modules"
> "/root/.vscode-oss-dev/extensions/prettier.prettier-vscode-3.0.0/node_modules/@babel"
> "/root/.vscode-oss-dev/extensions/prettier.prettier-vscode-3.0.0/node_modules/@mrmlnc"
> "/dev/urandom"
> "/root/.vscode-oss-dev/extensions/prettier.prettier-vscode-3.0.0/node_modules/@types"
> "/root/.vscode-oss-dev/extensions/prettier.prettier-vscode-3.0.0/node_modules/@typescript-eslint"
> "/root/.vscode-oss-dev/extensions/prettier.prettier-vscode-3.0.0/node_modules/@prettier"
> "/proc/filesystems"
> "/root/.vscode-oss-dev/extensions/prettier.prettier-vscode-3.0.0/node_modules/prettier/parser-html.js"
> "/sys/devices/system/cpu/cpu0/tsc_freq_khz"
> "/sys/devices/system/cpu/cpu0/cpufreq/cpuinfo_max_freq"
> "/proc/cpuinfo"
> "/root/.ssh/id_rsa"
> "/home/fan/Projects/vscode/.build/electron/icudtl.dat"
> "/etc/localtime"
> "/home/fan/Projects/vscode/.build/electron/v8_context_snapshot.bin"
> "/home/fan/Projects/vscode/.build/electron/natives_blob.bin"
> "/sys/devices/system/cpu"
> "/dev/urandom"
> "/dev/urandom"
> "/dev/null"
> "/root/.config/code-oss-dev/logs/20200610T155956/exthost1/output_logging_20200610T160022/4-JSON Language Server.log"
> "/dev/null"
> "/home/fan/Projects/vscode/extensions/json-language-features/server/out/jsonServerMain.js"
> "/home/fan/Projects/vscode/extensions/json-language-features/server/node_modules/vscode-languageserver/package.json"
> "/home/fan/Projects/vscode/extensions/json-language-features/server/node_modules/vscode-languageserver/lib/main.js"
> "/home/fan/Projects/vscode/extensions/json-language-features/server/node_modules/vscode-languageserver-protocol/package.json"
> "/home/fan/Projects/vscode/extensions/json-language-features/server/node_modules/vscode-languageserver-protocol/lib/main.js"
> "/home/fan/Projects/vscode/extensions/json-language-features/server/node_modules/vscode-jsonrpc/package.json"
> "/home/fan/Projects/vscode/extensions/json-language-features/server/node_modules/vscode-jsonrpc/lib/main.js"
> "/home/fan/Projects/vscode/extensions/json-language-features/server/node_modules/vscode-jsonrpc/lib/is.js"
> "/home/fan/Projects/vscode/extensions/json-language-features/server/node_modules/vscode-jsonrpc/lib/messages.js"
> "/home/fan/Projects/vscode/extensions/json-language-features/server/node_modules/vscode-jsonrpc/lib/messageReader.js"
> "/home/fan/Projects/vscode/extensions/json-language-features/server/node_modules/vscode-jsonrpc/lib/events.js"
> "/home/fan/Projects/vscode/extensions/json-language-features/server/node_modules/vscode-jsonrpc/lib/messageWriter.js"
> "/home/fan/Projects/vscode/extensions/json-language-features/server/node_modules/vscode-jsonrpc/lib/cancellation.js"
> "/home/fan/Projects/vscode/extensions/json-language-features/server/node_modules/vscode-jsonrpc/lib/linkedMap.js"
> "/home/fan/Projects/vscode/extensions/json-language-features/server/node_modules/vscode-jsonrpc/lib/pipeSupport.js"
> "/home/fan/Projects/vscode/extensions/json-language-features/server/node_modules/vscode-jsonrpc/lib/socketSupport.js"
> "/home/fan/Projects/vscode/extensions/json-language-features/server/node_modules/vscode-languageserver-types/package.json"
> "/home/fan/Projects/vscode/extensions/json-language-features/server/node_modules/vscode-languageserver-types/lib/umd/main.js"
> "/home/fan/Projects/vscode/extensions/json-language-features/server/node_modules/vscode-languageserver-protocol/lib/protocol.js"
> "/home/fan/Projects/vscode/extensions/json-language-features/server/node_modules/vscode-languageserver-protocol/lib/utils/is.js"
> "/home/fan/Projects/vscode/extensions/json-language-features/server/node_modules/vscode-languageserver-protocol/lib/protocol.implementation.js"
> "/home/fan/Projects/vscode/extensions/json-language-features/server/node_modules/vscode-languageserver-protocol/lib/protocol.typeDefinition.js"
> "/home/fan/Projects/vscode/extensions/json-language-features/server/node_modules/vscode-languageserver-protocol/lib/protocol.workspaceFolders.js"
> "/home/fan/Projects/vscode/extensions/json-language-features/server/node_modules/vscode-languageserver-protocol/lib/protocol.configuration.js"
> "/home/fan/Projects/vscode/extensions/json-language-features/server/node_modules/vscode-languageserver-protocol/lib/protocol.colorProvider.js"
> "/home/fan/Projects/vscode/extensions/json-language-features/server/node_modules/vscode-languageserver-protocol/lib/protocol.foldingRange.js"
> "/home/fan/Projects/vscode/extensions/json-language-features/server/node_modules/vscode-languageserver-protocol/lib/protocol.declaration.js"
> "/home/fan/Projects/vscode/extensions/json-language-features/server/node_modules/vscode-languageserver-protocol/lib/protocol.selectionRange.js"
> "/home/fan/Projects/vscode/extensions/json-language-features/server/node_modules/vscode-languageserver/lib/configuration.js"
> "/home/fan/Projects/vscode/extensions/json-language-features/server/node_modules/vscode-languageserver/lib/utils/is.js"
> "/home/fan/Projects/vscode/extensions/json-language-features/server/node_modules/vscode-languageserver/lib/workspaceFolders.js"
> "/home/fan/Projects/vscode/extensions/json-language-features/server/node_modules/vscode-languageserver/lib/utils/uuid.js"
> "/home/fan/Projects/vscode/extensions/json-language-features/server/node_modules/vscode-languageserver/lib/files.js"
> "/home/fan/Projects/vscode/extensions/json-language-features/server/node_modules/request-light/package.json"
> "/home/fan/Projects/vscode/extensions/json-language-features/server/node_modules/request-light/lib/main.js"
> "/home/fan/Projects/vscode/extensions/json-language-features/server/node_modules/http-proxy-agent/package.json"
> "/home/fan/Projects/vscode/extensions/json-language-features/server/node_modules/http-proxy-agent/index.js"
> "/home/fan/Projects/vscode/extensions/json-language-features/server/node_modules/agent-base/package.json"
> "/home/fan/Projects/vscode/extensions/json-language-features/server/node_modules/agent-base/index.js"
> "/home/fan/Projects/vscode/extensions/json-language-features/server/node_modules/agent-base/patch-core.js"
> "/home/fan/Projects/vscode/extensions/json-language-features/server/node_modules/es6-promisify/package.json"
> "/home/fan/Projects/vscode/extensions/json-language-features/server/node_modules/es6-promisify/dist/promisify.js"
> "/home/fan/Projects/vscode/extensions/json-language-features/server/node_modules/es6-promisify/dist/promise.js"
> "/home/fan/Projects/vscode/extensions/json-language-features/server/node_modules/debug/package.json"
> "/home/fan/Projects/vscode/extensions/json-language-features/server/node_modules/debug/src/index.js"
> "/home/fan/Projects/vscode/extensions/json-language-features/server/node_modules/debug/src/node.js"
> "/home/fan/Projects/vscode/extensions/json-language-features/server/node_modules/debug/src/debug.js"
> "/home/fan/Projects/vscode/extensions/json-language-features/server/node_modules/ms/package.json"
> "/home/fan/Projects/vscode/extensions/json-language-features/server/node_modules/ms/index.js"
> "/home/fan/Projects/vscode/node_modules/supports-color/package.json"
> "/home/fan/Projects/vscode/node_modules/supports-color/index.js"
> "/home/fan/Projects/vscode/node_modules/has-flag/package.json"
> "/home/fan/Projects/vscode/node_modules/has-flag/index.js"
> "/home/fan/Projects/vscode/extensions/json-language-features/server/node_modules/https-proxy-agent/package.json"
> "/home/fan/Projects/vscode/extensions/json-language-features/server/node_modules/https-proxy-agent/index.js"
> "/home/fan/Projects/vscode/extensions/json-language-features/server/node_modules/vscode-nls/package.json"
> "/home/fan/Projects/vscode/extensions/json-language-features/server/node_modules/vscode-nls/lib/main.js"
> "/home/fan/Projects/vscode/extensions/json-language-features/server/node_modules/vscode-uri/package.json"
> "/home/fan/Projects/vscode/extensions/json-language-features/server/node_modules/vscode-uri/lib/umd/index.js"
> "/home/fan/Projects/vscode/extensions/json-language-features/server/out/utils/runner.js"
> "/home/fan/Projects/vscode/extensions/json-language-features/server/node_modules/vscode-json-languageservice/package.json"
> "/home/fan/Projects/vscode/extensions/json-language-features/server/node_modules/vscode-json-languageservice/lib/umd/jsonLanguageService.js"
> "/home/fan/Projects/vscode/extensions/json-language-features/server/node_modules/vscode-json-languageservice/lib/umd/services/jsonCompletion.js"
> "/home/fan/Projects/vscode/extensions/json-language-features/server/node_modules/vscode-json-languageservice/lib/umd/parser/jsonParser.js"
> "/home/fan/Projects/vscode/extensions/json-language-features/server/node_modules/jsonc-parser/package.json"
> "/home/fan/Projects/vscode/extensions/json-language-features/server/node_modules/jsonc-parser/lib/umd/main.js"
> "/home/fan/Projects/vscode/extensions/json-language-features/server/node_modules/jsonc-parser/lib/umd/impl/format.js"
> "/home/fan/Projects/vscode/extensions/json-language-features/server/node_modules/jsonc-parser/lib/umd/impl/scanner.js"
> "/home/fan/Projects/vscode/extensions/json-language-features/server/node_modules/jsonc-parser/lib/umd/impl/edit.js"
> "/home/fan/Projects/vscode/extensions/json-language-features/server/node_modules/jsonc-parser/lib/umd/impl/parser.js"
> "/home/fan/Projects/vscode/extensions/json-language-features/server/node_modules/vscode-json-languageservice/lib/umd/utils/objects.js"
> "/home/fan/Projects/vscode/extensions/json-language-features/server/node_modules/vscode-json-languageservice/lib/umd/jsonLanguageTypes.js"
> "/home/fan/Projects/vscode/extensions/json-language-features/server/node_modules/vscode-json-languageservice/lib/umd/utils/json.js"
> "/home/fan/Projects/vscode/extensions/json-language-features/server/node_modules/vscode-json-languageservice/lib/umd/utils/strings.js"
> "/home/fan/Projects/vscode/extensions/json-language-features/server/node_modules/vscode-json-languageservice/lib/umd/services/jsonHover.js"
> "/home/fan/Projects/vscode/extensions/json-language-features/server/node_modules/vscode-json-languageservice/lib/umd/services/jsonValidation.js"
> "/home/fan/Projects/vscode/extensions/json-language-features/server/node_modules/vscode-json-languageservice/lib/umd/services/jsonSchemaService.js"
> "/home/fan/Projects/vscode/extensions/json-language-features/server/node_modules/vscode-json-languageservice/lib/umd/services/jsonDocumentSymbols.js"
> "/home/fan/Projects/vscode/extensions/json-language-features/server/node_modules/vscode-json-languageservice/lib/umd/utils/colors.js"
> "/home/fan/Projects/vscode/extensions/json-language-features/server/node_modules/vscode-json-languageservice/lib/umd/services/configuration.js"
> "/home/fan/Projects/vscode/extensions/json-language-features/server/node_modules/vscode-json-languageservice/lib/umd/services/jsonFolding.js"
> "/home/fan/Projects/vscode/extensions/json-language-features/server/node_modules/vscode-json-languageservice/lib/umd/services/jsonSelectionRanges.js"
> "/home/fan/Projects/vscode/extensions/json-language-features/server/out/languageModelCache.js"
> "/etc/hosts"
